ARM GAS  C:\Users\abhim\AppData\Local\Temp\cciUZgx2.s 			page 1


   1              		.syntax unified
   2              		.cpu cortex-m3
   3              		.fpu softvfp
   4              		.eabi_attribute 20, 1
   5              		.eabi_attribute 21, 1
   6              		.eabi_attribute 23, 3
   7              		.eabi_attribute 24, 1
   8              		.eabi_attribute 25, 1
   9              		.eabi_attribute 26, 1
  10              		.eabi_attribute 30, 1
  11              		.eabi_attribute 34, 1
  12              		.eabi_attribute 18, 4
  13              		.thumb
  14              		.syntax unified
  15              		.file	"buttons.c"
  16              		.text
  17              	.Ltext0:
  18              		.cfi_sections	.debug_frame
  19              		.section	.text.buttonInit,"ax",%progbits
  20              		.align	2
  21              		.global	buttonInit
  22              		.thumb
  23              		.thumb_func
  24              		.type	buttonInit, %function
  25              	buttonInit:
  26              	.LFB111:
  27              		.file 1 "source\\bsw\\labboard\\buttons.c"
   1:source\bsw\labboard/buttons.c **** /**
   2:source\bsw\labboard/buttons.c **** * \file <filename>
   3:source\bsw\labboard/buttons.c **** * \author <author-name>
   4:source\bsw\labboard/buttons.c **** * \date <date>
   5:source\bsw\labboard/buttons.c **** *
   6:source\bsw\labboard/buttons.c **** * \brief <Symbolic File name>
   7:source\bsw\labboard/buttons.c **** *
   8:source\bsw\labboard/buttons.c **** * \copyright Copyright ©2016
   9:source\bsw\labboard/buttons.c **** * Department of electrical engineering and information technology, Hochschule Darmstadt - Universit
  10:source\bsw\labboard/buttons.c **** * Permission to use, copy, modify, and distribute this software and its documentation for education
  11:source\bsw\labboard/buttons.c **** * (unless permitted by h_da) and official h_da projects, is hereby granted for enrolled students of
  12:source\bsw\labboard/buttons.c **** * this paragraph and the following paragraph appear in all copies, modifications, and distributions
  13:source\bsw\labboard/buttons.c **** * Contact Prof.Dr.-Ing. Peter Fromm, peter.fromm@h-da.de, Birkenweg 8 64295 Darmstadt - GERMANY for
  14:source\bsw\labboard/buttons.c **** *
  15:source\bsw\labboard/buttons.c **** * \warning This software is a PROTOTYPE version and is not designed or intended for use in producti
  16:source\bsw\labboard/buttons.c **** * The user represents and warrants that it will NOT use or redistribute the Software for such purpo
  17:source\bsw\labboard/buttons.c **** * This prototype is for research purposes only. This software is provided "AS IS," without a warran
  18:source\bsw\labboard/buttons.c **** */
  19:source\bsw\labboard/buttons.c **** 
  20:source\bsw\labboard/buttons.c **** /*****************************************************************************/
  21:source\bsw\labboard/buttons.c **** /* Include files                                                             */
  22:source\bsw\labboard/buttons.c **** /*****************************************************************************/
  23:source\bsw\labboard/buttons.c **** 
  24:source\bsw\labboard/buttons.c **** #include "buttons.h"
  25:source\bsw\labboard/buttons.c **** #include "sevenSegment.h"
  26:source\bsw\labboard/buttons.c **** 
  27:source\bsw\labboard/buttons.c **** /*****************************************************************************/
  28:source\bsw\labboard/buttons.c **** /* Local pre-processor symbols/macros ('#define')                            */
  29:source\bsw\labboard/buttons.c **** /*****************************************************************************/
  30:source\bsw\labboard/buttons.c **** 
ARM GAS  C:\Users\abhim\AppData\Local\Temp\cciUZgx2.s 			page 2


  31:source\bsw\labboard/buttons.c **** //unsigned short randomNum = 0;
  32:source\bsw\labboard/buttons.c **** //unsigned short buttonFlag = 0;
  33:source\bsw\labboard/buttons.c **** 
  34:source\bsw\labboard/buttons.c **** 
  35:source\bsw\labboard/buttons.c **** /*****************************************************************************/
  36:source\bsw\labboard/buttons.c **** /* Global variable definitions (declared in header file with 'extern')       */
  37:source\bsw\labboard/buttons.c **** /*****************************************************************************/
  38:source\bsw\labboard/buttons.c **** 
  39:source\bsw\labboard/buttons.c **** /*****************************************************************************/
  40:source\bsw\labboard/buttons.c **** /* Local type definitions ('typedef')                                        */
  41:source\bsw\labboard/buttons.c **** /*****************************************************************************/
  42:source\bsw\labboard/buttons.c **** 
  43:source\bsw\labboard/buttons.c **** /*****************************************************************************/
  44:source\bsw\labboard/buttons.c **** /* Local variable definitions ('static')                                     */
  45:source\bsw\labboard/buttons.c **** /*****************************************************************************/
  46:source\bsw\labboard/buttons.c **** 
  47:source\bsw\labboard/buttons.c **** 
  48:source\bsw\labboard/buttons.c **** 
  49:source\bsw\labboard/buttons.c **** /*****************************************************************************/
  50:source\bsw\labboard/buttons.c **** /* Local function prototypes ('static')                                      */
  51:source\bsw\labboard/buttons.c **** /*****************************************************************************/
  52:source\bsw\labboard/buttons.c **** 
  53:source\bsw\labboard/buttons.c **** 
  54:source\bsw\labboard/buttons.c **** /*****************************************************************************/
  55:source\bsw\labboard/buttons.c **** /* Function implementation - global ('extern') and local ('static')          */
  56:source\bsw\labboard/buttons.c **** /*****************************************************************************/
  57:source\bsw\labboard/buttons.c **** 
  58:source\bsw\labboard/buttons.c **** /**
  59:source\bsw\labboard/buttons.c ****  * <Description>
  60:source\bsw\labboard/buttons.c ****  * \param <first para>
  61:source\bsw\labboard/buttons.c ****  * \return <return value>
  62:source\bsw\labboard/buttons.c ****  */
  63:source\bsw\labboard/buttons.c **** //RC_t FILE_function(type para)
  64:source\bsw\labboard/buttons.c **** 
  65:source\bsw\labboard/buttons.c **** RC_t buttonInit() {
  28              		.loc 1 65 0
  29              		.cfi_startproc
  30              		@ args = 0, pretend = 0, frame = 0
  31              		@ frame_needed = 0, uses_anonymous_args = 0
  32 0000 08B5     		push	{r3, lr}
  33              		.cfi_def_cfa_offset 8
  34              		.cfi_offset 3, -8
  35              		.cfi_offset 14, -4
  66:source\bsw\labboard/buttons.c ****     // Implementation of the function
  67:source\bsw\labboard/buttons.c ****     srand (time(NULL));
  36              		.loc 1 67 0
  37 0002 0020     		movs	r0, #0
  38 0004 FFF7FEFF 		bl	time
  39              	.LVL0:
  40 0008 FFF7FEFF 		bl	srand
  41              	.LVL1:
  68:source\bsw\labboard/buttons.c ****     
  69:source\bsw\labboard/buttons.c ****     if((Button_1_Read() == 1) || (Button_2_Read() == 1)){
  42              		.loc 1 69 0
  43 000c FFF7FEFF 		bl	Button_1_Read
  44              	.LVL2:
  45 0010 0128     		cmp	r0, #1
ARM GAS  C:\Users\abhim\AppData\Local\Temp\cciUZgx2.s 			page 3


  46 0012 05D0     		beq	.L3
  47              		.loc 1 69 0 is_stmt 0 discriminator 1
  48 0014 FFF7FEFF 		bl	Button_2_Read
  49              	.LVL3:
  50 0018 0128     		cmp	r0, #1
  51 001a 04D0     		beq	.L4
  70:source\bsw\labboard/buttons.c ****         return RC_ERROR;
  71:source\bsw\labboard/buttons.c ****     }else{
  72:source\bsw\labboard/buttons.c ****     return RC_SUCCESS;
  52              		.loc 1 72 0 is_stmt 1
  53 001c 0020     		movs	r0, #0
  54 001e 08BD     		pop	{r3, pc}
  55              	.L3:
  70:source\bsw\labboard/buttons.c ****         return RC_ERROR;
  56              		.loc 1 70 0
  57 0020 4FF0FF30 		mov	r0, #-1
  58 0024 08BD     		pop	{r3, pc}
  59              	.L4:
  60 0026 4FF0FF30 		mov	r0, #-1
  73:source\bsw\labboard/buttons.c ****     }
  74:source\bsw\labboard/buttons.c **** }
  61              		.loc 1 74 0
  62 002a 08BD     		pop	{r3, pc}
  63              		.cfi_endproc
  64              	.LFE111:
  65              		.size	buttonInit, .-buttonInit
  66              		.section	.text.BTN_read,"ax",%progbits
  67              		.align	2
  68              		.global	BTN_read
  69              		.thumb
  70              		.thumb_func
  71              		.type	BTN_read, %function
  72              	BTN_read:
  73              	.LFB112:
  75:source\bsw\labboard/buttons.c **** 
  76:source\bsw\labboard/buttons.c **** unsigned short BTN_read(BTN_t *const me)
  77:source\bsw\labboard/buttons.c **** {
  74              		.loc 1 77 0
  75              		.cfi_startproc
  76              		@ args = 0, pretend = 0, frame = 0
  77              		@ frame_needed = 0, uses_anonymous_args = 0
  78              	.LVL4:
  79 0000 08B5     		push	{r3, lr}
  80              		.cfi_def_cfa_offset 8
  81              		.cfi_offset 3, -8
  82              		.cfi_offset 14, -4
  78:source\bsw\labboard/buttons.c ****     if (0 == me->m_read) return BTN_UNDEF;
  83              		.loc 1 78 0
  84 0002 4368     		ldr	r3, [r0, #4]
  85 0004 13B1     		cbz	r3, .L8
  79:source\bsw\labboard/buttons.c ****     
  80:source\bsw\labboard/buttons.c ****     //Read the port
  81:source\bsw\labboard/buttons.c ****     uint8_t curState = me->m_read();
  86              		.loc 1 81 0
  87 0006 9847     		blx	r3
  88              	.LVL5:
  82:source\bsw\labboard/buttons.c ****     
ARM GAS  C:\Users\abhim\AppData\Local\Temp\cciUZgx2.s 			page 4


  83:source\bsw\labboard/buttons.c ****     return curState;
  89              		.loc 1 83 0
  90 0008 80B2     		uxth	r0, r0
  91              	.LVL6:
  92 000a 08BD     		pop	{r3, pc}
  93              	.LVL7:
  94              	.L8:
  78:source\bsw\labboard/buttons.c ****     
  95              		.loc 1 78 0
  96 000c 0020     		movs	r0, #0
  97              	.LVL8:
  84:source\bsw\labboard/buttons.c ****     
  85:source\bsw\labboard/buttons.c ****  //   BTN_state_t result = BTN_UNDEF;
  86:source\bsw\labboard/buttons.c ****     
  87:source\bsw\labboard/buttons.c **** //    if (1 == curState)
  88:source\bsw\labboard/buttons.c **** //    {
  89:source\bsw\labboard/buttons.c **** //        switch (me->m_prevState)
  90:source\bsw\labboard/buttons.c **** //        {
  91:source\bsw\labboard/buttons.c **** //            case BTN_LOW : 
  92:source\bsw\labboard/buttons.c **** //           // UART_LOG_PutString("AA\r\n");
  93:source\bsw\labboard/buttons.c **** //                result = BTN_RISING; 
  94:source\bsw\labboard/buttons.c **** //                break;
  95:source\bsw\labboard/buttons.c **** //            case BTN_HIGH : 
  96:source\bsw\labboard/buttons.c **** //            //   UART_LOG_PutString("BB\r\n");
  97:source\bsw\labboard/buttons.c **** //                result = BTN_HIGH;
  98:source\bsw\labboard/buttons.c **** //                break;
  99:source\bsw\labboard/buttons.c **** //            default: 
 100:source\bsw\labboard/buttons.c **** //            //   UART_LOG_PutString("CC\r\n");
 101:source\bsw\labboard/buttons.c **** //                result = BTN_UNDEF;
 102:source\bsw\labboard/buttons.c **** //                break;
 103:source\bsw\labboard/buttons.c **** //        }
 104:source\bsw\labboard/buttons.c **** //        
 105:source\bsw\labboard/buttons.c **** //        //Memorize current state
 106:source\bsw\labboard/buttons.c **** //        me->m_prevState = BTN_HIGH;
 107:source\bsw\labboard/buttons.c **** //            
 108:source\bsw\labboard/buttons.c **** //    }
 109:source\bsw\labboard/buttons.c **** //    else
 110:source\bsw\labboard/buttons.c **** //    {
 111:source\bsw\labboard/buttons.c **** //        switch (me->m_prevState)
 112:source\bsw\labboard/buttons.c **** //        {
 113:source\bsw\labboard/buttons.c **** //            case BTN_LOW : 
 114:source\bsw\labboard/buttons.c **** //            //   UART_LOG_PutString("AA\r\n");
 115:source\bsw\labboard/buttons.c **** //                result = BTN_LOW; 
 116:source\bsw\labboard/buttons.c **** //                break;
 117:source\bsw\labboard/buttons.c **** //            case BTN_HIGH : 
 118:source\bsw\labboard/buttons.c **** //           // UART_LOG_PutString("BB\r\n");    
 119:source\bsw\labboard/buttons.c **** //            result = BTN_FALLING;
 120:source\bsw\labboard/buttons.c **** //                break;
 121:source\bsw\labboard/buttons.c **** //            default: 
 122:source\bsw\labboard/buttons.c **** //           // UART_LOG_PutString("CC\r\n");    
 123:source\bsw\labboard/buttons.c **** //                result = BTN_UNDEF;
 124:source\bsw\labboard/buttons.c **** //                break;
 125:source\bsw\labboard/buttons.c **** //        }
 126:source\bsw\labboard/buttons.c **** //        
 127:source\bsw\labboard/buttons.c **** //        //Memorize current state
 128:source\bsw\labboard/buttons.c **** //        me->m_prevState = BTN_LOW;        
 129:source\bsw\labboard/buttons.c **** //    }
ARM GAS  C:\Users\abhim\AppData\Local\Temp\cciUZgx2.s 			page 5


 130:source\bsw\labboard/buttons.c **** 
 131:source\bsw\labboard/buttons.c ****     //return result;
 132:source\bsw\labboard/buttons.c **** }
  98              		.loc 1 132 0
  99 000e 08BD     		pop	{r3, pc}
 100              		.cfi_endproc
 101              	.LFE112:
 102              		.size	BTN_read, .-BTN_read
 103              		.comm	systickCounter,4,4
 104              		.comm	game,8,4
 105              		.text
 106              	.Letext0:
 107              		.file 2 "c:\\program files (x86)\\cypress\\psoc creator\\4.4\\psoc creator\\import\\gnu\\arm\\5.4.
 108              		.file 3 "c:\\program files (x86)\\cypress\\psoc creator\\4.4\\psoc creator\\import\\gnu\\arm\\5.4.
 109              		.file 4 "Generated_Source\\PSoC5/ErikaOS_1_common_ee_types.inc"
 110              		.file 5 "Generated_Source\\PSoC5/ErikaOS_1_cortex_mx_ee_cpu.inc"
 111              		.file 6 ".\\source\\bsw/global.h"
 112              		.file 7 "source\\bsw\\labboard\\game.h"
 113              		.file 8 "source\\bsw\\labboard\\buttons.h"
 114              		.file 9 "Generated_Source\\PSoC5/ErikaOS_1_ee_oo_intfunc.inc"
 115              		.file 10 "Generated_Source\\PSoC5/ErikaOS_1_cortex_mx_ee_context.inc"
 116              		.file 11 "Generated_Source\\PSoC5/ErikaOS_1_common_ee_primitives.inc"
 117              		.file 12 "Generated_Source\\PSoC5/core_cm3.h"
 118              		.file 13 "c:\\program files (x86)\\cypress\\psoc creator\\4.4\\psoc creator\\import\\gnu\\arm\\5.4
 119              		.file 14 "c:\\program files (x86)\\cypress\\psoc creator\\4.4\\psoc creator\\import\\gnu\\arm\\5.4
 120              		.file 15 "Generated_Source\\PSoC5/Button_1.h"
 121              		.file 16 "Generated_Source\\PSoC5/Button_2.h"
 122              		.section	.debug_info,"",%progbits
 123              	.Ldebug_info0:
 124 0000 87030000 		.4byte	0x387
 125 0004 0400     		.2byte	0x4
 126 0006 00000000 		.4byte	.Ldebug_abbrev0
 127 000a 04       		.byte	0x4
 128 000b 01       		.uleb128 0x1
 129 000c E6020000 		.4byte	.LASF77
 130 0010 0C       		.byte	0xc
 131 0011 D5030000 		.4byte	.LASF78
 132 0015 24040000 		.4byte	.LASF79
 133 0019 00000000 		.4byte	.Ldebug_ranges0+0
 134 001d 00000000 		.4byte	0
 135 0021 00000000 		.4byte	.Ldebug_line0
 136 0025 02       		.uleb128 0x2
 137 0026 01       		.byte	0x1
 138 0027 06       		.byte	0x6
 139 0028 51020000 		.4byte	.LASF0
 140 002c 03       		.uleb128 0x3
 141 002d DF010000 		.4byte	.LASF4
 142 0031 02       		.byte	0x2
 143 0032 1D       		.byte	0x1d
 144 0033 37000000 		.4byte	0x37
 145 0037 02       		.uleb128 0x2
 146 0038 01       		.byte	0x1
 147 0039 08       		.byte	0x8
 148 003a 37020000 		.4byte	.LASF1
 149 003e 02       		.uleb128 0x2
 150 003f 02       		.byte	0x2
 151 0040 05       		.byte	0x5
ARM GAS  C:\Users\abhim\AppData\Local\Temp\cciUZgx2.s 			page 6


 152 0041 5F000000 		.4byte	.LASF2
 153 0045 02       		.uleb128 0x2
 154 0046 02       		.byte	0x2
 155 0047 07       		.byte	0x7
 156 0048 D3020000 		.4byte	.LASF3
 157 004c 03       		.uleb128 0x3
 158 004d 92040000 		.4byte	.LASF5
 159 0051 02       		.byte	0x2
 160 0052 3F       		.byte	0x3f
 161 0053 57000000 		.4byte	0x57
 162 0057 02       		.uleb128 0x2
 163 0058 04       		.byte	0x4
 164 0059 05       		.byte	0x5
 165 005a B6010000 		.4byte	.LASF6
 166 005e 03       		.uleb128 0x3
 167 005f C2000000 		.4byte	.LASF7
 168 0063 02       		.byte	0x2
 169 0064 41       		.byte	0x41
 170 0065 69000000 		.4byte	0x69
 171 0069 02       		.uleb128 0x2
 172 006a 04       		.byte	0x4
 173 006b 07       		.byte	0x7
 174 006c 98020000 		.4byte	.LASF8
 175 0070 02       		.uleb128 0x2
 176 0071 08       		.byte	0x8
 177 0072 05       		.byte	0x5
 178 0073 6B010000 		.4byte	.LASF9
 179 0077 02       		.uleb128 0x2
 180 0078 08       		.byte	0x8
 181 0079 07       		.byte	0x7
 182 007a 5D020000 		.4byte	.LASF10
 183 007e 04       		.uleb128 0x4
 184 007f 04       		.byte	0x4
 185 0080 05       		.byte	0x5
 186 0081 696E7400 		.ascii	"int\000"
 187 0085 02       		.uleb128 0x2
 188 0086 04       		.byte	0x4
 189 0087 07       		.byte	0x7
 190 0088 7D020000 		.4byte	.LASF11
 191 008c 03       		.uleb128 0x3
 192 008d E7000000 		.4byte	.LASF12
 193 0091 03       		.byte	0x3
 194 0092 18       		.byte	0x18
 195 0093 2C000000 		.4byte	0x2c
 196 0097 03       		.uleb128 0x3
 197 0098 93030000 		.4byte	.LASF13
 198 009c 03       		.byte	0x3
 199 009d 2C       		.byte	0x2c
 200 009e 4C000000 		.4byte	0x4c
 201 00a2 03       		.uleb128 0x3
 202 00a3 74020000 		.4byte	.LASF14
 203 00a7 03       		.byte	0x3
 204 00a8 30       		.byte	0x30
 205 00a9 5E000000 		.4byte	0x5e
 206 00ad 02       		.uleb128 0x2
 207 00ae 04       		.byte	0x4
 208 00af 04       		.byte	0x4
ARM GAS  C:\Users\abhim\AppData\Local\Temp\cciUZgx2.s 			page 7


 209 00b0 3E010000 		.4byte	.LASF15
 210 00b4 02       		.uleb128 0x2
 211 00b5 08       		.byte	0x8
 212 00b6 04       		.byte	0x4
 213 00b7 C0040000 		.4byte	.LASF16
 214 00bb 02       		.uleb128 0x2
 215 00bc 01       		.byte	0x1
 216 00bd 08       		.byte	0x8
 217 00be 79030000 		.4byte	.LASF17
 218 00c2 02       		.uleb128 0x2
 219 00c3 08       		.byte	0x8
 220 00c4 04       		.byte	0x4
 221 00c5 1C020000 		.4byte	.LASF18
 222 00c9 03       		.uleb128 0x3
 223 00ca 1B010000 		.4byte	.LASF19
 224 00ce 04       		.byte	0x4
 225 00cf 53       		.byte	0x53
 226 00d0 7E000000 		.4byte	0x7e
 227 00d4 03       		.uleb128 0x3
 228 00d5 CD000000 		.4byte	.LASF20
 229 00d9 04       		.byte	0x4
 230 00da 54       		.byte	0x54
 231 00db 85000000 		.4byte	0x85
 232 00df 03       		.uleb128 0x3
 233 00e0 7C040000 		.4byte	.LASF21
 234 00e4 05       		.byte	0x5
 235 00e5 4D       		.byte	0x4d
 236 00e6 D4000000 		.4byte	0xd4
 237 00ea 03       		.uleb128 0x3
 238 00eb A6000000 		.4byte	.LASF22
 239 00ef 05       		.byte	0x5
 240 00f0 4F       		.byte	0x4f
 241 00f1 D4000000 		.4byte	0xd4
 242 00f5 03       		.uleb128 0x3
 243 00f6 E0000000 		.4byte	.LASF23
 244 00fa 05       		.byte	0x5
 245 00fb 78       		.byte	0x78
 246 00fc C9000000 		.4byte	0xc9
 247 0100 02       		.uleb128 0x2
 248 0101 04       		.byte	0x4
 249 0102 07       		.byte	0x7
 250 0103 8F000000 		.4byte	.LASF24
 251 0107 05       		.uleb128 0x5
 252 0108 A2000000 		.4byte	0xa2
 253 010c 06       		.uleb128 0x6
 254 010d 01       		.byte	0x1
 255 010e 25000000 		.4byte	0x25
 256 0112 06       		.byte	0x6
 257 0113 D4       		.byte	0xd4
 258 0114 B5010000 		.4byte	0x1b5
 259 0118 07       		.uleb128 0x7
 260 0119 40000000 		.4byte	.LASF25
 261 011d 00       		.byte	0
 262 011e 08       		.uleb128 0x8
 263 011f D4040000 		.4byte	.LASF26
 264 0123 7F       		.sleb128 -1
 265 0124 08       		.uleb128 0x8
ARM GAS  C:\Users\abhim\AppData\Local\Temp\cciUZgx2.s 			page 8


 266 0125 AA020000 		.4byte	.LASF27
 267 0129 7E       		.sleb128 -2
 268 012a 08       		.uleb128 0x8
 269 012b 98000000 		.4byte	.LASF28
 270 012f 7D       		.sleb128 -3
 271 0130 08       		.uleb128 0x8
 272 0131 DD040000 		.4byte	.LASF29
 273 0135 7C       		.sleb128 -4
 274 0136 08       		.uleb128 0x8
 275 0137 2F010000 		.4byte	.LASF30
 276 013b 7B       		.sleb128 -5
 277 013c 08       		.uleb128 0x8
 278 013d 69000000 		.4byte	.LASF31
 279 0141 7A       		.sleb128 -6
 280 0142 08       		.uleb128 0x8
 281 0143 BF010000 		.4byte	.LASF32
 282 0147 79       		.sleb128 -7
 283 0148 08       		.uleb128 0x8
 284 0149 7E030000 		.4byte	.LASF33
 285 014d 78       		.sleb128 -8
 286 014e 08       		.uleb128 0x8
 287 014f B8020000 		.4byte	.LASF34
 288 0153 77       		.sleb128 -9
 289 0154 08       		.uleb128 0x8
 290 0155 D1010000 		.4byte	.LASF35
 291 0159 76       		.sleb128 -10
 292 015a 08       		.uleb128 0x8
 293 015b 19050000 		.4byte	.LASF36
 294 015f 75       		.sleb128 -11
 295 0160 08       		.uleb128 0x8
 296 0161 8A020000 		.4byte	.LASF37
 297 0165 74       		.sleb128 -12
 298 0166 08       		.uleb128 0x8
 299 0167 6A040000 		.4byte	.LASF38
 300 016b 73       		.sleb128 -13
 301 016c 08       		.uleb128 0x8
 302 016d 2D000000 		.4byte	.LASF39
 303 0171 72       		.sleb128 -14
 304 0172 08       		.uleb128 0x8
 305 0173 4B000000 		.4byte	.LASF40
 306 0177 71       		.sleb128 -15
 307 0178 08       		.uleb128 0x8
 308 0179 E9010000 		.4byte	.LASF41
 309 017d 70       		.sleb128 -16
 310 017e 08       		.uleb128 0x8
 311 017f AE000000 		.4byte	.LASF42
 312 0183 6F       		.sleb128 -17
 313 0184 08       		.uleb128 0x8
 314 0185 7A000000 		.4byte	.LASF43
 315 0189 6E       		.sleb128 -18
 316 018a 08       		.uleb128 0x8
 317 018b 92010000 		.4byte	.LASF44
 318 018f 6D       		.sleb128 -19
 319 0190 08       		.uleb128 0x8
 320 0191 B9030000 		.4byte	.LASF45
 321 0195 6C       		.sleb128 -20
 322 0196 08       		.uleb128 0x8
ARM GAS  C:\Users\abhim\AppData\Local\Temp\cciUZgx2.s 			page 9


 323 0197 FA010000 		.4byte	.LASF46
 324 019b 6B       		.sleb128 -21
 325 019c 08       		.uleb128 0x8
 326 019d AE040000 		.4byte	.LASF47
 327 01a1 6A       		.sleb128 -22
 328 01a2 08       		.uleb128 0x8
 329 01a3 EF000000 		.4byte	.LASF48
 330 01a7 69       		.sleb128 -23
 331 01a8 08       		.uleb128 0x8
 332 01a9 A5010000 		.4byte	.LASF49
 333 01ad 68       		.sleb128 -24
 334 01ae 08       		.uleb128 0x8
 335 01af 52010000 		.4byte	.LASF50
 336 01b3 67       		.sleb128 -25
 337 01b4 00       		.byte	0
 338 01b5 03       		.uleb128 0x3
 339 01b6 14050000 		.4byte	.LASF51
 340 01ba 06       		.byte	0x6
 341 01bb EF       		.byte	0xef
 342 01bc 0C010000 		.4byte	0x10c
 343 01c0 09       		.uleb128 0x9
 344 01c1 08       		.byte	0x8
 345 01c2 07       		.byte	0x7
 346 01c3 71       		.byte	0x71
 347 01c4 E1010000 		.4byte	0x1e1
 348 01c8 0A       		.uleb128 0xa
 349 01c9 AF030000 		.4byte	.LASF52
 350 01cd 07       		.byte	0x7
 351 01ce 72       		.byte	0x72
 352 01cf A2000000 		.4byte	0xa2
 353 01d3 00       		.byte	0
 354 01d4 0A       		.uleb128 0xa
 355 01d5 19000000 		.4byte	.LASF53
 356 01d9 07       		.byte	0x7
 357 01da 73       		.byte	0x73
 358 01db 45000000 		.4byte	0x45
 359 01df 04       		.byte	0x4
 360 01e0 00       		.byte	0
 361 01e1 03       		.uleb128 0x3
 362 01e2 D7000000 		.4byte	.LASF54
 363 01e6 07       		.byte	0x7
 364 01e7 74       		.byte	0x74
 365 01e8 C0010000 		.4byte	0x1c0
 366 01ec 06       		.uleb128 0x6
 367 01ed 01       		.byte	0x1
 368 01ee 37000000 		.4byte	0x37
 369 01f2 08       		.byte	0x8
 370 01f3 6D       		.byte	0x6d
 371 01f4 17020000 		.4byte	0x217
 372 01f8 07       		.uleb128 0x7
 373 01f9 A4040000 		.4byte	.LASF55
 374 01fd 00       		.byte	0
 375 01fe 07       		.uleb128 0x7
 376 01ff 9C040000 		.4byte	.LASF56
 377 0203 01       		.byte	0x1
 378 0204 07       		.uleb128 0x7
 379 0205 9B030000 		.4byte	.LASF57
ARM GAS  C:\Users\abhim\AppData\Local\Temp\cciUZgx2.s 			page 10


 380 0209 02       		.byte	0x2
 381 020a 07       		.uleb128 0x7
 382 020b 0B050000 		.4byte	.LASF58
 383 020f 03       		.byte	0x3
 384 0210 07       		.uleb128 0x7
 385 0211 45020000 		.4byte	.LASF59
 386 0215 04       		.byte	0x4
 387 0216 00       		.byte	0
 388 0217 03       		.uleb128 0x3
 389 0218 0C040000 		.4byte	.LASF60
 390 021c 08       		.byte	0x8
 391 021d 73       		.byte	0x73
 392 021e EC010000 		.4byte	0x1ec
 393 0222 03       		.uleb128 0x3
 394 0223 0C020000 		.4byte	.LASF61
 395 0227 08       		.byte	0x8
 396 0228 78       		.byte	0x78
 397 0229 2D020000 		.4byte	0x22d
 398 022d 0B       		.uleb128 0xb
 399 022e 04       		.byte	0x4
 400 022f 33020000 		.4byte	0x233
 401 0233 0C       		.uleb128 0xc
 402 0234 8C000000 		.4byte	0x8c
 403 0238 3E020000 		.4byte	0x23e
 404 023c 0D       		.uleb128 0xd
 405 023d 00       		.byte	0
 406 023e 09       		.uleb128 0x9
 407 023f 08       		.byte	0x8
 408 0240 08       		.byte	0x8
 409 0241 86       		.byte	0x86
 410 0242 5F020000 		.4byte	0x25f
 411 0246 0A       		.uleb128 0xa
 412 0247 18040000 		.4byte	.LASF62
 413 024b 08       		.byte	0x8
 414 024c 87       		.byte	0x87
 415 024d 17020000 		.4byte	0x217
 416 0251 00       		.byte	0
 417 0252 0A       		.uleb128 0xa
 418 0253 26000000 		.4byte	.LASF63
 419 0257 08       		.byte	0x8
 420 0258 88       		.byte	0x88
 421 0259 22020000 		.4byte	0x222
 422 025d 04       		.byte	0x4
 423 025e 00       		.byte	0
 424 025f 03       		.uleb128 0x3
 425 0260 06040000 		.4byte	.LASF64
 426 0264 08       		.byte	0x8
 427 0265 89       		.byte	0x89
 428 0266 3E020000 		.4byte	0x23e
 429 026a 0E       		.uleb128 0xe
 430 026b 24010000 		.4byte	.LASF80
 431 026f 01       		.byte	0x1
 432 0270 41       		.byte	0x41
 433 0271 B5010000 		.4byte	0x1b5
 434 0275 00000000 		.4byte	.LFB111
 435 0279 2C000000 		.4byte	.LFE111-.LFB111
 436 027d 01       		.uleb128 0x1
ARM GAS  C:\Users\abhim\AppData\Local\Temp\cciUZgx2.s 			page 11


 437 027e 9C       		.byte	0x9c
 438 027f B2020000 		.4byte	0x2b2
 439 0283 0F       		.uleb128 0xf
 440 0284 08000000 		.4byte	.LVL0
 441 0288 5E030000 		.4byte	0x35e
 442 028c 96020000 		.4byte	0x296
 443 0290 10       		.uleb128 0x10
 444 0291 01       		.uleb128 0x1
 445 0292 50       		.byte	0x50
 446 0293 01       		.uleb128 0x1
 447 0294 30       		.byte	0x30
 448 0295 00       		.byte	0
 449 0296 11       		.uleb128 0x11
 450 0297 0C000000 		.4byte	.LVL1
 451 029b 69030000 		.4byte	0x369
 452 029f 11       		.uleb128 0x11
 453 02a0 10000000 		.4byte	.LVL2
 454 02a4 74030000 		.4byte	0x374
 455 02a8 11       		.uleb128 0x11
 456 02a9 18000000 		.4byte	.LVL3
 457 02ad 7F030000 		.4byte	0x37f
 458 02b1 00       		.byte	0
 459 02b2 12       		.uleb128 0x12
 460 02b3 A6030000 		.4byte	.LASF81
 461 02b7 01       		.byte	0x1
 462 02b8 4C       		.byte	0x4c
 463 02b9 45000000 		.4byte	0x45
 464 02bd 00000000 		.4byte	.LFB112
 465 02c1 10000000 		.4byte	.LFE112-.LFB112
 466 02c5 01       		.uleb128 0x1
 467 02c6 9C       		.byte	0x9c
 468 02c7 E9020000 		.4byte	0x2e9
 469 02cb 13       		.uleb128 0x13
 470 02cc 6D6500   		.ascii	"me\000"
 471 02cf 01       		.byte	0x1
 472 02d0 4C       		.byte	0x4c
 473 02d1 EF020000 		.4byte	0x2ef
 474 02d5 00000000 		.4byte	.LLST0
 475 02d9 14       		.uleb128 0x14
 476 02da CC030000 		.4byte	.LASF82
 477 02de 01       		.byte	0x1
 478 02df 51       		.byte	0x51
 479 02e0 8C000000 		.4byte	0x8c
 480 02e4 3A000000 		.4byte	.LLST1
 481 02e8 00       		.byte	0
 482 02e9 0B       		.uleb128 0xb
 483 02ea 04       		.byte	0x4
 484 02eb 5F020000 		.4byte	0x25f
 485 02ef 15       		.uleb128 0x15
 486 02f0 E9020000 		.4byte	0x2e9
 487 02f4 16       		.uleb128 0x16
 488 02f5 ED040000 		.4byte	.LASF65
 489 02f9 09       		.byte	0x9
 490 02fa 40       		.byte	0x40
 491 02fb DF000000 		.4byte	0xdf
 492 02ff 16       		.uleb128 0x16
 493 0300 79010000 		.4byte	.LASF66
ARM GAS  C:\Users\abhim\AppData\Local\Temp\cciUZgx2.s 			page 12


 494 0304 09       		.byte	0x9
 495 0305 47       		.byte	0x47
 496 0306 EA000000 		.4byte	0xea
 497 030a 16       		.uleb128 0x16
 498 030b F3030000 		.4byte	.LASF67
 499 030f 09       		.byte	0x9
 500 0310 4A       		.byte	0x4a
 501 0311 DF000000 		.4byte	0xdf
 502 0315 16       		.uleb128 0x16
 503 0316 00000000 		.4byte	.LASF68
 504 031a 0A       		.byte	0xa
 505 031b 48       		.byte	0x48
 506 031c F5000000 		.4byte	0xf5
 507 0320 16       		.uleb128 0x16
 508 0321 06010000 		.4byte	.LASF69
 509 0325 0B       		.byte	0xb
 510 0326 44       		.byte	0x44
 511 0327 DF000000 		.4byte	0xdf
 512 032b 17       		.uleb128 0x17
 513 032c C7040000 		.4byte	.LASF70
 514 0330 0C       		.byte	0xc
 515 0331 1207     		.2byte	0x712
 516 0333 37030000 		.4byte	0x337
 517 0337 05       		.uleb128 0x5
 518 0338 97000000 		.4byte	0x97
 519 033c 18       		.uleb128 0x18
 520 033d 74030000 		.4byte	.LASF71
 521 0341 07       		.byte	0x7
 522 0342 76       		.byte	0x76
 523 0343 E1010000 		.4byte	0x1e1
 524 0347 05       		.uleb128 0x5
 525 0348 03       		.byte	0x3
 526 0349 00000000 		.4byte	game
 527 034d 18       		.uleb128 0x18
 528 034e 28020000 		.4byte	.LASF72
 529 0352 07       		.byte	0x7
 530 0353 78       		.byte	0x78
 531 0354 07010000 		.4byte	0x107
 532 0358 05       		.uleb128 0x5
 533 0359 03       		.byte	0x3
 534 035a 00000000 		.4byte	systickCounter
 535 035e 19       		.uleb128 0x19
 536 035f CE020000 		.4byte	.LASF73
 537 0363 CE020000 		.4byte	.LASF73
 538 0367 0D       		.byte	0xd
 539 0368 37       		.byte	0x37
 540 0369 19       		.uleb128 0x19
 541 036a 05050000 		.4byte	.LASF74
 542 036e 05050000 		.4byte	.LASF74
 543 0372 0E       		.byte	0xe
 544 0373 96       		.byte	0x96
 545 0374 19       		.uleb128 0x19
 546 0375 44010000 		.4byte	.LASF75
 547 0379 44010000 		.4byte	.LASF75
 548 037d 0F       		.byte	0xf
 549 037e 29       		.byte	0x29
 550 037f 19       		.uleb128 0x19
ARM GAS  C:\Users\abhim\AppData\Local\Temp\cciUZgx2.s 			page 13


 551 0380 84040000 		.4byte	.LASF76
 552 0384 84040000 		.4byte	.LASF76
 553 0388 10       		.byte	0x10
 554 0389 29       		.byte	0x29
 555 038a 00       		.byte	0
 556              		.section	.debug_abbrev,"",%progbits
 557              	.Ldebug_abbrev0:
 558 0000 01       		.uleb128 0x1
 559 0001 11       		.uleb128 0x11
 560 0002 01       		.byte	0x1
 561 0003 25       		.uleb128 0x25
 562 0004 0E       		.uleb128 0xe
 563 0005 13       		.uleb128 0x13
 564 0006 0B       		.uleb128 0xb
 565 0007 03       		.uleb128 0x3
 566 0008 0E       		.uleb128 0xe
 567 0009 1B       		.uleb128 0x1b
 568 000a 0E       		.uleb128 0xe
 569 000b 55       		.uleb128 0x55
 570 000c 17       		.uleb128 0x17
 571 000d 11       		.uleb128 0x11
 572 000e 01       		.uleb128 0x1
 573 000f 10       		.uleb128 0x10
 574 0010 17       		.uleb128 0x17
 575 0011 00       		.byte	0
 576 0012 00       		.byte	0
 577 0013 02       		.uleb128 0x2
 578 0014 24       		.uleb128 0x24
 579 0015 00       		.byte	0
 580 0016 0B       		.uleb128 0xb
 581 0017 0B       		.uleb128 0xb
 582 0018 3E       		.uleb128 0x3e
 583 0019 0B       		.uleb128 0xb
 584 001a 03       		.uleb128 0x3
 585 001b 0E       		.uleb128 0xe
 586 001c 00       		.byte	0
 587 001d 00       		.byte	0
 588 001e 03       		.uleb128 0x3
 589 001f 16       		.uleb128 0x16
 590 0020 00       		.byte	0
 591 0021 03       		.uleb128 0x3
 592 0022 0E       		.uleb128 0xe
 593 0023 3A       		.uleb128 0x3a
 594 0024 0B       		.uleb128 0xb
 595 0025 3B       		.uleb128 0x3b
 596 0026 0B       		.uleb128 0xb
 597 0027 49       		.uleb128 0x49
 598 0028 13       		.uleb128 0x13
 599 0029 00       		.byte	0
 600 002a 00       		.byte	0
 601 002b 04       		.uleb128 0x4
 602 002c 24       		.uleb128 0x24
 603 002d 00       		.byte	0
 604 002e 0B       		.uleb128 0xb
 605 002f 0B       		.uleb128 0xb
 606 0030 3E       		.uleb128 0x3e
 607 0031 0B       		.uleb128 0xb
ARM GAS  C:\Users\abhim\AppData\Local\Temp\cciUZgx2.s 			page 14


 608 0032 03       		.uleb128 0x3
 609 0033 08       		.uleb128 0x8
 610 0034 00       		.byte	0
 611 0035 00       		.byte	0
 612 0036 05       		.uleb128 0x5
 613 0037 35       		.uleb128 0x35
 614 0038 00       		.byte	0
 615 0039 49       		.uleb128 0x49
 616 003a 13       		.uleb128 0x13
 617 003b 00       		.byte	0
 618 003c 00       		.byte	0
 619 003d 06       		.uleb128 0x6
 620 003e 04       		.uleb128 0x4
 621 003f 01       		.byte	0x1
 622 0040 0B       		.uleb128 0xb
 623 0041 0B       		.uleb128 0xb
 624 0042 49       		.uleb128 0x49
 625 0043 13       		.uleb128 0x13
 626 0044 3A       		.uleb128 0x3a
 627 0045 0B       		.uleb128 0xb
 628 0046 3B       		.uleb128 0x3b
 629 0047 0B       		.uleb128 0xb
 630 0048 01       		.uleb128 0x1
 631 0049 13       		.uleb128 0x13
 632 004a 00       		.byte	0
 633 004b 00       		.byte	0
 634 004c 07       		.uleb128 0x7
 635 004d 28       		.uleb128 0x28
 636 004e 00       		.byte	0
 637 004f 03       		.uleb128 0x3
 638 0050 0E       		.uleb128 0xe
 639 0051 1C       		.uleb128 0x1c
 640 0052 0B       		.uleb128 0xb
 641 0053 00       		.byte	0
 642 0054 00       		.byte	0
 643 0055 08       		.uleb128 0x8
 644 0056 28       		.uleb128 0x28
 645 0057 00       		.byte	0
 646 0058 03       		.uleb128 0x3
 647 0059 0E       		.uleb128 0xe
 648 005a 1C       		.uleb128 0x1c
 649 005b 0D       		.uleb128 0xd
 650 005c 00       		.byte	0
 651 005d 00       		.byte	0
 652 005e 09       		.uleb128 0x9
 653 005f 13       		.uleb128 0x13
 654 0060 01       		.byte	0x1
 655 0061 0B       		.uleb128 0xb
 656 0062 0B       		.uleb128 0xb
 657 0063 3A       		.uleb128 0x3a
 658 0064 0B       		.uleb128 0xb
 659 0065 3B       		.uleb128 0x3b
 660 0066 0B       		.uleb128 0xb
 661 0067 01       		.uleb128 0x1
 662 0068 13       		.uleb128 0x13
 663 0069 00       		.byte	0
 664 006a 00       		.byte	0
ARM GAS  C:\Users\abhim\AppData\Local\Temp\cciUZgx2.s 			page 15


 665 006b 0A       		.uleb128 0xa
 666 006c 0D       		.uleb128 0xd
 667 006d 00       		.byte	0
 668 006e 03       		.uleb128 0x3
 669 006f 0E       		.uleb128 0xe
 670 0070 3A       		.uleb128 0x3a
 671 0071 0B       		.uleb128 0xb
 672 0072 3B       		.uleb128 0x3b
 673 0073 0B       		.uleb128 0xb
 674 0074 49       		.uleb128 0x49
 675 0075 13       		.uleb128 0x13
 676 0076 38       		.uleb128 0x38
 677 0077 0B       		.uleb128 0xb
 678 0078 00       		.byte	0
 679 0079 00       		.byte	0
 680 007a 0B       		.uleb128 0xb
 681 007b 0F       		.uleb128 0xf
 682 007c 00       		.byte	0
 683 007d 0B       		.uleb128 0xb
 684 007e 0B       		.uleb128 0xb
 685 007f 49       		.uleb128 0x49
 686 0080 13       		.uleb128 0x13
 687 0081 00       		.byte	0
 688 0082 00       		.byte	0
 689 0083 0C       		.uleb128 0xc
 690 0084 15       		.uleb128 0x15
 691 0085 01       		.byte	0x1
 692 0086 49       		.uleb128 0x49
 693 0087 13       		.uleb128 0x13
 694 0088 01       		.uleb128 0x1
 695 0089 13       		.uleb128 0x13
 696 008a 00       		.byte	0
 697 008b 00       		.byte	0
 698 008c 0D       		.uleb128 0xd
 699 008d 18       		.uleb128 0x18
 700 008e 00       		.byte	0
 701 008f 00       		.byte	0
 702 0090 00       		.byte	0
 703 0091 0E       		.uleb128 0xe
 704 0092 2E       		.uleb128 0x2e
 705 0093 01       		.byte	0x1
 706 0094 3F       		.uleb128 0x3f
 707 0095 19       		.uleb128 0x19
 708 0096 03       		.uleb128 0x3
 709 0097 0E       		.uleb128 0xe
 710 0098 3A       		.uleb128 0x3a
 711 0099 0B       		.uleb128 0xb
 712 009a 3B       		.uleb128 0x3b
 713 009b 0B       		.uleb128 0xb
 714 009c 49       		.uleb128 0x49
 715 009d 13       		.uleb128 0x13
 716 009e 11       		.uleb128 0x11
 717 009f 01       		.uleb128 0x1
 718 00a0 12       		.uleb128 0x12
 719 00a1 06       		.uleb128 0x6
 720 00a2 40       		.uleb128 0x40
 721 00a3 18       		.uleb128 0x18
ARM GAS  C:\Users\abhim\AppData\Local\Temp\cciUZgx2.s 			page 16


 722 00a4 9742     		.uleb128 0x2117
 723 00a6 19       		.uleb128 0x19
 724 00a7 01       		.uleb128 0x1
 725 00a8 13       		.uleb128 0x13
 726 00a9 00       		.byte	0
 727 00aa 00       		.byte	0
 728 00ab 0F       		.uleb128 0xf
 729 00ac 898201   		.uleb128 0x4109
 730 00af 01       		.byte	0x1
 731 00b0 11       		.uleb128 0x11
 732 00b1 01       		.uleb128 0x1
 733 00b2 31       		.uleb128 0x31
 734 00b3 13       		.uleb128 0x13
 735 00b4 01       		.uleb128 0x1
 736 00b5 13       		.uleb128 0x13
 737 00b6 00       		.byte	0
 738 00b7 00       		.byte	0
 739 00b8 10       		.uleb128 0x10
 740 00b9 8A8201   		.uleb128 0x410a
 741 00bc 00       		.byte	0
 742 00bd 02       		.uleb128 0x2
 743 00be 18       		.uleb128 0x18
 744 00bf 9142     		.uleb128 0x2111
 745 00c1 18       		.uleb128 0x18
 746 00c2 00       		.byte	0
 747 00c3 00       		.byte	0
 748 00c4 11       		.uleb128 0x11
 749 00c5 898201   		.uleb128 0x4109
 750 00c8 00       		.byte	0
 751 00c9 11       		.uleb128 0x11
 752 00ca 01       		.uleb128 0x1
 753 00cb 31       		.uleb128 0x31
 754 00cc 13       		.uleb128 0x13
 755 00cd 00       		.byte	0
 756 00ce 00       		.byte	0
 757 00cf 12       		.uleb128 0x12
 758 00d0 2E       		.uleb128 0x2e
 759 00d1 01       		.byte	0x1
 760 00d2 3F       		.uleb128 0x3f
 761 00d3 19       		.uleb128 0x19
 762 00d4 03       		.uleb128 0x3
 763 00d5 0E       		.uleb128 0xe
 764 00d6 3A       		.uleb128 0x3a
 765 00d7 0B       		.uleb128 0xb
 766 00d8 3B       		.uleb128 0x3b
 767 00d9 0B       		.uleb128 0xb
 768 00da 27       		.uleb128 0x27
 769 00db 19       		.uleb128 0x19
 770 00dc 49       		.uleb128 0x49
 771 00dd 13       		.uleb128 0x13
 772 00de 11       		.uleb128 0x11
 773 00df 01       		.uleb128 0x1
 774 00e0 12       		.uleb128 0x12
 775 00e1 06       		.uleb128 0x6
 776 00e2 40       		.uleb128 0x40
 777 00e3 18       		.uleb128 0x18
 778 00e4 9642     		.uleb128 0x2116
ARM GAS  C:\Users\abhim\AppData\Local\Temp\cciUZgx2.s 			page 17


 779 00e6 19       		.uleb128 0x19
 780 00e7 01       		.uleb128 0x1
 781 00e8 13       		.uleb128 0x13
 782 00e9 00       		.byte	0
 783 00ea 00       		.byte	0
 784 00eb 13       		.uleb128 0x13
 785 00ec 05       		.uleb128 0x5
 786 00ed 00       		.byte	0
 787 00ee 03       		.uleb128 0x3
 788 00ef 08       		.uleb128 0x8
 789 00f0 3A       		.uleb128 0x3a
 790 00f1 0B       		.uleb128 0xb
 791 00f2 3B       		.uleb128 0x3b
 792 00f3 0B       		.uleb128 0xb
 793 00f4 49       		.uleb128 0x49
 794 00f5 13       		.uleb128 0x13
 795 00f6 02       		.uleb128 0x2
 796 00f7 17       		.uleb128 0x17
 797 00f8 00       		.byte	0
 798 00f9 00       		.byte	0
 799 00fa 14       		.uleb128 0x14
 800 00fb 34       		.uleb128 0x34
 801 00fc 00       		.byte	0
 802 00fd 03       		.uleb128 0x3
 803 00fe 0E       		.uleb128 0xe
 804 00ff 3A       		.uleb128 0x3a
 805 0100 0B       		.uleb128 0xb
 806 0101 3B       		.uleb128 0x3b
 807 0102 0B       		.uleb128 0xb
 808 0103 49       		.uleb128 0x49
 809 0104 13       		.uleb128 0x13
 810 0105 02       		.uleb128 0x2
 811 0106 17       		.uleb128 0x17
 812 0107 00       		.byte	0
 813 0108 00       		.byte	0
 814 0109 15       		.uleb128 0x15
 815 010a 26       		.uleb128 0x26
 816 010b 00       		.byte	0
 817 010c 49       		.uleb128 0x49
 818 010d 13       		.uleb128 0x13
 819 010e 00       		.byte	0
 820 010f 00       		.byte	0
 821 0110 16       		.uleb128 0x16
 822 0111 34       		.uleb128 0x34
 823 0112 00       		.byte	0
 824 0113 03       		.uleb128 0x3
 825 0114 0E       		.uleb128 0xe
 826 0115 3A       		.uleb128 0x3a
 827 0116 0B       		.uleb128 0xb
 828 0117 3B       		.uleb128 0x3b
 829 0118 0B       		.uleb128 0xb
 830 0119 49       		.uleb128 0x49
 831 011a 13       		.uleb128 0x13
 832 011b 3F       		.uleb128 0x3f
 833 011c 19       		.uleb128 0x19
 834 011d 3C       		.uleb128 0x3c
 835 011e 19       		.uleb128 0x19
ARM GAS  C:\Users\abhim\AppData\Local\Temp\cciUZgx2.s 			page 18


 836 011f 00       		.byte	0
 837 0120 00       		.byte	0
 838 0121 17       		.uleb128 0x17
 839 0122 34       		.uleb128 0x34
 840 0123 00       		.byte	0
 841 0124 03       		.uleb128 0x3
 842 0125 0E       		.uleb128 0xe
 843 0126 3A       		.uleb128 0x3a
 844 0127 0B       		.uleb128 0xb
 845 0128 3B       		.uleb128 0x3b
 846 0129 05       		.uleb128 0x5
 847 012a 49       		.uleb128 0x49
 848 012b 13       		.uleb128 0x13
 849 012c 3F       		.uleb128 0x3f
 850 012d 19       		.uleb128 0x19
 851 012e 3C       		.uleb128 0x3c
 852 012f 19       		.uleb128 0x19
 853 0130 00       		.byte	0
 854 0131 00       		.byte	0
 855 0132 18       		.uleb128 0x18
 856 0133 34       		.uleb128 0x34
 857 0134 00       		.byte	0
 858 0135 03       		.uleb128 0x3
 859 0136 0E       		.uleb128 0xe
 860 0137 3A       		.uleb128 0x3a
 861 0138 0B       		.uleb128 0xb
 862 0139 3B       		.uleb128 0x3b
 863 013a 0B       		.uleb128 0xb
 864 013b 49       		.uleb128 0x49
 865 013c 13       		.uleb128 0x13
 866 013d 3F       		.uleb128 0x3f
 867 013e 19       		.uleb128 0x19
 868 013f 02       		.uleb128 0x2
 869 0140 18       		.uleb128 0x18
 870 0141 00       		.byte	0
 871 0142 00       		.byte	0
 872 0143 19       		.uleb128 0x19
 873 0144 2E       		.uleb128 0x2e
 874 0145 00       		.byte	0
 875 0146 3F       		.uleb128 0x3f
 876 0147 19       		.uleb128 0x19
 877 0148 3C       		.uleb128 0x3c
 878 0149 19       		.uleb128 0x19
 879 014a 6E       		.uleb128 0x6e
 880 014b 0E       		.uleb128 0xe
 881 014c 03       		.uleb128 0x3
 882 014d 0E       		.uleb128 0xe
 883 014e 3A       		.uleb128 0x3a
 884 014f 0B       		.uleb128 0xb
 885 0150 3B       		.uleb128 0x3b
 886 0151 0B       		.uleb128 0xb
 887 0152 00       		.byte	0
 888 0153 00       		.byte	0
 889 0154 00       		.byte	0
 890              		.section	.debug_loc,"",%progbits
 891              	.Ldebug_loc0:
 892              	.LLST0:
ARM GAS  C:\Users\abhim\AppData\Local\Temp\cciUZgx2.s 			page 19


 893 0000 00000000 		.4byte	.LVL4
 894 0004 07000000 		.4byte	.LVL5-1
 895 0008 0100     		.2byte	0x1
 896 000a 50       		.byte	0x50
 897 000b 07000000 		.4byte	.LVL5-1
 898 000f 0C000000 		.4byte	.LVL7
 899 0013 0400     		.2byte	0x4
 900 0015 F3       		.byte	0xf3
 901 0016 01       		.uleb128 0x1
 902 0017 50       		.byte	0x50
 903 0018 9F       		.byte	0x9f
 904 0019 0C000000 		.4byte	.LVL7
 905 001d 0E000000 		.4byte	.LVL8
 906 0021 0100     		.2byte	0x1
 907 0023 50       		.byte	0x50
 908 0024 0E000000 		.4byte	.LVL8
 909 0028 10000000 		.4byte	.LFE112
 910 002c 0400     		.2byte	0x4
 911 002e F3       		.byte	0xf3
 912 002f 01       		.uleb128 0x1
 913 0030 50       		.byte	0x50
 914 0031 9F       		.byte	0x9f
 915 0032 00000000 		.4byte	0
 916 0036 00000000 		.4byte	0
 917              	.LLST1:
 918 003a 08000000 		.4byte	.LVL5
 919 003e 0A000000 		.4byte	.LVL6
 920 0042 0100     		.2byte	0x1
 921 0044 50       		.byte	0x50
 922 0045 00000000 		.4byte	0
 923 0049 00000000 		.4byte	0
 924              		.section	.debug_aranges,"",%progbits
 925 0000 24000000 		.4byte	0x24
 926 0004 0200     		.2byte	0x2
 927 0006 00000000 		.4byte	.Ldebug_info0
 928 000a 04       		.byte	0x4
 929 000b 00       		.byte	0
 930 000c 0000     		.2byte	0
 931 000e 0000     		.2byte	0
 932 0010 00000000 		.4byte	.LFB111
 933 0014 2C000000 		.4byte	.LFE111-.LFB111
 934 0018 00000000 		.4byte	.LFB112
 935 001c 10000000 		.4byte	.LFE112-.LFB112
 936 0020 00000000 		.4byte	0
 937 0024 00000000 		.4byte	0
 938              		.section	.debug_ranges,"",%progbits
 939              	.Ldebug_ranges0:
 940 0000 00000000 		.4byte	.LFB111
 941 0004 2C000000 		.4byte	.LFE111
 942 0008 00000000 		.4byte	.LFB112
 943 000c 10000000 		.4byte	.LFE112
 944 0010 00000000 		.4byte	0
 945 0014 00000000 		.4byte	0
 946              		.section	.debug_line,"",%progbits
 947              	.Ldebug_line0:
 948 0000 07030000 		.section	.debug_str,"MS",%progbits,1
 948      0200CE02 
ARM GAS  C:\Users\abhim\AppData\Local\Temp\cciUZgx2.s 			page 20


 948      00000201 
 948      FB0E0D00 
 948      01010101 
 949              	.LASF68:
 950 0000 45455F73 		.ascii	"EE_std_endcycle_next_tid\000"
 950      74645F65 
 950      6E646379 
 950      636C655F 
 950      6E657874 
 951              	.LASF53:
 952 0019 63726374 		.ascii	"crctBtnPress\000"
 952      42746E50 
 952      72657373 
 952      00
 953              	.LASF63:
 954 0026 6D5F7265 		.ascii	"m_read\000"
 954      616400
 955              	.LASF39:
 956 002d 52435F45 		.ascii	"RC_ERROR_READ_ONLY\000"
 956      52524F52 
 956      5F524541 
 956      445F4F4E 
 956      4C5900
 957              	.LASF25:
 958 0040 52435F53 		.ascii	"RC_SUCCESS\000"
 958      55434345 
 958      535300
 959              	.LASF40:
 960 004b 52435F45 		.ascii	"RC_ERROR_WRITE_ONLY\000"
 960      52524F52 
 960      5F575249 
 960      54455F4F 
 960      4E4C5900 
 961              	.LASF2:
 962 005f 73686F72 		.ascii	"short int\000"
 962      7420696E 
 962      7400
 963              	.LASF31:
 964 0069 52435F45 		.ascii	"RC_ERROR_OVERRUN\000"
 964      52524F52 
 964      5F4F5645 
 964      5252554E 
 964      00
 965              	.LASF43:
 966 007a 52435F45 		.ascii	"RC_ERROR_WRITE_FAILS\000"
 966      52524F52 
 966      5F575249 
 966      54455F46 
 966      41494C53 
 967              	.LASF24:
 968 008f 73697A65 		.ascii	"sizetype\000"
 968      74797065 
 968      00
 969              	.LASF28:
 970 0098 52435F45 		.ascii	"RC_ERROR_ZERO\000"
 970      52524F52 
 970      5F5A4552 
ARM GAS  C:\Users\abhim\AppData\Local\Temp\cciUZgx2.s 			page 21


 970      4F00
 971              	.LASF22:
 972 00a6 45455F46 		.ascii	"EE_FREG\000"
 972      52454700 
 973              	.LASF42:
 974 00ae 52435F45 		.ascii	"RC_ERROR_READ_FAILS\000"
 974      52524F52 
 974      5F524541 
 974      445F4641 
 974      494C5300 
 975              	.LASF7:
 976 00c2 5F5F7569 		.ascii	"__uint32_t\000"
 976      6E743332 
 976      5F7400
 977              	.LASF20:
 978 00cd 45455F55 		.ascii	"EE_UINT32\000"
 978      494E5433 
 978      3200
 979              	.LASF54:
 980 00d7 6D794761 		.ascii	"myGame_t\000"
 980      6D655F74 
 980      00
 981              	.LASF23:
 982 00e0 45455F54 		.ascii	"EE_TID\000"
 982      494400
 983              	.LASF12:
 984 00e7 75696E74 		.ascii	"uint8_t\000"
 984      385F7400 
 985              	.LASF48:
 986 00ef 52435F45 		.ascii	"RC_ERROR_INVALID_STATE\000"
 986      52524F52 
 986      5F494E56 
 986      414C4944 
 986      5F535441 
 987              	.LASF69:
 988 0106 45455F49 		.ascii	"EE_IRQ_nesting_level\000"
 988      52515F6E 
 988      65737469 
 988      6E675F6C 
 988      6576656C 
 989              	.LASF19:
 990 011b 45455F49 		.ascii	"EE_INT32\000"
 990      4E543332 
 990      00
 991              	.LASF80:
 992 0124 62757474 		.ascii	"buttonInit\000"
 992      6F6E496E 
 992      697400
 993              	.LASF30:
 994 012f 52435F45 		.ascii	"RC_ERROR_RANGE\000"
 994      52524F52 
 994      5F52414E 
 994      474500
 995              	.LASF15:
 996 013e 666C6F61 		.ascii	"float\000"
 996      7400
 997              	.LASF75:
ARM GAS  C:\Users\abhim\AppData\Local\Temp\cciUZgx2.s 			page 22


 998 0144 42757474 		.ascii	"Button_1_Read\000"
 998      6F6E5F31 
 998      5F526561 
 998      6400
 999              	.LASF50:
 1000 0152 52435F45 		.ascii	"RC_ERROR_NOT_IMPLEMENTED\000"
 1000      52524F52 
 1000      5F4E4F54 
 1000      5F494D50 
 1000      4C454D45 
 1001              	.LASF9:
 1002 016b 6C6F6E67 		.ascii	"long long int\000"
 1002      206C6F6E 
 1002      6720696E 
 1002      7400
 1003              	.LASF66:
 1004 0179 45455F6F 		.ascii	"EE_oo_IRQ_suspend_status\000"
 1004      6F5F4952 
 1004      515F7375 
 1004      7370656E 
 1004      645F7374 
 1005              	.LASF44:
 1006 0192 52435F45 		.ascii	"RC_ERROR_NOT_MATCH\000"
 1006      52524F52 
 1006      5F4E4F54 
 1006      5F4D4154 
 1006      434800
 1007              	.LASF49:
 1008 01a5 52435F45 		.ascii	"RC_ERROR_UNKNOWN\000"
 1008      52524F52 
 1008      5F554E4B 
 1008      4E4F574E 
 1008      00
 1009              	.LASF6:
 1010 01b6 6C6F6E67 		.ascii	"long int\000"
 1010      20696E74 
 1010      00
 1011              	.LASF32:
 1012 01bf 52435F45 		.ascii	"RC_ERROR_UNDERRUN\000"
 1012      52524F52 
 1012      5F554E44 
 1012      45525255 
 1012      4E00
 1013              	.LASF35:
 1014 01d1 52435F45 		.ascii	"RC_ERROR_BUSY\000"
 1014      52524F52 
 1014      5F425553 
 1014      5900
 1015              	.LASF4:
 1016 01df 5F5F7569 		.ascii	"__uint8_t\000"
 1016      6E74385F 
 1016      7400
 1017              	.LASF41:
 1018 01e9 52435F45 		.ascii	"RC_ERROR_INVALID\000"
 1018      52524F52 
 1018      5F494E56 
 1018      414C4944 
ARM GAS  C:\Users\abhim\AppData\Local\Temp\cciUZgx2.s 			page 23


 1018      00
 1019              	.LASF46:
 1020 01fa 52435F45 		.ascii	"RC_ERROR_BAD_DATA\000"
 1020      52524F52 
 1020      5F424144 
 1020      5F444154 
 1020      4100
 1021              	.LASF61:
 1022 020c 42544E5F 		.ascii	"BTN_gpio_read_t\000"
 1022      6770696F 
 1022      5F726561 
 1022      645F7400 
 1023              	.LASF18:
 1024 021c 6C6F6E67 		.ascii	"long double\000"
 1024      20646F75 
 1024      626C6500 
 1025              	.LASF72:
 1026 0228 73797374 		.ascii	"systickCounter\000"
 1026      69636B43 
 1026      6F756E74 
 1026      657200
 1027              	.LASF1:
 1028 0237 756E7369 		.ascii	"unsigned char\000"
 1028      676E6564 
 1028      20636861 
 1028      7200
 1029              	.LASF59:
 1030 0245 42544E5F 		.ascii	"BTN_FALLING\000"
 1030      46414C4C 
 1030      494E4700 
 1031              	.LASF0:
 1032 0251 7369676E 		.ascii	"signed char\000"
 1032      65642063 
 1032      68617200 
 1033              	.LASF10:
 1034 025d 6C6F6E67 		.ascii	"long long unsigned int\000"
 1034      206C6F6E 
 1034      6720756E 
 1034      7369676E 
 1034      65642069 
 1035              	.LASF14:
 1036 0274 75696E74 		.ascii	"uint32_t\000"
 1036      33325F74 
 1036      00
 1037              	.LASF11:
 1038 027d 756E7369 		.ascii	"unsigned int\000"
 1038      676E6564 
 1038      20696E74 
 1038      00
 1039              	.LASF37:
 1040 028a 52435F45 		.ascii	"RC_ERROR_OPEN\000"
 1040      52524F52 
 1040      5F4F5045 
 1040      4E00
 1041              	.LASF8:
 1042 0298 6C6F6E67 		.ascii	"long unsigned int\000"
 1042      20756E73 
ARM GAS  C:\Users\abhim\AppData\Local\Temp\cciUZgx2.s 			page 24


 1042      69676E65 
 1042      6420696E 
 1042      7400
 1043              	.LASF27:
 1044 02aa 52435F45 		.ascii	"RC_ERROR_NULL\000"
 1044      52524F52 
 1044      5F4E554C 
 1044      4C00
 1045              	.LASF34:
 1046 02b8 52435F45 		.ascii	"RC_ERROR_BUFFER_EMTPY\000"
 1046      52524F52 
 1046      5F425546 
 1046      4645525F 
 1046      454D5450 
 1047              	.LASF73:
 1048 02ce 74696D65 		.ascii	"time\000"
 1048      00
 1049              	.LASF3:
 1050 02d3 73686F72 		.ascii	"short unsigned int\000"
 1050      7420756E 
 1050      7369676E 
 1050      65642069 
 1050      6E7400
 1051              	.LASF77:
 1052 02e6 474E5520 		.ascii	"GNU C11 5.4.1 20160609 (release) [ARM/embedded-5-br"
 1052      43313120 
 1052      352E342E 
 1052      31203230 
 1052      31363036 
 1053 0319 616E6368 		.ascii	"anch revision 237715] -mcpu=cortex-m3 -mthumb -g -O"
 1053      20726576 
 1053      6973696F 
 1053      6E203233 
 1053      37373135 
 1054 034c 67202D66 		.ascii	"g -ffunction-sections -ffat-lto-objects\000"
 1054      66756E63 
 1054      74696F6E 
 1054      2D736563 
 1054      74696F6E 
 1055              	.LASF71:
 1056 0374 67616D65 		.ascii	"game\000"
 1056      00
 1057              	.LASF17:
 1058 0379 63686172 		.ascii	"char\000"
 1058      00
 1059              	.LASF33:
 1060 037e 52435F45 		.ascii	"RC_ERROR_BUFFER_FULL\000"
 1060      52524F52 
 1060      5F425546 
 1060      4645525F 
 1060      46554C4C 
 1061              	.LASF13:
 1062 0393 696E7433 		.ascii	"int32_t\000"
 1062      325F7400 
 1063              	.LASF57:
 1064 039b 42544E5F 		.ascii	"BTN_RISING\000"
 1064      52495349 
ARM GAS  C:\Users\abhim\AppData\Local\Temp\cciUZgx2.s 			page 25


 1064      4E4700
 1065              	.LASF81:
 1066 03a6 42544E5F 		.ascii	"BTN_read\000"
 1066      72656164 
 1066      00
 1067              	.LASF52:
 1068 03af 746F7461 		.ascii	"totalTime\000"
 1068      6C54696D 
 1068      6500
 1069              	.LASF45:
 1070 03b9 52435F45 		.ascii	"RC_ERROR_BAD_PARAM\000"
 1070      52524F52 
 1070      5F424144 
 1070      5F504152 
 1070      414D00
 1071              	.LASF82:
 1072 03cc 63757253 		.ascii	"curState\000"
 1072      74617465 
 1072      00
 1073              	.LASF78:
 1074 03d5 736F7572 		.ascii	"source\\bsw\\labboard\\buttons.c\000"
 1074      63655C62 
 1074      73775C6C 
 1074      6162626F 
 1074      6172645C 
 1075              	.LASF67:
 1076 03f3 45455F41 		.ascii	"EE_ApplicationMode\000"
 1076      70706C69 
 1076      63617469 
 1076      6F6E4D6F 
 1076      646500
 1077              	.LASF64:
 1078 0406 42544E5F 		.ascii	"BTN_t\000"
 1078      7400
 1079              	.LASF60:
 1080 040c 42544E5F 		.ascii	"BTN_state_t\000"
 1080      73746174 
 1080      655F7400 
 1081              	.LASF62:
 1082 0418 6D5F7072 		.ascii	"m_prevState\000"
 1082      65765374 
 1082      61746500 
 1083              	.LASF79:
 1084 0424 443A5C70 		.ascii	"D:\\psoc-workspace\\Lab Assignments\\Workspace02\\e"
 1084      736F632D 
 1084      776F726B 
 1084      73706163 
 1084      655C4C61 
 1085 0453 72696B61 		.ascii	"rikaReactionGame.cydsn\000"
 1085      52656163 
 1085      74696F6E 
 1085      47616D65 
 1085      2E637964 
 1086              	.LASF38:
 1087 046a 52435F45 		.ascii	"RC_ERROR_CHECKSUM\000"
 1087      52524F52 
 1087      5F434845 
ARM GAS  C:\Users\abhim\AppData\Local\Temp\cciUZgx2.s 			page 26


 1087      434B5355 
 1087      4D00
 1088              	.LASF21:
 1089 047c 45455F55 		.ascii	"EE_UREG\000"
 1089      52454700 
 1090              	.LASF76:
 1091 0484 42757474 		.ascii	"Button_2_Read\000"
 1091      6F6E5F32 
 1091      5F526561 
 1091      6400
 1092              	.LASF5:
 1093 0492 5F5F696E 		.ascii	"__int32_t\000"
 1093      7433325F 
 1093      7400
 1094              	.LASF56:
 1095 049c 42544E5F 		.ascii	"BTN_LOW\000"
 1095      4C4F5700 
 1096              	.LASF55:
 1097 04a4 42544E5F 		.ascii	"BTN_UNDEF\000"
 1097      554E4445 
 1097      4600
 1098              	.LASF47:
 1099 04ae 52435F45 		.ascii	"RC_ERROR_CANCELED\000"
 1099      52524F52 
 1099      5F43414E 
 1099      43454C45 
 1099      4400
 1100              	.LASF16:
 1101 04c0 646F7562 		.ascii	"double\000"
 1101      6C6500
 1102              	.LASF70:
 1103 04c7 49544D5F 		.ascii	"ITM_RxBuffer\000"
 1103      52784275 
 1103      66666572 
 1103      00
 1104              	.LASF26:
 1105 04d4 52435F45 		.ascii	"RC_ERROR\000"
 1105      52524F52 
 1105      00
 1106              	.LASF29:
 1107 04dd 52435F45 		.ascii	"RC_ERROR_MEMORY\000"
 1107      52524F52 
 1107      5F4D454D 
 1107      4F525900 
 1108              	.LASF65:
 1109 04ed 45455F6F 		.ascii	"EE_oo_IRQ_disable_count\000"
 1109      6F5F4952 
 1109      515F6469 
 1109      7361626C 
 1109      655F636F 
 1110              	.LASF74:
 1111 0505 7372616E 		.ascii	"srand\000"
 1111      6400
 1112              	.LASF58:
 1113 050b 42544E5F 		.ascii	"BTN_HIGH\000"
 1113      48494748 
 1113      00
ARM GAS  C:\Users\abhim\AppData\Local\Temp\cciUZgx2.s 			page 27


 1114              	.LASF51:
 1115 0514 52435F74 		.ascii	"RC_t\000"
 1115      00
 1116              	.LASF36:
 1117 0519 52435F45 		.ascii	"RC_ERROR_TIME_OUT\000"
 1117      52524F52 
 1117      5F54494D 
 1117      455F4F55 
 1117      5400
 1118              		.ident	"GCC: (GNU Tools for ARM Embedded Processors) 5.4.1 20160609 (release) [ARM/embedded-5-bran
