ARM GAS  C:\Users\abhim\AppData\Local\Temp\ccgTAa9X.s 			page 1


   1              		.syntax unified
   2              		.cpu cortex-m3
   3              		.fpu softvfp
   4              		.eabi_attribute 20, 1
   5              		.eabi_attribute 21, 1
   6              		.eabi_attribute 23, 3
   7              		.eabi_attribute 24, 1
   8              		.eabi_attribute 25, 1
   9              		.eabi_attribute 26, 1
  10              		.eabi_attribute 30, 1
  11              		.eabi_attribute 34, 1
  12              		.eabi_attribute 18, 4
  13              		.thumb
  14              		.syntax unified
  15              		.file	"codetemplate.c"
  16              		.text
  17              	.Ltext0:
  18              		.cfi_sections	.debug_frame
  19              	.Letext0:
  20              		.section	.debug_info,"",%progbits
  21              	.Ldebug_info0:
  22 0000 6E000000 		.4byte	0x6e
  23 0004 0400     		.2byte	0x4
  24 0006 00000000 		.4byte	.Ldebug_abbrev0
  25 000a 04       		.byte	0x4
  26 000b 01       		.uleb128 0x1
  27 000c E4000000 		.4byte	.LASF11
  28 0010 0C       		.byte	0xc
  29 0011 2F000000 		.4byte	.LASF12
  30 0015 69000000 		.4byte	.LASF13
  31 0019 00000000 		.4byte	.Ldebug_line0
  32 001d 02       		.uleb128 0x2
  33 001e 01       		.byte	0x1
  34 001f 06       		.byte	0x6
  35 0020 06000000 		.4byte	.LASF0
  36 0024 02       		.uleb128 0x2
  37 0025 01       		.byte	0x1
  38 0026 08       		.byte	0x8
  39 0027 AF000000 		.4byte	.LASF1
  40 002b 02       		.uleb128 0x2
  41 002c 02       		.byte	0x2
  42 002d 05       		.byte	0x5
  43 002e 25000000 		.4byte	.LASF2
  44 0032 02       		.uleb128 0x2
  45 0033 02       		.byte	0x2
  46 0034 07       		.byte	0x7
  47 0035 12000000 		.4byte	.LASF3
  48 0039 02       		.uleb128 0x2
  49 003a 04       		.byte	0x4
  50 003b 05       		.byte	0x5
  51 003c BD000000 		.4byte	.LASF4
  52 0040 02       		.uleb128 0x2
  53 0041 04       		.byte	0x4
  54 0042 07       		.byte	0x7
  55 0043 CD000000 		.4byte	.LASF5
  56 0047 02       		.uleb128 0x2
  57 0048 04       		.byte	0x4
ARM GAS  C:\Users\abhim\AppData\Local\Temp\ccgTAa9X.s 			page 2


  58 0049 04       		.byte	0x4
  59 004a 00000000 		.4byte	.LASF6
  60 004e 02       		.uleb128 0x2
  61 004f 08       		.byte	0x8
  62 0050 04       		.byte	0x4
  63 0051 C6000000 		.4byte	.LASF7
  64 0055 02       		.uleb128 0x2
  65 0056 08       		.byte	0x8
  66 0057 05       		.byte	0x5
  67 0058 72010000 		.4byte	.LASF8
  68 005c 02       		.uleb128 0x2
  69 005d 08       		.byte	0x8
  70 005e 07       		.byte	0x7
  71 005f 52000000 		.4byte	.LASF9
  72 0063 02       		.uleb128 0x2
  73 0064 01       		.byte	0x1
  74 0065 08       		.byte	0x8
  75 0066 DF000000 		.4byte	.LASF10
  76 006a 03       		.uleb128 0x3
  77 006b 04       		.byte	0x4
  78 006c 05       		.byte	0x5
  79 006d 696E7400 		.ascii	"int\000"
  80 0071 00       		.byte	0
  81              		.section	.debug_abbrev,"",%progbits
  82              	.Ldebug_abbrev0:
  83 0000 01       		.uleb128 0x1
  84 0001 11       		.uleb128 0x11
  85 0002 01       		.byte	0x1
  86 0003 25       		.uleb128 0x25
  87 0004 0E       		.uleb128 0xe
  88 0005 13       		.uleb128 0x13
  89 0006 0B       		.uleb128 0xb
  90 0007 03       		.uleb128 0x3
  91 0008 0E       		.uleb128 0xe
  92 0009 1B       		.uleb128 0x1b
  93 000a 0E       		.uleb128 0xe
  94 000b 10       		.uleb128 0x10
  95 000c 17       		.uleb128 0x17
  96 000d 00       		.byte	0
  97 000e 00       		.byte	0
  98 000f 02       		.uleb128 0x2
  99 0010 24       		.uleb128 0x24
 100 0011 00       		.byte	0
 101 0012 0B       		.uleb128 0xb
 102 0013 0B       		.uleb128 0xb
 103 0014 3E       		.uleb128 0x3e
 104 0015 0B       		.uleb128 0xb
 105 0016 03       		.uleb128 0x3
 106 0017 0E       		.uleb128 0xe
 107 0018 00       		.byte	0
 108 0019 00       		.byte	0
 109 001a 03       		.uleb128 0x3
 110 001b 24       		.uleb128 0x24
 111 001c 00       		.byte	0
 112 001d 0B       		.uleb128 0xb
 113 001e 0B       		.uleb128 0xb
 114 001f 3E       		.uleb128 0x3e
ARM GAS  C:\Users\abhim\AppData\Local\Temp\ccgTAa9X.s 			page 3


 115 0020 0B       		.uleb128 0xb
 116 0021 03       		.uleb128 0x3
 117 0022 08       		.uleb128 0x8
 118 0023 00       		.byte	0
 119 0024 00       		.byte	0
 120 0025 00       		.byte	0
 121              		.section	.debug_aranges,"",%progbits
 122 0000 14000000 		.4byte	0x14
 123 0004 0200     		.2byte	0x2
 124 0006 00000000 		.4byte	.Ldebug_info0
 125 000a 04       		.byte	0x4
 126 000b 00       		.byte	0
 127 000c 0000     		.2byte	0
 128 000e 0000     		.2byte	0
 129 0010 00000000 		.4byte	0
 130 0014 00000000 		.4byte	0
 131              		.section	.debug_line,"",%progbits
 132              	.Ldebug_line0:
 133 0000 19000000 		.section	.debug_str,"MS",%progbits,1
 133      02001300 
 133      00000201 
 133      FB0E0D00 
 133      01010101 
 134              	.LASF6:
 135 0000 666C6F61 		.ascii	"float\000"
 135      7400
 136              	.LASF0:
 137 0006 7369676E 		.ascii	"signed char\000"
 137      65642063 
 137      68617200 
 138              	.LASF3:
 139 0012 73686F72 		.ascii	"short unsigned int\000"
 139      7420756E 
 139      7369676E 
 139      65642069 
 139      6E7400
 140              	.LASF2:
 141 0025 73686F72 		.ascii	"short int\000"
 141      7420696E 
 141      7400
 142              	.LASF12:
 143 002f 736F7572 		.ascii	"source\\bsw\\labboard\\codetemplate.c\000"
 143      63655C62 
 143      73775C6C 
 143      6162626F 
 143      6172645C 
 144              	.LASF9:
 145 0052 6C6F6E67 		.ascii	"long long unsigned int\000"
 145      206C6F6E 
 145      6720756E 
 145      7369676E 
 145      65642069 
 146              	.LASF13:
 147 0069 443A5C70 		.ascii	"D:\\psoc-workspace\\Lab Assignments\\Workspace02\\e"
 147      736F632D 
 147      776F726B 
 147      73706163 
ARM GAS  C:\Users\abhim\AppData\Local\Temp\ccgTAa9X.s 			page 4


 147      655C4C61 
 148 0098 72696B61 		.ascii	"rikaReactionGame.cydsn\000"
 148      52656163 
 148      74696F6E 
 148      47616D65 
 148      2E637964 
 149              	.LASF1:
 150 00af 756E7369 		.ascii	"unsigned char\000"
 150      676E6564 
 150      20636861 
 150      7200
 151              	.LASF4:
 152 00bd 6C6F6E67 		.ascii	"long int\000"
 152      20696E74 
 152      00
 153              	.LASF7:
 154 00c6 646F7562 		.ascii	"double\000"
 154      6C6500
 155              	.LASF5:
 156 00cd 6C6F6E67 		.ascii	"long unsigned int\000"
 156      20756E73 
 156      69676E65 
 156      6420696E 
 156      7400
 157              	.LASF10:
 158 00df 63686172 		.ascii	"char\000"
 158      00
 159              	.LASF11:
 160 00e4 474E5520 		.ascii	"GNU C11 5.4.1 20160609 (release) [ARM/embedded-5-br"
 160      43313120 
 160      352E342E 
 160      31203230 
 160      31363036 
 161 0117 616E6368 		.ascii	"anch revision 237715] -mcpu=cortex-m3 -mthumb -g -O"
 161      20726576 
 161      6973696F 
 161      6E203233 
 161      37373135 
 162 014a 67202D66 		.ascii	"g -ffunction-sections -ffat-lto-objects\000"
 162      66756E63 
 162      74696F6E 
 162      2D736563 
 162      74696F6E 
 163              	.LASF8:
 164 0172 6C6F6E67 		.ascii	"long long int\000"
 164      206C6F6E 
 164      6720696E 
 164      7400
 165              		.ident	"GCC: (GNU Tools for ARM Embedded Processors) 5.4.1 20160609 (release) [ARM/embedded-5-bran
