ARM GAS  C:\Users\abhim\AppData\Local\Temp\ccRvhpzc.s 			page 1


   1              		.syntax unified
   2              		.cpu cortex-m3
   3              		.fpu softvfp
   4              		.eabi_attribute 20, 1
   5              		.eabi_attribute 21, 1
   6              		.eabi_attribute 23, 3
   7              		.eabi_attribute 24, 1
   8              		.eabi_attribute 25, 1
   9              		.eabi_attribute 26, 1
  10              		.eabi_attribute 30, 1
  11              		.eabi_attribute 34, 1
  12              		.eabi_attribute 18, 4
  13              		.thumb
  14              		.syntax unified
  15              		.file	"cymetadata.c"
  16              		.text
  17              	.Ltext0:
  18              		.cfi_sections	.debug_frame
  19              		.global	cy_metadata
  20              		.global	cy_meta_flashprotect
  21              		.global	cy_meta_wonvl
  22              		.global	cy_meta_custnvl
  23              		.global	cy_meta_configecc
  24              		.section	.cyconfigecc,"a",%progbits
  25              		.align	2
  26              		.type	cy_meta_configecc, %object
  27              		.size	cy_meta_configecc, 2288
  28              	cy_meta_configecc:
  29 0000 03       		.byte	3
  30 0001 52       		.byte	82
  31 0002 00       		.byte	0
  32 0003 40       		.byte	64
  33 0004 07       		.byte	7
  34 0005 64       		.byte	100
  35 0006 00       		.byte	0
  36 0007 40       		.byte	64
  37 0008 02       		.byte	2
  38 0009 65       		.byte	101
  39 000a 00       		.byte	0
  40 000b 40       		.byte	64
  41 000c 45       		.byte	69
  42 000d 02       		.byte	2
  43 000e 01       		.byte	1
  44 000f 40       		.byte	64
  45 0010 23       		.byte	35
  46 0011 03       		.byte	3
  47 0012 01       		.byte	1
  48 0013 40       		.byte	64
  49 0014 40       		.byte	64
  50 0015 04       		.byte	4
  51 0016 01       		.byte	1
  52 0017 40       		.byte	64
  53 0018 21       		.byte	33
  54 0019 05       		.byte	5
  55 001a 01       		.byte	1
  56 001b 40       		.byte	64
  57 001c 01       		.byte	1
ARM GAS  C:\Users\abhim\AppData\Local\Temp\ccRvhpzc.s 			page 2


  58 001d 07       		.byte	7
  59 001e 01       		.byte	1
  60 001f 40       		.byte	64
  61 0020 5E       		.byte	94
  62 0021 08       		.byte	8
  63 0022 01       		.byte	1
  64 0023 40       		.byte	64
  65 0024 3C       		.byte	60
  66 0025 09       		.byte	9
  67 0026 01       		.byte	1
  68 0027 40       		.byte	64
  69 0028 4A       		.byte	74
  70 0029 0A       		.byte	10
  71 002a 01       		.byte	1
  72 002b 40       		.byte	64
  73 002c 29       		.byte	41
  74 002d 0B       		.byte	11
  75 002e 01       		.byte	1
  76 002f 40       		.byte	64
  77 0030 44       		.byte	68
  78 0031 0C       		.byte	12
  79 0032 01       		.byte	1
  80 0033 40       		.byte	64
  81 0034 28       		.byte	40
  82 0035 0D       		.byte	13
  83 0036 01       		.byte	1
  84 0037 40       		.byte	64
  85 0038 43       		.byte	67
  86 0039 0E       		.byte	14
  87 003a 01       		.byte	1
  88 003b 40       		.byte	64
  89 003c 1E       		.byte	30
  90 003d 0F       		.byte	15
  91 003e 01       		.byte	1
  92 003f 40       		.byte	64
  93 0040 40       		.byte	64
  94 0041 18       		.byte	24
  95 0042 01       		.byte	1
  96 0043 40       		.byte	64
  97 0044 42       		.byte	66
  98 0045 19       		.byte	25
  99 0046 01       		.byte	1
 100 0047 40       		.byte	64
 101 0048 73       		.byte	115
 102 0049 1A       		.byte	26
 103 004a 01       		.byte	1
 104 004b 40       		.byte	64
 105 004c 4B       		.byte	75
 106 004d 1B       		.byte	27
 107 004e 01       		.byte	1
 108 004f 40       		.byte	64
 109 0050 02       		.byte	2
 110 0051 40       		.byte	64
 111 0052 01       		.byte	1
 112 0053 40       		.byte	64
 113 0054 0B       		.byte	11
 114 0055 41       		.byte	65
ARM GAS  C:\Users\abhim\AppData\Local\Temp\ccRvhpzc.s 			page 3


 115 0056 01       		.byte	1
 116 0057 40       		.byte	64
 117 0058 06       		.byte	6
 118 0059 42       		.byte	66
 119 005a 01       		.byte	1
 120 005b 40       		.byte	64
 121 005c 02       		.byte	2
 122 005d 43       		.byte	67
 123 005e 01       		.byte	1
 124 005f 40       		.byte	64
 125 0060 0A       		.byte	10
 126 0061 45       		.byte	69
 127 0062 01       		.byte	1
 128 0063 40       		.byte	64
 129 0064 03       		.byte	3
 130 0065 46       		.byte	70
 131 0066 01       		.byte	1
 132 0067 40       		.byte	64
 133 0068 09       		.byte	9
 134 0069 4D       		.byte	77
 135 006a 01       		.byte	1
 136 006b 40       		.byte	64
 137 006c 07       		.byte	7
 138 006d 50       		.byte	80
 139 006e 01       		.byte	1
 140 006f 40       		.byte	64
 141 0070 01       		.byte	1
 142 0071 51       		.byte	81
 143 0072 01       		.byte	1
 144 0073 40       		.byte	64
 145 0074 01       		.byte	1
 146 0075 80       		.byte	-128
 147 0076 10       		.byte	16
 148 0077 11       		.byte	17
 149 0078 11       		.byte	17
 150 0079 10       		.byte	16
 151 007a 83       		.byte	-125
 152 007b 0D       		.byte	13
 153 007c 85       		.byte	-123
 154 007d 0D       		.byte	13
 155 007e 88       		.byte	-120
 156 007f 38       		.byte	56
 157 0080 89       		.byte	-119
 158 0081 0D       		.byte	13
 159 0082 8B       		.byte	-117
 160 0083 0D       		.byte	13
 161 0084 8D       		.byte	-115
 162 0085 0D       		.byte	13
 163 0086 8F       		.byte	-113
 164 0087 0D       		.byte	13
 165 0088 88       		.byte	-120
 166 0089 72       		.byte	114
 167 008a 89       		.byte	-119
 168 008b 0F       		.byte	15
 169 008c 16       		.byte	22
 170 008d 01       		.byte	1
 171 008e 25       		.byte	37
ARM GAS  C:\Users\abhim\AppData\Local\Temp\ccRvhpzc.s 			page 4


 172 008f 01       		.byte	1
 173 0090 29       		.byte	41
 174 0091 01       		.byte	1
 175 0092 2E       		.byte	46
 176 0093 01       		.byte	1
 177 0094 31       		.byte	49
 178 0095 01       		.byte	1
 179 0096 36       		.byte	54
 180 0097 01       		.byte	1
 181 0098 39       		.byte	57
 182 0099 02       		.byte	2
 183 009a 3F       		.byte	63
 184 009b 01       		.byte	1
 185 009c 40       		.byte	64
 186 009d 60       		.byte	96
 187 009e 41       		.byte	65
 188 009f 02       		.byte	2
 189 00a0 49       		.byte	73
 190 00a1 FF       		.byte	-1
 191 00a2 4A       		.byte	74
 192 00a3 FF       		.byte	-1
 193 00a4 4B       		.byte	75
 194 00a5 FF       		.byte	-1
 195 00a6 4D       		.byte	77
 196 00a7 A0       		.byte	-96
 197 00a8 4F       		.byte	79
 198 00a9 04       		.byte	4
 199 00aa 50       		.byte	80
 200 00ab 18       		.byte	24
 201 00ac 58       		.byte	88
 202 00ad 04       		.byte	4
 203 00ae 59       		.byte	89
 204 00af 04       		.byte	4
 205 00b0 5A       		.byte	90
 206 00b1 04       		.byte	4
 207 00b2 5F       		.byte	95
 208 00b3 01       		.byte	1
 209 00b4 60       		.byte	96
 210 00b5 40       		.byte	64
 211 00b6 62       		.byte	98
 212 00b7 C0       		.byte	-64
 213 00b8 64       		.byte	100
 214 00b9 40       		.byte	64
 215 00ba 65       		.byte	101
 216 00bb 40       		.byte	64
 217 00bc 66       		.byte	102
 218 00bd C0       		.byte	-64
 219 00be 68       		.byte	104
 220 00bf C0       		.byte	-64
 221 00c0 6A       		.byte	106
 222 00c1 C0       		.byte	-64
 223 00c2 6C       		.byte	108
 224 00c3 C0       		.byte	-64
 225 00c4 6E       		.byte	110
 226 00c5 C0       		.byte	-64
 227 00c6 86       		.byte	-122
 228 00c7 02       		.byte	2
ARM GAS  C:\Users\abhim\AppData\Local\Temp\ccRvhpzc.s 			page 5


 229 00c8 8F       		.byte	-113
 230 00c9 01       		.byte	1
 231 00ca 92       		.byte	-110
 232 00cb 01       		.byte	1
 233 00cc A1       		.byte	-95
 234 00cd 01       		.byte	1
 235 00ce A2       		.byte	-94
 236 00cf 04       		.byte	4
 237 00d0 AA       		.byte	-86
 238 00d1 02       		.byte	2
 239 00d2 B0       		.byte	-80
 240 00d3 04       		.byte	4
 241 00d4 B2       		.byte	-78
 242 00d5 02       		.byte	2
 243 00d6 B4       		.byte	-76
 244 00d7 01       		.byte	1
 245 00d8 B7       		.byte	-73
 246 00d9 01       		.byte	1
 247 00da BE       		.byte	-66
 248 00db 04       		.byte	4
 249 00dc C0       		.byte	-64
 250 00dd 20       		.byte	32
 251 00de C1       		.byte	-63
 252 00df 06       		.byte	6
 253 00e0 C5       		.byte	-59
 254 00e1 D0       		.byte	-48
 255 00e2 C6       		.byte	-58
 256 00e3 01       		.byte	1
 257 00e4 C7       		.byte	-57
 258 00e5 02       		.byte	2
 259 00e6 C8       		.byte	-56
 260 00e7 16       		.byte	22
 261 00e8 C9       		.byte	-55
 262 00e9 FF       		.byte	-1
 263 00ea CA       		.byte	-54
 264 00eb FF       		.byte	-1
 265 00ec CB       		.byte	-53
 266 00ed FF       		.byte	-1
 267 00ee CD       		.byte	-51
 268 00ef AF       		.byte	-81
 269 00f0 CE       		.byte	-50
 270 00f1 0F       		.byte	15
 271 00f2 CF       		.byte	-49
 272 00f3 04       		.byte	4
 273 00f4 D0       		.byte	-48
 274 00f5 18       		.byte	24
 275 00f6 D2       		.byte	-46
 276 00f7 80       		.byte	-128
 277 00f8 D4       		.byte	-44
 278 00f9 05       		.byte	5
 279 00fa D8       		.byte	-40
 280 00fb 04       		.byte	4
 281 00fc D9       		.byte	-39
 282 00fd 04       		.byte	4
 283 00fe DA       		.byte	-38
 284 00ff 04       		.byte	4
 285 0100 DB       		.byte	-37
ARM GAS  C:\Users\abhim\AppData\Local\Temp\ccRvhpzc.s 			page 6


 286 0101 04       		.byte	4
 287 0102 DF       		.byte	-33
 288 0103 01       		.byte	1
 289 0104 E0       		.byte	-32
 290 0105 40       		.byte	64
 291 0106 E2       		.byte	-30
 292 0107 C0       		.byte	-64
 293 0108 E4       		.byte	-28
 294 0109 40       		.byte	64
 295 010a E5       		.byte	-27
 296 010b 40       		.byte	64
 297 010c E6       		.byte	-26
 298 010d C0       		.byte	-64
 299 010e E8       		.byte	-24
 300 010f C0       		.byte	-64
 301 0110 EA       		.byte	-22
 302 0111 C0       		.byte	-64
 303 0112 EC       		.byte	-20
 304 0113 C0       		.byte	-64
 305 0114 EE       		.byte	-18
 306 0115 C0       		.byte	-64
 307 0116 00       		.byte	0
 308 0117 04       		.byte	4
 309 0118 09       		.byte	9
 310 0119 02       		.byte	2
 311 011a 0F       		.byte	15
 312 011b 20       		.byte	32
 313 011c 10       		.byte	16
 314 011d 80       		.byte	-128
 315 011e 12       		.byte	18
 316 011f 04       		.byte	4
 317 0120 15       		.byte	21
 318 0121 80       		.byte	-128
 319 0122 18       		.byte	24
 320 0123 04       		.byte	4
 321 0124 19       		.byte	25
 322 0125 06       		.byte	6
 323 0126 1B       		.byte	27
 324 0127 10       		.byte	16
 325 0128 1F       		.byte	31
 326 0129 40       		.byte	64
 327 012a 22       		.byte	34
 328 012b 40       		.byte	64
 329 012c 27       		.byte	39
 330 012d 40       		.byte	64
 331 012e 29       		.byte	41
 332 012f 02       		.byte	2
 333 0130 2F       		.byte	47
 334 0131 28       		.byte	40
 335 0132 39       		.byte	57
 336 0133 80       		.byte	-128
 337 0134 40       		.byte	64
 338 0135 04       		.byte	4
 339 0136 46       		.byte	70
 340 0137 04       		.byte	4
 341 0138 48       		.byte	72
 342 0139 08       		.byte	8
ARM GAS  C:\Users\abhim\AppData\Local\Temp\ccRvhpzc.s 			page 7


 343 013a 49       		.byte	73
 344 013b 01       		.byte	1
 345 013c 4F       		.byte	79
 346 013d 20       		.byte	32
 347 013e 50       		.byte	80
 348 013f 88       		.byte	-120
 349 0140 51       		.byte	81
 350 0141 40       		.byte	64
 351 0142 52       		.byte	82
 352 0143 04       		.byte	4
 353 0144 59       		.byte	89
 354 0145 05       		.byte	5
 355 0146 5A       		.byte	90
 356 0147 80       		.byte	-128
 357 0148 71       		.byte	113
 358 0149 02       		.byte	2
 359 014a 87       		.byte	-121
 360 014b 40       		.byte	64
 361 014c C0       		.byte	-64
 362 014d 04       		.byte	4
 363 014e C2       		.byte	-62
 364 014f 28       		.byte	40
 365 0150 C4       		.byte	-60
 366 0151 8A       		.byte	-118
 367 0152 CA       		.byte	-54
 368 0153 61       		.byte	97
 369 0154 CE       		.byte	-50
 370 0155 08       		.byte	8
 371 0156 D0       		.byte	-48
 372 0157 24       		.byte	36
 373 0158 D2       		.byte	-46
 374 0159 24       		.byte	36
 375 015a D6       		.byte	-42
 376 015b 0B       		.byte	11
 377 015c 2E       		.byte	46
 378 015d 01       		.byte	1
 379 015e 34       		.byte	52
 380 015f 01       		.byte	1
 381 0160 36       		.byte	54
 382 0161 01       		.byte	1
 383 0162 40       		.byte	64
 384 0163 10       		.byte	16
 385 0164 41       		.byte	65
 386 0165 02       		.byte	2
 387 0166 49       		.byte	73
 388 0167 FF       		.byte	-1
 389 0168 4A       		.byte	74
 390 0169 FF       		.byte	-1
 391 016a 4B       		.byte	75
 392 016b FF       		.byte	-1
 393 016c 4D       		.byte	77
 394 016d A0       		.byte	-96
 395 016e 4F       		.byte	79
 396 016f 04       		.byte	4
 397 0170 50       		.byte	80
 398 0171 18       		.byte	24
 399 0172 52       		.byte	82
ARM GAS  C:\Users\abhim\AppData\Local\Temp\ccRvhpzc.s 			page 8


 400 0173 80       		.byte	-128
 401 0174 58       		.byte	88
 402 0175 04       		.byte	4
 403 0176 5A       		.byte	90
 404 0177 04       		.byte	4
 405 0178 5B       		.byte	91
 406 0179 04       		.byte	4
 407 017a 5F       		.byte	95
 408 017b 01       		.byte	1
 409 017c 60       		.byte	96
 410 017d 40       		.byte	64
 411 017e 62       		.byte	98
 412 017f C0       		.byte	-64
 413 0180 64       		.byte	100
 414 0181 40       		.byte	64
 415 0182 65       		.byte	101
 416 0183 40       		.byte	64
 417 0184 66       		.byte	102
 418 0185 C0       		.byte	-64
 419 0186 68       		.byte	104
 420 0187 C0       		.byte	-64
 421 0188 6A       		.byte	106
 422 0189 C0       		.byte	-64
 423 018a 6C       		.byte	108
 424 018b C0       		.byte	-64
 425 018c 6E       		.byte	110
 426 018d C0       		.byte	-64
 427 018e 83       		.byte	-125
 428 018f 03       		.byte	3
 429 0190 86       		.byte	-122
 430 0191 01       		.byte	1
 431 0192 9E       		.byte	-98
 432 0193 01       		.byte	1
 433 0194 A1       		.byte	-95
 434 0195 01       		.byte	1
 435 0196 AE       		.byte	-82
 436 0197 02       		.byte	2
 437 0198 AF       		.byte	-81
 438 0199 02       		.byte	2
 439 019a B1       		.byte	-79
 440 019b 01       		.byte	1
 441 019c B3       		.byte	-77
 442 019d 02       		.byte	2
 443 019e B4       		.byte	-76
 444 019f 01       		.byte	1
 445 01a0 B6       		.byte	-74
 446 01a1 02       		.byte	2
 447 01a2 BE       		.byte	-66
 448 01a3 10       		.byte	16
 449 01a4 C0       		.byte	-64
 450 01a5 60       		.byte	96
 451 01a6 C1       		.byte	-63
 452 01a7 02       		.byte	2
 453 01a8 C5       		.byte	-59
 454 01a9 D0       		.byte	-48
 455 01aa C6       		.byte	-58
 456 01ab 20       		.byte	32
ARM GAS  C:\Users\abhim\AppData\Local\Temp\ccRvhpzc.s 			page 9


 457 01ac C7       		.byte	-57
 458 01ad 10       		.byte	16
 459 01ae C8       		.byte	-56
 460 01af 2A       		.byte	42
 461 01b0 C9       		.byte	-55
 462 01b1 FF       		.byte	-1
 463 01b2 CA       		.byte	-54
 464 01b3 FF       		.byte	-1
 465 01b4 CB       		.byte	-53
 466 01b5 FF       		.byte	-1
 467 01b6 CD       		.byte	-51
 468 01b7 AF       		.byte	-81
 469 01b8 CE       		.byte	-50
 470 01b9 0F       		.byte	15
 471 01ba CF       		.byte	-49
 472 01bb 04       		.byte	4
 473 01bc D0       		.byte	-48
 474 01bd 18       		.byte	24
 475 01be D4       		.byte	-44
 476 01bf 05       		.byte	5
 477 01c0 D8       		.byte	-40
 478 01c1 04       		.byte	4
 479 01c2 D9       		.byte	-39
 480 01c3 04       		.byte	4
 481 01c4 DA       		.byte	-38
 482 01c5 04       		.byte	4
 483 01c6 DB       		.byte	-37
 484 01c7 04       		.byte	4
 485 01c8 DF       		.byte	-33
 486 01c9 01       		.byte	1
 487 01ca E0       		.byte	-32
 488 01cb 40       		.byte	64
 489 01cc E2       		.byte	-30
 490 01cd C0       		.byte	-64
 491 01ce E4       		.byte	-28
 492 01cf 40       		.byte	64
 493 01d0 E5       		.byte	-27
 494 01d1 40       		.byte	64
 495 01d2 E6       		.byte	-26
 496 01d3 C0       		.byte	-64
 497 01d4 E8       		.byte	-24
 498 01d5 C0       		.byte	-64
 499 01d6 EA       		.byte	-22
 500 01d7 C0       		.byte	-64
 501 01d8 EC       		.byte	-20
 502 01d9 C0       		.byte	-64
 503 01da EE       		.byte	-18
 504 01db C0       		.byte	-64
 505 01dc 06       		.byte	6
 506 01dd 20       		.byte	32
 507 01de 0E       		.byte	14
 508 01df 01       		.byte	1
 509 01e0 10       		.byte	16
 510 01e1 02       		.byte	2
 511 01e2 16       		.byte	22
 512 01e3 02       		.byte	2
 513 01e4 18       		.byte	24
ARM GAS  C:\Users\abhim\AppData\Local\Temp\ccRvhpzc.s 			page 10


 514 01e5 01       		.byte	1
 515 01e6 19       		.byte	25
 516 01e7 80       		.byte	-128
 517 01e8 1A       		.byte	26
 518 01e9 01       		.byte	1
 519 01ea 1B       		.byte	27
 520 01eb 10       		.byte	16
 521 01ec 1E       		.byte	30
 522 01ed 08       		.byte	8
 523 01ee 1F       		.byte	31
 524 01ef 80       		.byte	-128
 525 01f0 27       		.byte	39
 526 01f1 A0       		.byte	-96
 527 01f2 2D       		.byte	45
 528 01f3 80       		.byte	-128
 529 01f4 2F       		.byte	47
 530 01f5 80       		.byte	-128
 531 01f6 3E       		.byte	62
 532 01f7 02       		.byte	2
 533 01f8 40       		.byte	64
 534 01f9 01       		.byte	1
 535 01fa 41       		.byte	65
 536 01fb 20       		.byte	32
 537 01fc 45       		.byte	69
 538 01fd 20       		.byte	32
 539 01fe 4F       		.byte	79
 540 01ff 21       		.byte	33
 541 0200 55       		.byte	85
 542 0201 20       		.byte	32
 543 0202 56       		.byte	86
 544 0203 22       		.byte	34
 545 0204 5E       		.byte	94
 546 0205 08       		.byte	8
 547 0206 5F       		.byte	95
 548 0207 81       		.byte	-127
 549 0208 70       		.byte	112
 550 0209 02       		.byte	2
 551 020a AB       		.byte	-85
 552 020b 40       		.byte	64
 553 020c AF       		.byte	-81
 554 020d 28       		.byte	40
 555 020e C0       		.byte	-64
 556 020f 20       		.byte	32
 557 0210 C2       		.byte	-62
 558 0211 80       		.byte	-128
 559 0212 C4       		.byte	-60
 560 0213 81       		.byte	-127
 561 0214 CA       		.byte	-54
 562 0215 90       		.byte	-112
 563 0216 CE       		.byte	-50
 564 0217 80       		.byte	-128
 565 0218 D0       		.byte	-48
 566 0219 2C       		.byte	44
 567 021a D2       		.byte	-46
 568 021b 20       		.byte	32
 569 021c D6       		.byte	-42
 570 021d D0       		.byte	-48
ARM GAS  C:\Users\abhim\AppData\Local\Temp\ccRvhpzc.s 			page 11


 571 021e AB       		.byte	-85
 572 021f 20       		.byte	32
 573 0220 01       		.byte	1
 574 0221 04       		.byte	4
 575 0222 02       		.byte	2
 576 0223 02       		.byte	2
 577 0224 04       		.byte	4
 578 0225 18       		.byte	24
 579 0226 05       		.byte	5
 580 0227 18       		.byte	24
 581 0228 08       		.byte	8
 582 0229 08       		.byte	8
 583 022a 0B       		.byte	11
 584 022b 43       		.byte	67
 585 022c 0D       		.byte	13
 586 022d 10       		.byte	16
 587 022e 11       		.byte	17
 588 022f 1C       		.byte	28
 589 0230 12       		.byte	18
 590 0231 02       		.byte	2
 591 0232 13       		.byte	19
 592 0233 42       		.byte	66
 593 0234 15       		.byte	21
 594 0235 47       		.byte	71
 595 0236 16       		.byte	22
 596 0237 04       		.byte	4
 597 0238 17       		.byte	23
 598 0239 18       		.byte	24
 599 023a 18       		.byte	24
 600 023b 18       		.byte	24
 601 023c 1A       		.byte	26
 602 023d 05       		.byte	5
 603 023e 1B       		.byte	27
 604 023f 04       		.byte	4
 605 0240 1D       		.byte	29
 606 0241 1C       		.byte	28
 607 0242 1F       		.byte	31
 608 0243 41       		.byte	65
 609 0244 20       		.byte	32
 610 0245 1D       		.byte	29
 611 0246 23       		.byte	35
 612 0247 20       		.byte	32
 613 0248 24       		.byte	36
 614 0249 05       		.byte	5
 615 024a 25       		.byte	37
 616 024b 08       		.byte	8
 617 024c 26       		.byte	38
 618 024d 18       		.byte	24
 619 024e 28       		.byte	40
 620 024f 1C       		.byte	28
 621 0250 2A       		.byte	42
 622 0251 01       		.byte	1
 623 0252 2B       		.byte	43
 624 0253 20       		.byte	32
 625 0254 2C       		.byte	44
 626 0255 10       		.byte	16
 627 0256 2D       		.byte	45
ARM GAS  C:\Users\abhim\AppData\Local\Temp\ccRvhpzc.s 			page 12


 628 0257 5F       		.byte	95
 629 0258 30       		.byte	48
 630 0259 01       		.byte	1
 631 025a 31       		.byte	49
 632 025b 20       		.byte	32
 633 025c 32       		.byte	50
 634 025d 02       		.byte	2
 635 025e 33       		.byte	51
 636 025f 1F       		.byte	31
 637 0260 35       		.byte	53
 638 0261 58       		.byte	88
 639 0262 36       		.byte	54
 640 0263 1C       		.byte	28
 641 0264 38       		.byte	56
 642 0265 02       		.byte	2
 643 0266 3B       		.byte	59
 644 0267 28       		.byte	40
 645 0268 3E       		.byte	62
 646 0269 04       		.byte	4
 647 026a 3F       		.byte	63
 648 026b 01       		.byte	1
 649 026c 40       		.byte	64
 650 026d 50       		.byte	80
 651 026e 41       		.byte	65
 652 026f 02       		.byte	2
 653 0270 49       		.byte	73
 654 0271 FF       		.byte	-1
 655 0272 4A       		.byte	74
 656 0273 FF       		.byte	-1
 657 0274 4B       		.byte	75
 658 0275 FF       		.byte	-1
 659 0276 4D       		.byte	77
 660 0277 A0       		.byte	-96
 661 0278 4F       		.byte	79
 662 0279 04       		.byte	4
 663 027a 50       		.byte	80
 664 027b 18       		.byte	24
 665 027c 54       		.byte	84
 666 027d 18       		.byte	24
 667 027e 58       		.byte	88
 668 027f 04       		.byte	4
 669 0280 59       		.byte	89
 670 0281 04       		.byte	4
 671 0282 5A       		.byte	90
 672 0283 04       		.byte	4
 673 0284 5B       		.byte	91
 674 0285 04       		.byte	4
 675 0286 5C       		.byte	92
 676 0287 22       		.byte	34
 677 0288 5D       		.byte	93
 678 0289 20       		.byte	32
 679 028a 5F       		.byte	95
 680 028b 01       		.byte	1
 681 028c 60       		.byte	96
 682 028d 40       		.byte	64
 683 028e 62       		.byte	98
 684 028f C0       		.byte	-64
ARM GAS  C:\Users\abhim\AppData\Local\Temp\ccRvhpzc.s 			page 13


 685 0290 64       		.byte	100
 686 0291 40       		.byte	64
 687 0292 65       		.byte	101
 688 0293 40       		.byte	64
 689 0294 66       		.byte	102
 690 0295 C0       		.byte	-64
 691 0296 68       		.byte	104
 692 0297 C0       		.byte	-64
 693 0298 6A       		.byte	106
 694 0299 C0       		.byte	-64
 695 029a 6C       		.byte	108
 696 029b C0       		.byte	-64
 697 029c 6E       		.byte	110
 698 029d C0       		.byte	-64
 699 029e 87       		.byte	-121
 700 029f 01       		.byte	1
 701 02a0 93       		.byte	-109
 702 02a1 01       		.byte	1
 703 02a2 B3       		.byte	-77
 704 02a3 01       		.byte	1
 705 02a4 BF       		.byte	-65
 706 02a5 04       		.byte	4
 707 02a6 C0       		.byte	-64
 708 02a7 50       		.byte	80
 709 02a8 C1       		.byte	-63
 710 02a9 06       		.byte	6
 711 02aa C5       		.byte	-59
 712 02ab D0       		.byte	-48
 713 02ac C6       		.byte	-58
 714 02ad 01       		.byte	1
 715 02ae C7       		.byte	-57
 716 02af 02       		.byte	2
 717 02b0 C8       		.byte	-56
 718 02b1 16       		.byte	22
 719 02b2 C9       		.byte	-55
 720 02b3 FF       		.byte	-1
 721 02b4 CA       		.byte	-54
 722 02b5 FF       		.byte	-1
 723 02b6 CB       		.byte	-53
 724 02b7 FF       		.byte	-1
 725 02b8 CD       		.byte	-51
 726 02b9 AF       		.byte	-81
 727 02ba CE       		.byte	-50
 728 02bb 0F       		.byte	15
 729 02bc CF       		.byte	-49
 730 02bd 04       		.byte	4
 731 02be D0       		.byte	-48
 732 02bf 18       		.byte	24
 733 02c0 D4       		.byte	-44
 734 02c1 05       		.byte	5
 735 02c2 D9       		.byte	-39
 736 02c3 04       		.byte	4
 737 02c4 DA       		.byte	-38
 738 02c5 04       		.byte	4
 739 02c6 DB       		.byte	-37
 740 02c7 04       		.byte	4
 741 02c8 DF       		.byte	-33
ARM GAS  C:\Users\abhim\AppData\Local\Temp\ccRvhpzc.s 			page 14


 742 02c9 01       		.byte	1
 743 02ca E0       		.byte	-32
 744 02cb 40       		.byte	64
 745 02cc E2       		.byte	-30
 746 02cd C0       		.byte	-64
 747 02ce E4       		.byte	-28
 748 02cf 40       		.byte	64
 749 02d0 E5       		.byte	-27
 750 02d1 40       		.byte	64
 751 02d2 E6       		.byte	-26
 752 02d3 C0       		.byte	-64
 753 02d4 E8       		.byte	-24
 754 02d5 C0       		.byte	-64
 755 02d6 EA       		.byte	-22
 756 02d7 C0       		.byte	-64
 757 02d8 EC       		.byte	-20
 758 02d9 C0       		.byte	-64
 759 02da EE       		.byte	-18
 760 02db C0       		.byte	-64
 761 02dc 04       		.byte	4
 762 02dd 04       		.byte	4
 763 02de 05       		.byte	5
 764 02df 12       		.byte	18
 765 02e0 06       		.byte	6
 766 02e1 08       		.byte	8
 767 02e2 0B       		.byte	11
 768 02e3 C0       		.byte	-64
 769 02e4 0D       		.byte	13
 770 02e5 20       		.byte	32
 771 02e6 0E       		.byte	14
 772 02e7 80       		.byte	-128
 773 02e8 0F       		.byte	15
 774 02e9 10       		.byte	16
 775 02ea 14       		.byte	20
 776 02eb 80       		.byte	-128
 777 02ec 15       		.byte	21
 778 02ed 40       		.byte	64
 779 02ee 16       		.byte	22
 780 02ef 81       		.byte	-127
 781 02f0 17       		.byte	23
 782 02f1 24       		.byte	36
 783 02f2 1E       		.byte	30
 784 02f3 80       		.byte	-128
 785 02f4 1F       		.byte	31
 786 02f5 44       		.byte	68
 787 02f6 22       		.byte	34
 788 02f7 04       		.byte	4
 789 02f8 24       		.byte	36
 790 02f9 80       		.byte	-128
 791 02fa 25       		.byte	37
 792 02fb 20       		.byte	32
 793 02fc 26       		.byte	38
 794 02fd 10       		.byte	16
 795 02fe 27       		.byte	39
 796 02ff 20       		.byte	32
 797 0300 2E       		.byte	46
 798 0301 88       		.byte	-120
ARM GAS  C:\Users\abhim\AppData\Local\Temp\ccRvhpzc.s 			page 15


 799 0302 2F       		.byte	47
 800 0303 48       		.byte	72
 801 0304 32       		.byte	50
 802 0305 01       		.byte	1
 803 0306 34       		.byte	52
 804 0307 08       		.byte	8
 805 0308 35       		.byte	53
 806 0309 40       		.byte	64
 807 030a 36       		.byte	54
 808 030b 20       		.byte	32
 809 030c 37       		.byte	55
 810 030d 05       		.byte	5
 811 030e 38       		.byte	56
 812 030f 80       		.byte	-128
 813 0310 3A       		.byte	58
 814 0311 44       		.byte	68
 815 0312 3C       		.byte	60
 816 0313 0C       		.byte	12
 817 0314 3D       		.byte	61
 818 0315 40       		.byte	64
 819 0316 3E       		.byte	62
 820 0317 02       		.byte	2
 821 0318 3F       		.byte	63
 822 0319 10       		.byte	16
 823 031a 46       		.byte	70
 824 031b 04       		.byte	4
 825 031c 48       		.byte	72
 826 031d 08       		.byte	8
 827 031e 49       		.byte	73
 828 031f 01       		.byte	1
 829 0320 4A       		.byte	74
 830 0321 02       		.byte	2
 831 0322 4E       		.byte	78
 832 0323 03       		.byte	3
 833 0324 50       		.byte	80
 834 0325 88       		.byte	-120
 835 0326 52       		.byte	82
 836 0327 04       		.byte	4
 837 0328 58       		.byte	88
 838 0329 40       		.byte	64
 839 032a 59       		.byte	89
 840 032b 01       		.byte	1
 841 032c 5A       		.byte	90
 842 032d 08       		.byte	8
 843 032e 5C       		.byte	92
 844 032f 01       		.byte	1
 845 0330 66       		.byte	102
 846 0331 40       		.byte	64
 847 0332 67       		.byte	103
 848 0333 08       		.byte	8
 849 0334 89       		.byte	-119
 850 0335 40       		.byte	64
 851 0336 8A       		.byte	-118
 852 0337 10       		.byte	16
 853 0338 8B       		.byte	-117
 854 0339 21       		.byte	33
 855 033a 92       		.byte	-110
ARM GAS  C:\Users\abhim\AppData\Local\Temp\ccRvhpzc.s 			page 16


 856 033b 02       		.byte	2
 857 033c 98       		.byte	-104
 858 033d 40       		.byte	64
 859 033e A4       		.byte	-92
 860 033f 80       		.byte	-128
 861 0340 C0       		.byte	-64
 862 0341 70       		.byte	112
 863 0342 C2       		.byte	-62
 864 0343 70       		.byte	112
 865 0344 C4       		.byte	-60
 866 0345 F0       		.byte	-16
 867 0346 CA       		.byte	-54
 868 0347 F0       		.byte	-16
 869 0348 CC       		.byte	-52
 870 0349 F1       		.byte	-15
 871 034a CE       		.byte	-50
 872 034b F2       		.byte	-14
 873 034c D0       		.byte	-48
 874 034d 20       		.byte	32
 875 034e D2       		.byte	-46
 876 034f 1C       		.byte	28
 877 0350 D6       		.byte	-42
 878 0351 8B       		.byte	-117
 879 0352 D8       		.byte	-40
 880 0353 30       		.byte	48
 881 0354 12       		.byte	18
 882 0355 01       		.byte	1
 883 0356 1F       		.byte	31
 884 0357 03       		.byte	3
 885 0358 21       		.byte	33
 886 0359 02       		.byte	2
 887 035a 22       		.byte	34
 888 035b 02       		.byte	2
 889 035c 2F       		.byte	47
 890 035d 01       		.byte	1
 891 035e 30       		.byte	48
 892 035f 02       		.byte	2
 893 0360 31       		.byte	49
 894 0361 02       		.byte	2
 895 0362 35       		.byte	53
 896 0363 01       		.byte	1
 897 0364 36       		.byte	54
 898 0365 01       		.byte	1
 899 0366 40       		.byte	64
 900 0367 30       		.byte	48
 901 0368 41       		.byte	65
 902 0369 01       		.byte	1
 903 036a 49       		.byte	73
 904 036b FF       		.byte	-1
 905 036c 4A       		.byte	74
 906 036d FF       		.byte	-1
 907 036e 4B       		.byte	75
 908 036f FF       		.byte	-1
 909 0370 4D       		.byte	77
 910 0371 A0       		.byte	-96
 911 0372 4F       		.byte	79
 912 0373 04       		.byte	4
ARM GAS  C:\Users\abhim\AppData\Local\Temp\ccRvhpzc.s 			page 17


 913 0374 50       		.byte	80
 914 0375 18       		.byte	24
 915 0376 52       		.byte	82
 916 0377 80       		.byte	-128
 917 0378 58       		.byte	88
 918 0379 04       		.byte	4
 919 037a 59       		.byte	89
 920 037b 04       		.byte	4
 921 037c 5A       		.byte	90
 922 037d 04       		.byte	4
 923 037e 5B       		.byte	91
 924 037f 04       		.byte	4
 925 0380 5D       		.byte	93
 926 0381 01       		.byte	1
 927 0382 5F       		.byte	95
 928 0383 01       		.byte	1
 929 0384 60       		.byte	96
 930 0385 40       		.byte	64
 931 0386 62       		.byte	98
 932 0387 C0       		.byte	-64
 933 0388 64       		.byte	100
 934 0389 40       		.byte	64
 935 038a 65       		.byte	101
 936 038b 40       		.byte	64
 937 038c 66       		.byte	102
 938 038d C0       		.byte	-64
 939 038e 68       		.byte	104
 940 038f C0       		.byte	-64
 941 0390 6A       		.byte	106
 942 0391 C0       		.byte	-64
 943 0392 6C       		.byte	108
 944 0393 C0       		.byte	-64
 945 0394 6E       		.byte	110
 946 0395 C0       		.byte	-64
 947 0396 83       		.byte	-125
 948 0397 02       		.byte	2
 949 0398 87       		.byte	-121
 950 0399 01       		.byte	1
 951 039a 8B       		.byte	-117
 952 039b 02       		.byte	2
 953 039c A5       		.byte	-91
 954 039d 01       		.byte	1
 955 039e AA       		.byte	-86
 956 039f 02       		.byte	2
 957 03a0 AE       		.byte	-82
 958 03a1 01       		.byte	1
 959 03a2 B2       		.byte	-78
 960 03a3 01       		.byte	1
 961 03a4 B4       		.byte	-76
 962 03a5 02       		.byte	2
 963 03a6 B5       		.byte	-75
 964 03a7 02       		.byte	2
 965 03a8 B7       		.byte	-73
 966 03a9 01       		.byte	1
 967 03aa BF       		.byte	-65
 968 03ab 10       		.byte	16
 969 03ac C0       		.byte	-64
ARM GAS  C:\Users\abhim\AppData\Local\Temp\ccRvhpzc.s 			page 18


 970 03ad 30       		.byte	48
 971 03ae C1       		.byte	-63
 972 03af 04       		.byte	4
 973 03b0 C5       		.byte	-59
 974 03b1 D0       		.byte	-48
 975 03b2 C7       		.byte	-57
 976 03b3 21       		.byte	33
 977 03b4 C8       		.byte	-56
 978 03b5 32       		.byte	50
 979 03b6 C9       		.byte	-55
 980 03b7 FF       		.byte	-1
 981 03b8 CA       		.byte	-54
 982 03b9 FF       		.byte	-1
 983 03ba CB       		.byte	-53
 984 03bb FF       		.byte	-1
 985 03bc CD       		.byte	-51
 986 03bd AF       		.byte	-81
 987 03be CE       		.byte	-50
 988 03bf 0F       		.byte	15
 989 03c0 CF       		.byte	-49
 990 03c1 04       		.byte	4
 991 03c2 D0       		.byte	-48
 992 03c3 18       		.byte	24
 993 03c4 D2       		.byte	-46
 994 03c5 80       		.byte	-128
 995 03c6 D4       		.byte	-44
 996 03c7 05       		.byte	5
 997 03c8 D8       		.byte	-40
 998 03c9 04       		.byte	4
 999 03ca D9       		.byte	-39
 1000 03cb 04       		.byte	4
 1001 03cc DA       		.byte	-38
 1002 03cd 04       		.byte	4
 1003 03ce DB       		.byte	-37
 1004 03cf 04       		.byte	4
 1005 03d0 DC       		.byte	-36
 1006 03d1 11       		.byte	17
 1007 03d2 DD       		.byte	-35
 1008 03d3 11       		.byte	17
 1009 03d4 DF       		.byte	-33
 1010 03d5 01       		.byte	1
 1011 03d6 E0       		.byte	-32
 1012 03d7 40       		.byte	64
 1013 03d8 E2       		.byte	-30
 1014 03d9 C0       		.byte	-64
 1015 03da E4       		.byte	-28
 1016 03db 40       		.byte	64
 1017 03dc E5       		.byte	-27
 1018 03dd 40       		.byte	64
 1019 03de E6       		.byte	-26
 1020 03df C0       		.byte	-64
 1021 03e0 E8       		.byte	-24
 1022 03e1 C0       		.byte	-64
 1023 03e2 EA       		.byte	-22
 1024 03e3 C0       		.byte	-64
 1025 03e4 EC       		.byte	-20
 1026 03e5 C0       		.byte	-64
ARM GAS  C:\Users\abhim\AppData\Local\Temp\ccRvhpzc.s 			page 19


 1027 03e6 EE       		.byte	-18
 1028 03e7 C0       		.byte	-64
 1029 03e8 0A       		.byte	10
 1030 03e9 40       		.byte	64
 1031 03ea 10       		.byte	16
 1032 03eb 80       		.byte	-128
 1033 03ec 14       		.byte	20
 1034 03ed 40       		.byte	64
 1035 03ee 15       		.byte	21
 1036 03ef 02       		.byte	2
 1037 03f0 16       		.byte	22
 1038 03f1 08       		.byte	8
 1039 03f2 17       		.byte	23
 1040 03f3 40       		.byte	64
 1041 03f4 19       		.byte	25
 1042 03f5 42       		.byte	66
 1043 03f6 1A       		.byte	26
 1044 03f7 02       		.byte	2
 1045 03f8 1C       		.byte	28
 1046 03f9 10       		.byte	16
 1047 03fa 1D       		.byte	29
 1048 03fb 08       		.byte	8
 1049 03fc 1F       		.byte	31
 1050 03fd 10       		.byte	16
 1051 03fe 21       		.byte	33
 1052 03ff 01       		.byte	1
 1053 0400 23       		.byte	35
 1054 0401 04       		.byte	4
 1055 0402 26       		.byte	38
 1056 0403 40       		.byte	64
 1057 0404 27       		.byte	39
 1058 0405 08       		.byte	8
 1059 0406 29       		.byte	41
 1060 0407 42       		.byte	66
 1061 0408 2F       		.byte	47
 1062 0409 10       		.byte	16
 1063 040a 30       		.byte	48
 1064 040b 80       		.byte	-128
 1065 040c 3C       		.byte	60
 1066 040d 10       		.byte	16
 1067 040e 3E       		.byte	62
 1068 040f 0A       		.byte	10
 1069 0410 40       		.byte	64
 1070 0411 10       		.byte	16
 1071 0412 42       		.byte	66
 1072 0413 02       		.byte	2
 1073 0414 45       		.byte	69
 1074 0415 0A       		.byte	10
 1075 0416 4F       		.byte	79
 1076 0417 01       		.byte	1
 1077 0418 55       		.byte	85
 1078 0419 02       		.byte	2
 1079 041a 56       		.byte	86
 1080 041b 0A       		.byte	10
 1081 041c 57       		.byte	87
 1082 041d 08       		.byte	8
 1083 041e 5E       		.byte	94
ARM GAS  C:\Users\abhim\AppData\Local\Temp\ccRvhpzc.s 			page 20


 1084 041f 80       		.byte	-128
 1085 0420 5F       		.byte	95
 1086 0421 09       		.byte	9
 1087 0422 72       		.byte	114
 1088 0423 40       		.byte	64
 1089 0424 77       		.byte	119
 1090 0425 40       		.byte	64
 1091 0426 8B       		.byte	-117
 1092 0427 04       		.byte	4
 1093 0428 94       		.byte	-108
 1094 0429 10       		.byte	16
 1095 042a A7       		.byte	-89
 1096 042b 08       		.byte	8
 1097 042c C2       		.byte	-62
 1098 042d 08       		.byte	8
 1099 042e C4       		.byte	-60
 1100 042f C8       		.byte	-56
 1101 0430 CA       		.byte	-54
 1102 0431 49       		.byte	73
 1103 0432 CC       		.byte	-52
 1104 0433 08       		.byte	8
 1105 0434 CE       		.byte	-50
 1106 0435 E0       		.byte	-32
 1107 0436 D0       		.byte	-48
 1108 0437 CA       		.byte	-54
 1109 0438 D6       		.byte	-42
 1110 0439 D0       		.byte	-48
 1111 043a 0B       		.byte	11
 1112 043b 01       		.byte	1
 1113 043c 2B       		.byte	43
 1114 043d 01       		.byte	1
 1115 043e 31       		.byte	49
 1116 043f 01       		.byte	1
 1117 0440 40       		.byte	64
 1118 0441 60       		.byte	96
 1119 0442 41       		.byte	65
 1120 0443 02       		.byte	2
 1121 0444 49       		.byte	73
 1122 0445 FF       		.byte	-1
 1123 0446 4A       		.byte	74
 1124 0447 FF       		.byte	-1
 1125 0448 4B       		.byte	75
 1126 0449 FF       		.byte	-1
 1127 044a 4D       		.byte	77
 1128 044b A0       		.byte	-96
 1129 044c 4F       		.byte	79
 1130 044d 04       		.byte	4
 1131 044e 50       		.byte	80
 1132 044f 18       		.byte	24
 1133 0450 59       		.byte	89
 1134 0451 04       		.byte	4
 1135 0452 5A       		.byte	90
 1136 0453 04       		.byte	4
 1137 0454 5C       		.byte	92
 1138 0455 10       		.byte	16
 1139 0456 5D       		.byte	93
 1140 0457 01       		.byte	1
ARM GAS  C:\Users\abhim\AppData\Local\Temp\ccRvhpzc.s 			page 21


 1141 0458 5F       		.byte	95
 1142 0459 01       		.byte	1
 1143 045a 60       		.byte	96
 1144 045b 40       		.byte	64
 1145 045c 62       		.byte	98
 1146 045d C0       		.byte	-64
 1147 045e 64       		.byte	100
 1148 045f 40       		.byte	64
 1149 0460 65       		.byte	101
 1150 0461 40       		.byte	64
 1151 0462 66       		.byte	102
 1152 0463 C0       		.byte	-64
 1153 0464 68       		.byte	104
 1154 0465 C0       		.byte	-64
 1155 0466 6A       		.byte	106
 1156 0467 C0       		.byte	-64
 1157 0468 6C       		.byte	108
 1158 0469 C0       		.byte	-64
 1159 046a 6E       		.byte	110
 1160 046b C0       		.byte	-64
 1161 046c 86       		.byte	-122
 1162 046d 02       		.byte	2
 1163 046e 87       		.byte	-121
 1164 046f 02       		.byte	2
 1165 0470 91       		.byte	-111
 1166 0471 01       		.byte	1
 1167 0472 92       		.byte	-110
 1168 0473 01       		.byte	1
 1169 0474 9B       		.byte	-101
 1170 0475 05       		.byte	5
 1171 0476 A6       		.byte	-90
 1172 0477 02       		.byte	2
 1173 0478 A7       		.byte	-89
 1174 0479 02       		.byte	2
 1175 047a B1       		.byte	-79
 1176 047b 04       		.byte	4
 1177 047c B2       		.byte	-78
 1178 047d 02       		.byte	2
 1179 047e B3       		.byte	-77
 1180 047f 02       		.byte	2
 1181 0480 B4       		.byte	-76
 1182 0481 01       		.byte	1
 1183 0482 B7       		.byte	-73
 1184 0483 01       		.byte	1
 1185 0484 BF       		.byte	-65
 1186 0485 04       		.byte	4
 1187 0486 C0       		.byte	-64
 1188 0487 20       		.byte	32
 1189 0488 C1       		.byte	-63
 1190 0489 06       		.byte	6
 1191 048a C5       		.byte	-59
 1192 048b D1       		.byte	-47
 1193 048c C7       		.byte	-57
 1194 048d 02       		.byte	2
 1195 048e C8       		.byte	-56
 1196 048f 13       		.byte	19
 1197 0490 C9       		.byte	-55
ARM GAS  C:\Users\abhim\AppData\Local\Temp\ccRvhpzc.s 			page 22


 1198 0491 FF       		.byte	-1
 1199 0492 CA       		.byte	-54
 1200 0493 FF       		.byte	-1
 1201 0494 CB       		.byte	-53
 1202 0495 FF       		.byte	-1
 1203 0496 CD       		.byte	-51
 1204 0497 AF       		.byte	-81
 1205 0498 CE       		.byte	-50
 1206 0499 0F       		.byte	15
 1207 049a CF       		.byte	-49
 1208 049b 04       		.byte	4
 1209 049c D0       		.byte	-48
 1210 049d 18       		.byte	24
 1211 049e D2       		.byte	-46
 1212 049f 80       		.byte	-128
 1213 04a0 D4       		.byte	-44
 1214 04a1 05       		.byte	5
 1215 04a2 D8       		.byte	-40
 1216 04a3 04       		.byte	4
 1217 04a4 D9       		.byte	-39
 1218 04a5 04       		.byte	4
 1219 04a6 DA       		.byte	-38
 1220 04a7 04       		.byte	4
 1221 04a8 DB       		.byte	-37
 1222 04a9 04       		.byte	4
 1223 04aa DC       		.byte	-36
 1224 04ab 11       		.byte	17
 1225 04ac DD       		.byte	-35
 1226 04ad 11       		.byte	17
 1227 04ae DF       		.byte	-33
 1228 04af 01       		.byte	1
 1229 04b0 E0       		.byte	-32
 1230 04b1 40       		.byte	64
 1231 04b2 E2       		.byte	-30
 1232 04b3 C0       		.byte	-64
 1233 04b4 E4       		.byte	-28
 1234 04b5 40       		.byte	64
 1235 04b6 E5       		.byte	-27
 1236 04b7 40       		.byte	64
 1237 04b8 E6       		.byte	-26
 1238 04b9 C0       		.byte	-64
 1239 04ba E8       		.byte	-24
 1240 04bb C0       		.byte	-64
 1241 04bc EA       		.byte	-22
 1242 04bd C0       		.byte	-64
 1243 04be EC       		.byte	-20
 1244 04bf C0       		.byte	-64
 1245 04c0 EE       		.byte	-18
 1246 04c1 C0       		.byte	-64
 1247 04c2 00       		.byte	0
 1248 04c3 04       		.byte	4
 1249 04c4 0A       		.byte	10
 1250 04c5 40       		.byte	64
 1251 04c6 10       		.byte	16
 1252 04c7 20       		.byte	32
 1253 04c8 18       		.byte	24
 1254 04c9 04       		.byte	4
ARM GAS  C:\Users\abhim\AppData\Local\Temp\ccRvhpzc.s 			page 23


 1255 04ca 1A       		.byte	26
 1256 04cb 10       		.byte	16
 1257 04cc 1B       		.byte	27
 1258 04cd 10       		.byte	16
 1259 04ce 21       		.byte	33
 1260 04cf 02       		.byte	2
 1261 04d0 22       		.byte	34
 1262 04d1 44       		.byte	68
 1263 04d2 27       		.byte	39
 1264 04d3 80       		.byte	-128
 1265 04d4 2B       		.byte	43
 1266 04d5 10       		.byte	16
 1267 04d6 2F       		.byte	47
 1268 04d7 08       		.byte	8
 1269 04d8 30       		.byte	48
 1270 04d9 20       		.byte	32
 1271 04da 31       		.byte	49
 1272 04db 02       		.byte	2
 1273 04dc 3A       		.byte	58
 1274 04dd 04       		.byte	4
 1275 04de 3C       		.byte	60
 1276 04df 10       		.byte	16
 1277 04e0 40       		.byte	64
 1278 04e1 04       		.byte	4
 1279 04e2 46       		.byte	70
 1280 04e3 04       		.byte	4
 1281 04e4 48       		.byte	72
 1282 04e5 28       		.byte	40
 1283 04e6 49       		.byte	73
 1284 04e7 01       		.byte	1
 1285 04e8 4F       		.byte	79
 1286 04e9 20       		.byte	32
 1287 04ea 50       		.byte	80
 1288 04eb 08       		.byte	8
 1289 04ec 52       		.byte	82
 1290 04ed 04       		.byte	4
 1291 04ee 59       		.byte	89
 1292 04ef 01       		.byte	1
 1293 04f0 5A       		.byte	90
 1294 04f1 88       		.byte	-120
 1295 04f2 72       		.byte	114
 1296 04f3 40       		.byte	64
 1297 04f4 82       		.byte	-126
 1298 04f5 10       		.byte	16
 1299 04f6 83       		.byte	-125
 1300 04f7 20       		.byte	32
 1301 04f8 87       		.byte	-121
 1302 04f9 80       		.byte	-128
 1303 04fa A3       		.byte	-93
 1304 04fb 20       		.byte	32
 1305 04fc C0       		.byte	-64
 1306 04fd 04       		.byte	4
 1307 04fe C2       		.byte	-62
 1308 04ff 08       		.byte	8
 1309 0500 C4       		.byte	-60
 1310 0501 04       		.byte	4
 1311 0502 CA       		.byte	-54
ARM GAS  C:\Users\abhim\AppData\Local\Temp\ccRvhpzc.s 			page 24


 1312 0503 22       		.byte	34
 1313 0504 CC       		.byte	-52
 1314 0505 05       		.byte	5
 1315 0506 CE       		.byte	-50
 1316 0507 22       		.byte	34
 1317 0508 D0       		.byte	-48
 1318 0509 24       		.byte	36
 1319 050a D2       		.byte	-46
 1320 050b 24       		.byte	36
 1321 050c D6       		.byte	-42
 1322 050d 0B       		.byte	11
 1323 050e E0       		.byte	-32
 1324 050f 03       		.byte	3
 1325 0510 E4       		.byte	-28
 1326 0511 04       		.byte	4
 1327 0512 0A       		.byte	10
 1328 0513 02       		.byte	2
 1329 0514 26       		.byte	38
 1330 0515 02       		.byte	2
 1331 0516 2E       		.byte	46
 1332 0517 01       		.byte	1
 1333 0518 32       		.byte	50
 1334 0519 01       		.byte	1
 1335 051a 34       		.byte	52
 1336 051b 02       		.byte	2
 1337 051c 40       		.byte	64
 1338 051d 30       		.byte	48
 1339 051e 41       		.byte	65
 1340 051f 02       		.byte	2
 1341 0520 49       		.byte	73
 1342 0521 FF       		.byte	-1
 1343 0522 4A       		.byte	74
 1344 0523 FF       		.byte	-1
 1345 0524 4B       		.byte	75
 1346 0525 FF       		.byte	-1
 1347 0526 4D       		.byte	77
 1348 0527 A0       		.byte	-96
 1349 0528 4F       		.byte	79
 1350 0529 04       		.byte	4
 1351 052a 50       		.byte	80
 1352 052b 18       		.byte	24
 1353 052c 52       		.byte	82
 1354 052d 80       		.byte	-128
 1355 052e 58       		.byte	88
 1356 052f 04       		.byte	4
 1357 0530 5A       		.byte	90
 1358 0531 04       		.byte	4
 1359 0532 5B       		.byte	91
 1360 0533 04       		.byte	4
 1361 0534 5C       		.byte	92
 1362 0535 01       		.byte	1
 1363 0536 5D       		.byte	93
 1364 0537 11       		.byte	17
 1365 0538 5F       		.byte	95
 1366 0539 01       		.byte	1
 1367 053a 60       		.byte	96
 1368 053b 40       		.byte	64
ARM GAS  C:\Users\abhim\AppData\Local\Temp\ccRvhpzc.s 			page 25


 1369 053c 62       		.byte	98
 1370 053d C0       		.byte	-64
 1371 053e 64       		.byte	100
 1372 053f 40       		.byte	64
 1373 0540 65       		.byte	101
 1374 0541 40       		.byte	64
 1375 0542 66       		.byte	102
 1376 0543 C0       		.byte	-64
 1377 0544 68       		.byte	104
 1378 0545 C0       		.byte	-64
 1379 0546 6A       		.byte	106
 1380 0547 C0       		.byte	-64
 1381 0548 6C       		.byte	108
 1382 0549 C0       		.byte	-64
 1383 054a 6E       		.byte	110
 1384 054b C0       		.byte	-64
 1385 054c 8B       		.byte	-117
 1386 054d 01       		.byte	1
 1387 054e 9A       		.byte	-102
 1388 054f 01       		.byte	1
 1389 0550 A7       		.byte	-89
 1390 0551 02       		.byte	2
 1391 0552 AB       		.byte	-85
 1392 0553 01       		.byte	1
 1393 0554 AC       		.byte	-84
 1394 0555 01       		.byte	1
 1395 0556 B0       		.byte	-80
 1396 0557 01       		.byte	1
 1397 0558 B1       		.byte	-79
 1398 0559 02       		.byte	2
 1399 055a B5       		.byte	-75
 1400 055b 01       		.byte	1
 1401 055c BF       		.byte	-65
 1402 055d 10       		.byte	16
 1403 055e C0       		.byte	-64
 1404 055f 20       		.byte	32
 1405 0560 C1       		.byte	-63
 1406 0561 03       		.byte	3
 1407 0562 C5       		.byte	-59
 1408 0563 D1       		.byte	-47
 1409 0564 C6       		.byte	-58
 1410 0565 20       		.byte	32
 1411 0566 C8       		.byte	-56
 1412 0567 0B       		.byte	11
 1413 0568 C9       		.byte	-55
 1414 0569 FF       		.byte	-1
 1415 056a CA       		.byte	-54
 1416 056b FF       		.byte	-1
 1417 056c CB       		.byte	-53
 1418 056d FF       		.byte	-1
 1419 056e CD       		.byte	-51
 1420 056f AF       		.byte	-81
 1421 0570 CE       		.byte	-50
 1422 0571 0F       		.byte	15
 1423 0572 CF       		.byte	-49
 1424 0573 04       		.byte	4
 1425 0574 D0       		.byte	-48
ARM GAS  C:\Users\abhim\AppData\Local\Temp\ccRvhpzc.s 			page 26


 1426 0575 18       		.byte	24
 1427 0576 D4       		.byte	-44
 1428 0577 05       		.byte	5
 1429 0578 D8       		.byte	-40
 1430 0579 04       		.byte	4
 1431 057a D9       		.byte	-39
 1432 057b 04       		.byte	4
 1433 057c DA       		.byte	-38
 1434 057d 04       		.byte	4
 1435 057e DB       		.byte	-37
 1436 057f 04       		.byte	4
 1437 0580 DC       		.byte	-36
 1438 0581 11       		.byte	17
 1439 0582 DD       		.byte	-35
 1440 0583 11       		.byte	17
 1441 0584 DF       		.byte	-33
 1442 0585 01       		.byte	1
 1443 0586 E0       		.byte	-32
 1444 0587 40       		.byte	64
 1445 0588 E2       		.byte	-30
 1446 0589 C0       		.byte	-64
 1447 058a E4       		.byte	-28
 1448 058b 40       		.byte	64
 1449 058c E5       		.byte	-27
 1450 058d 40       		.byte	64
 1451 058e E6       		.byte	-26
 1452 058f C0       		.byte	-64
 1453 0590 E8       		.byte	-24
 1454 0591 C0       		.byte	-64
 1455 0592 EA       		.byte	-22
 1456 0593 C0       		.byte	-64
 1457 0594 EC       		.byte	-20
 1458 0595 C0       		.byte	-64
 1459 0596 EE       		.byte	-18
 1460 0597 C0       		.byte	-64
 1461 0598 00       		.byte	0
 1462 0599 10       		.byte	16
 1463 059a 0C       		.byte	12
 1464 059b 20       		.byte	32
 1465 059c 10       		.byte	16
 1466 059d 22       		.byte	34
 1467 059e 17       		.byte	23
 1468 059f 80       		.byte	-128
 1469 05a0 18       		.byte	24
 1470 05a1 10       		.byte	16
 1471 05a2 1B       		.byte	27
 1472 05a3 28       		.byte	40
 1473 05a4 1E       		.byte	30
 1474 05a5 80       		.byte	-128
 1475 05a6 27       		.byte	39
 1476 05a7 88       		.byte	-120
 1477 05a8 2C       		.byte	44
 1478 05a9 24       		.byte	36
 1479 05aa 2F       		.byte	47
 1480 05ab 08       		.byte	8
 1481 05ac 3E       		.byte	62
 1482 05ad 20       		.byte	32
ARM GAS  C:\Users\abhim\AppData\Local\Temp\ccRvhpzc.s 			page 27


 1483 05ae 40       		.byte	64
 1484 05af 10       		.byte	16
 1485 05b0 41       		.byte	65
 1486 05b1 20       		.byte	32
 1487 05b2 44       		.byte	68
 1488 05b3 04       		.byte	4
 1489 05b4 46       		.byte	70
 1490 05b5 20       		.byte	32
 1491 05b6 4C       		.byte	76
 1492 05b7 20       		.byte	32
 1493 05b8 4D       		.byte	77
 1494 05b9 01       		.byte	1
 1495 05ba 55       		.byte	85
 1496 05bb 20       		.byte	32
 1497 05bc 56       		.byte	86
 1498 05bd 20       		.byte	32
 1499 05be 5D       		.byte	93
 1500 05bf 01       		.byte	1
 1501 05c0 5E       		.byte	94
 1502 05c1 80       		.byte	-128
 1503 05c2 5F       		.byte	95
 1504 05c3 08       		.byte	8
 1505 05c4 70       		.byte	112
 1506 05c5 02       		.byte	2
 1507 05c6 C0       		.byte	-64
 1508 05c7 02       		.byte	2
 1509 05c8 C2       		.byte	-62
 1510 05c9 40       		.byte	64
 1511 05ca C4       		.byte	-60
 1512 05cb 85       		.byte	-123
 1513 05cc CA       		.byte	-54
 1514 05cd 60       		.byte	96
 1515 05ce CE       		.byte	-50
 1516 05cf 20       		.byte	32
 1517 05d0 D0       		.byte	-48
 1518 05d1 66       		.byte	102
 1519 05d2 D6       		.byte	-42
 1520 05d3 D0       		.byte	-48
 1521 05d4 00       		.byte	0
 1522 05d5 1F       		.byte	31
 1523 05d6 01       		.byte	1
 1524 05d7 02       		.byte	2
 1525 05d8 04       		.byte	4
 1526 05d9 1C       		.byte	28
 1527 05da 05       		.byte	5
 1528 05db 01       		.byte	1
 1529 05dc 06       		.byte	6
 1530 05dd 03       		.byte	3
 1531 05de 09       		.byte	9
 1532 05df 01       		.byte	1
 1533 05e0 0A       		.byte	10
 1534 05e1 03       		.byte	3
 1535 05e2 0C       		.byte	12
 1536 05e3 08       		.byte	8
 1537 05e4 0D       		.byte	13
 1538 05e5 06       		.byte	6
 1539 05e6 10       		.byte	16
ARM GAS  C:\Users\abhim\AppData\Local\Temp\ccRvhpzc.s 			page 28


 1540 05e7 04       		.byte	4
 1541 05e8 11       		.byte	17
 1542 05e9 01       		.byte	1
 1543 05ea 14       		.byte	20
 1544 05eb 1F       		.byte	31
 1545 05ec 17       		.byte	23
 1546 05ed 06       		.byte	6
 1547 05ee 18       		.byte	24
 1548 05ef 13       		.byte	19
 1549 05f0 19       		.byte	25
 1550 05f1 04       		.byte	4
 1551 05f2 1A       		.byte	26
 1552 05f3 0C       		.byte	12
 1553 05f4 1D       		.byte	29
 1554 05f5 06       		.byte	6
 1555 05f6 20       		.byte	32
 1556 05f7 03       		.byte	3
 1557 05f8 24       		.byte	36
 1558 05f9 0C       		.byte	12
 1559 05fa 27       		.byte	39
 1560 05fb 06       		.byte	6
 1561 05fc 28       		.byte	40
 1562 05fd 02       		.byte	2
 1563 05fe 2B       		.byte	43
 1564 05ff 06       		.byte	6
 1565 0600 2C       		.byte	44
 1566 0601 01       		.byte	1
 1567 0602 2D       		.byte	45
 1568 0603 06       		.byte	6
 1569 0604 33       		.byte	51
 1570 0605 01       		.byte	1
 1571 0606 34       		.byte	52
 1572 0607 0F       		.byte	15
 1573 0608 36       		.byte	54
 1574 0609 10       		.byte	16
 1575 060a 37       		.byte	55
 1576 060b 06       		.byte	6
 1577 060c 3A       		.byte	58
 1578 060d 20       		.byte	32
 1579 060e 3B       		.byte	59
 1580 060f 02       		.byte	2
 1581 0610 3E       		.byte	62
 1582 0611 40       		.byte	64
 1583 0612 56       		.byte	86
 1584 0613 02       		.byte	2
 1585 0614 57       		.byte	87
 1586 0615 13       		.byte	19
 1587 0616 58       		.byte	88
 1588 0617 04       		.byte	4
 1589 0618 59       		.byte	89
 1590 0619 04       		.byte	4
 1591 061a 5B       		.byte	91
 1592 061b 04       		.byte	4
 1593 061c 5C       		.byte	92
 1594 061d 22       		.byte	34
 1595 061e 5D       		.byte	93
 1596 061f 20       		.byte	32
ARM GAS  C:\Users\abhim\AppData\Local\Temp\ccRvhpzc.s 			page 29


 1597 0620 5F       		.byte	95
 1598 0621 01       		.byte	1
 1599 0622 88       		.byte	-120
 1600 0623 02       		.byte	2
 1601 0624 94       		.byte	-108
 1602 0625 01       		.byte	1
 1603 0626 B2       		.byte	-78
 1604 0627 01       		.byte	1
 1605 0628 B6       		.byte	-74
 1606 0629 02       		.byte	2
 1607 062a BE       		.byte	-66
 1608 062b 44       		.byte	68
 1609 062c C0       		.byte	-64
 1610 062d 62       		.byte	98
 1611 062e C1       		.byte	-63
 1612 062f 05       		.byte	5
 1613 0630 C6       		.byte	-58
 1614 0631 BC       		.byte	-68
 1615 0632 C7       		.byte	-57
 1616 0633 0E       		.byte	14
 1617 0634 C8       		.byte	-56
 1618 0635 1C       		.byte	28
 1619 0636 C9       		.byte	-55
 1620 0637 FF       		.byte	-1
 1621 0638 CA       		.byte	-54
 1622 0639 FF       		.byte	-1
 1623 063a CB       		.byte	-53
 1624 063b FF       		.byte	-1
 1625 063c CE       		.byte	-50
 1626 063d F0       		.byte	-16
 1627 063e CF       		.byte	-49
 1628 063f 44       		.byte	68
 1629 0640 D0       		.byte	-48
 1630 0641 0C       		.byte	12
 1631 0642 D4       		.byte	-44
 1632 0643 01       		.byte	1
 1633 0644 D8       		.byte	-40
 1634 0645 04       		.byte	4
 1635 0646 DA       		.byte	-38
 1636 0647 04       		.byte	4
 1637 0648 DB       		.byte	-37
 1638 0649 04       		.byte	4
 1639 064a DD       		.byte	-35
 1640 064b 22       		.byte	34
 1641 064c DF       		.byte	-33
 1642 064d 01       		.byte	1
 1643 064e E6       		.byte	-26
 1644 064f C0       		.byte	-64
 1645 0650 EA       		.byte	-22
 1646 0651 40       		.byte	64
 1647 0652 EB       		.byte	-21
 1648 0653 02       		.byte	2
 1649 0654 01       		.byte	1
 1650 0655 20       		.byte	32
 1651 0656 04       		.byte	4
 1652 0657 20       		.byte	32
 1653 0658 06       		.byte	6
ARM GAS  C:\Users\abhim\AppData\Local\Temp\ccRvhpzc.s 			page 30


 1654 0659 21       		.byte	33
 1655 065a 07       		.byte	7
 1656 065b 60       		.byte	96
 1657 065c 09       		.byte	9
 1658 065d 08       		.byte	8
 1659 065e 0D       		.byte	13
 1660 065f 22       		.byte	34
 1661 0660 0E       		.byte	14
 1662 0661 20       		.byte	32
 1663 0662 16       		.byte	22
 1664 0663 92       		.byte	-110
 1665 0664 17       		.byte	23
 1666 0665 10       		.byte	16
 1667 0666 18       		.byte	24
 1668 0667 02       		.byte	2
 1669 0668 19       		.byte	25
 1670 0669 04       		.byte	4
 1671 066a 1D       		.byte	29
 1672 066b 20       		.byte	32
 1673 066c 1E       		.byte	30
 1674 066d 02       		.byte	2
 1675 066e 24       		.byte	36
 1676 066f 21       		.byte	33
 1677 0670 25       		.byte	37
 1678 0671 01       		.byte	1
 1679 0672 26       		.byte	38
 1680 0673 08       		.byte	8
 1681 0674 27       		.byte	39
 1682 0675 40       		.byte	64
 1683 0676 2E       		.byte	46
 1684 0677 20       		.byte	32
 1685 0678 2F       		.byte	47
 1686 0679 22       		.byte	34
 1687 067a 34       		.byte	52
 1688 067b 80       		.byte	-128
 1689 067c 36       		.byte	54
 1690 067d 08       		.byte	8
 1691 067e 37       		.byte	55
 1692 067f 51       		.byte	81
 1693 0680 3D       		.byte	61
 1694 0681 20       		.byte	32
 1695 0682 3E       		.byte	62
 1696 0683 86       		.byte	-122
 1697 0684 42       		.byte	66
 1698 0685 08       		.byte	8
 1699 0686 4A       		.byte	74
 1700 0687 06       		.byte	6
 1701 0688 51       		.byte	81
 1702 0689 48       		.byte	72
 1703 068a 53       		.byte	83
 1704 068b 10       		.byte	16
 1705 068c 58       		.byte	88
 1706 068d 01       		.byte	1
 1707 068e 59       		.byte	89
 1708 068f 04       		.byte	4
 1709 0690 5A       		.byte	90
 1710 0691 50       		.byte	80
ARM GAS  C:\Users\abhim\AppData\Local\Temp\ccRvhpzc.s 			page 31


 1711 0692 5E       		.byte	94
 1712 0693 02       		.byte	2
 1713 0694 60       		.byte	96
 1714 0695 08       		.byte	8
 1715 0696 61       		.byte	97
 1716 0697 20       		.byte	32
 1717 0698 62       		.byte	98
 1718 0699 08       		.byte	8
 1719 069a 63       		.byte	99
 1720 069b 10       		.byte	16
 1721 069c 6D       		.byte	109
 1722 069d 20       		.byte	32
 1723 069e 6E       		.byte	110
 1724 069f 04       		.byte	4
 1725 06a0 6F       		.byte	111
 1726 06a1 01       		.byte	1
 1727 06a2 74       		.byte	116
 1728 06a3 04       		.byte	4
 1729 06a4 75       		.byte	117
 1730 06a5 10       		.byte	16
 1731 06a6 76       		.byte	118
 1732 06a7 15       		.byte	21
 1733 06a8 7A       		.byte	122
 1734 06a9 10       		.byte	16
 1735 06aa 7B       		.byte	123
 1736 06ab 20       		.byte	32
 1737 06ac 89       		.byte	-119
 1738 06ad 20       		.byte	32
 1739 06ae 8B       		.byte	-117
 1740 06af 02       		.byte	2
 1741 06b0 93       		.byte	-109
 1742 06b1 40       		.byte	64
 1743 06b2 94       		.byte	-108
 1744 06b3 01       		.byte	1
 1745 06b4 97       		.byte	-105
 1746 06b5 10       		.byte	16
 1747 06b6 9B       		.byte	-101
 1748 06b7 20       		.byte	32
 1749 06b8 9C       		.byte	-100
 1750 06b9 88       		.byte	-120
 1751 06ba 9D       		.byte	-99
 1752 06bb 12       		.byte	18
 1753 06bc 9E       		.byte	-98
 1754 06bd 03       		.byte	3
 1755 06be A2       		.byte	-94
 1756 06bf 10       		.byte	16
 1757 06c0 A4       		.byte	-92
 1758 06c1 04       		.byte	4
 1759 06c2 A6       		.byte	-90
 1760 06c3 20       		.byte	32
 1761 06c4 A7       		.byte	-89
 1762 06c5 08       		.byte	8
 1763 06c6 C0       		.byte	-64
 1764 06c7 F2       		.byte	-14
 1765 06c8 C2       		.byte	-62
 1766 06c9 74       		.byte	116
 1767 06ca C4       		.byte	-60
ARM GAS  C:\Users\abhim\AppData\Local\Temp\ccRvhpzc.s 			page 32


 1768 06cb F0       		.byte	-16
 1769 06cc CA       		.byte	-54
 1770 06cd 70       		.byte	112
 1771 06ce CC       		.byte	-52
 1772 06cf F0       		.byte	-16
 1773 06d0 CE       		.byte	-50
 1774 06d1 F0       		.byte	-16
 1775 06d2 D0       		.byte	-48
 1776 06d3 04       		.byte	4
 1777 06d4 D2       		.byte	-46
 1778 06d5 0C       		.byte	12
 1779 06d6 D6       		.byte	-42
 1780 06d7 8F       		.byte	-113
 1781 06d8 03       		.byte	3
 1782 06d9 0C       		.byte	12
 1783 06da 04       		.byte	4
 1784 06db 10       		.byte	16
 1785 06dc 05       		.byte	5
 1786 06dd 80       		.byte	-128
 1787 06de 06       		.byte	6
 1788 06df AC       		.byte	-84
 1789 06e0 07       		.byte	7
 1790 06e1 13       		.byte	19
 1791 06e2 0A       		.byte	10
 1792 06e3 03       		.byte	3
 1793 06e4 0C       		.byte	12
 1794 06e5 0C       		.byte	12
 1795 06e6 0E       		.byte	14
 1796 06e7 71       		.byte	113
 1797 06e8 14       		.byte	20
 1798 06e9 14       		.byte	20
 1799 06ea 15       		.byte	21
 1800 06eb 2C       		.byte	44
 1801 06ec 17       		.byte	23
 1802 06ed 43       		.byte	67
 1803 06ee 19       		.byte	25
 1804 06ef 71       		.byte	113
 1805 06f0 1B       		.byte	27
 1806 06f1 06       		.byte	6
 1807 06f2 1C       		.byte	28
 1808 06f3 09       		.byte	9
 1809 06f4 1E       		.byte	30
 1810 06f5 D0       		.byte	-48
 1811 06f6 1F       		.byte	31
 1812 06f7 08       		.byte	8
 1813 06f8 20       		.byte	32
 1814 06f9 10       		.byte	16
 1815 06fa 21       		.byte	33
 1816 06fb 71       		.byte	113
 1817 06fc 22       		.byte	34
 1818 06fd 40       		.byte	64
 1819 06fe 23       		.byte	35
 1820 06ff 0E       		.byte	14
 1821 0700 26       		.byte	38
 1822 0701 20       		.byte	32
 1823 0702 28       		.byte	40
 1824 0703 DC       		.byte	-36
ARM GAS  C:\Users\abhim\AppData\Local\Temp\ccRvhpzc.s 			page 33


 1825 0704 2A       		.byte	42
 1826 0705 22       		.byte	34
 1827 0706 30       		.byte	48
 1828 0707 E0       		.byte	-32
 1829 0708 31       		.byte	49
 1830 0709 C0       		.byte	-64
 1831 070a 33       		.byte	51
 1832 070b 0F       		.byte	15
 1833 070c 34       		.byte	52
 1834 070d 1F       		.byte	31
 1835 070e 35       		.byte	53
 1836 070f 30       		.byte	48
 1837 0710 39       		.byte	57
 1838 0711 22       		.byte	34
 1839 0712 3A       		.byte	58
 1840 0713 02       		.byte	2
 1841 0714 3B       		.byte	59
 1842 0715 08       		.byte	8
 1843 0716 3F       		.byte	63
 1844 0717 10       		.byte	16
 1845 0718 40       		.byte	64
 1846 0719 02       		.byte	2
 1847 071a 45       		.byte	69
 1848 071b 40       		.byte	64
 1849 071c 49       		.byte	73
 1850 071d FF       		.byte	-1
 1851 071e 4A       		.byte	74
 1852 071f 07       		.byte	7
 1853 0720 4B       		.byte	75
 1854 0721 FF       		.byte	-1
 1855 0722 4C       		.byte	76
 1856 0723 40       		.byte	64
 1857 0724 4D       		.byte	77
 1858 0725 20       		.byte	32
 1859 0726 4E       		.byte	78
 1860 0727 F0       		.byte	-16
 1861 0728 4F       		.byte	79
 1862 0729 05       		.byte	5
 1863 072a 50       		.byte	80
 1864 072b 08       		.byte	8
 1865 072c 58       		.byte	88
 1866 072d 04       		.byte	4
 1867 072e 59       		.byte	89
 1868 072f 04       		.byte	4
 1869 0730 5A       		.byte	90
 1870 0731 04       		.byte	4
 1871 0732 5C       		.byte	92
 1872 0733 22       		.byte	34
 1873 0734 5D       		.byte	93
 1874 0735 02       		.byte	2
 1875 0736 5F       		.byte	95
 1876 0737 01       		.byte	1
 1877 0738 60       		.byte	96
 1878 0739 40       		.byte	64
 1879 073a 61       		.byte	97
 1880 073b A8       		.byte	-88
 1881 073c 62       		.byte	98
ARM GAS  C:\Users\abhim\AppData\Local\Temp\ccRvhpzc.s 			page 34


 1882 073d 40       		.byte	64
 1883 073e 63       		.byte	99
 1884 073f 20       		.byte	32
 1885 0740 80       		.byte	-128
 1886 0741 13       		.byte	19
 1887 0742 81       		.byte	-127
 1888 0743 01       		.byte	1
 1889 0744 82       		.byte	-126
 1890 0745 04       		.byte	4
 1891 0746 83       		.byte	-125
 1892 0747 1A       		.byte	26
 1893 0748 84       		.byte	-124
 1894 0749 80       		.byte	-128
 1895 074a 85       		.byte	-123
 1896 074b 03       		.byte	3
 1897 074c 86       		.byte	-122
 1898 074d 20       		.byte	32
 1899 074e 88       		.byte	-120
 1900 074f 13       		.byte	19
 1901 0750 89       		.byte	-119
 1902 0751 03       		.byte	3
 1903 0752 8A       		.byte	-118
 1904 0753 0C       		.byte	12
 1905 0754 8C       		.byte	-116
 1906 0755 20       		.byte	32
 1907 0756 8E       		.byte	-114
 1908 0757 C0       		.byte	-64
 1909 0758 94       		.byte	-108
 1910 0759 0A       		.byte	10
 1911 075a 96       		.byte	-106
 1912 075b 14       		.byte	20
 1913 075c 98       		.byte	-104
 1914 075d E0       		.byte	-32
 1915 075e 99       		.byte	-103
 1916 075f 02       		.byte	2
 1917 0760 9B       		.byte	-101
 1918 0761 09       		.byte	9
 1919 0762 9C       		.byte	-100
 1920 0763 03       		.byte	3
 1921 0764 9E       		.byte	-98
 1922 0765 14       		.byte	20
 1923 0766 A2       		.byte	-94
 1924 0767 08       		.byte	8
 1925 0768 A6       		.byte	-90
 1926 0769 15       		.byte	21
 1927 076a A8       		.byte	-88
 1928 076b E0       		.byte	-32
 1929 076c AB       		.byte	-85
 1930 076d 04       		.byte	4
 1931 076e AC       		.byte	-84
 1932 076f 40       		.byte	64
 1933 0770 AE       		.byte	-82
 1934 0771 20       		.byte	32
 1935 0772 B0       		.byte	-80
 1936 0773 10       		.byte	16
 1937 0774 B1       		.byte	-79
 1938 0775 0C       		.byte	12
ARM GAS  C:\Users\abhim\AppData\Local\Temp\ccRvhpzc.s 			page 35


 1939 0776 B2       		.byte	-78
 1940 0777 E0       		.byte	-32
 1941 0778 B3       		.byte	-77
 1942 0779 03       		.byte	3
 1943 077a B4       		.byte	-76
 1944 077b 0F       		.byte	15
 1945 077c B5       		.byte	-75
 1946 077d 10       		.byte	16
 1947 077e BA       		.byte	-70
 1948 077f 20       		.byte	32
 1949 0780 BE       		.byte	-66
 1950 0781 01       		.byte	1
 1951 0782 BF       		.byte	-65
 1952 0783 01       		.byte	1
 1953 0784 C0       		.byte	-64
 1954 0785 26       		.byte	38
 1955 0786 C1       		.byte	-63
 1956 0787 04       		.byte	4
 1957 0788 C2       		.byte	-62
 1958 0789 05       		.byte	5
 1959 078a C4       		.byte	-60
 1960 078b 01       		.byte	1
 1961 078c C5       		.byte	-59
 1962 078d E0       		.byte	-32
 1963 078e C7       		.byte	-57
 1964 078f 0C       		.byte	12
 1965 0790 C8       		.byte	-56
 1966 0791 12       		.byte	18
 1967 0792 C9       		.byte	-55
 1968 0793 FF       		.byte	-1
 1969 0794 CA       		.byte	-54
 1970 0795 FF       		.byte	-1
 1971 0796 CB       		.byte	-53
 1972 0797 FF       		.byte	-1
 1973 0798 CC       		.byte	-52
 1974 0799 62       		.byte	98
 1975 079a CD       		.byte	-51
 1976 079b A0       		.byte	-96
 1977 079c CE       		.byte	-50
 1978 079d F0       		.byte	-16
 1979 079e CF       		.byte	-49
 1980 079f 41       		.byte	65
 1981 07a0 D0       		.byte	-48
 1982 07a1 0C       		.byte	12
 1983 07a2 D8       		.byte	-40
 1984 07a3 04       		.byte	4
 1985 07a4 D9       		.byte	-39
 1986 07a5 04       		.byte	4
 1987 07a6 DA       		.byte	-38
 1988 07a7 04       		.byte	4
 1989 07a8 DC       		.byte	-36
 1990 07a9 22       		.byte	34
 1991 07aa DD       		.byte	-35
 1992 07ab 02       		.byte	2
 1993 07ac DF       		.byte	-33
 1994 07ad 01       		.byte	1
 1995 07ae E6       		.byte	-26
ARM GAS  C:\Users\abhim\AppData\Local\Temp\ccRvhpzc.s 			page 36


 1996 07af 40       		.byte	64
 1997 07b0 E7       		.byte	-25
 1998 07b1 02       		.byte	2
 1999 07b2 E9       		.byte	-23
 2000 07b3 10       		.byte	16
 2001 07b4 EA       		.byte	-22
 2002 07b5 30       		.byte	48
 2003 07b6 EB       		.byte	-21
 2004 07b7 10       		.byte	16
 2005 07b8 ED       		.byte	-19
 2006 07b9 10       		.byte	16
 2007 07ba EE       		.byte	-18
 2008 07bb 10       		.byte	16
 2009 07bc EF       		.byte	-17
 2010 07bd 12       		.byte	18
 2011 07be 00       		.byte	0
 2012 07bf 04       		.byte	4
 2013 07c0 01       		.byte	1
 2014 07c1 20       		.byte	32
 2015 07c2 02       		.byte	2
 2016 07c3 02       		.byte	2
 2017 07c4 05       		.byte	5
 2018 07c5 11       		.byte	17
 2019 07c6 07       		.byte	7
 2020 07c7 11       		.byte	17
 2021 07c8 0A       		.byte	10
 2022 07c9 02       		.byte	2
 2023 07ca 0B       		.byte	11
 2024 07cb 20       		.byte	32
 2025 07cc 0D       		.byte	13
 2026 07cd 48       		.byte	72
 2027 07ce 0E       		.byte	14
 2028 07cf 04       		.byte	4
 2029 07d0 10       		.byte	16
 2030 07d1 80       		.byte	-128
 2031 07d2 11       		.byte	17
 2032 07d3 04       		.byte	4
 2033 07d4 13       		.byte	19
 2034 07d5 10       		.byte	16
 2035 07d6 15       		.byte	21
 2036 07d7 16       		.byte	22
 2037 07d8 16       		.byte	22
 2038 07d9 02       		.byte	2
 2039 07da 19       		.byte	25
 2040 07db 21       		.byte	33
 2041 07dc 1C       		.byte	28
 2042 07dd 04       		.byte	4
 2043 07de 1D       		.byte	29
 2044 07df 10       		.byte	16
 2045 07e0 1E       		.byte	30
 2046 07e1 48       		.byte	72
 2047 07e2 1F       		.byte	31
 2048 07e3 04       		.byte	4
 2049 07e4 21       		.byte	33
 2050 07e5 19       		.byte	25
 2051 07e6 22       		.byte	34
 2052 07e7 01       		.byte	1
ARM GAS  C:\Users\abhim\AppData\Local\Temp\ccRvhpzc.s 			page 37


 2053 07e8 23       		.byte	35
 2054 07e9 10       		.byte	16
 2055 07ea 26       		.byte	38
 2056 07eb 20       		.byte	32
 2057 07ec 27       		.byte	39
 2058 07ed 50       		.byte	80
 2059 07ee 29       		.byte	41
 2060 07ef 01       		.byte	1
 2061 07f0 2C       		.byte	44
 2062 07f1 08       		.byte	8
 2063 07f2 2F       		.byte	47
 2064 07f3 04       		.byte	4
 2065 07f4 30       		.byte	48
 2066 07f5 80       		.byte	-128
 2067 07f6 31       		.byte	49
 2068 07f7 18       		.byte	24
 2069 07f8 37       		.byte	55
 2070 07f9 10       		.byte	16
 2071 07fa 38       		.byte	56
 2072 07fb 08       		.byte	8
 2073 07fc 39       		.byte	57
 2074 07fd 06       		.byte	6
 2075 07fe 3A       		.byte	58
 2076 07ff 08       		.byte	8
 2077 0800 3D       		.byte	61
 2078 0801 30       		.byte	48
 2079 0802 3E       		.byte	62
 2080 0803 06       		.byte	6
 2081 0804 41       		.byte	65
 2082 0805 10       		.byte	16
 2083 0806 45       		.byte	69
 2084 0807 21       		.byte	33
 2085 0808 47       		.byte	71
 2086 0809 40       		.byte	64
 2087 080a 48       		.byte	72
 2088 080b 80       		.byte	-128
 2089 080c 4D       		.byte	77
 2090 080d 02       		.byte	2
 2091 080e 4E       		.byte	78
 2092 080f 08       		.byte	8
 2093 0810 4F       		.byte	79
 2094 0811 40       		.byte	64
 2095 0812 50       		.byte	80
 2096 0813 04       		.byte	4
 2097 0814 57       		.byte	87
 2098 0815 08       		.byte	8
 2099 0816 61       		.byte	97
 2100 0817 01       		.byte	1
 2101 0818 62       		.byte	98
 2102 0819 02       		.byte	2
 2103 081a 88       		.byte	-120
 2104 081b 08       		.byte	8
 2105 081c 8A       		.byte	-118
 2106 081d 82       		.byte	-126
 2107 081e 8B       		.byte	-117
 2108 081f 01       		.byte	1
 2109 0820 91       		.byte	-111
ARM GAS  C:\Users\abhim\AppData\Local\Temp\ccRvhpzc.s 			page 38


 2110 0821 80       		.byte	-128
 2111 0822 92       		.byte	-110
 2112 0823 04       		.byte	4
 2113 0824 93       		.byte	-109
 2114 0825 60       		.byte	96
 2115 0826 96       		.byte	-106
 2116 0827 40       		.byte	64
 2117 0828 9D       		.byte	-99
 2118 0829 22       		.byte	34
 2119 082a 9E       		.byte	-98
 2120 082b 8A       		.byte	-118
 2121 082c 9F       		.byte	-97
 2122 082d 10       		.byte	16
 2123 082e A1       		.byte	-95
 2124 082f 31       		.byte	49
 2125 0830 A2       		.byte	-94
 2126 0831 08       		.byte	8
 2127 0832 A6       		.byte	-90
 2128 0833 26       		.byte	38
 2129 0834 A7       		.byte	-89
 2130 0835 08       		.byte	8
 2131 0836 A9       		.byte	-87
 2132 0837 40       		.byte	64
 2133 0838 AA       		.byte	-86
 2134 0839 10       		.byte	16
 2135 083a AC       		.byte	-84
 2136 083b 01       		.byte	1
 2137 083c AD       		.byte	-83
 2138 083d 08       		.byte	8
 2139 083e B4       		.byte	-76
 2140 083f 01       		.byte	1
 2141 0840 B5       		.byte	-75
 2142 0841 02       		.byte	2
 2143 0842 B6       		.byte	-74
 2144 0843 04       		.byte	4
 2145 0844 C0       		.byte	-64
 2146 0845 F7       		.byte	-9
 2147 0846 C2       		.byte	-62
 2148 0847 E5       		.byte	-27
 2149 0848 C4       		.byte	-60
 2150 0849 FE       		.byte	-2
 2151 084a CA       		.byte	-54
 2152 084b 21       		.byte	33
 2153 084c CC       		.byte	-52
 2154 084d 2E       		.byte	46
 2155 084e CE       		.byte	-50
 2156 084f E3       		.byte	-29
 2157 0850 D0       		.byte	-48
 2158 0851 B4       		.byte	-76
 2159 0852 D2       		.byte	-46
 2160 0853 30       		.byte	48
 2161 0854 32       		.byte	50
 2162 0855 40       		.byte	64
 2163 0856 CC       		.byte	-52
 2164 0857 10       		.byte	16
 2165 0858 06       		.byte	6
 2166 0859 02       		.byte	2
ARM GAS  C:\Users\abhim\AppData\Local\Temp\ccRvhpzc.s 			page 39


 2167 085a 0B       		.byte	11
 2168 085b 20       		.byte	32
 2169 085c 5B       		.byte	91
 2170 085d 04       		.byte	4
 2171 085e 63       		.byte	99
 2172 085f 10       		.byte	16
 2173 0860 87       		.byte	-121
 2174 0861 10       		.byte	16
 2175 0862 96       		.byte	-106
 2176 0863 80       		.byte	-128
 2177 0864 C0       		.byte	-64
 2178 0865 80       		.byte	-128
 2179 0866 C2       		.byte	-62
 2180 0867 10       		.byte	16
 2181 0868 D6       		.byte	-42
 2182 0869 40       		.byte	64
 2183 086a D8       		.byte	-40
 2184 086b 40       		.byte	64
 2185 086c E2       		.byte	-30
 2186 086d 10       		.byte	16
 2187 086e 9F       		.byte	-97
 2188 086f 04       		.byte	4
 2189 0870 AA       		.byte	-86
 2190 0871 40       		.byte	64
 2191 0872 AE       		.byte	-82
 2192 0873 02       		.byte	2
 2193 0874 AF       		.byte	-81
 2194 0875 10       		.byte	16
 2195 0876 EC       		.byte	-20
 2196 0877 50       		.byte	80
 2197 0878 EE       		.byte	-18
 2198 0879 80       		.byte	-128
 2199 087a AB       		.byte	-85
 2200 087b 04       		.byte	4
 2201 087c EA       		.byte	-22
 2202 087d 80       		.byte	-128
 2203 087e 50       		.byte	80
 2204 087f 08       		.byte	8
 2205 0880 56       		.byte	86
 2206 0881 80       		.byte	-128
 2207 0882 59       		.byte	89
 2208 0883 08       		.byte	8
 2209 0884 66       		.byte	102
 2210 0885 04       		.byte	4
 2211 0886 81       		.byte	-127
 2212 0887 08       		.byte	8
 2213 0888 82       		.byte	-126
 2214 0889 04       		.byte	4
 2215 088a 84       		.byte	-124
 2216 088b 08       		.byte	8
 2217 088c D4       		.byte	-44
 2218 088d 06       		.byte	6
 2219 088e D6       		.byte	-42
 2220 088f 02       		.byte	2
 2221 0890 D8       		.byte	-40
 2222 0891 01       		.byte	1
 2223 0892 8A       		.byte	-118
ARM GAS  C:\Users\abhim\AppData\Local\Temp\ccRvhpzc.s 			page 40


 2224 0893 80       		.byte	-128
 2225 0894 9E       		.byte	-98
 2226 0895 80       		.byte	-128
 2227 0896 E4       		.byte	-28
 2228 0897 04       		.byte	4
 2229 0898 10       		.byte	16
 2230 0899 40       		.byte	64
 2231 089a 7C       		.byte	124
 2232 089b 40       		.byte	64
 2233 089c 88       		.byte	-120
 2234 089d 40       		.byte	64
 2235 089e 90       		.byte	-112
 2236 089f 40       		.byte	64
 2237 08a0 B4       		.byte	-76
 2238 08a1 40       		.byte	64
 2239 08a2 C4       		.byte	-60
 2240 08a3 08       		.byte	8
 2241 08a4 DE       		.byte	-34
 2242 08a5 04       		.byte	4
 2243 08a6 E2       		.byte	-30
 2244 08a7 01       		.byte	1
 2245 08a8 E8       		.byte	-24
 2246 08a9 02       		.byte	2
 2247 08aa 00       		.byte	0
 2248 08ab 07       		.byte	7
 2249 08ac 08       		.byte	8
 2250 08ad 01       		.byte	1
 2251 08ae 0A       		.byte	10
 2252 08af 01       		.byte	1
 2253 08b0 0C       		.byte	12
 2254 08b1 07       		.byte	7
 2255 08b2 0E       		.byte	14
 2256 08b3 02       		.byte	2
 2257 08b4 10       		.byte	16
 2258 08b5 04       		.byte	4
 2259 08b6 1C       		.byte	28
 2260 08b7 04       		.byte	4
 2261 08b8 00       		.byte	0
 2262 08b9 03       		.byte	3
 2263 08ba 00       		.byte	0
 2264 08bb 00       		.byte	0
 2265 08bc 80       		.byte	-128
 2266 08bd 80       		.byte	-128
 2267 08be 00       		.byte	0
 2268 08bf 00       		.byte	0
 2269 08c0 40       		.byte	64
 2270 08c1 00       		.byte	0
 2271 08c2 00       		.byte	0
 2272 08c3 00       		.byte	0
 2273 08c4 18       		.byte	24
 2274 08c5 C0       		.byte	-64
 2275 08c6 C0       		.byte	-64
 2276 08c7 00       		.byte	0
 2277 08c8 C0       		.byte	-64
 2278 08c9 00       		.byte	0
 2279 08ca 00       		.byte	0
 2280 08cb 00       		.byte	0
ARM GAS  C:\Users\abhim\AppData\Local\Temp\ccRvhpzc.s 			page 41


 2281 08cc 80       		.byte	-128
 2282 08cd 00       		.byte	0
 2283 08ce 40       		.byte	64
 2284 08cf 80       		.byte	-128
 2285 08d0 80       		.byte	-128
 2286 08d1 00       		.byte	0
 2287 08d2 80       		.byte	-128
 2288 08d3 00       		.byte	0
 2289 08d4 00       		.byte	0
 2290 08d5 00       		.byte	0
 2291 08d6 00       		.byte	0
 2292 08d7 00       		.byte	0
 2293 08d8 FF       		.byte	-1
 2294 08d9 FF       		.byte	-1
 2295 08da 00       		.byte	0
 2296 08db 00       		.byte	0
 2297 08dc 00       		.byte	0
 2298 08dd 00       		.byte	0
 2299 08de 00       		.byte	0
 2300 08df 00       		.byte	0
 2301 08e0 00       		.byte	0
 2302 08e1 39       		.byte	57
 2303 08e2 39       		.byte	57
 2304 08e3 00       		.byte	0
 2305 08e4 39       		.byte	57
 2306 08e5 00       		.byte	0
 2307 08e6 00       		.byte	0
 2308 08e7 00       		.byte	0
 2309 08e8 20       		.byte	32
 2310 08e9 20       		.byte	32
 2311 08ea 00       		.byte	0
 2312 08eb 00       		.byte	0
 2313 08ec 00       		.byte	0
 2314 08ed 00       		.byte	0
 2315 08ee 00       		.byte	0
 2316 08ef 00       		.byte	0
 2317              		.section	.cywolatch,"a",%progbits
 2318              		.align	2
 2319              		.type	cy_meta_wonvl, %object
 2320              		.size	cy_meta_wonvl, 4
 2321              	cy_meta_wonvl:
 2322 0000 BC       		.byte	-68
 2323 0001 90       		.byte	-112
 2324 0002 AC       		.byte	-84
 2325 0003 AF       		.byte	-81
 2326              		.section	.cycustnvl,"a",%progbits
 2327              		.align	2
 2328              		.type	cy_meta_custnvl, %object
 2329              		.size	cy_meta_custnvl, 4
 2330              	cy_meta_custnvl:
 2331 0000 00       		.byte	0
 2332 0001 00       		.byte	0
 2333 0002 40       		.byte	64
 2334 0003 07       		.byte	7
 2335              		.section	.cymeta,"a",%progbits
 2336              		.align	2
 2337              		.type	cy_metadata, %object
ARM GAS  C:\Users\abhim\AppData\Local\Temp\ccRvhpzc.s 			page 42


 2338              		.size	cy_metadata, 12
 2339              	cy_metadata:
 2340 0000 00       		.byte	0
 2341 0001 01       		.byte	1
 2342 0002 2E       		.byte	46
 2343 0003 16       		.byte	22
 2344 0004 10       		.byte	16
 2345 0005 69       		.byte	105
 2346 0006 00       		.byte	0
 2347 0007 01       		.byte	1
 2348 0008 00       		.byte	0
 2349 0009 00       		.byte	0
 2350 000a 00       		.byte	0
 2351 000b 00       		.byte	0
 2352              		.section	.cyflashprotect,"a",%progbits
 2353              		.align	2
 2354              		.type	cy_meta_flashprotect, %object
 2355              		.size	cy_meta_flashprotect, 256
 2356              	cy_meta_flashprotect:
 2357 0000 00000000 		.space	256
 2357      00000000 
 2357      00000000 
 2357      00000000 
 2357      00000000 
 2358              		.text
 2359              	.Letext0:
 2360              		.file 1 "c:\\program files (x86)\\cypress\\psoc creator\\4.4\\psoc creator\\import\\gnu\\arm\\5.4.
 2361              		.file 2 "c:\\program files (x86)\\cypress\\psoc creator\\4.4\\psoc creator\\import\\gnu\\arm\\5.4.
 2362              		.file 3 "Generated_Source\\PSoC5\\cymetadata.c"
 2363              		.section	.debug_info,"",%progbits
 2364              	.Ldebug_info0:
 2365 0000 35010000 		.4byte	0x135
 2366 0004 0400     		.2byte	0x4
 2367 0006 00000000 		.4byte	.Ldebug_abbrev0
 2368 000a 04       		.byte	0x4
 2369 000b 01       		.uleb128 0x1
 2370 000c 24000000 		.4byte	.LASF17
 2371 0010 0C       		.byte	0xc
 2372 0011 C4010000 		.4byte	.LASF18
 2373 0015 D7000000 		.4byte	.LASF19
 2374 0019 00000000 		.4byte	.Ldebug_line0
 2375 001d 02       		.uleb128 0x2
 2376 001e 01       		.byte	0x1
 2377 001f 06       		.byte	0x6
 2378 0020 B8010000 		.4byte	.LASF0
 2379 0024 03       		.uleb128 0x3
 2380 0025 00000000 		.4byte	.LASF9
 2381 0029 01       		.byte	0x1
 2382 002a 1D       		.byte	0x1d
 2383 002b 2F000000 		.4byte	0x2f
 2384 002f 02       		.uleb128 0x2
 2385 0030 01       		.byte	0x1
 2386 0031 08       		.byte	0x8
 2387 0032 16000000 		.4byte	.LASF1
 2388 0036 02       		.uleb128 0x2
 2389 0037 02       		.byte	0x2
 2390 0038 05       		.byte	0x5
ARM GAS  C:\Users\abhim\AppData\Local\Temp\ccRvhpzc.s 			page 43


 2391 0039 A5010000 		.4byte	.LASF2
 2392 003d 02       		.uleb128 0x2
 2393 003e 02       		.byte	0x2
 2394 003f 07       		.byte	0x7
 2395 0040 C4000000 		.4byte	.LASF3
 2396 0044 02       		.uleb128 0x2
 2397 0045 04       		.byte	0x4
 2398 0046 05       		.byte	0x5
 2399 0047 AF010000 		.4byte	.LASF4
 2400 004b 02       		.uleb128 0x2
 2401 004c 04       		.byte	0x4
 2402 004d 07       		.byte	0x7
 2403 004e B2000000 		.4byte	.LASF5
 2404 0052 02       		.uleb128 0x2
 2405 0053 08       		.byte	0x8
 2406 0054 05       		.byte	0x5
 2407 0055 97010000 		.4byte	.LASF6
 2408 0059 02       		.uleb128 0x2
 2409 005a 08       		.byte	0x8
 2410 005b 07       		.byte	0x7
 2411 005c 4C010000 		.4byte	.LASF7
 2412 0060 04       		.uleb128 0x4
 2413 0061 04       		.byte	0x4
 2414 0062 05       		.byte	0x5
 2415 0063 696E7400 		.ascii	"int\000"
 2416 0067 02       		.uleb128 0x2
 2417 0068 04       		.byte	0x4
 2418 0069 07       		.byte	0x7
 2419 006a 3F010000 		.4byte	.LASF8
 2420 006e 03       		.uleb128 0x3
 2421 006f 63010000 		.4byte	.LASF10
 2422 0073 02       		.byte	0x2
 2423 0074 18       		.byte	0x18
 2424 0075 24000000 		.4byte	0x24
 2425 0079 05       		.uleb128 0x5
 2426 007a 91000000 		.4byte	0x91
 2427 007e 8A000000 		.4byte	0x8a
 2428 0082 06       		.uleb128 0x6
 2429 0083 8A000000 		.4byte	0x8a
 2430 0087 EF08     		.2byte	0x8ef
 2431 0089 00       		.byte	0
 2432 008a 02       		.uleb128 0x2
 2433 008b 04       		.byte	0x4
 2434 008c 07       		.byte	0x7
 2435 008d 8E010000 		.4byte	.LASF11
 2436 0091 07       		.uleb128 0x7
 2437 0092 6E000000 		.4byte	0x6e
 2438 0096 08       		.uleb128 0x8
 2439 0097 2D010000 		.4byte	.LASF12
 2440 009b 03       		.byte	0x3
 2441 009c 1F       		.byte	0x1f
 2442 009d A7000000 		.4byte	0xa7
 2443 00a1 05       		.uleb128 0x5
 2444 00a2 03       		.byte	0x3
 2445 00a3 00000000 		.4byte	cy_meta_configecc
 2446 00a7 07       		.uleb128 0x7
 2447 00a8 79000000 		.4byte	0x79
ARM GAS  C:\Users\abhim\AppData\Local\Temp\ccRvhpzc.s 			page 44


 2448 00ac 05       		.uleb128 0x5
 2449 00ad 91000000 		.4byte	0x91
 2450 00b1 BC000000 		.4byte	0xbc
 2451 00b5 09       		.uleb128 0x9
 2452 00b6 8A000000 		.4byte	0x8a
 2453 00ba 03       		.byte	0x3
 2454 00bb 00       		.byte	0
 2455 00bc 0A       		.uleb128 0xa
 2456 00bd 1D010000 		.4byte	.LASF13
 2457 00c1 03       		.byte	0x3
 2458 00c2 4A01     		.2byte	0x14a
 2459 00c4 CE000000 		.4byte	0xce
 2460 00c8 05       		.uleb128 0x5
 2461 00c9 03       		.byte	0x3
 2462 00ca 00000000 		.4byte	cy_meta_custnvl
 2463 00ce 07       		.uleb128 0x7
 2464 00cf AC000000 		.4byte	0xac
 2465 00d3 0A       		.uleb128 0xa
 2466 00d4 80010000 		.4byte	.LASF14
 2467 00d8 03       		.byte	0x3
 2468 00d9 5801     		.2byte	0x158
 2469 00db E5000000 		.4byte	0xe5
 2470 00df 05       		.uleb128 0x5
 2471 00e0 03       		.byte	0x3
 2472 00e1 00000000 		.4byte	cy_meta_wonvl
 2473 00e5 07       		.uleb128 0x7
 2474 00e6 AC000000 		.4byte	0xac
 2475 00ea 05       		.uleb128 0x5
 2476 00eb 91000000 		.4byte	0x91
 2477 00ef FA000000 		.4byte	0xfa
 2478 00f3 09       		.uleb128 0x9
 2479 00f4 8A000000 		.4byte	0x8a
 2480 00f8 FF       		.byte	0xff
 2481 00f9 00       		.byte	0
 2482 00fa 0A       		.uleb128 0xa
 2483 00fb 6B010000 		.4byte	.LASF15
 2484 00ff 03       		.byte	0x3
 2485 0100 6601     		.2byte	0x166
 2486 0102 0C010000 		.4byte	0x10c
 2487 0106 05       		.uleb128 0x5
 2488 0107 03       		.byte	0x3
 2489 0108 00000000 		.4byte	cy_meta_flashprotect
 2490 010c 07       		.uleb128 0x7
 2491 010d EA000000 		.4byte	0xea
 2492 0111 05       		.uleb128 0x5
 2493 0112 91000000 		.4byte	0x91
 2494 0116 21010000 		.4byte	0x121
 2495 011a 09       		.uleb128 0x9
 2496 011b 8A000000 		.4byte	0x8a
 2497 011f 0B       		.byte	0xb
 2498 0120 00       		.byte	0
 2499 0121 0A       		.uleb128 0xa
 2500 0122 0A000000 		.4byte	.LASF16
 2501 0126 03       		.byte	0x3
 2502 0127 9301     		.2byte	0x193
 2503 0129 33010000 		.4byte	0x133
 2504 012d 05       		.uleb128 0x5
ARM GAS  C:\Users\abhim\AppData\Local\Temp\ccRvhpzc.s 			page 45


 2505 012e 03       		.byte	0x3
 2506 012f 00000000 		.4byte	cy_metadata
 2507 0133 07       		.uleb128 0x7
 2508 0134 11010000 		.4byte	0x111
 2509 0138 00       		.byte	0
 2510              		.section	.debug_abbrev,"",%progbits
 2511              	.Ldebug_abbrev0:
 2512 0000 01       		.uleb128 0x1
 2513 0001 11       		.uleb128 0x11
 2514 0002 01       		.byte	0x1
 2515 0003 25       		.uleb128 0x25
 2516 0004 0E       		.uleb128 0xe
 2517 0005 13       		.uleb128 0x13
 2518 0006 0B       		.uleb128 0xb
 2519 0007 03       		.uleb128 0x3
 2520 0008 0E       		.uleb128 0xe
 2521 0009 1B       		.uleb128 0x1b
 2522 000a 0E       		.uleb128 0xe
 2523 000b 10       		.uleb128 0x10
 2524 000c 17       		.uleb128 0x17
 2525 000d 00       		.byte	0
 2526 000e 00       		.byte	0
 2527 000f 02       		.uleb128 0x2
 2528 0010 24       		.uleb128 0x24
 2529 0011 00       		.byte	0
 2530 0012 0B       		.uleb128 0xb
 2531 0013 0B       		.uleb128 0xb
 2532 0014 3E       		.uleb128 0x3e
 2533 0015 0B       		.uleb128 0xb
 2534 0016 03       		.uleb128 0x3
 2535 0017 0E       		.uleb128 0xe
 2536 0018 00       		.byte	0
 2537 0019 00       		.byte	0
 2538 001a 03       		.uleb128 0x3
 2539 001b 16       		.uleb128 0x16
 2540 001c 00       		.byte	0
 2541 001d 03       		.uleb128 0x3
 2542 001e 0E       		.uleb128 0xe
 2543 001f 3A       		.uleb128 0x3a
 2544 0020 0B       		.uleb128 0xb
 2545 0021 3B       		.uleb128 0x3b
 2546 0022 0B       		.uleb128 0xb
 2547 0023 49       		.uleb128 0x49
 2548 0024 13       		.uleb128 0x13
 2549 0025 00       		.byte	0
 2550 0026 00       		.byte	0
 2551 0027 04       		.uleb128 0x4
 2552 0028 24       		.uleb128 0x24
 2553 0029 00       		.byte	0
 2554 002a 0B       		.uleb128 0xb
 2555 002b 0B       		.uleb128 0xb
 2556 002c 3E       		.uleb128 0x3e
 2557 002d 0B       		.uleb128 0xb
 2558 002e 03       		.uleb128 0x3
 2559 002f 08       		.uleb128 0x8
 2560 0030 00       		.byte	0
 2561 0031 00       		.byte	0
ARM GAS  C:\Users\abhim\AppData\Local\Temp\ccRvhpzc.s 			page 46


 2562 0032 05       		.uleb128 0x5
 2563 0033 01       		.uleb128 0x1
 2564 0034 01       		.byte	0x1
 2565 0035 49       		.uleb128 0x49
 2566 0036 13       		.uleb128 0x13
 2567 0037 01       		.uleb128 0x1
 2568 0038 13       		.uleb128 0x13
 2569 0039 00       		.byte	0
 2570 003a 00       		.byte	0
 2571 003b 06       		.uleb128 0x6
 2572 003c 21       		.uleb128 0x21
 2573 003d 00       		.byte	0
 2574 003e 49       		.uleb128 0x49
 2575 003f 13       		.uleb128 0x13
 2576 0040 2F       		.uleb128 0x2f
 2577 0041 05       		.uleb128 0x5
 2578 0042 00       		.byte	0
 2579 0043 00       		.byte	0
 2580 0044 07       		.uleb128 0x7
 2581 0045 26       		.uleb128 0x26
 2582 0046 00       		.byte	0
 2583 0047 49       		.uleb128 0x49
 2584 0048 13       		.uleb128 0x13
 2585 0049 00       		.byte	0
 2586 004a 00       		.byte	0
 2587 004b 08       		.uleb128 0x8
 2588 004c 34       		.uleb128 0x34
 2589 004d 00       		.byte	0
 2590 004e 03       		.uleb128 0x3
 2591 004f 0E       		.uleb128 0xe
 2592 0050 3A       		.uleb128 0x3a
 2593 0051 0B       		.uleb128 0xb
 2594 0052 3B       		.uleb128 0x3b
 2595 0053 0B       		.uleb128 0xb
 2596 0054 49       		.uleb128 0x49
 2597 0055 13       		.uleb128 0x13
 2598 0056 3F       		.uleb128 0x3f
 2599 0057 19       		.uleb128 0x19
 2600 0058 02       		.uleb128 0x2
 2601 0059 18       		.uleb128 0x18
 2602 005a 00       		.byte	0
 2603 005b 00       		.byte	0
 2604 005c 09       		.uleb128 0x9
 2605 005d 21       		.uleb128 0x21
 2606 005e 00       		.byte	0
 2607 005f 49       		.uleb128 0x49
 2608 0060 13       		.uleb128 0x13
 2609 0061 2F       		.uleb128 0x2f
 2610 0062 0B       		.uleb128 0xb
 2611 0063 00       		.byte	0
 2612 0064 00       		.byte	0
 2613 0065 0A       		.uleb128 0xa
 2614 0066 34       		.uleb128 0x34
 2615 0067 00       		.byte	0
 2616 0068 03       		.uleb128 0x3
 2617 0069 0E       		.uleb128 0xe
 2618 006a 3A       		.uleb128 0x3a
ARM GAS  C:\Users\abhim\AppData\Local\Temp\ccRvhpzc.s 			page 47


 2619 006b 0B       		.uleb128 0xb
 2620 006c 3B       		.uleb128 0x3b
 2621 006d 05       		.uleb128 0x5
 2622 006e 49       		.uleb128 0x49
 2623 006f 13       		.uleb128 0x13
 2624 0070 3F       		.uleb128 0x3f
 2625 0071 19       		.uleb128 0x19
 2626 0072 02       		.uleb128 0x2
 2627 0073 18       		.uleb128 0x18
 2628 0074 00       		.byte	0
 2629 0075 00       		.byte	0
 2630 0076 00       		.byte	0
 2631              		.section	.debug_aranges,"",%progbits
 2632 0000 14000000 		.4byte	0x14
 2633 0004 0200     		.2byte	0x2
 2634 0006 00000000 		.4byte	.Ldebug_info0
 2635 000a 04       		.byte	0x4
 2636 000b 00       		.byte	0
 2637 000c 0000     		.2byte	0
 2638 000e 0000     		.2byte	0
 2639 0010 00000000 		.4byte	0
 2640 0014 00000000 		.4byte	0
 2641              		.section	.debug_line,"",%progbits
 2642              	.Ldebug_line0:
 2643 0000 3D010000 		.section	.debug_str,"MS",%progbits,1
 2643      02003701 
 2643      00000201 
 2643      FB0E0D00 
 2643      01010101 
 2644              	.LASF9:
 2645 0000 5F5F7569 		.ascii	"__uint8_t\000"
 2645      6E74385F 
 2645      7400
 2646              	.LASF16:
 2647 000a 63795F6D 		.ascii	"cy_metadata\000"
 2647      65746164 
 2647      61746100 
 2648              	.LASF1:
 2649 0016 756E7369 		.ascii	"unsigned char\000"
 2649      676E6564 
 2649      20636861 
 2649      7200
 2650              	.LASF17:
 2651 0024 474E5520 		.ascii	"GNU C11 5.4.1 20160609 (release) [ARM/embedded-5-br"
 2651      43313120 
 2651      352E342E 
 2651      31203230 
 2651      31363036 
 2652 0057 616E6368 		.ascii	"anch revision 237715] -mcpu=cortex-m3 -mthumb -g -O"
 2652      20726576 
 2652      6973696F 
 2652      6E203233 
 2652      37373135 
 2653 008a 67202D66 		.ascii	"g -ffunction-sections -ffat-lto-objects\000"
 2653      66756E63 
 2653      74696F6E 
 2653      2D736563 
ARM GAS  C:\Users\abhim\AppData\Local\Temp\ccRvhpzc.s 			page 48


 2653      74696F6E 
 2654              	.LASF5:
 2655 00b2 6C6F6E67 		.ascii	"long unsigned int\000"
 2655      20756E73 
 2655      69676E65 
 2655      6420696E 
 2655      7400
 2656              	.LASF3:
 2657 00c4 73686F72 		.ascii	"short unsigned int\000"
 2657      7420756E 
 2657      7369676E 
 2657      65642069 
 2657      6E7400
 2658              	.LASF19:
 2659 00d7 443A5C70 		.ascii	"D:\\psoc-workspace\\Lab Assignments\\Workspace02\\e"
 2659      736F632D 
 2659      776F726B 
 2659      73706163 
 2659      655C4C61 
 2660 0106 72696B61 		.ascii	"rikaReactionGame.cydsn\000"
 2660      52656163 
 2660      74696F6E 
 2660      47616D65 
 2660      2E637964 
 2661              	.LASF13:
 2662 011d 63795F6D 		.ascii	"cy_meta_custnvl\000"
 2662      6574615F 
 2662      63757374 
 2662      6E766C00 
 2663              	.LASF12:
 2664 012d 63795F6D 		.ascii	"cy_meta_configecc\000"
 2664      6574615F 
 2664      636F6E66 
 2664      69676563 
 2664      6300
 2665              	.LASF8:
 2666 013f 756E7369 		.ascii	"unsigned int\000"
 2666      676E6564 
 2666      20696E74 
 2666      00
 2667              	.LASF7:
 2668 014c 6C6F6E67 		.ascii	"long long unsigned int\000"
 2668      206C6F6E 
 2668      6720756E 
 2668      7369676E 
 2668      65642069 
 2669              	.LASF10:
 2670 0163 75696E74 		.ascii	"uint8_t\000"
 2670      385F7400 
 2671              	.LASF15:
 2672 016b 63795F6D 		.ascii	"cy_meta_flashprotect\000"
 2672      6574615F 
 2672      666C6173 
 2672      6870726F 
 2672      74656374 
 2673              	.LASF14:
 2674 0180 63795F6D 		.ascii	"cy_meta_wonvl\000"
ARM GAS  C:\Users\abhim\AppData\Local\Temp\ccRvhpzc.s 			page 49


 2674      6574615F 
 2674      776F6E76 
 2674      6C00
 2675              	.LASF11:
 2676 018e 73697A65 		.ascii	"sizetype\000"
 2676      74797065 
 2676      00
 2677              	.LASF6:
 2678 0197 6C6F6E67 		.ascii	"long long int\000"
 2678      206C6F6E 
 2678      6720696E 
 2678      7400
 2679              	.LASF2:
 2680 01a5 73686F72 		.ascii	"short int\000"
 2680      7420696E 
 2680      7400
 2681              	.LASF4:
 2682 01af 6C6F6E67 		.ascii	"long int\000"
 2682      20696E74 
 2682      00
 2683              	.LASF0:
 2684 01b8 7369676E 		.ascii	"signed char\000"
 2684      65642063 
 2684      68617200 
 2685              	.LASF18:
 2686 01c4 47656E65 		.ascii	"Generated_Source\\PSoC5\\cymetadata.c\000"
 2686      72617465 
 2686      645F536F 
 2686      75726365 
 2686      5C50536F 
 2687              		.ident	"GCC: (GNU Tools for ARM Embedded Processors) 5.4.1 20160609 (release) [ARM/embedded-5-bran
