ARM GAS  C:\Users\abhim\AppData\Local\Temp\ccJPAgIT.s 			page 1


   1              		.syntax unified
   2              		.cpu cortex-m3
   3              		.fpu softvfp
   4              		.eabi_attribute 20, 1
   5              		.eabi_attribute 21, 1
   6              		.eabi_attribute 23, 3
   7              		.eabi_attribute 24, 1
   8              		.eabi_attribute 25, 1
   9              		.eabi_attribute 26, 1
  10              		.eabi_attribute 30, 1
  11              		.eabi_attribute 34, 1
  12              		.eabi_attribute 18, 4
  13              		.thumb
  14              		.syntax unified
  15              		.file	"ErikaOS_1_eecfg.c"
  16              		.text
  17              	.Ltext0:
  18              		.cfi_sections	.debug_frame
  19              		.global	EE_oo_autostart_task_data
  20              		.comm	EE_ApplicationMode,4,4
  21              		.global	EE_oo_action_ROM
  22              		.comm	EE_oo_counter_object_RAM,80,4
  23              		.global	EE_oo_counter_object_ROM
  24              		.global	EE_ALARM_ID
  25              		.global	EE_ALARM_NAME
  26              		.global	EE_alarm_ROM
  27              		.global	EE_counter_RAM
  28              		.global	EE_counter_ROM
  29              		.global	EE_th_is_extended
  30              		.global	EE_th_waswaiting
  31              		.global	EE_th_event_waitmask
  32              		.global	EE_th_event_active
  33              		.global	EE_th_terminate_nextask
  34              		.global	EE_rq_free
  35              		.comm	EE_rq_pairs_tid,28,4
  36              		.global	EE_rq_pairs_next
  37              		.global	EE_rq_link
  38              		.global	EE_th_rnact_max
  39              		.global	EE_th_rnact
  40              		.global	EE_rq_bitmask
  41              		.global	EE_rq_queues_tail
  42              		.global	EE_rq_queues_head
  43              		.global	EE_sys_ceiling
  44              		.global	EE_stkfirst
  45              		.global	EE_th_next
  46              		.global	EE_th_status
  47              		.global	EE_th_dispatch_prio
  48              		.global	EE_EVENT_ID
  49              		.global	EE_EVENT_NAME
  50              		.global	EE_TASK_NAME
  51              		.global	EE_th_ready_prio
  52              		.global	EE_terminate_real_th_body
  53              		.comm	EE_terminate_data,28,4
  54              		.global	EE_hal_thread_body
  55              		.global	EE_cortex_mx_IRQ_tos
  56              		.global	EE_cortex_mx_active_tos
  57              		.global	EE_cortex_mx_system_tos
ARM GAS  C:\Users\abhim\AppData\Local\Temp\ccJPAgIT.s 			page 2


  58              		.global	EE_std_thread_tos
  59              		.comm	EE_cortex_mx_stack_9,512,4
  60              		.comm	EE_cortex_mx_stack_3,4000,4
  61              		.section	.rodata
  62              		.align	2
  63              		.type	EE_oo_autostart_task_data, %object
  64              		.size	EE_oo_autostart_task_data, 8
  65              	EE_oo_autostart_task_data:
  66 0000 01000000 		.word	1
  67 0004 08000000 		.word	EE_oo_autostart_task_mode_OSDEFAULTAPPMODE
  68              		.type	EE_oo_autostart_task_mode_OSDEFAULTAPPMODE, %object
  69              		.size	EE_oo_autostart_task_mode_OSDEFAULTAPPMODE, 4
  70              	EE_oo_autostart_task_mode_OSDEFAULTAPPMODE:
  71 0008 00000000 		.space	4
  72              		.type	EE_oo_action_ROM, %object
  73              		.size	EE_oo_action_ROM, 100
  74              	EE_oo_action_ROM:
  75 000c 01       		.byte	1
  76 000d 000000   		.space	3
  77 0010 02000000 		.word	2
  78 0014 01000000 		.word	1
  79 0018 00000000 		.word	0
  80 001c FFFFFFFF 		.word	-1
  81 0020 00       		.byte	0
  82 0021 000000   		.space	3
  83 0024 03000000 		.word	3
  84 0028 00000000 		.word	0
  85 002c 00000000 		.word	0
  86 0030 FFFFFFFF 		.word	-1
  87 0034 00       		.byte	0
  88 0035 000000   		.space	3
  89 0038 04000000 		.word	4
  90 003c 00000000 		.word	0
  91 0040 00000000 		.word	0
  92 0044 FFFFFFFF 		.word	-1
  93 0048 00       		.byte	0
  94 0049 000000   		.space	3
  95 004c 05000000 		.word	5
  96 0050 00000000 		.word	0
  97 0054 00000000 		.word	0
  98 0058 FFFFFFFF 		.word	-1
  99 005c 00       		.byte	0
 100 005d 000000   		.space	3
 101 0060 06000000 		.word	6
 102 0064 00000000 		.word	0
 103 0068 00000000 		.word	0
 104 006c FFFFFFFF 		.word	-1
 105              		.type	EE_oo_counter_object_ROM, %object
 106              		.size	EE_oo_counter_object_ROM, 60
 107              	EE_oo_counter_object_ROM:
 108 0070 00000000 		.word	0
 109 0074 00000000 		.word	0
 110 0078 00       		.byte	0
 111 0079 000000   		.space	3
 112 007c 00000000 		.word	0
 113 0080 01000000 		.word	1
 114 0084 00       		.byte	0
ARM GAS  C:\Users\abhim\AppData\Local\Temp\ccJPAgIT.s 			page 3


 115 0085 000000   		.space	3
 116 0088 00000000 		.word	0
 117 008c 02000000 		.word	2
 118 0090 00       		.byte	0
 119 0091 000000   		.space	3
 120 0094 00000000 		.word	0
 121 0098 03000000 		.word	3
 122 009c 00       		.byte	0
 123 009d 000000   		.space	3
 124 00a0 00000000 		.word	0
 125 00a4 04000000 		.word	4
 126 00a8 00       		.byte	0
 127 00a9 000000   		.space	3
 128              		.type	EE_ALARM_ID, %object
 129              		.size	EE_ALARM_ID, 20
 130              	EE_ALARM_ID:
 131 00ac 00000000 		.word	0
 132 00b0 01000000 		.word	1
 133 00b4 02000000 		.word	2
 134 00b8 03000000 		.word	3
 135 00bc 04000000 		.word	4
 136              		.type	EE_alarm_ROM, %object
 137              		.size	EE_alarm_ROM, 20
 138              	EE_alarm_ROM:
 139 00c0 00000000 		.word	0
 140 00c4 01000000 		.word	1
 141 00c8 02000000 		.word	2
 142 00cc 03000000 		.word	3
 143 00d0 04000000 		.word	4
 144              		.type	EE_counter_ROM, %object
 145              		.size	EE_counter_ROM, 12
 146              	EE_counter_ROM:
 147 00d4 A0860100 		.word	100000
 148 00d8 01000000 		.word	1
 149 00dc 00000000 		.word	0
 150              		.type	EE_th_is_extended, %object
 151              		.size	EE_th_is_extended, 28
 152              	EE_th_is_extended:
 153 00e0 00000000 		.word	0
 154 00e4 00000000 		.word	0
 155 00e8 01000000 		.word	1
 156 00ec 00000000 		.word	0
 157 00f0 00000000 		.word	0
 158 00f4 00000000 		.word	0
 159 00f8 00000000 		.word	0
 160              		.type	EE_th_rnact_max, %object
 161              		.size	EE_th_rnact_max, 28
 162              	EE_th_rnact_max:
 163 00fc 01000000 		.word	1
 164 0100 01000000 		.word	1
 165 0104 01000000 		.word	1
 166 0108 01000000 		.word	1
 167 010c 01000000 		.word	1
 168 0110 01000000 		.word	1
 169 0114 01000000 		.word	1
 170              		.type	EE_th_dispatch_prio, %object
 171              		.size	EE_th_dispatch_prio, 28
ARM GAS  C:\Users\abhim\AppData\Local\Temp\ccJPAgIT.s 			page 4


 172              	EE_th_dispatch_prio:
 173 0118 80000000 		.word	128
 174 011c 01000000 		.word	1
 175 0120 10000000 		.word	16
 176 0124 20000000 		.word	32
 177 0128 80000000 		.word	128
 178 012c 02000000 		.word	2
 179 0130 02000000 		.word	2
 180              		.type	EE_EVENT_ID, %object
 181              		.size	EE_EVENT_ID, 16
 182              	EE_EVENT_ID:
 183 0134 01000000 		.word	1
 184 0138 02000000 		.word	2
 185 013c 04000000 		.word	4
 186 0140 08000000 		.word	8
 187              		.type	EE_th_ready_prio, %object
 188              		.size	EE_th_ready_prio, 28
 189              	EE_th_ready_prio:
 190 0144 01000000 		.word	1
 191 0148 01000000 		.word	1
 192 014c 10000000 		.word	16
 193 0150 20000000 		.word	32
 194 0154 80000000 		.word	128
 195 0158 02000000 		.word	2
 196 015c 02000000 		.word	2
 197              		.type	EE_terminate_real_th_body, %object
 198              		.size	EE_terminate_real_th_body, 28
 199              	EE_terminate_real_th_body:
 200 0160 00000000 		.word	Functsk_init
 201 0164 00000000 		.word	Functsk_background
 202 0168 00000000 		.word	Functsk_control
 203 016c 00000000 		.word	Functsk_timeDelay
 204 0170 00000000 		.word	Functsk_timer
 205 0174 00000000 		.word	Functsk_fader
 206 0178 00000000 		.word	Functsk_glower
 207              		.type	EE_hal_thread_body, %object
 208              		.size	EE_hal_thread_body, 28
 209              	EE_hal_thread_body:
 210 017c 00000000 		.word	EE_oo_thread_stub
 211 0180 00000000 		.word	EE_oo_thread_stub
 212 0184 00000000 		.word	EE_oo_thread_stub
 213 0188 00000000 		.word	EE_oo_thread_stub
 214 018c 00000000 		.word	EE_oo_thread_stub
 215 0190 00000000 		.word	EE_oo_thread_stub
 216 0194 00000000 		.word	EE_oo_thread_stub
 217              		.type	EE_std_thread_tos, %object
 218              		.size	EE_std_thread_tos, 32
 219              	EE_std_thread_tos:
 220 0198 00000000 		.word	0
 221 019c 00000000 		.word	0
 222 01a0 00000000 		.word	0
 223 01a4 01000000 		.word	1
 224 01a8 00000000 		.word	0
 225 01ac 00000000 		.word	0
 226 01b0 00000000 		.word	0
 227 01b4 00000000 		.word	0
 228              		.data
ARM GAS  C:\Users\abhim\AppData\Local\Temp\ccJPAgIT.s 			page 5


 229              		.align	2
 230              		.type	EE_ALARM_NAME, %object
 231              		.size	EE_ALARM_NAME, 20
 232              	EE_ALARM_NAME:
 233 0000 00000000 		.word	.LC0
 234 0004 0C000000 		.word	.LC1
 235 0008 1C000000 		.word	.LC2
 236 000c 28000000 		.word	.LC3
 237 0010 34000000 		.word	.LC4
 238              		.type	EE_counter_RAM, %object
 239              		.size	EE_counter_RAM, 8
 240              	EE_counter_RAM:
 241 0014 00000000 		.word	0
 242 0018 FFFFFFFF 		.word	-1
 243              		.type	EE_th_terminate_nextask, %object
 244              		.size	EE_th_terminate_nextask, 28
 245              	EE_th_terminate_nextask:
 246 001c FFFFFFFF 		.word	-1
 247 0020 FFFFFFFF 		.word	-1
 248 0024 FFFFFFFF 		.word	-1
 249 0028 FFFFFFFF 		.word	-1
 250 002c FFFFFFFF 		.word	-1
 251 0030 FFFFFFFF 		.word	-1
 252 0034 FFFFFFFF 		.word	-1
 253              		.type	EE_rq_pairs_next, %object
 254              		.size	EE_rq_pairs_next, 28
 255              	EE_rq_pairs_next:
 256 0038 01000000 		.word	1
 257 003c 02000000 		.word	2
 258 0040 03000000 		.word	3
 259 0044 04000000 		.word	4
 260 0048 05000000 		.word	5
 261 004c 06000000 		.word	6
 262 0050 FFFFFFFF 		.word	-1
 263              		.type	EE_rq_link, %object
 264              		.size	EE_rq_link, 28
 265              	EE_rq_link:
 266 0054 00000000 		.word	0
 267 0058 00000000 		.word	0
 268 005c 04000000 		.word	4
 269 0060 05000000 		.word	5
 270 0064 07000000 		.word	7
 271 0068 01000000 		.word	1
 272 006c 01000000 		.word	1
 273              		.type	EE_th_rnact, %object
 274              		.size	EE_th_rnact, 28
 275              	EE_th_rnact:
 276 0070 01000000 		.word	1
 277 0074 01000000 		.word	1
 278 0078 01000000 		.word	1
 279 007c 01000000 		.word	1
 280 0080 01000000 		.word	1
 281 0084 01000000 		.word	1
 282 0088 01000000 		.word	1
 283              		.type	EE_rq_queues_tail, %object
 284              		.size	EE_rq_queues_tail, 64
 285              	EE_rq_queues_tail:
ARM GAS  C:\Users\abhim\AppData\Local\Temp\ccJPAgIT.s 			page 6


 286 008c FFFFFFFF 		.word	-1
 287 0090 FFFFFFFF 		.word	-1
 288 0094 FFFFFFFF 		.word	-1
 289 0098 FFFFFFFF 		.word	-1
 290 009c FFFFFFFF 		.word	-1
 291 00a0 FFFFFFFF 		.word	-1
 292 00a4 FFFFFFFF 		.word	-1
 293 00a8 FFFFFFFF 		.word	-1
 294 00ac FFFFFFFF 		.word	-1
 295 00b0 FFFFFFFF 		.word	-1
 296 00b4 FFFFFFFF 		.word	-1
 297 00b8 FFFFFFFF 		.word	-1
 298 00bc FFFFFFFF 		.word	-1
 299 00c0 FFFFFFFF 		.word	-1
 300 00c4 FFFFFFFF 		.word	-1
 301 00c8 FFFFFFFF 		.word	-1
 302              		.type	EE_rq_queues_head, %object
 303              		.size	EE_rq_queues_head, 64
 304              	EE_rq_queues_head:
 305 00cc FFFFFFFF 		.word	-1
 306 00d0 FFFFFFFF 		.word	-1
 307 00d4 FFFFFFFF 		.word	-1
 308 00d8 FFFFFFFF 		.word	-1
 309 00dc FFFFFFFF 		.word	-1
 310 00e0 FFFFFFFF 		.word	-1
 311 00e4 FFFFFFFF 		.word	-1
 312 00e8 FFFFFFFF 		.word	-1
 313 00ec FFFFFFFF 		.word	-1
 314 00f0 FFFFFFFF 		.word	-1
 315 00f4 FFFFFFFF 		.word	-1
 316 00f8 FFFFFFFF 		.word	-1
 317 00fc FFFFFFFF 		.word	-1
 318 0100 FFFFFFFF 		.word	-1
 319 0104 FFFFFFFF 		.word	-1
 320 0108 FFFFFFFF 		.word	-1
 321              		.type	EE_stkfirst, %object
 322              		.size	EE_stkfirst, 4
 323              	EE_stkfirst:
 324 010c FFFFFFFF 		.word	-1
 325              		.type	EE_th_next, %object
 326              		.size	EE_th_next, 28
 327              	EE_th_next:
 328 0110 FFFFFFFF 		.word	-1
 329 0114 FFFFFFFF 		.word	-1
 330 0118 FFFFFFFF 		.word	-1
 331 011c FFFFFFFF 		.word	-1
 332 0120 FFFFFFFF 		.word	-1
 333 0124 FFFFFFFF 		.word	-1
 334 0128 FFFFFFFF 		.word	-1
 335              		.type	EE_th_status, %object
 336              		.size	EE_th_status, 28
 337              	EE_th_status:
 338 012c 03000000 		.word	3
 339 0130 03000000 		.word	3
 340 0134 03000000 		.word	3
 341 0138 03000000 		.word	3
 342 013c 03000000 		.word	3
ARM GAS  C:\Users\abhim\AppData\Local\Temp\ccJPAgIT.s 			page 7


 343 0140 03000000 		.word	3
 344 0144 03000000 		.word	3
 345              		.type	EE_EVENT_NAME, %object
 346              		.size	EE_EVENT_NAME, 16
 347              	EE_EVENT_NAME:
 348 0148 40000000 		.word	.LC5
 349 014c 48000000 		.word	.LC6
 350 0150 58000000 		.word	.LC7
 351 0154 68000000 		.word	.LC8
 352              		.type	EE_TASK_NAME, %object
 353              		.size	EE_TASK_NAME, 28
 354              	EE_TASK_NAME:
 355 0158 78000000 		.word	.LC9
 356 015c 84000000 		.word	.LC10
 357 0160 94000000 		.word	.LC11
 358 0164 A0000000 		.word	.LC12
 359 0168 B0000000 		.word	.LC13
 360 016c BC000000 		.word	.LC14
 361 0170 C8000000 		.word	.LC15
 362              		.type	EE_cortex_mx_IRQ_tos, %object
 363              		.size	EE_cortex_mx_IRQ_tos, 4
 364              	EE_cortex_mx_IRQ_tos:
 365 0174 00020000 		.word	EE_cortex_mx_stack_9+512
 366              		.type	EE_cortex_mx_system_tos, %object
 367              		.size	EE_cortex_mx_system_tos, 8
 368              	EE_cortex_mx_system_tos:
 369 0178 00000000 		.word	0
 370 017c 780F0000 		.word	EE_cortex_mx_stack_3+3960
 371              		.section	.rodata.str1.4,"aMS",%progbits,1
 372              		.align	2
 373              	.LC0:
 374 0000 616C726D 		.ascii	"alrm_50ms\000"
 374      5F35306D 
 374      7300
 375 000a 0000     		.space	2
 376              	.LC1:
 377 000c 616C726D 		.ascii	"alrm_randomTime\000"
 377      5F72616E 
 377      646F6D54 
 377      696D6500 
 378              	.LC2:
 379 001c 616C726D 		.ascii	"alrm_Timer\000"
 379      5F54696D 
 379      657200
 380 0027 00       		.space	1
 381              	.LC3:
 382 0028 616C726D 		.ascii	"alrm_fader\000"
 382      5F666164 
 382      657200
 383 0033 00       		.space	1
 384              	.LC4:
 385 0034 616C726D 		.ascii	"alrm_glower\000"
 385      5F676C6F 
 385      77657200 
 386              	.LC5:
 387 0040 65765F35 		.ascii	"ev_50ms\000"
 387      306D7300 
ARM GAS  C:\Users\abhim\AppData\Local\Temp\ccJPAgIT.s 			page 8


 388              	.LC6:
 389 0048 65765F62 		.ascii	"ev_btn1Press\000"
 389      746E3150 
 389      72657373 
 389      00
 390 0055 000000   		.space	3
 391              	.LC7:
 392 0058 65765F62 		.ascii	"ev_btn2Press\000"
 392      746E3250 
 392      72657373 
 392      00
 393 0065 000000   		.space	3
 394              	.LC8:
 395 0068 65765F72 		.ascii	"ev_resetGame\000"
 395      65736574 
 395      47616D65 
 395      00
 396 0075 000000   		.space	3
 397              	.LC9:
 398 0078 74736B5F 		.ascii	"tsk_init\000"
 398      696E6974 
 398      00
 399 0081 000000   		.space	3
 400              	.LC10:
 401 0084 74736B5F 		.ascii	"tsk_background\000"
 401      6261636B 
 401      67726F75 
 401      6E6400
 402 0093 00       		.space	1
 403              	.LC11:
 404 0094 74736B5F 		.ascii	"tsk_control\000"
 404      636F6E74 
 404      726F6C00 
 405              	.LC12:
 406 00a0 74736B5F 		.ascii	"tsk_timeDelay\000"
 406      74696D65 
 406      44656C61 
 406      7900
 407 00ae 0000     		.space	2
 408              	.LC13:
 409 00b0 74736B5F 		.ascii	"tsk_timer\000"
 409      74696D65 
 409      7200
 410 00ba 0000     		.space	2
 411              	.LC14:
 412 00bc 74736B5F 		.ascii	"tsk_fader\000"
 412      66616465 
 412      7200
 413 00c6 0000     		.space	2
 414              	.LC15:
 415 00c8 74736B5F 		.ascii	"tsk_glower\000"
 415      676C6F77 
 415      657200
 416              		.bss
 417              		.align	2
 418              		.type	EE_th_waswaiting, %object
 419              		.size	EE_th_waswaiting, 28
ARM GAS  C:\Users\abhim\AppData\Local\Temp\ccJPAgIT.s 			page 9


 420              	EE_th_waswaiting:
 421 0000 00000000 		.space	28
 421      00000000 
 421      00000000 
 421      00000000 
 421      00000000 
 422              		.type	EE_th_event_waitmask, %object
 423              		.size	EE_th_event_waitmask, 28
 424              	EE_th_event_waitmask:
 425 001c 00000000 		.space	28
 425      00000000 
 425      00000000 
 425      00000000 
 425      00000000 
 426              		.type	EE_th_event_active, %object
 427              		.size	EE_th_event_active, 28
 428              	EE_th_event_active:
 429 0038 00000000 		.space	28
 429      00000000 
 429      00000000 
 429      00000000 
 429      00000000 
 430              		.type	EE_rq_free, %object
 431              		.size	EE_rq_free, 4
 432              	EE_rq_free:
 433 0054 00000000 		.space	4
 434              		.type	EE_rq_bitmask, %object
 435              		.size	EE_rq_bitmask, 2
 436              	EE_rq_bitmask:
 437 0058 0000     		.space	2
 438 005a 0000     		.space	2
 439              		.type	EE_sys_ceiling, %object
 440              		.size	EE_sys_ceiling, 4
 441              	EE_sys_ceiling:
 442 005c 00000000 		.space	4
 443              		.type	EE_cortex_mx_active_tos, %object
 444              		.size	EE_cortex_mx_active_tos, 4
 445              	EE_cortex_mx_active_tos:
 446 0060 00000000 		.space	4
 447              		.text
 448              	.Letext0:
 449              		.file 1 "Generated_Source\\PSoC5\\ErikaOS_1_common_ee_types.inc"
 450              		.file 2 "Generated_Source\\PSoC5\\ErikaOS_1_cortex_mx_ee_cpu.inc"
 451              		.file 3 "Generated_Source\\PSoC5\\ErikaOS_1_ee_oo_common.inc"
 452              		.file 4 "Generated_Source\\PSoC5\\ErikaOS_1_common_ee_hal_structs.inc"
 453              		.file 5 "Generated_Source\\PSoC5\\ErikaOS_1_eecfg.c"
 454              		.file 6 "Generated_Source\\PSoC5\\ErikaOS_1_ee_oo_intfunc.inc"
 455              		.file 7 "Generated_Source\\PSoC5\\ErikaOS_1_cortex_mx_ee_context.inc"
 456              		.file 8 "Generated_Source\\PSoC5\\ErikaOS_1_common_ee_primitives.inc"
 457              		.section	.debug_info,"",%progbits
 458              	.Ldebug_info0:
 459 0000 B3080000 		.4byte	0x8b3
 460 0004 0400     		.2byte	0x4
 461 0006 00000000 		.4byte	.Ldebug_abbrev0
 462 000a 04       		.byte	0x4
 463 000b 01       		.uleb128 0x1
 464 000c D5040000 		.4byte	.LASF112
ARM GAS  C:\Users\abhim\AppData\Local\Temp\ccJPAgIT.s 			page 10


 465 0010 0C       		.byte	0xc
 466 0011 F9060000 		.4byte	.LASF113
 467 0015 52070000 		.4byte	.LASF114
 468 0019 00000000 		.4byte	.Ldebug_line0
 469 001d 02       		.uleb128 0x2
 470 001e 01       		.byte	0x1
 471 001f 06       		.byte	0x6
 472 0020 0F010000 		.4byte	.LASF0
 473 0024 02       		.uleb128 0x2
 474 0025 01       		.byte	0x1
 475 0026 08       		.byte	0x8
 476 0027 38040000 		.4byte	.LASF1
 477 002b 02       		.uleb128 0x2
 478 002c 02       		.byte	0x2
 479 002d 05       		.byte	0x5
 480 002e 7D040000 		.4byte	.LASF2
 481 0032 02       		.uleb128 0x2
 482 0033 02       		.byte	0x2
 483 0034 07       		.byte	0x7
 484 0035 73020000 		.4byte	.LASF3
 485 0039 02       		.uleb128 0x2
 486 003a 04       		.byte	0x4
 487 003b 05       		.byte	0x5
 488 003c 96010000 		.4byte	.LASF4
 489 0040 02       		.uleb128 0x2
 490 0041 04       		.byte	0x4
 491 0042 07       		.byte	0x7
 492 0043 31020000 		.4byte	.LASF5
 493 0047 02       		.uleb128 0x2
 494 0048 08       		.byte	0x8
 495 0049 05       		.byte	0x5
 496 004a 01010000 		.4byte	.LASF6
 497 004e 02       		.uleb128 0x2
 498 004f 08       		.byte	0x8
 499 0050 07       		.byte	0x7
 500 0051 5E000000 		.4byte	.LASF7
 501 0055 03       		.uleb128 0x3
 502 0056 04       		.byte	0x4
 503 0057 05       		.byte	0x5
 504 0058 696E7400 		.ascii	"int\000"
 505 005c 02       		.uleb128 0x2
 506 005d 04       		.byte	0x4
 507 005e 07       		.byte	0x7
 508 005f F9010000 		.4byte	.LASF8
 509 0063 02       		.uleb128 0x2
 510 0064 08       		.byte	0x8
 511 0065 04       		.byte	0x4
 512 0066 86030000 		.4byte	.LASF9
 513 006a 04       		.uleb128 0x4
 514 006b 05040000 		.4byte	.LASF10
 515 006f 01       		.byte	0x1
 516 0070 52       		.byte	0x52
 517 0071 32000000 		.4byte	0x32
 518 0075 04       		.uleb128 0x4
 519 0076 DE060000 		.4byte	.LASF11
 520 007a 01       		.byte	0x1
 521 007b 53       		.byte	0x53
ARM GAS  C:\Users\abhim\AppData\Local\Temp\ccJPAgIT.s 			page 11


 522 007c 55000000 		.4byte	0x55
 523 0080 04       		.uleb128 0x4
 524 0081 D4060000 		.4byte	.LASF12
 525 0085 01       		.byte	0x1
 526 0086 54       		.byte	0x54
 527 0087 5C000000 		.4byte	0x5c
 528 008b 04       		.uleb128 0x4
 529 008c 98070000 		.4byte	.LASF13
 530 0090 01       		.byte	0x1
 531 0091 64       		.byte	0x64
 532 0092 96000000 		.4byte	0x96
 533 0096 05       		.uleb128 0x5
 534 0097 04       		.byte	0x4
 535 0098 06       		.uleb128 0x6
 536 0099 04       		.byte	0x4
 537 009a 9E000000 		.4byte	0x9e
 538 009e 07       		.uleb128 0x7
 539 009f 04       		.uleb128 0x4
 540 00a0 09030000 		.4byte	.LASF14
 541 00a4 01       		.byte	0x1
 542 00a5 70       		.byte	0x70
 543 00a6 98000000 		.4byte	0x98
 544 00aa 04       		.uleb128 0x4
 545 00ab 6F050000 		.4byte	.LASF15
 546 00af 01       		.byte	0x1
 547 00b0 73       		.byte	0x73
 548 00b1 98000000 		.4byte	0x98
 549 00b5 04       		.uleb128 0x4
 550 00b6 06020000 		.4byte	.LASF16
 551 00ba 02       		.byte	0x2
 552 00bb 4D       		.byte	0x4d
 553 00bc 80000000 		.4byte	0x80
 554 00c0 04       		.uleb128 0x4
 555 00c1 A8030000 		.4byte	.LASF17
 556 00c5 02       		.byte	0x2
 557 00c6 4E       		.byte	0x4e
 558 00c7 75000000 		.4byte	0x75
 559 00cb 04       		.uleb128 0x4
 560 00cc B2070000 		.4byte	.LASF18
 561 00d0 02       		.byte	0x2
 562 00d1 4F       		.byte	0x4f
 563 00d2 80000000 		.4byte	0x80
 564 00d6 04       		.uleb128 0x4
 565 00d7 3D000000 		.4byte	.LASF19
 566 00db 02       		.byte	0x2
 567 00dc 54       		.byte	0x54
 568 00dd B5000000 		.4byte	0xb5
 569 00e1 04       		.uleb128 0x4
 570 00e2 EC010000 		.4byte	.LASF20
 571 00e6 02       		.byte	0x2
 572 00e7 78       		.byte	0x78
 573 00e8 75000000 		.4byte	0x75
 574 00ec 08       		.uleb128 0x8
 575 00ed B3000000 		.4byte	.LASF61
 576 00f1 04       		.byte	0x4
 577 00f2 04       		.byte	0x4
 578 00f3 4D       		.byte	0x4d
ARM GAS  C:\Users\abhim\AppData\Local\Temp\ccJPAgIT.s 			page 12


 579 00f4 05010000 		.4byte	0x105
 580 00f8 09       		.uleb128 0x9
 581 00f9 3E070000 		.4byte	.LASF28
 582 00fd 04       		.byte	0x4
 583 00fe 4E       		.byte	0x4e
 584 00ff 8B000000 		.4byte	0x8b
 585 0103 00       		.byte	0
 586 0104 00       		.byte	0
 587 0105 0A       		.uleb128 0xa
 588 0106 6D030000 		.4byte	.LASF21
 589 010a 03       		.byte	0x3
 590 010b 1101     		.2byte	0x111
 591 010d 6A000000 		.4byte	0x6a
 592 0111 0A       		.uleb128 0xa
 593 0112 AA000000 		.4byte	.LASF22
 594 0116 03       		.byte	0x3
 595 0117 F701     		.2byte	0x1f7
 596 0119 E1000000 		.4byte	0xe1
 597 011d 0A       		.uleb128 0xa
 598 011e 32010000 		.4byte	.LASF23
 599 0122 03       		.byte	0x3
 600 0123 2C02     		.2byte	0x22c
 601 0125 B5000000 		.4byte	0xb5
 602 0129 0A       		.uleb128 0xa
 603 012a 1D000000 		.4byte	.LASF24
 604 012e 03       		.byte	0x3
 605 012f 3502     		.2byte	0x235
 606 0131 B5000000 		.4byte	0xb5
 607 0135 0A       		.uleb128 0xa
 608 0136 C8050000 		.4byte	.LASF25
 609 013a 03       		.byte	0x3
 610 013b 5D02     		.2byte	0x25d
 611 013d B5000000 		.4byte	0xb5
 612 0141 0A       		.uleb128 0xa
 613 0142 32000000 		.4byte	.LASF26
 614 0146 03       		.byte	0x3
 615 0147 6302     		.2byte	0x263
 616 0149 B5000000 		.4byte	0xb5
 617 014d 0A       		.uleb128 0xa
 618 014e 1A030000 		.4byte	.LASF27
 619 0152 03       		.byte	0x3
 620 0153 6C02     		.2byte	0x26c
 621 0155 B5000000 		.4byte	0xb5
 622 0159 0B       		.uleb128 0xb
 623 015a 0C       		.byte	0xc
 624 015b 03       		.byte	0x3
 625 015c 7202     		.2byte	0x272
 626 015e 8A010000 		.4byte	0x18a
 627 0162 0C       		.uleb128 0xc
 628 0163 BA000000 		.4byte	.LASF29
 629 0167 03       		.byte	0x3
 630 0168 7302     		.2byte	0x273
 631 016a 29010000 		.4byte	0x129
 632 016e 00       		.byte	0
 633 016f 0C       		.uleb128 0xc
 634 0170 B0030000 		.4byte	.LASF30
 635 0174 03       		.byte	0x3
ARM GAS  C:\Users\abhim\AppData\Local\Temp\ccJPAgIT.s 			page 13


 636 0175 7402     		.2byte	0x274
 637 0177 29010000 		.4byte	0x129
 638 017b 04       		.byte	0x4
 639 017c 0C       		.uleb128 0xc
 640 017d E3010000 		.4byte	.LASF31
 641 0181 03       		.byte	0x3
 642 0182 7502     		.2byte	0x275
 643 0184 29010000 		.4byte	0x129
 644 0188 08       		.byte	0x8
 645 0189 00       		.byte	0
 646 018a 0A       		.uleb128 0xa
 647 018b BE040000 		.4byte	.LASF32
 648 018f 03       		.byte	0x3
 649 0190 7A02     		.2byte	0x27a
 650 0192 59010000 		.4byte	0x159
 651 0196 0B       		.uleb128 0xb
 652 0197 08       		.byte	0x8
 653 0198 03       		.byte	0x3
 654 0199 7D02     		.2byte	0x27d
 655 019b BA010000 		.4byte	0x1ba
 656 019f 0C       		.uleb128 0xc
 657 01a0 F3010000 		.4byte	.LASF33
 658 01a4 03       		.byte	0x3
 659 01a5 7E02     		.2byte	0x27e
 660 01a7 29010000 		.4byte	0x129
 661 01ab 00       		.byte	0
 662 01ac 0C       		.uleb128 0xc
 663 01ad C2050000 		.4byte	.LASF34
 664 01b1 03       		.byte	0x3
 665 01b2 7F02     		.2byte	0x27f
 666 01b4 35010000 		.4byte	0x135
 667 01b8 04       		.byte	0x4
 668 01b9 00       		.byte	0
 669 01ba 0A       		.uleb128 0xa
 670 01bb 73010000 		.4byte	.LASF35
 671 01bf 03       		.byte	0x3
 672 01c0 8002     		.2byte	0x280
 673 01c2 96010000 		.4byte	0x196
 674 01c6 0D       		.uleb128 0xd
 675 01c7 01       		.byte	0x1
 676 01c8 24000000 		.4byte	0x24
 677 01cc 03       		.byte	0x3
 678 01cd 8A02     		.2byte	0x28a
 679 01cf E0010000 		.4byte	0x1e0
 680 01d3 0E       		.uleb128 0xe
 681 01d4 46040000 		.4byte	.LASF36
 682 01d8 00       		.byte	0
 683 01d9 0E       		.uleb128 0xe
 684 01da 0F040000 		.4byte	.LASF37
 685 01de 01       		.byte	0x1
 686 01df 00       		.byte	0
 687 01e0 0A       		.uleb128 0xa
 688 01e1 9E020000 		.4byte	.LASF38
 689 01e5 03       		.byte	0x3
 690 01e6 8D02     		.2byte	0x28d
 691 01e8 C6010000 		.4byte	0x1c6
 692 01ec 0A       		.uleb128 0xa
ARM GAS  C:\Users\abhim\AppData\Local\Temp\ccJPAgIT.s 			page 14


 693 01ed CA020000 		.4byte	.LASF39
 694 01f1 03       		.byte	0x3
 695 01f2 9002     		.2byte	0x290
 696 01f4 E0010000 		.4byte	0x1e0
 697 01f8 0B       		.uleb128 0xb
 698 01f9 0C       		.byte	0xc
 699 01fa 03       		.byte	0x3
 700 01fb 9402     		.2byte	0x294
 701 01fd 27020000 		.4byte	0x227
 702 0201 0F       		.uleb128 0xf
 703 0202 6300     		.ascii	"c\000"
 704 0204 03       		.byte	0x3
 705 0205 9602     		.2byte	0x296
 706 0207 4D010000 		.4byte	0x14d
 707 020b 00       		.byte	0
 708 020c 0C       		.uleb128 0xc
 709 020d 1F060000 		.4byte	.LASF40
 710 0211 03       		.byte	0x3
 711 0212 9802     		.2byte	0x298
 712 0214 35010000 		.4byte	0x135
 713 0218 04       		.byte	0x4
 714 0219 0C       		.uleb128 0xc
 715 021a 6E020000 		.4byte	.LASF41
 716 021e 03       		.byte	0x3
 717 021f 9A02     		.2byte	0x29a
 718 0221 EC010000 		.4byte	0x1ec
 719 0225 08       		.byte	0x8
 720 0226 00       		.byte	0
 721 0227 0A       		.uleb128 0xa
 722 0228 7B000000 		.4byte	.LASF42
 723 022c 03       		.byte	0x3
 724 022d 9B02     		.2byte	0x29b
 725 022f F8010000 		.4byte	0x1f8
 726 0233 0B       		.uleb128 0xb
 727 0234 10       		.byte	0x10
 728 0235 03       		.byte	0x3
 729 0236 9F02     		.2byte	0x29f
 730 0238 71020000 		.4byte	0x271
 731 023c 0C       		.uleb128 0xc
 732 023d BD030000 		.4byte	.LASF43
 733 0241 03       		.byte	0x3
 734 0242 A002     		.2byte	0x2a0
 735 0244 D6000000 		.4byte	0xd6
 736 0248 00       		.byte	0
 737 0249 0C       		.uleb128 0xc
 738 024a 35070000 		.4byte	.LASF44
 739 024e 03       		.byte	0x3
 740 024f A102     		.2byte	0x2a1
 741 0251 29010000 		.4byte	0x129
 742 0255 04       		.byte	0x4
 743 0256 0C       		.uleb128 0xc
 744 0257 75000000 		.4byte	.LASF45
 745 025b 03       		.byte	0x3
 746 025c A202     		.2byte	0x2a2
 747 025e 29010000 		.4byte	0x129
 748 0262 08       		.byte	0x8
 749 0263 0C       		.uleb128 0xc
ARM GAS  C:\Users\abhim\AppData\Local\Temp\ccJPAgIT.s 			page 15


 750 0264 00000000 		.4byte	.LASF46
 751 0268 03       		.byte	0x3
 752 0269 A302     		.2byte	0x2a3
 753 026b 35010000 		.4byte	0x135
 754 026f 0C       		.byte	0xc
 755 0270 00       		.byte	0
 756 0271 0A       		.uleb128 0xa
 757 0272 C2030000 		.4byte	.LASF47
 758 0276 03       		.byte	0x3
 759 0277 A402     		.2byte	0x2a4
 760 0279 33020000 		.4byte	0x233
 761 027d 0D       		.uleb128 0xd
 762 027e 01       		.byte	0x1
 763 027f 24000000 		.4byte	0x24
 764 0283 03       		.byte	0x3
 765 0284 A702     		.2byte	0x2a7
 766 0286 A3020000 		.4byte	0x2a3
 767 028a 0E       		.uleb128 0xe
 768 028b DF050000 		.4byte	.LASF48
 769 028f 00       		.byte	0
 770 0290 0E       		.uleb128 0xe
 771 0291 27060000 		.4byte	.LASF49
 772 0295 01       		.byte	0x1
 773 0296 0E       		.uleb128 0xe
 774 0297 FE050000 		.4byte	.LASF50
 775 029b 02       		.byte	0x2
 776 029c 0E       		.uleb128 0xe
 777 029d A1050000 		.4byte	.LASF51
 778 02a1 03       		.byte	0x3
 779 02a2 00       		.byte	0
 780 02a3 0A       		.uleb128 0xa
 781 02a4 1B010000 		.4byte	.LASF52
 782 02a8 03       		.byte	0x3
 783 02a9 AC02     		.2byte	0x2ac
 784 02ab 7D020000 		.4byte	0x27d
 785 02af 0A       		.uleb128 0xa
 786 02b0 83060000 		.4byte	.LASF53
 787 02b4 03       		.byte	0x3
 788 02b5 AF02     		.2byte	0x2af
 789 02b7 A3020000 		.4byte	0x2a3
 790 02bb 0B       		.uleb128 0xb
 791 02bc 14       		.byte	0x14
 792 02bd 03       		.byte	0x3
 793 02be B202     		.2byte	0x2b2
 794 02c0 04030000 		.4byte	0x304
 795 02c4 0C       		.uleb128 0xc
 796 02c5 59060000 		.4byte	.LASF54
 797 02c9 03       		.byte	0x3
 798 02ca B302     		.2byte	0x2b3
 799 02cc AF020000 		.4byte	0x2af
 800 02d0 00       		.byte	0
 801 02d1 0C       		.uleb128 0xc
 802 02d2 46070000 		.4byte	.LASF55
 803 02d6 03       		.byte	0x3
 804 02d7 B402     		.2byte	0x2b4
 805 02d9 11010000 		.4byte	0x111
 806 02dd 04       		.byte	0x4
ARM GAS  C:\Users\abhim\AppData\Local\Temp\ccJPAgIT.s 			page 16


 807 02de 0C       		.uleb128 0xc
 808 02df 63050000 		.4byte	.LASF56
 809 02e3 03       		.byte	0x3
 810 02e4 B602     		.2byte	0x2b6
 811 02e6 1D010000 		.4byte	0x11d
 812 02ea 08       		.byte	0x8
 813 02eb 0F       		.uleb128 0xf
 814 02ec 6600     		.ascii	"f\000"
 815 02ee 03       		.byte	0x3
 816 02ef B802     		.2byte	0x2b8
 817 02f1 9F000000 		.4byte	0x9f
 818 02f5 0C       		.byte	0xc
 819 02f6 0C       		.uleb128 0xc
 820 02f7 74040000 		.4byte	.LASF57
 821 02fb 03       		.byte	0x3
 822 02fc BA02     		.2byte	0x2ba
 823 02fe 4D010000 		.4byte	0x14d
 824 0302 10       		.byte	0x10
 825 0303 00       		.byte	0
 826 0304 0A       		.uleb128 0xa
 827 0305 EF030000 		.4byte	.LASF58
 828 0309 03       		.byte	0x3
 829 030a BB02     		.2byte	0x2bb
 830 030c BB020000 		.4byte	0x2bb
 831 0310 0B       		.uleb128 0xb
 832 0311 04       		.byte	0x4
 833 0312 03       		.byte	0x3
 834 0313 BD02     		.2byte	0x2bd
 835 0315 27030000 		.4byte	0x327
 836 0319 0C       		.uleb128 0xc
 837 031a 3F030000 		.4byte	.LASF59
 838 031e 03       		.byte	0x3
 839 031f BF02     		.2byte	0x2bf
 840 0321 41010000 		.4byte	0x141
 841 0325 00       		.byte	0
 842 0326 00       		.byte	0
 843 0327 0A       		.uleb128 0xa
 844 0328 0E020000 		.4byte	.LASF60
 845 032c 03       		.byte	0x3
 846 032d C402     		.2byte	0x2c4
 847 032f 10030000 		.4byte	0x310
 848 0333 10       		.uleb128 0x10
 849 0334 54020000 		.4byte	.LASF62
 850 0338 08       		.byte	0x8
 851 0339 03       		.byte	0x3
 852 033a 0E04     		.2byte	0x40e
 853 033c 5A030000 		.4byte	0x35a
 854 0340 0F       		.uleb128 0xf
 855 0341 6E7400   		.ascii	"nt\000"
 856 0344 03       		.byte	0x3
 857 0345 0F04     		.2byte	0x40f
 858 0347 B5000000 		.4byte	0xb5
 859 034b 00       		.byte	0
 860 034c 0C       		.uleb128 0xc
 861 034d 65060000 		.4byte	.LASF63
 862 0351 03       		.byte	0x3
 863 0352 1004     		.2byte	0x410
ARM GAS  C:\Users\abhim\AppData\Local\Temp\ccJPAgIT.s 			page 17


 864 0354 6A030000 		.4byte	0x36a
 865 0358 04       		.byte	0x4
 866 0359 00       		.byte	0
 867 035a 11       		.uleb128 0x11
 868 035b 65030000 		.4byte	0x365
 869 035f 65030000 		.4byte	0x365
 870 0363 12       		.uleb128 0x12
 871 0364 00       		.byte	0
 872 0365 13       		.uleb128 0x13
 873 0366 E1000000 		.4byte	0xe1
 874 036a 06       		.uleb128 0x6
 875 036b 04       		.byte	0x4
 876 036c 5A030000 		.4byte	0x35a
 877 0370 11       		.uleb128 0x11
 878 0371 65030000 		.4byte	0x365
 879 0375 80030000 		.4byte	0x380
 880 0379 14       		.uleb128 0x14
 881 037a 80030000 		.4byte	0x380
 882 037e 00       		.byte	0
 883 037f 00       		.byte	0
 884 0380 02       		.uleb128 0x2
 885 0381 04       		.byte	0x4
 886 0382 07       		.byte	0x7
 887 0383 7D030000 		.4byte	.LASF64
 888 0387 15       		.uleb128 0x15
 889 0388 CA000000 		.4byte	.LASF115
 890 038c 05       		.byte	0x5
 891 038d 6507     		.2byte	0x765
 892 038f 99030000 		.4byte	0x399
 893 0393 05       		.uleb128 0x5
 894 0394 03       		.byte	0x3
 895 0395 08000000 		.4byte	EE_oo_autostart_task_mode_OSDEFAULTAPPMODE
 896 0399 13       		.uleb128 0x13
 897 039a 70030000 		.4byte	0x370
 898 039e 11       		.uleb128 0x11
 899 039f AE030000 		.4byte	0x3ae
 900 03a3 AE030000 		.4byte	0x3ae
 901 03a7 14       		.uleb128 0x14
 902 03a8 80030000 		.4byte	0x380
 903 03ac 06       		.byte	0x6
 904 03ad 00       		.byte	0
 905 03ae 13       		.uleb128 0x13
 906 03af AA000000 		.4byte	0xaa
 907 03b3 16       		.uleb128 0x16
 908 03b4 37060000 		.4byte	.LASF65
 909 03b8 05       		.byte	0x5
 910 03b9 D2       		.byte	0xd2
 911 03ba C4030000 		.4byte	0x3c4
 912 03be 05       		.uleb128 0x5
 913 03bf 03       		.byte	0x3
 914 03c0 00000000 		.4byte	EE_hal_thread_body
 915 03c4 13       		.uleb128 0x13
 916 03c5 9E030000 		.4byte	0x39e
 917 03c9 11       		.uleb128 0x11
 918 03ca D9030000 		.4byte	0x3d9
 919 03ce D9030000 		.4byte	0x3d9
 920 03d2 14       		.uleb128 0x14
ARM GAS  C:\Users\abhim\AppData\Local\Temp\ccJPAgIT.s 			page 18


 921 03d3 80030000 		.4byte	0x380
 922 03d7 07       		.byte	0x7
 923 03d8 00       		.byte	0
 924 03d9 13       		.uleb128 0x13
 925 03da B5000000 		.4byte	0xb5
 926 03de 16       		.uleb128 0x16
 927 03df 8F050000 		.4byte	.LASF66
 928 03e3 05       		.byte	0x5
 929 03e4 71       		.byte	0x71
 930 03e5 EF030000 		.4byte	0x3ef
 931 03e9 05       		.uleb128 0x5
 932 03ea 03       		.byte	0x3
 933 03eb 00000000 		.4byte	EE_std_thread_tos
 934 03ef 13       		.uleb128 0x13
 935 03f0 C9030000 		.4byte	0x3c9
 936 03f4 11       		.uleb128 0x11
 937 03f5 80000000 		.4byte	0x80
 938 03f9 04040000 		.4byte	0x404
 939 03fd 14       		.uleb128 0x14
 940 03fe 80030000 		.4byte	0x380
 941 0402 06       		.byte	0x6
 942 0403 00       		.byte	0
 943 0404 16       		.uleb128 0x16
 944 0405 E7060000 		.4byte	.LASF67
 945 0409 05       		.byte	0x5
 946 040a ED       		.byte	0xed
 947 040b F4030000 		.4byte	0x3f4
 948 040f 05       		.uleb128 0x5
 949 0410 03       		.byte	0x3
 950 0411 00000000 		.4byte	EE_terminate_data
 951 0415 16       		.uleb128 0x16
 952 0416 5A040000 		.4byte	.LASF68
 953 041a 05       		.byte	0x5
 954 041b F0       		.byte	0xf0
 955 041c 26040000 		.4byte	0x426
 956 0420 05       		.uleb128 0x5
 957 0421 03       		.byte	0x3
 958 0422 00000000 		.4byte	EE_terminate_real_th_body
 959 0426 13       		.uleb128 0x13
 960 0427 9E030000 		.4byte	0x39e
 961 042b 11       		.uleb128 0x11
 962 042c EC000000 		.4byte	0xec
 963 0430 3B040000 		.4byte	0x43b
 964 0434 14       		.uleb128 0x14
 965 0435 80030000 		.4byte	0x380
 966 0439 01       		.byte	0x1
 967 043a 00       		.byte	0
 968 043b 16       		.uleb128 0x16
 969 043c 20040000 		.4byte	.LASF69
 970 0440 05       		.byte	0x5
 971 0441 8D       		.byte	0x8d
 972 0442 2B040000 		.4byte	0x42b
 973 0446 05       		.uleb128 0x5
 974 0447 03       		.byte	0x3
 975 0448 00000000 		.4byte	EE_cortex_mx_system_tos
 976 044c 16       		.uleb128 0x16
 977 044d 5B010000 		.4byte	.LASF70
ARM GAS  C:\Users\abhim\AppData\Local\Temp\ccJPAgIT.s 			page 19


 978 0451 05       		.byte	0x5
 979 0452 A9       		.byte	0xa9
 980 0453 B5000000 		.4byte	0xb5
 981 0457 05       		.uleb128 0x5
 982 0458 03       		.byte	0x3
 983 0459 00000000 		.4byte	EE_cortex_mx_active_tos
 984 045d 11       		.uleb128 0x11
 985 045e D9030000 		.4byte	0x3d9
 986 0462 6D040000 		.4byte	0x46d
 987 0466 14       		.uleb128 0x14
 988 0467 80030000 		.4byte	0x380
 989 046b 06       		.byte	0x6
 990 046c 00       		.byte	0
 991 046d 17       		.uleb128 0x17
 992 046e EE050000 		.4byte	.LASF71
 993 0472 05       		.byte	0x5
 994 0473 E202     		.2byte	0x2e2
 995 0475 7F040000 		.4byte	0x47f
 996 0479 05       		.uleb128 0x5
 997 047a 03       		.byte	0x3
 998 047b 00000000 		.4byte	EE_th_rnact_max
 999 047f 13       		.uleb128 0x13
 1000 0480 5D040000 		.4byte	0x45d
 1001 0484 17       		.uleb128 0x17
 1002 0485 92060000 		.4byte	.LASF72
 1003 0489 05       		.byte	0x5
 1004 048a 0C01     		.2byte	0x10c
 1005 048c 96040000 		.4byte	0x496
 1006 0490 05       		.uleb128 0x5
 1007 0491 03       		.byte	0x3
 1008 0492 00000000 		.4byte	EE_th_ready_prio
 1009 0496 13       		.uleb128 0x13
 1010 0497 5D040000 		.4byte	0x45d
 1011 049b 17       		.uleb128 0x17
 1012 049c E0020000 		.4byte	.LASF73
 1013 04a0 05       		.byte	0x5
 1014 04a1 4502     		.2byte	0x245
 1015 04a3 AD040000 		.4byte	0x4ad
 1016 04a7 05       		.uleb128 0x5
 1017 04a8 03       		.byte	0x3
 1018 04a9 00000000 		.4byte	EE_th_dispatch_prio
 1019 04ad 13       		.uleb128 0x13
 1020 04ae 5D040000 		.4byte	0x45d
 1021 04b2 11       		.uleb128 0x11
 1022 04b3 C2040000 		.4byte	0x4c2
 1023 04b7 C2040000 		.4byte	0x4c2
 1024 04bb 14       		.uleb128 0x14
 1025 04bc 80030000 		.4byte	0x380
 1026 04c0 06       		.byte	0x6
 1027 04c1 00       		.byte	0
 1028 04c2 06       		.uleb128 0x6
 1029 04c3 04       		.byte	0x4
 1030 04c4 CF040000 		.4byte	0x4cf
 1031 04c8 02       		.uleb128 0x2
 1032 04c9 01       		.byte	0x1
 1033 04ca 08       		.byte	0x8
 1034 04cb DA050000 		.4byte	.LASF74
ARM GAS  C:\Users\abhim\AppData\Local\Temp\ccJPAgIT.s 			page 20


 1035 04cf 13       		.uleb128 0x13
 1036 04d0 C8040000 		.4byte	0x4c8
 1037 04d4 17       		.uleb128 0x17
 1038 04d5 B1040000 		.4byte	.LASF75
 1039 04d9 05       		.byte	0x5
 1040 04da 2801     		.2byte	0x128
 1041 04dc B2040000 		.4byte	0x4b2
 1042 04e0 05       		.uleb128 0x5
 1043 04e1 03       		.byte	0x3
 1044 04e2 00000000 		.4byte	EE_TASK_NAME
 1045 04e6 11       		.uleb128 0x11
 1046 04e7 C2040000 		.4byte	0x4c2
 1047 04eb F6040000 		.4byte	0x4f6
 1048 04ef 14       		.uleb128 0x14
 1049 04f0 80030000 		.4byte	0x380
 1050 04f4 03       		.byte	0x3
 1051 04f5 00       		.byte	0
 1052 04f6 17       		.uleb128 0x17
 1053 04f7 40010000 		.4byte	.LASF76
 1054 04fb 05       		.byte	0x5
 1055 04fc 8101     		.2byte	0x181
 1056 04fe E6040000 		.4byte	0x4e6
 1057 0502 05       		.uleb128 0x5
 1058 0503 03       		.byte	0x3
 1059 0504 00000000 		.4byte	EE_EVENT_NAME
 1060 0508 11       		.uleb128 0x11
 1061 0509 C2040000 		.4byte	0x4c2
 1062 050d 18050000 		.4byte	0x518
 1063 0511 14       		.uleb128 0x14
 1064 0512 80030000 		.4byte	0x380
 1065 0516 04       		.byte	0x4
 1066 0517 00       		.byte	0
 1067 0518 17       		.uleb128 0x17
 1068 0519 23020000 		.4byte	.LASF77
 1069 051d 05       		.byte	0x5
 1070 051e 3D06     		.2byte	0x63d
 1071 0520 08050000 		.4byte	0x508
 1072 0524 05       		.uleb128 0x5
 1073 0525 03       		.byte	0x3
 1074 0526 00000000 		.4byte	EE_ALARM_NAME
 1075 052a 11       		.uleb128 0x11
 1076 052b 3A050000 		.4byte	0x53a
 1077 052f 3A050000 		.4byte	0x53a
 1078 0533 14       		.uleb128 0x14
 1079 0534 80030000 		.4byte	0x380
 1080 0538 03       		.byte	0x3
 1081 0539 00       		.byte	0
 1082 053a 13       		.uleb128 0x13
 1083 053b 40000000 		.4byte	0x40
 1084 053f 17       		.uleb128 0x17
 1085 0540 8A010000 		.4byte	.LASF78
 1086 0544 05       		.byte	0x5
 1087 0545 E201     		.2byte	0x1e2
 1088 0547 51050000 		.4byte	0x551
 1089 054b 05       		.uleb128 0x5
 1090 054c 03       		.byte	0x3
 1091 054d 00000000 		.4byte	EE_EVENT_ID
ARM GAS  C:\Users\abhim\AppData\Local\Temp\ccJPAgIT.s 			page 21


 1092 0551 13       		.uleb128 0x13
 1093 0552 2A050000 		.4byte	0x52a
 1094 0556 11       		.uleb128 0x11
 1095 0557 3A050000 		.4byte	0x53a
 1096 055b 66050000 		.4byte	0x566
 1097 055f 14       		.uleb128 0x14
 1098 0560 80030000 		.4byte	0x380
 1099 0564 04       		.byte	0x4
 1100 0565 00       		.byte	0
 1101 0566 17       		.uleb128 0x17
 1102 0567 F5000000 		.4byte	.LASF79
 1103 056b 05       		.byte	0x5
 1104 056c 5906     		.2byte	0x659
 1105 056e 78050000 		.4byte	0x578
 1106 0572 05       		.uleb128 0x5
 1107 0573 03       		.byte	0x3
 1108 0574 00000000 		.4byte	EE_ALARM_ID
 1109 0578 13       		.uleb128 0x13
 1110 0579 56050000 		.4byte	0x556
 1111 057d 11       		.uleb128 0x11
 1112 057e B5000000 		.4byte	0xb5
 1113 0582 8D050000 		.4byte	0x58d
 1114 0586 14       		.uleb128 0x14
 1115 0587 80030000 		.4byte	0x380
 1116 058b 06       		.byte	0x6
 1117 058c 00       		.byte	0
 1118 058d 17       		.uleb128 0x17
 1119 058e BD020000 		.4byte	.LASF80
 1120 0592 05       		.byte	0x5
 1121 0593 8102     		.2byte	0x281
 1122 0595 7D050000 		.4byte	0x57d
 1123 0599 05       		.uleb128 0x5
 1124 059a 03       		.byte	0x3
 1125 059b 00000000 		.4byte	EE_th_status
 1126 059f 11       		.uleb128 0x11
 1127 05a0 E1000000 		.4byte	0xe1
 1128 05a4 AF050000 		.4byte	0x5af
 1129 05a8 14       		.uleb128 0x14
 1130 05a9 80030000 		.4byte	0x380
 1131 05ad 06       		.byte	0x6
 1132 05ae 00       		.byte	0
 1133 05af 17       		.uleb128 0x17
 1134 05b0 4F040000 		.4byte	.LASF81
 1135 05b4 05       		.byte	0x5
 1136 05b5 9D02     		.2byte	0x29d
 1137 05b7 9F050000 		.4byte	0x59f
 1138 05bb 05       		.uleb128 0x5
 1139 05bc 03       		.byte	0x3
 1140 05bd 00000000 		.4byte	EE_th_next
 1141 05c1 17       		.uleb128 0x17
 1142 05c2 A3060000 		.4byte	.LASF82
 1143 05c6 05       		.byte	0x5
 1144 05c7 C702     		.2byte	0x2c7
 1145 05c9 7D050000 		.4byte	0x57d
 1146 05cd 05       		.uleb128 0x5
 1147 05ce 03       		.byte	0x3
 1148 05cf 00000000 		.4byte	EE_th_rnact
ARM GAS  C:\Users\abhim\AppData\Local\Temp\ccJPAgIT.s 			page 22


 1149 05d3 17       		.uleb128 0x17
 1150 05d4 05000000 		.4byte	.LASF83
 1151 05d8 05       		.byte	0x5
 1152 05d9 7703     		.2byte	0x377
 1153 05db 9F050000 		.4byte	0x59f
 1154 05df 05       		.uleb128 0x5
 1155 05e0 03       		.byte	0x3
 1156 05e1 00000000 		.4byte	EE_th_terminate_nextask
 1157 05e5 17       		.uleb128 0x17
 1158 05e6 26000000 		.4byte	.LASF84
 1159 05ea 05       		.byte	0x5
 1160 05eb B902     		.2byte	0x2b9
 1161 05ed E1000000 		.4byte	0xe1
 1162 05f1 05       		.uleb128 0x5
 1163 05f2 03       		.byte	0x3
 1164 05f3 00000000 		.4byte	EE_stkfirst
 1165 05f7 17       		.uleb128 0x17
 1166 05f8 4A060000 		.4byte	.LASF85
 1167 05fc 05       		.byte	0x5
 1168 05fd BC02     		.2byte	0x2bc
 1169 05ff B5000000 		.4byte	0xb5
 1170 0603 05       		.uleb128 0x5
 1171 0604 03       		.byte	0x3
 1172 0605 00000000 		.4byte	EE_sys_ceiling
 1173 0609 17       		.uleb128 0x17
 1174 060a 9D030000 		.4byte	.LASF86
 1175 060e 05       		.byte	0x5
 1176 060f FD02     		.2byte	0x2fd
 1177 0611 7D050000 		.4byte	0x57d
 1178 0615 05       		.uleb128 0x5
 1179 0616 03       		.byte	0x3
 1180 0617 00000000 		.4byte	EE_rq_link
 1181 061b 11       		.uleb128 0x11
 1182 061c C0000000 		.4byte	0xc0
 1183 0620 2B060000 		.4byte	0x62b
 1184 0624 14       		.uleb128 0x14
 1185 0625 80030000 		.4byte	0x380
 1186 0629 0F       		.byte	0xf
 1187 062a 00       		.byte	0
 1188 062b 17       		.uleb128 0x17
 1189 062c 9F010000 		.4byte	.LASF87
 1190 0630 05       		.byte	0x5
 1191 0631 BF02     		.2byte	0x2bf
 1192 0633 1B060000 		.4byte	0x61b
 1193 0637 05       		.uleb128 0x5
 1194 0638 03       		.byte	0x3
 1195 0639 00000000 		.4byte	EE_rq_queues_head
 1196 063d 17       		.uleb128 0x17
 1197 063e 7D050000 		.4byte	.LASF88
 1198 0642 05       		.byte	0x5
 1199 0643 C102     		.2byte	0x2c1
 1200 0645 1B060000 		.4byte	0x61b
 1201 0649 05       		.uleb128 0x5
 1202 064a 03       		.byte	0x3
 1203 064b 00000000 		.4byte	EE_rq_queues_tail
 1204 064f 11       		.uleb128 0x11
 1205 0650 C0000000 		.4byte	0xc0
ARM GAS  C:\Users\abhim\AppData\Local\Temp\ccJPAgIT.s 			page 23


 1206 0654 5F060000 		.4byte	0x65f
 1207 0658 14       		.uleb128 0x14
 1208 0659 80030000 		.4byte	0x380
 1209 065d 06       		.byte	0x6
 1210 065e 00       		.byte	0
 1211 065f 17       		.uleb128 0x17
 1212 0660 99000000 		.4byte	.LASF89
 1213 0664 05       		.byte	0x5
 1214 0665 1B03     		.2byte	0x31b
 1215 0667 4F060000 		.4byte	0x64f
 1216 066b 05       		.uleb128 0x5
 1217 066c 03       		.byte	0x3
 1218 066d 00000000 		.4byte	EE_rq_pairs_next
 1219 0671 17       		.uleb128 0x17
 1220 0672 AF060000 		.4byte	.LASF90
 1221 0676 05       		.byte	0x5
 1222 0677 7003     		.2byte	0x370
 1223 0679 9F050000 		.4byte	0x59f
 1224 067d 05       		.uleb128 0x5
 1225 067e 03       		.byte	0x3
 1226 067f 00000000 		.4byte	EE_rq_pairs_tid
 1227 0683 17       		.uleb128 0x17
 1228 0684 B4050000 		.4byte	.LASF91
 1229 0688 05       		.byte	0x5
 1230 0689 C402     		.2byte	0x2c4
 1231 068b 05010000 		.4byte	0x105
 1232 068f 05       		.uleb128 0x5
 1233 0690 03       		.byte	0x3
 1234 0691 00000000 		.4byte	EE_rq_bitmask
 1235 0695 17       		.uleb128 0x17
 1236 0696 92030000 		.4byte	.LASF92
 1237 069a 05       		.byte	0x5
 1238 069b 7303     		.2byte	0x373
 1239 069d C0000000 		.4byte	0xc0
 1240 06a1 05       		.uleb128 0x5
 1241 06a2 03       		.byte	0x3
 1242 06a3 00000000 		.4byte	EE_rq_free
 1243 06a7 17       		.uleb128 0x17
 1244 06a8 22070000 		.4byte	.LASF93
 1245 06ac 05       		.byte	0x5
 1246 06ad 9A03     		.2byte	0x39a
 1247 06af 7D050000 		.4byte	0x57d
 1248 06b3 05       		.uleb128 0x5
 1249 06b4 03       		.byte	0x3
 1250 06b5 00000000 		.4byte	EE_th_event_active
 1251 06b9 17       		.uleb128 0x17
 1252 06ba 87040000 		.4byte	.LASF94
 1253 06be 05       		.byte	0x5
 1254 06bf B603     		.2byte	0x3b6
 1255 06c1 7D050000 		.4byte	0x57d
 1256 06c5 05       		.uleb128 0x5
 1257 06c6 03       		.byte	0x3
 1258 06c7 00000000 		.4byte	EE_th_event_waitmask
 1259 06cb 11       		.uleb128 0x11
 1260 06cc D6000000 		.4byte	0xd6
 1261 06d0 DB060000 		.4byte	0x6db
 1262 06d4 14       		.uleb128 0x14
ARM GAS  C:\Users\abhim\AppData\Local\Temp\ccJPAgIT.s 			page 24


 1263 06d5 80030000 		.4byte	0x380
 1264 06d9 06       		.byte	0x6
 1265 06da 00       		.byte	0
 1266 06db 17       		.uleb128 0x17
 1267 06dc 43020000 		.4byte	.LASF95
 1268 06e0 05       		.byte	0x5
 1269 06e1 D203     		.2byte	0x3d2
 1270 06e3 CB060000 		.4byte	0x6cb
 1271 06e7 05       		.uleb128 0x5
 1272 06e8 03       		.byte	0x3
 1273 06e9 00000000 		.4byte	EE_th_waswaiting
 1274 06ed 17       		.uleb128 0x17
 1275 06ee A0070000 		.4byte	.LASF96
 1276 06f2 05       		.byte	0x5
 1277 06f3 EE03     		.2byte	0x3ee
 1278 06f5 FF060000 		.4byte	0x6ff
 1279 06f9 05       		.uleb128 0x5
 1280 06fa 03       		.byte	0x3
 1281 06fb 00000000 		.4byte	EE_th_is_extended
 1282 06ff 13       		.uleb128 0x13
 1283 0700 5D040000 		.4byte	0x45d
 1284 0704 11       		.uleb128 0x11
 1285 0705 14070000 		.4byte	0x714
 1286 0709 14070000 		.4byte	0x714
 1287 070d 14       		.uleb128 0x14
 1288 070e 80030000 		.4byte	0x380
 1289 0712 00       		.byte	0
 1290 0713 00       		.byte	0
 1291 0714 13       		.uleb128 0x13
 1292 0715 8A010000 		.4byte	0x18a
 1293 0719 17       		.uleb128 0x17
 1294 071a E0030000 		.4byte	.LASF97
 1295 071e 05       		.byte	0x5
 1296 071f FF05     		.2byte	0x5ff
 1297 0721 2B070000 		.4byte	0x72b
 1298 0725 05       		.uleb128 0x5
 1299 0726 03       		.byte	0x3
 1300 0727 00000000 		.4byte	EE_counter_ROM
 1301 072b 13       		.uleb128 0x13
 1302 072c 04070000 		.4byte	0x704
 1303 0730 11       		.uleb128 0x11
 1304 0731 40070000 		.4byte	0x740
 1305 0735 40070000 		.4byte	0x740
 1306 0739 14       		.uleb128 0x14
 1307 073a 80030000 		.4byte	0x380
 1308 073e 04       		.byte	0x4
 1309 073f 00       		.byte	0
 1310 0740 13       		.uleb128 0x13
 1311 0741 27020000 		.4byte	0x227
 1312 0745 17       		.uleb128 0x17
 1313 0746 26030000 		.4byte	.LASF98
 1314 074a 05       		.byte	0x5
 1315 074b 9606     		.2byte	0x696
 1316 074d 57070000 		.4byte	0x757
 1317 0751 05       		.uleb128 0x5
 1318 0752 03       		.byte	0x3
 1319 0753 00000000 		.4byte	EE_oo_counter_object_ROM
ARM GAS  C:\Users\abhim\AppData\Local\Temp\ccJPAgIT.s 			page 25


 1320 0757 13       		.uleb128 0x13
 1321 0758 30070000 		.4byte	0x730
 1322 075c 11       		.uleb128 0x11
 1323 075d 6C070000 		.4byte	0x76c
 1324 0761 6C070000 		.4byte	0x76c
 1325 0765 14       		.uleb128 0x14
 1326 0766 80030000 		.4byte	0x380
 1327 076a 04       		.byte	0x4
 1328 076b 00       		.byte	0
 1329 076c 13       		.uleb128 0x13
 1330 076d 04030000 		.4byte	0x304
 1331 0771 17       		.uleb128 0x17
 1332 0772 5C030000 		.4byte	.LASF99
 1333 0776 05       		.byte	0x5
 1334 0777 BA06     		.2byte	0x6ba
 1335 0779 83070000 		.4byte	0x783
 1336 077d 05       		.uleb128 0x5
 1337 077e 03       		.byte	0x3
 1338 077f 00000000 		.4byte	EE_oo_action_ROM
 1339 0783 13       		.uleb128 0x13
 1340 0784 5C070000 		.4byte	0x75c
 1341 0788 11       		.uleb128 0x11
 1342 0789 98070000 		.4byte	0x798
 1343 078d 98070000 		.4byte	0x798
 1344 0791 14       		.uleb128 0x14
 1345 0792 80030000 		.4byte	0x380
 1346 0796 04       		.byte	0x4
 1347 0797 00       		.byte	0
 1348 0798 13       		.uleb128 0x13
 1349 0799 27030000 		.4byte	0x327
 1350 079d 17       		.uleb128 0x17
 1351 079e 4E010000 		.4byte	.LASF100
 1352 07a2 05       		.byte	0x5
 1353 07a3 2006     		.2byte	0x620
 1354 07a5 AF070000 		.4byte	0x7af
 1355 07a9 05       		.uleb128 0x5
 1356 07aa 03       		.byte	0x3
 1357 07ab 00000000 		.4byte	EE_alarm_ROM
 1358 07af 13       		.uleb128 0x13
 1359 07b0 88070000 		.4byte	0x788
 1360 07b4 11       		.uleb128 0x11
 1361 07b5 BA010000 		.4byte	0x1ba
 1362 07b9 C4070000 		.4byte	0x7c4
 1363 07bd 14       		.uleb128 0x14
 1364 07be 80030000 		.4byte	0x380
 1365 07c2 00       		.byte	0
 1366 07c3 00       		.byte	0
 1367 07c4 17       		.uleb128 0x17
 1368 07c5 10060000 		.4byte	.LASF101
 1369 07c9 05       		.byte	0x5
 1370 07ca 0C06     		.2byte	0x60c
 1371 07cc B4070000 		.4byte	0x7b4
 1372 07d0 05       		.uleb128 0x5
 1373 07d1 03       		.byte	0x3
 1374 07d2 00000000 		.4byte	EE_counter_RAM
 1375 07d6 11       		.uleb128 0x11
 1376 07d7 71020000 		.4byte	0x271
ARM GAS  C:\Users\abhim\AppData\Local\Temp\ccJPAgIT.s 			page 26


 1377 07db E6070000 		.4byte	0x7e6
 1378 07df 14       		.uleb128 0x14
 1379 07e0 80030000 		.4byte	0x380
 1380 07e4 04       		.byte	0x4
 1381 07e5 00       		.byte	0
 1382 07e6 17       		.uleb128 0x17
 1383 07e7 6A060000 		.4byte	.LASF102
 1384 07eb 05       		.byte	0x5
 1385 07ec B106     		.2byte	0x6b1
 1386 07ee D6070000 		.4byte	0x7d6
 1387 07f2 05       		.uleb128 0x5
 1388 07f3 03       		.byte	0x3
 1389 07f4 00000000 		.4byte	EE_oo_counter_object_RAM
 1390 07f8 11       		.uleb128 0x11
 1391 07f9 08080000 		.4byte	0x808
 1392 07fd 08080000 		.4byte	0x808
 1393 0801 14       		.uleb128 0x14
 1394 0802 80030000 		.4byte	0x380
 1395 0806 00       		.byte	0
 1396 0807 00       		.byte	0
 1397 0808 13       		.uleb128 0x13
 1398 0809 33030000 		.4byte	0x333
 1399 080d 17       		.uleb128 0x17
 1400 080e BA070000 		.4byte	.LASF103
 1401 0812 05       		.byte	0x5
 1402 0813 9607     		.2byte	0x796
 1403 0815 1F080000 		.4byte	0x81f
 1404 0819 05       		.uleb128 0x5
 1405 081a 03       		.byte	0x3
 1406 081b 00000000 		.4byte	EE_oo_autostart_task_data
 1407 081f 13       		.uleb128 0x13
 1408 0820 F8070000 		.4byte	0x7f8
 1409 0824 18       		.uleb128 0x18
 1410 0825 86020000 		.4byte	.LASF104
 1411 0829 06       		.byte	0x6
 1412 082a 40       		.byte	0x40
 1413 082b B5000000 		.4byte	0xb5
 1414 082f 18       		.uleb128 0x18
 1415 0830 B1010000 		.4byte	.LASF105
 1416 0834 06       		.byte	0x6
 1417 0835 47       		.byte	0x47
 1418 0836 CB000000 		.4byte	0xcb
 1419 083a 17       		.uleb128 0x17
 1420 083b 49030000 		.4byte	.LASF106
 1421 083f 05       		.byte	0x5
 1422 0840 5C07     		.2byte	0x75c
 1423 0842 B5000000 		.4byte	0xb5
 1424 0846 05       		.uleb128 0x5
 1425 0847 03       		.byte	0x3
 1426 0848 00000000 		.4byte	EE_ApplicationMode
 1427 084c 18       		.uleb128 0x18
 1428 084d CA010000 		.4byte	.LASF107
 1429 0851 07       		.byte	0x7
 1430 0852 48       		.byte	0x48
 1431 0853 E1000000 		.4byte	0xe1
 1432 0857 18       		.uleb128 0x18
 1433 0858 BF060000 		.4byte	.LASF108
ARM GAS  C:\Users\abhim\AppData\Local\Temp\ccJPAgIT.s 			page 27


 1434 085c 08       		.byte	0x8
 1435 085d 44       		.byte	0x44
 1436 085e B5000000 		.4byte	0xb5
 1437 0862 16       		.uleb128 0x16
 1438 0863 49000000 		.4byte	.LASF109
 1439 0867 05       		.byte	0x5
 1440 0868 AD       		.byte	0xad
 1441 0869 EC000000 		.4byte	0xec
 1442 086d 05       		.uleb128 0x5
 1443 086e 03       		.byte	0x3
 1444 086f 00000000 		.4byte	EE_cortex_mx_IRQ_tos
 1445 0873 11       		.uleb128 0x11
 1446 0874 55000000 		.4byte	0x55
 1447 0878 84080000 		.4byte	0x884
 1448 087c 19       		.uleb128 0x19
 1449 087d 80030000 		.4byte	0x380
 1450 0881 E703     		.2byte	0x3e7
 1451 0883 00       		.byte	0
 1452 0884 16       		.uleb128 0x16
 1453 0885 9C040000 		.4byte	.LASF110
 1454 0889 05       		.byte	0x5
 1455 088a 19       		.byte	0x19
 1456 088b 73080000 		.4byte	0x873
 1457 088f 05       		.uleb128 0x5
 1458 0890 03       		.byte	0x3
 1459 0891 00000000 		.4byte	EE_cortex_mx_stack_3
 1460 0895 11       		.uleb128 0x11
 1461 0896 55000000 		.4byte	0x55
 1462 089a A5080000 		.4byte	0x8a5
 1463 089e 14       		.uleb128 0x14
 1464 089f 80030000 		.4byte	0x380
 1465 08a3 7F       		.byte	0x7f
 1466 08a4 00       		.byte	0
 1467 08a5 16       		.uleb128 0x16
 1468 08a6 F4020000 		.4byte	.LASF111
 1469 08aa 05       		.byte	0x5
 1470 08ab 32       		.byte	0x32
 1471 08ac 95080000 		.4byte	0x895
 1472 08b0 05       		.uleb128 0x5
 1473 08b1 03       		.byte	0x3
 1474 08b2 00000000 		.4byte	EE_cortex_mx_stack_9
 1475 08b6 00       		.byte	0
 1476              		.section	.debug_abbrev,"",%progbits
 1477              	.Ldebug_abbrev0:
 1478 0000 01       		.uleb128 0x1
 1479 0001 11       		.uleb128 0x11
 1480 0002 01       		.byte	0x1
 1481 0003 25       		.uleb128 0x25
 1482 0004 0E       		.uleb128 0xe
 1483 0005 13       		.uleb128 0x13
 1484 0006 0B       		.uleb128 0xb
 1485 0007 03       		.uleb128 0x3
 1486 0008 0E       		.uleb128 0xe
 1487 0009 1B       		.uleb128 0x1b
 1488 000a 0E       		.uleb128 0xe
 1489 000b 10       		.uleb128 0x10
 1490 000c 17       		.uleb128 0x17
ARM GAS  C:\Users\abhim\AppData\Local\Temp\ccJPAgIT.s 			page 28


 1491 000d 00       		.byte	0
 1492 000e 00       		.byte	0
 1493 000f 02       		.uleb128 0x2
 1494 0010 24       		.uleb128 0x24
 1495 0011 00       		.byte	0
 1496 0012 0B       		.uleb128 0xb
 1497 0013 0B       		.uleb128 0xb
 1498 0014 3E       		.uleb128 0x3e
 1499 0015 0B       		.uleb128 0xb
 1500 0016 03       		.uleb128 0x3
 1501 0017 0E       		.uleb128 0xe
 1502 0018 00       		.byte	0
 1503 0019 00       		.byte	0
 1504 001a 03       		.uleb128 0x3
 1505 001b 24       		.uleb128 0x24
 1506 001c 00       		.byte	0
 1507 001d 0B       		.uleb128 0xb
 1508 001e 0B       		.uleb128 0xb
 1509 001f 3E       		.uleb128 0x3e
 1510 0020 0B       		.uleb128 0xb
 1511 0021 03       		.uleb128 0x3
 1512 0022 08       		.uleb128 0x8
 1513 0023 00       		.byte	0
 1514 0024 00       		.byte	0
 1515 0025 04       		.uleb128 0x4
 1516 0026 16       		.uleb128 0x16
 1517 0027 00       		.byte	0
 1518 0028 03       		.uleb128 0x3
 1519 0029 0E       		.uleb128 0xe
 1520 002a 3A       		.uleb128 0x3a
 1521 002b 0B       		.uleb128 0xb
 1522 002c 3B       		.uleb128 0x3b
 1523 002d 0B       		.uleb128 0xb
 1524 002e 49       		.uleb128 0x49
 1525 002f 13       		.uleb128 0x13
 1526 0030 00       		.byte	0
 1527 0031 00       		.byte	0
 1528 0032 05       		.uleb128 0x5
 1529 0033 0F       		.uleb128 0xf
 1530 0034 00       		.byte	0
 1531 0035 0B       		.uleb128 0xb
 1532 0036 0B       		.uleb128 0xb
 1533 0037 00       		.byte	0
 1534 0038 00       		.byte	0
 1535 0039 06       		.uleb128 0x6
 1536 003a 0F       		.uleb128 0xf
 1537 003b 00       		.byte	0
 1538 003c 0B       		.uleb128 0xb
 1539 003d 0B       		.uleb128 0xb
 1540 003e 49       		.uleb128 0x49
 1541 003f 13       		.uleb128 0x13
 1542 0040 00       		.byte	0
 1543 0041 00       		.byte	0
 1544 0042 07       		.uleb128 0x7
 1545 0043 15       		.uleb128 0x15
 1546 0044 00       		.byte	0
 1547 0045 27       		.uleb128 0x27
ARM GAS  C:\Users\abhim\AppData\Local\Temp\ccJPAgIT.s 			page 29


 1548 0046 19       		.uleb128 0x19
 1549 0047 00       		.byte	0
 1550 0048 00       		.byte	0
 1551 0049 08       		.uleb128 0x8
 1552 004a 13       		.uleb128 0x13
 1553 004b 01       		.byte	0x1
 1554 004c 03       		.uleb128 0x3
 1555 004d 0E       		.uleb128 0xe
 1556 004e 0B       		.uleb128 0xb
 1557 004f 0B       		.uleb128 0xb
 1558 0050 3A       		.uleb128 0x3a
 1559 0051 0B       		.uleb128 0xb
 1560 0052 3B       		.uleb128 0x3b
 1561 0053 0B       		.uleb128 0xb
 1562 0054 01       		.uleb128 0x1
 1563 0055 13       		.uleb128 0x13
 1564 0056 00       		.byte	0
 1565 0057 00       		.byte	0
 1566 0058 09       		.uleb128 0x9
 1567 0059 0D       		.uleb128 0xd
 1568 005a 00       		.byte	0
 1569 005b 03       		.uleb128 0x3
 1570 005c 0E       		.uleb128 0xe
 1571 005d 3A       		.uleb128 0x3a
 1572 005e 0B       		.uleb128 0xb
 1573 005f 3B       		.uleb128 0x3b
 1574 0060 0B       		.uleb128 0xb
 1575 0061 49       		.uleb128 0x49
 1576 0062 13       		.uleb128 0x13
 1577 0063 38       		.uleb128 0x38
 1578 0064 0B       		.uleb128 0xb
 1579 0065 00       		.byte	0
 1580 0066 00       		.byte	0
 1581 0067 0A       		.uleb128 0xa
 1582 0068 16       		.uleb128 0x16
 1583 0069 00       		.byte	0
 1584 006a 03       		.uleb128 0x3
 1585 006b 0E       		.uleb128 0xe
 1586 006c 3A       		.uleb128 0x3a
 1587 006d 0B       		.uleb128 0xb
 1588 006e 3B       		.uleb128 0x3b
 1589 006f 05       		.uleb128 0x5
 1590 0070 49       		.uleb128 0x49
 1591 0071 13       		.uleb128 0x13
 1592 0072 00       		.byte	0
 1593 0073 00       		.byte	0
 1594 0074 0B       		.uleb128 0xb
 1595 0075 13       		.uleb128 0x13
 1596 0076 01       		.byte	0x1
 1597 0077 0B       		.uleb128 0xb
 1598 0078 0B       		.uleb128 0xb
 1599 0079 3A       		.uleb128 0x3a
 1600 007a 0B       		.uleb128 0xb
 1601 007b 3B       		.uleb128 0x3b
 1602 007c 05       		.uleb128 0x5
 1603 007d 01       		.uleb128 0x1
 1604 007e 13       		.uleb128 0x13
ARM GAS  C:\Users\abhim\AppData\Local\Temp\ccJPAgIT.s 			page 30


 1605 007f 00       		.byte	0
 1606 0080 00       		.byte	0
 1607 0081 0C       		.uleb128 0xc
 1608 0082 0D       		.uleb128 0xd
 1609 0083 00       		.byte	0
 1610 0084 03       		.uleb128 0x3
 1611 0085 0E       		.uleb128 0xe
 1612 0086 3A       		.uleb128 0x3a
 1613 0087 0B       		.uleb128 0xb
 1614 0088 3B       		.uleb128 0x3b
 1615 0089 05       		.uleb128 0x5
 1616 008a 49       		.uleb128 0x49
 1617 008b 13       		.uleb128 0x13
 1618 008c 38       		.uleb128 0x38
 1619 008d 0B       		.uleb128 0xb
 1620 008e 00       		.byte	0
 1621 008f 00       		.byte	0
 1622 0090 0D       		.uleb128 0xd
 1623 0091 04       		.uleb128 0x4
 1624 0092 01       		.byte	0x1
 1625 0093 0B       		.uleb128 0xb
 1626 0094 0B       		.uleb128 0xb
 1627 0095 49       		.uleb128 0x49
 1628 0096 13       		.uleb128 0x13
 1629 0097 3A       		.uleb128 0x3a
 1630 0098 0B       		.uleb128 0xb
 1631 0099 3B       		.uleb128 0x3b
 1632 009a 05       		.uleb128 0x5
 1633 009b 01       		.uleb128 0x1
 1634 009c 13       		.uleb128 0x13
 1635 009d 00       		.byte	0
 1636 009e 00       		.byte	0
 1637 009f 0E       		.uleb128 0xe
 1638 00a0 28       		.uleb128 0x28
 1639 00a1 00       		.byte	0
 1640 00a2 03       		.uleb128 0x3
 1641 00a3 0E       		.uleb128 0xe
 1642 00a4 1C       		.uleb128 0x1c
 1643 00a5 0B       		.uleb128 0xb
 1644 00a6 00       		.byte	0
 1645 00a7 00       		.byte	0
 1646 00a8 0F       		.uleb128 0xf
 1647 00a9 0D       		.uleb128 0xd
 1648 00aa 00       		.byte	0
 1649 00ab 03       		.uleb128 0x3
 1650 00ac 08       		.uleb128 0x8
 1651 00ad 3A       		.uleb128 0x3a
 1652 00ae 0B       		.uleb128 0xb
 1653 00af 3B       		.uleb128 0x3b
 1654 00b0 05       		.uleb128 0x5
 1655 00b1 49       		.uleb128 0x49
 1656 00b2 13       		.uleb128 0x13
 1657 00b3 38       		.uleb128 0x38
 1658 00b4 0B       		.uleb128 0xb
 1659 00b5 00       		.byte	0
 1660 00b6 00       		.byte	0
 1661 00b7 10       		.uleb128 0x10
ARM GAS  C:\Users\abhim\AppData\Local\Temp\ccJPAgIT.s 			page 31


 1662 00b8 13       		.uleb128 0x13
 1663 00b9 01       		.byte	0x1
 1664 00ba 03       		.uleb128 0x3
 1665 00bb 0E       		.uleb128 0xe
 1666 00bc 0B       		.uleb128 0xb
 1667 00bd 0B       		.uleb128 0xb
 1668 00be 3A       		.uleb128 0x3a
 1669 00bf 0B       		.uleb128 0xb
 1670 00c0 3B       		.uleb128 0x3b
 1671 00c1 05       		.uleb128 0x5
 1672 00c2 01       		.uleb128 0x1
 1673 00c3 13       		.uleb128 0x13
 1674 00c4 00       		.byte	0
 1675 00c5 00       		.byte	0
 1676 00c6 11       		.uleb128 0x11
 1677 00c7 01       		.uleb128 0x1
 1678 00c8 01       		.byte	0x1
 1679 00c9 49       		.uleb128 0x49
 1680 00ca 13       		.uleb128 0x13
 1681 00cb 01       		.uleb128 0x1
 1682 00cc 13       		.uleb128 0x13
 1683 00cd 00       		.byte	0
 1684 00ce 00       		.byte	0
 1685 00cf 12       		.uleb128 0x12
 1686 00d0 21       		.uleb128 0x21
 1687 00d1 00       		.byte	0
 1688 00d2 00       		.byte	0
 1689 00d3 00       		.byte	0
 1690 00d4 13       		.uleb128 0x13
 1691 00d5 26       		.uleb128 0x26
 1692 00d6 00       		.byte	0
 1693 00d7 49       		.uleb128 0x49
 1694 00d8 13       		.uleb128 0x13
 1695 00d9 00       		.byte	0
 1696 00da 00       		.byte	0
 1697 00db 14       		.uleb128 0x14
 1698 00dc 21       		.uleb128 0x21
 1699 00dd 00       		.byte	0
 1700 00de 49       		.uleb128 0x49
 1701 00df 13       		.uleb128 0x13
 1702 00e0 2F       		.uleb128 0x2f
 1703 00e1 0B       		.uleb128 0xb
 1704 00e2 00       		.byte	0
 1705 00e3 00       		.byte	0
 1706 00e4 15       		.uleb128 0x15
 1707 00e5 34       		.uleb128 0x34
 1708 00e6 00       		.byte	0
 1709 00e7 03       		.uleb128 0x3
 1710 00e8 0E       		.uleb128 0xe
 1711 00e9 3A       		.uleb128 0x3a
 1712 00ea 0B       		.uleb128 0xb
 1713 00eb 3B       		.uleb128 0x3b
 1714 00ec 05       		.uleb128 0x5
 1715 00ed 49       		.uleb128 0x49
 1716 00ee 13       		.uleb128 0x13
 1717 00ef 02       		.uleb128 0x2
 1718 00f0 18       		.uleb128 0x18
ARM GAS  C:\Users\abhim\AppData\Local\Temp\ccJPAgIT.s 			page 32


 1719 00f1 00       		.byte	0
 1720 00f2 00       		.byte	0
 1721 00f3 16       		.uleb128 0x16
 1722 00f4 34       		.uleb128 0x34
 1723 00f5 00       		.byte	0
 1724 00f6 03       		.uleb128 0x3
 1725 00f7 0E       		.uleb128 0xe
 1726 00f8 3A       		.uleb128 0x3a
 1727 00f9 0B       		.uleb128 0xb
 1728 00fa 3B       		.uleb128 0x3b
 1729 00fb 0B       		.uleb128 0xb
 1730 00fc 49       		.uleb128 0x49
 1731 00fd 13       		.uleb128 0x13
 1732 00fe 3F       		.uleb128 0x3f
 1733 00ff 19       		.uleb128 0x19
 1734 0100 02       		.uleb128 0x2
 1735 0101 18       		.uleb128 0x18
 1736 0102 00       		.byte	0
 1737 0103 00       		.byte	0
 1738 0104 17       		.uleb128 0x17
 1739 0105 34       		.uleb128 0x34
 1740 0106 00       		.byte	0
 1741 0107 03       		.uleb128 0x3
 1742 0108 0E       		.uleb128 0xe
 1743 0109 3A       		.uleb128 0x3a
 1744 010a 0B       		.uleb128 0xb
 1745 010b 3B       		.uleb128 0x3b
 1746 010c 05       		.uleb128 0x5
 1747 010d 49       		.uleb128 0x49
 1748 010e 13       		.uleb128 0x13
 1749 010f 3F       		.uleb128 0x3f
 1750 0110 19       		.uleb128 0x19
 1751 0111 02       		.uleb128 0x2
 1752 0112 18       		.uleb128 0x18
 1753 0113 00       		.byte	0
 1754 0114 00       		.byte	0
 1755 0115 18       		.uleb128 0x18
 1756 0116 34       		.uleb128 0x34
 1757 0117 00       		.byte	0
 1758 0118 03       		.uleb128 0x3
 1759 0119 0E       		.uleb128 0xe
 1760 011a 3A       		.uleb128 0x3a
 1761 011b 0B       		.uleb128 0xb
 1762 011c 3B       		.uleb128 0x3b
 1763 011d 0B       		.uleb128 0xb
 1764 011e 49       		.uleb128 0x49
 1765 011f 13       		.uleb128 0x13
 1766 0120 3F       		.uleb128 0x3f
 1767 0121 19       		.uleb128 0x19
 1768 0122 3C       		.uleb128 0x3c
 1769 0123 19       		.uleb128 0x19
 1770 0124 00       		.byte	0
 1771 0125 00       		.byte	0
 1772 0126 19       		.uleb128 0x19
 1773 0127 21       		.uleb128 0x21
 1774 0128 00       		.byte	0
 1775 0129 49       		.uleb128 0x49
ARM GAS  C:\Users\abhim\AppData\Local\Temp\ccJPAgIT.s 			page 33


 1776 012a 13       		.uleb128 0x13
 1777 012b 2F       		.uleb128 0x2f
 1778 012c 05       		.uleb128 0x5
 1779 012d 00       		.byte	0
 1780 012e 00       		.byte	0
 1781 012f 00       		.byte	0
 1782              		.section	.debug_aranges,"",%progbits
 1783 0000 14000000 		.4byte	0x14
 1784 0004 0200     		.2byte	0x2
 1785 0006 00000000 		.4byte	.Ldebug_info0
 1786 000a 04       		.byte	0x4
 1787 000b 00       		.byte	0
 1788 000c 0000     		.2byte	0
 1789 000e 0000     		.2byte	0
 1790 0010 00000000 		.4byte	0
 1791 0014 00000000 		.4byte	0
 1792              		.section	.debug_line,"",%progbits
 1793              	.Ldebug_line0:
 1794 0000 38010000 		.section	.debug_str,"MS",%progbits,1
 1794      02003201 
 1794      00000201 
 1794      FB0E0D00 
 1794      01010101 
 1795              	.LASF46:
 1796 0000 6E657874 		.ascii	"next\000"
 1796      00
 1797              	.LASF83:
 1798 0005 45455F74 		.ascii	"EE_th_terminate_nextask\000"
 1798      685F7465 
 1798      726D696E 
 1798      6174655F 
 1798      6E657874 
 1799              	.LASF24:
 1800 001d 5469636B 		.ascii	"TickType\000"
 1800      54797065 
 1800      00
 1801              	.LASF84:
 1802 0026 45455F73 		.ascii	"EE_stkfirst\000"
 1802      746B6669 
 1802      72737400 
 1803              	.LASF26:
 1804 0032 41637469 		.ascii	"ActionType\000"
 1804      6F6E5479 
 1804      706500
 1805              	.LASF19:
 1806 003d 45455F54 		.ascii	"EE_TYPEBOOL\000"
 1806      59504542 
 1806      4F4F4C00 
 1807              	.LASF109:
 1808 0049 45455F63 		.ascii	"EE_cortex_mx_IRQ_tos\000"
 1808      6F727465 
 1808      785F6D78 
 1808      5F495251 
 1808      5F746F73 
 1809              	.LASF7:
 1810 005e 6C6F6E67 		.ascii	"long long unsigned int\000"
 1810      206C6F6E 
ARM GAS  C:\Users\abhim\AppData\Local\Temp\ccJPAgIT.s 			page 34


 1810      6720756E 
 1810      7369676E 
 1810      65642069 
 1811              	.LASF45:
 1812 0075 64656C74 		.ascii	"delta\000"
 1812      6100
 1813              	.LASF42:
 1814 007b 45455F6F 		.ascii	"EE_oo_counter_object_ROM_type\000"
 1814      6F5F636F 
 1814      756E7465 
 1814      725F6F62 
 1814      6A656374 
 1815              	.LASF89:
 1816 0099 45455F72 		.ascii	"EE_rq_pairs_next\000"
 1816      715F7061 
 1816      6972735F 
 1816      6E657874 
 1816      00
 1817              	.LASF22:
 1818 00aa 5461736B 		.ascii	"TaskType\000"
 1818      54797065 
 1818      00
 1819              	.LASF61:
 1820 00b3 45455F54 		.ascii	"EE_TOS\000"
 1820      4F5300
 1821              	.LASF29:
 1822 00ba 6D617861 		.ascii	"maxallowedvalue\000"
 1822      6C6C6F77 
 1822      65647661 
 1822      6C756500 
 1823              	.LASF115:
 1824 00ca 45455F6F 		.ascii	"EE_oo_autostart_task_mode_OSDEFAULTAPPMODE\000"
 1824      6F5F6175 
 1824      746F7374 
 1824      6172745F 
 1824      7461736B 
 1825              	.LASF79:
 1826 00f5 45455F41 		.ascii	"EE_ALARM_ID\000"
 1826      4C41524D 
 1826      5F494400 
 1827              	.LASF6:
 1828 0101 6C6F6E67 		.ascii	"long long int\000"
 1828      206C6F6E 
 1828      6720696E 
 1828      7400
 1829              	.LASF0:
 1830 010f 7369676E 		.ascii	"signed char\000"
 1830      65642063 
 1830      68617200 
 1831              	.LASF52:
 1832 011b 45455F6F 		.ascii	"EE_oo_action_kind_type\000"
 1832      6F5F6163 
 1832      74696F6E 
 1832      5F6B696E 
 1832      645F7479 
 1833              	.LASF23:
 1834 0132 4576656E 		.ascii	"EventMaskType\000"
ARM GAS  C:\Users\abhim\AppData\Local\Temp\ccJPAgIT.s 			page 35


 1834      744D6173 
 1834      6B547970 
 1834      6500
 1835              	.LASF76:
 1836 0140 45455F45 		.ascii	"EE_EVENT_NAME\000"
 1836      56454E54 
 1836      5F4E414D 
 1836      4500
 1837              	.LASF100:
 1838 014e 45455F61 		.ascii	"EE_alarm_ROM\000"
 1838      6C61726D 
 1838      5F524F4D 
 1838      00
 1839              	.LASF70:
 1840 015b 45455F63 		.ascii	"EE_cortex_mx_active_tos\000"
 1840      6F727465 
 1840      785F6D78 
 1840      5F616374 
 1840      6976655F 
 1841              	.LASF35:
 1842 0173 45455F6F 		.ascii	"EE_oo_counter_RAM_type\000"
 1842      6F5F636F 
 1842      756E7465 
 1842      725F5241 
 1842      4D5F7479 
 1843              	.LASF78:
 1844 018a 45455F45 		.ascii	"EE_EVENT_ID\000"
 1844      56454E54 
 1844      5F494400 
 1845              	.LASF4:
 1846 0196 6C6F6E67 		.ascii	"long int\000"
 1846      20696E74 
 1846      00
 1847              	.LASF87:
 1848 019f 45455F72 		.ascii	"EE_rq_queues_head\000"
 1848      715F7175 
 1848      65756573 
 1848      5F686561 
 1848      6400
 1849              	.LASF105:
 1850 01b1 45455F6F 		.ascii	"EE_oo_IRQ_suspend_status\000"
 1850      6F5F4952 
 1850      515F7375 
 1850      7370656E 
 1850      645F7374 
 1851              	.LASF107:
 1852 01ca 45455F73 		.ascii	"EE_std_endcycle_next_tid\000"
 1852      74645F65 
 1852      6E646379 
 1852      636C655F 
 1852      6E657874 
 1853              	.LASF31:
 1854 01e3 6D696E63 		.ascii	"mincycle\000"
 1854      79636C65 
 1854      00
 1855              	.LASF20:
 1856 01ec 45455F54 		.ascii	"EE_TID\000"
ARM GAS  C:\Users\abhim\AppData\Local\Temp\ccJPAgIT.s 			page 36


 1856      494400
 1857              	.LASF33:
 1858 01f3 76616C75 		.ascii	"value\000"
 1858      6500
 1859              	.LASF8:
 1860 01f9 756E7369 		.ascii	"unsigned int\000"
 1860      676E6564 
 1860      20696E74 
 1860      00
 1861              	.LASF16:
 1862 0206 45455F55 		.ascii	"EE_UREG\000"
 1862      52454700 
 1863              	.LASF60:
 1864 020e 45455F6F 		.ascii	"EE_oo_alarm_ROM_type\000"
 1864      6F5F616C 
 1864      61726D5F 
 1864      524F4D5F 
 1864      74797065 
 1865              	.LASF77:
 1866 0223 45455F41 		.ascii	"EE_ALARM_NAME\000"
 1866      4C41524D 
 1866      5F4E414D 
 1866      4500
 1867              	.LASF5:
 1868 0231 6C6F6E67 		.ascii	"long unsigned int\000"
 1868      20756E73 
 1868      69676E65 
 1868      6420696E 
 1868      7400
 1869              	.LASF95:
 1870 0243 45455F74 		.ascii	"EE_th_waswaiting\000"
 1870      685F7761 
 1870      73776169 
 1870      74696E67 
 1870      00
 1871              	.LASF62:
 1872 0254 45455F6F 		.ascii	"EE_oo_autostart_task_type\000"
 1872      6F5F6175 
 1872      746F7374 
 1872      6172745F 
 1872      7461736B 
 1873              	.LASF41:
 1874 026e 6B696E64 		.ascii	"kind\000"
 1874      00
 1875              	.LASF3:
 1876 0273 73686F72 		.ascii	"short unsigned int\000"
 1876      7420756E 
 1876      7369676E 
 1876      65642069 
 1876      6E7400
 1877              	.LASF104:
 1878 0286 45455F6F 		.ascii	"EE_oo_IRQ_disable_count\000"
 1878      6F5F4952 
 1878      515F6469 
 1878      7361626C 
 1878      655F636F 
 1879              	.LASF38:
ARM GAS  C:\Users\abhim\AppData\Local\Temp\ccJPAgIT.s 			page 37


 1880 029e 45455F6F 		.ascii	"EE_oo_counter_object_kind_type\000"
 1880      6F5F636F 
 1880      756E7465 
 1880      725F6F62 
 1880      6A656374 
 1881              	.LASF80:
 1882 02bd 45455F74 		.ascii	"EE_th_status\000"
 1882      685F7374 
 1882      61747573 
 1882      00
 1883              	.LASF39:
 1884 02ca 436F756E 		.ascii	"CounterObjectKindType\000"
 1884      7465724F 
 1884      626A6563 
 1884      744B696E 
 1884      64547970 
 1885              	.LASF73:
 1886 02e0 45455F74 		.ascii	"EE_th_dispatch_prio\000"
 1886      685F6469 
 1886      73706174 
 1886      63685F70 
 1886      72696F00 
 1887              	.LASF111:
 1888 02f4 45455F63 		.ascii	"EE_cortex_mx_stack_9\000"
 1888      6F727465 
 1888      785F6D78 
 1888      5F737461 
 1888      636B5F39 
 1889              	.LASF14:
 1890 0309 45455F56 		.ascii	"EE_VOID_CALLBACK\000"
 1890      4F49445F 
 1890      43414C4C 
 1890      4241434B 
 1890      00
 1891              	.LASF27:
 1892 031a 436F756E 		.ascii	"CounterType\000"
 1892      74657254 
 1892      79706500 
 1893              	.LASF98:
 1894 0326 45455F6F 		.ascii	"EE_oo_counter_object_ROM\000"
 1894      6F5F636F 
 1894      756E7465 
 1894      725F6F62 
 1894      6A656374 
 1895              	.LASF59:
 1896 033f 61637469 		.ascii	"action_id\000"
 1896      6F6E5F69 
 1896      6400
 1897              	.LASF106:
 1898 0349 45455F41 		.ascii	"EE_ApplicationMode\000"
 1898      70706C69 
 1898      63617469 
 1898      6F6E4D6F 
 1898      646500
 1899              	.LASF99:
 1900 035c 45455F6F 		.ascii	"EE_oo_action_ROM\000"
 1900      6F5F6163 
ARM GAS  C:\Users\abhim\AppData\Local\Temp\ccJPAgIT.s 			page 38


 1900      74696F6E 
 1900      5F524F4D 
 1900      00
 1901              	.LASF21:
 1902 036d 45455F54 		.ascii	"EE_TYPE_RQ_MASK\000"
 1902      5950455F 
 1902      52515F4D 
 1902      41534B00 
 1903              	.LASF64:
 1904 037d 73697A65 		.ascii	"sizetype\000"
 1904      74797065 
 1904      00
 1905              	.LASF9:
 1906 0386 6C6F6E67 		.ascii	"long double\000"
 1906      20646F75 
 1906      626C6500 
 1907              	.LASF92:
 1908 0392 45455F72 		.ascii	"EE_rq_free\000"
 1908      715F6672 
 1908      656500
 1909              	.LASF86:
 1910 039d 45455F72 		.ascii	"EE_rq_link\000"
 1910      715F6C69 
 1910      6E6B00
 1911              	.LASF17:
 1912 03a8 45455F53 		.ascii	"EE_SREG\000"
 1912      52454700 
 1913              	.LASF30:
 1914 03b0 7469636B 		.ascii	"ticksperbase\000"
 1914      73706572 
 1914      62617365 
 1914      00
 1915              	.LASF43:
 1916 03bd 75736564 		.ascii	"used\000"
 1916      00
 1917              	.LASF47:
 1918 03c2 45455F6F 		.ascii	"EE_oo_counter_object_RAM_type\000"
 1918      6F5F636F 
 1918      756E7465 
 1918      725F6F62 
 1918      6A656374 
 1919              	.LASF97:
 1920 03e0 45455F63 		.ascii	"EE_counter_ROM\000"
 1920      6F756E74 
 1920      65725F52 
 1920      4F4D00
 1921              	.LASF58:
 1922 03ef 45455F6F 		.ascii	"EE_oo_action_ROM_type\000"
 1922      6F5F6163 
 1922      74696F6E 
 1922      5F524F4D 
 1922      5F747970 
 1923              	.LASF10:
 1924 0405 45455F55 		.ascii	"EE_UINT16\000"
 1924      494E5431 
 1924      3600
 1925              	.LASF37:
ARM GAS  C:\Users\abhim\AppData\Local\Temp\ccJPAgIT.s 			page 39


 1926 040f 45455F53 		.ascii	"EE_SCHEDULETABLE\000"
 1926      43484544 
 1926      554C4554 
 1926      41424C45 
 1926      00
 1927              	.LASF69:
 1928 0420 45455F63 		.ascii	"EE_cortex_mx_system_tos\000"
 1928      6F727465 
 1928      785F6D78 
 1928      5F737973 
 1928      74656D5F 
 1929              	.LASF1:
 1930 0438 756E7369 		.ascii	"unsigned char\000"
 1930      676E6564 
 1930      20636861 
 1930      7200
 1931              	.LASF36:
 1932 0446 45455F41 		.ascii	"EE_ALARM\000"
 1932      4C41524D 
 1932      00
 1933              	.LASF81:
 1934 044f 45455F74 		.ascii	"EE_th_next\000"
 1934      685F6E65 
 1934      787400
 1935              	.LASF68:
 1936 045a 45455F74 		.ascii	"EE_terminate_real_th_body\000"
 1936      65726D69 
 1936      6E617465 
 1936      5F726561 
 1936      6C5F7468 
 1937              	.LASF57:
 1938 0474 696E6363 		.ascii	"inccount\000"
 1938      6F756E74 
 1938      00
 1939              	.LASF2:
 1940 047d 73686F72 		.ascii	"short int\000"
 1940      7420696E 
 1940      7400
 1941              	.LASF94:
 1942 0487 45455F74 		.ascii	"EE_th_event_waitmask\000"
 1942      685F6576 
 1942      656E745F 
 1942      77616974 
 1942      6D61736B 
 1943              	.LASF110:
 1944 049c 45455F63 		.ascii	"EE_cortex_mx_stack_3\000"
 1944      6F727465 
 1944      785F6D78 
 1944      5F737461 
 1944      636B5F33 
 1945              	.LASF75:
 1946 04b1 45455F54 		.ascii	"EE_TASK_NAME\000"
 1946      41534B5F 
 1946      4E414D45 
 1946      00
 1947              	.LASF32:
 1948 04be 45455F6F 		.ascii	"EE_oo_counter_ROM_type\000"
ARM GAS  C:\Users\abhim\AppData\Local\Temp\ccJPAgIT.s 			page 40


 1948      6F5F636F 
 1948      756E7465 
 1948      725F524F 
 1948      4D5F7479 
 1949              	.LASF112:
 1950 04d5 474E5520 		.ascii	"GNU C11 5.4.1 20160609 (release) [ARM/embedded-5-br"
 1950      43313120 
 1950      352E342E 
 1950      31203230 
 1950      31363036 
 1951 0508 616E6368 		.ascii	"anch revision 237715] -mcpu=cortex-m3 -mthumb -g -O"
 1951      20726576 
 1951      6973696F 
 1951      6E203233 
 1951      37373135 
 1952 053b 67202D66 		.ascii	"g -ffunction-sections -ffat-lto-objects\000"
 1952      66756E63 
 1952      74696F6E 
 1952      2D736563 
 1952      74696F6E 
 1953              	.LASF56:
 1954 0563 61637469 		.ascii	"action_mask\000"
 1954      6F6E5F6D 
 1954      61736B00 
 1955              	.LASF15:
 1956 056f 45455F54 		.ascii	"EE_THREAD_PTR\000"
 1956      48524541 
 1956      445F5054 
 1956      5200
 1957              	.LASF88:
 1958 057d 45455F72 		.ascii	"EE_rq_queues_tail\000"
 1958      715F7175 
 1958      65756573 
 1958      5F746169 
 1958      6C00
 1959              	.LASF66:
 1960 058f 45455F73 		.ascii	"EE_std_thread_tos\000"
 1960      74645F74 
 1960      68726561 
 1960      645F746F 
 1960      7300
 1961              	.LASF51:
 1962 05a1 45455F41 		.ascii	"EE_ACTION_CALLBACK\000"
 1962      4354494F 
 1962      4E5F4341 
 1962      4C4C4241 
 1962      434B00
 1963              	.LASF91:
 1964 05b4 45455F72 		.ascii	"EE_rq_bitmask\000"
 1964      715F6269 
 1964      746D6173 
 1964      6B00
 1965              	.LASF34:
 1966 05c2 66697273 		.ascii	"first\000"
 1966      7400
 1967              	.LASF25:
 1968 05c8 436F756E 		.ascii	"CounterObjectType\000"
ARM GAS  C:\Users\abhim\AppData\Local\Temp\ccJPAgIT.s 			page 41


 1968      7465724F 
 1968      626A6563 
 1968      74547970 
 1968      6500
 1969              	.LASF74:
 1970 05da 63686172 		.ascii	"char\000"
 1970      00
 1971              	.LASF48:
 1972 05df 45455F41 		.ascii	"EE_ACTION_TASK\000"
 1972      4354494F 
 1972      4E5F5441 
 1972      534B00
 1973              	.LASF71:
 1974 05ee 45455F74 		.ascii	"EE_th_rnact_max\000"
 1974      685F726E 
 1974      6163745F 
 1974      6D617800 
 1975              	.LASF50:
 1976 05fe 45455F41 		.ascii	"EE_ACTION_COUNTER\000"
 1976      4354494F 
 1976      4E5F434F 
 1976      554E5445 
 1976      5200
 1977              	.LASF101:
 1978 0610 45455F63 		.ascii	"EE_counter_RAM\000"
 1978      6F756E74 
 1978      65725F52 
 1978      414D00
 1979              	.LASF40:
 1980 061f 73706563 		.ascii	"spec_id\000"
 1980      5F696400 
 1981              	.LASF49:
 1982 0627 45455F41 		.ascii	"EE_ACTION_EVENT\000"
 1982      4354494F 
 1982      4E5F4556 
 1982      454E5400 
 1983              	.LASF65:
 1984 0637 45455F68 		.ascii	"EE_hal_thread_body\000"
 1984      616C5F74 
 1984      68726561 
 1984      645F626F 
 1984      647900
 1985              	.LASF85:
 1986 064a 45455F73 		.ascii	"EE_sys_ceiling\000"
 1986      79735F63 
 1986      65696C69 
 1986      6E6700
 1987              	.LASF54:
 1988 0659 61637469 		.ascii	"action_kind\000"
 1988      6F6E5F6B 
 1988      696E6400 
 1989              	.LASF63:
 1990 0665 7461736B 		.ascii	"task\000"
 1990      00
 1991              	.LASF102:
 1992 066a 45455F6F 		.ascii	"EE_oo_counter_object_RAM\000"
 1992      6F5F636F 
ARM GAS  C:\Users\abhim\AppData\Local\Temp\ccJPAgIT.s 			page 42


 1992      756E7465 
 1992      725F6F62 
 1992      6A656374 
 1993              	.LASF53:
 1994 0683 41637469 		.ascii	"ActionKindType\000"
 1994      6F6E4B69 
 1994      6E645479 
 1994      706500
 1995              	.LASF72:
 1996 0692 45455F74 		.ascii	"EE_th_ready_prio\000"
 1996      685F7265 
 1996      6164795F 
 1996      7072696F 
 1996      00
 1997              	.LASF82:
 1998 06a3 45455F74 		.ascii	"EE_th_rnact\000"
 1998      685F726E 
 1998      61637400 
 1999              	.LASF90:
 2000 06af 45455F72 		.ascii	"EE_rq_pairs_tid\000"
 2000      715F7061 
 2000      6972735F 
 2000      74696400 
 2001              	.LASF108:
 2002 06bf 45455F49 		.ascii	"EE_IRQ_nesting_level\000"
 2002      52515F6E 
 2002      65737469 
 2002      6E675F6C 
 2002      6576656C 
 2003              	.LASF12:
 2004 06d4 45455F55 		.ascii	"EE_UINT32\000"
 2004      494E5433 
 2004      3200
 2005              	.LASF11:
 2006 06de 45455F49 		.ascii	"EE_INT32\000"
 2006      4E543332 
 2006      00
 2007              	.LASF67:
 2008 06e7 45455F74 		.ascii	"EE_terminate_data\000"
 2008      65726D69 
 2008      6E617465 
 2008      5F646174 
 2008      6100
 2009              	.LASF113:
 2010 06f9 47656E65 		.ascii	"Generated_Source\\PSoC5\\ErikaOS_1_eecfg.c\000"
 2010      72617465 
 2010      645F536F 
 2010      75726365 
 2010      5C50536F 
 2011              	.LASF93:
 2012 0722 45455F74 		.ascii	"EE_th_event_active\000"
 2012      685F6576 
 2012      656E745F 
 2012      61637469 
 2012      766500
 2013              	.LASF44:
 2014 0735 636E7463 		.ascii	"cntcycle\000"
ARM GAS  C:\Users\abhim\AppData\Local\Temp\ccJPAgIT.s 			page 43


 2014      79636C65 
 2014      00
 2015              	.LASF28:
 2016 073e 5359535F 		.ascii	"SYS_tos\000"
 2016      746F7300 
 2017              	.LASF55:
 2018 0746 61637469 		.ascii	"action_task\000"
 2018      6F6E5F74 
 2018      61736B00 
 2019              	.LASF114:
 2020 0752 443A5C70 		.ascii	"D:\\psoc-workspace\\Lab Assignments\\Workspace02\\e"
 2020      736F632D 
 2020      776F726B 
 2020      73706163 
 2020      655C4C61 
 2021 0781 72696B61 		.ascii	"rikaReactionGame.cydsn\000"
 2021      52656163 
 2021      74696F6E 
 2021      47616D65 
 2021      2E637964 
 2022              	.LASF13:
 2023 0798 45455F41 		.ascii	"EE_ADDR\000"
 2023      44445200 
 2024              	.LASF96:
 2025 07a0 45455F74 		.ascii	"EE_th_is_extended\000"
 2025      685F6973 
 2025      5F657874 
 2025      656E6465 
 2025      6400
 2026              	.LASF18:
 2027 07b2 45455F46 		.ascii	"EE_FREG\000"
 2027      52454700 
 2028              	.LASF103:
 2029 07ba 45455F6F 		.ascii	"EE_oo_autostart_task_data\000"
 2029      6F5F6175 
 2029      746F7374 
 2029      6172745F 
 2029      7461736B 
 2030              		.ident	"GCC: (GNU Tools for ARM Embedded Processors) 5.4.1 20160609 (release) [ARM/embedded-5-bran
