ARM GAS  C:\Users\abhim\AppData\Local\Temp\ccqdhuU5.s 			page 1


   1              		.syntax unified
   2              		.cpu cortex-m3
   3              		.fpu softvfp
   4              		.eabi_attribute 20, 1
   5              		.eabi_attribute 21, 1
   6              		.eabi_attribute 23, 3
   7              		.eabi_attribute 24, 1
   8              		.eabi_attribute 25, 1
   9              		.eabi_attribute 26, 1
  10              		.eabi_attribute 30, 1
  11              		.eabi_attribute 34, 1
  12              		.eabi_attribute 18, 4
  13              		.thumb
  14              		.syntax unified
  15              		.file	"main.c"
  16              		.text
  17              	.Ltext0:
  18              		.cfi_sections	.debug_frame
  19              		.section	.text.main,"ax",%progbits
  20              		.align	2
  21              		.global	main
  22              		.thumb
  23              		.thumb_func
  24              		.type	main, %function
  25              	main:
  26              	.LFB111:
  27              		.file 1 "source\\asw\\main.c"
   1:source\asw/main.c **** /* ========================================
   2:source\asw/main.c ****  *
   3:source\asw/main.c ****  * Copyright YOUR COMPANY, THE YEAR
   4:source\asw/main.c ****  * All Rights Reserved
   5:source\asw/main.c ****  * UNPUBLISHED, LICENSED SOFTWARE.
   6:source\asw/main.c ****  *
   7:source\asw/main.c ****  * CONFIDENTIAL AND PROPRIETARY INFORMATION
   8:source\asw/main.c ****  * WHICH IS THE PROPERTY OF your company.
   9:source\asw/main.c ****  *
  10:source\asw/main.c ****  * ========================================
  11:source\asw/main.c **** */
  12:source\asw/main.c **** #include "../bsw/labboard/buttons.h"
  13:source\asw/main.c **** #include "../bsw/labboard/game.h"
  14:source\asw/main.c **** #include "../bsw/labboard/led.h"
  15:source\asw/main.c **** #include "control.h"
  16:source\asw/main.c **** 
  17:source\asw/main.c **** 
  18:source\asw/main.c **** extern unsigned short time_count;
  19:source\asw/main.c **** int main(void)
  20:source\asw/main.c **** {
  28              		.loc 1 20 0
  29              		.cfi_startproc
  30              		@ Volatile: function does not return.
  31              		@ args = 0, pretend = 0, frame = 0
  32              		@ frame_needed = 0, uses_anonymous_args = 0
  33 0000 08B5     		push	{r3, lr}
  34              		.cfi_def_cfa_offset 8
  35              		.cfi_offset 3, -8
  36              		.cfi_offset 14, -4
  21:source\asw/main.c ****     CyGlobalIntEnable; /* Enable global interrupts. */
ARM GAS  C:\Users\abhim\AppData\Local\Temp\ccqdhuU5.s 			page 2


  37              		.loc 1 21 0
  38              		.syntax unified
  39              	@ 21 "source\asw\main.c" 1
  40 0002 62B6     		CPSIE   i
  41              	@ 0 "" 2
  22:source\asw/main.c ****     gameInit();
  42              		.loc 1 22 0
  43              		.thumb
  44              		.syntax unified
  45 0004 FFF7FEFF 		bl	gameInit
  46              	.LVL0:
  47              	.L2:
  23:source\asw/main.c ****     
  24:source\asw/main.c ****     /* Place your initialization/startup code here (e.g. MyInst_Start()) */
  25:source\asw/main.c ****     	
  26:source\asw/main.c ****     
  27:source\asw/main.c ****     for(;;)
  28:source\asw/main.c ****     {
  29:source\asw/main.c ****        	StartOS(OSDEFAULTAPPMODE);
  48              		.loc 1 29 0 discriminator 1
  49 0008 0020     		movs	r0, #0
  50 000a FFF7FEFF 		bl	EE_oo_StartOS
  51              	.LVL1:
  52 000e FBE7     		b	.L2
  53              		.cfi_endproc
  54              	.LFE111:
  55              		.size	main, .-main
  56              		.section	.text.Functsk_init,"ax",%progbits
  57              		.align	2
  58              		.global	Functsk_init
  59              		.thumb
  60              		.thumb_func
  61              		.type	Functsk_init, %function
  62              	Functsk_init:
  63              	.LFB112:
  30:source\asw/main.c ****         /* Place your application code here. */
  31:source\asw/main.c ****     }
  32:source\asw/main.c **** }
  33:source\asw/main.c **** 
  34:source\asw/main.c **** TASK(tsk_init){
  64              		.loc 1 34 0
  65              		.cfi_startproc
  66              		@ args = 0, pretend = 0, frame = 0
  67              		@ frame_needed = 0, uses_anonymous_args = 0
  68 0000 08B5     		push	{r3, lr}
  69              		.cfi_def_cfa_offset 8
  70              		.cfi_offset 3, -8
  71              		.cfi_offset 14, -4
  35:source\asw/main.c ****     EE_system_init();
  72              		.loc 1 35 0
  73 0002 FFF7FEFF 		bl	EE_system_init
  74              	.LVL2:
  75              	.LBB4:
  76              	.LBB5:
  77              		.file 2 "Generated_Source\\PSoC5/ErikaOS_1_cortex_mx_ee_systick.inc"
   1:Generated_Source\PSoC5/ErikaOS_1_cortex_mx_ee_systick.inc **** /* ###*B*###
   2:Generated_Source\PSoC5/ErikaOS_1_cortex_mx_ee_systick.inc ****  * ERIKA Enterprise - a tiny RTOS for small microcontrollers
ARM GAS  C:\Users\abhim\AppData\Local\Temp\ccqdhuU5.s 			page 3


   3:Generated_Source\PSoC5/ErikaOS_1_cortex_mx_ee_systick.inc ****  *
   4:Generated_Source\PSoC5/ErikaOS_1_cortex_mx_ee_systick.inc ****  * Copyright (C) 2002-2012  Evidence Srl
   5:Generated_Source\PSoC5/ErikaOS_1_cortex_mx_ee_systick.inc ****  *
   6:Generated_Source\PSoC5/ErikaOS_1_cortex_mx_ee_systick.inc ****  * This file is part of ERIKA Enterprise.
   7:Generated_Source\PSoC5/ErikaOS_1_cortex_mx_ee_systick.inc ****  *
   8:Generated_Source\PSoC5/ErikaOS_1_cortex_mx_ee_systick.inc ****  * ERIKA Enterprise is free software; you can redistribute it
   9:Generated_Source\PSoC5/ErikaOS_1_cortex_mx_ee_systick.inc ****  * and/or modify it under the terms of the GNU General Public License
  10:Generated_Source\PSoC5/ErikaOS_1_cortex_mx_ee_systick.inc ****  * version 2 as published by the Free Software Foundation,
  11:Generated_Source\PSoC5/ErikaOS_1_cortex_mx_ee_systick.inc ****  * (with a special exception described below).
  12:Generated_Source\PSoC5/ErikaOS_1_cortex_mx_ee_systick.inc ****  *
  13:Generated_Source\PSoC5/ErikaOS_1_cortex_mx_ee_systick.inc ****  * Linking this code statically or dynamically with other modules is
  14:Generated_Source\PSoC5/ErikaOS_1_cortex_mx_ee_systick.inc ****  * making a combined work based on this code.  Thus, the terms and
  15:Generated_Source\PSoC5/ErikaOS_1_cortex_mx_ee_systick.inc ****  * conditions of the GNU General Public License cover the whole
  16:Generated_Source\PSoC5/ErikaOS_1_cortex_mx_ee_systick.inc ****  * combination.
  17:Generated_Source\PSoC5/ErikaOS_1_cortex_mx_ee_systick.inc ****  *
  18:Generated_Source\PSoC5/ErikaOS_1_cortex_mx_ee_systick.inc ****  * As a special exception, the copyright holders of this library give you
  19:Generated_Source\PSoC5/ErikaOS_1_cortex_mx_ee_systick.inc ****  * permission to link this code with independent modules to produce an
  20:Generated_Source\PSoC5/ErikaOS_1_cortex_mx_ee_systick.inc ****  * executable, regardless of the license terms of these independent
  21:Generated_Source\PSoC5/ErikaOS_1_cortex_mx_ee_systick.inc ****  * modules, and to copy and distribute the resulting executable under
  22:Generated_Source\PSoC5/ErikaOS_1_cortex_mx_ee_systick.inc ****  * terms of your choice, provided that you also meet, for each linked
  23:Generated_Source\PSoC5/ErikaOS_1_cortex_mx_ee_systick.inc ****  * independent module, the terms and conditions of the license of that
  24:Generated_Source\PSoC5/ErikaOS_1_cortex_mx_ee_systick.inc ****  * module.  An independent module is a module which is not derived from
  25:Generated_Source\PSoC5/ErikaOS_1_cortex_mx_ee_systick.inc ****  * or based on this library.  If you modify this code, you may extend
  26:Generated_Source\PSoC5/ErikaOS_1_cortex_mx_ee_systick.inc ****  * this exception to your version of the code, but you are not
  27:Generated_Source\PSoC5/ErikaOS_1_cortex_mx_ee_systick.inc ****  * obligated to do so.  If you do not wish to do so, delete this
  28:Generated_Source\PSoC5/ErikaOS_1_cortex_mx_ee_systick.inc ****  * exception statement from your version.
  29:Generated_Source\PSoC5/ErikaOS_1_cortex_mx_ee_systick.inc ****  *
  30:Generated_Source\PSoC5/ErikaOS_1_cortex_mx_ee_systick.inc ****  * ERIKA Enterprise is distributed in the hope that it will be
  31:Generated_Source\PSoC5/ErikaOS_1_cortex_mx_ee_systick.inc ****  * useful, but WITHOUT ANY WARRANTY; without even the implied warranty
  32:Generated_Source\PSoC5/ErikaOS_1_cortex_mx_ee_systick.inc ****  * of MERCHANTABILITY or FITNESS FOR A PARTICULAR PURPOSE.  See the
  33:Generated_Source\PSoC5/ErikaOS_1_cortex_mx_ee_systick.inc ****  * GNU General Public License version 2 for more details.
  34:Generated_Source\PSoC5/ErikaOS_1_cortex_mx_ee_systick.inc ****  *
  35:Generated_Source\PSoC5/ErikaOS_1_cortex_mx_ee_systick.inc ****  * You should have received a copy of the GNU General Public License
  36:Generated_Source\PSoC5/ErikaOS_1_cortex_mx_ee_systick.inc ****  * version 2 along with ERIKA Enterprise; if not, write to the
  37:Generated_Source\PSoC5/ErikaOS_1_cortex_mx_ee_systick.inc ****  * Free Software Foundation, Inc., 51 Franklin Street, Fifth Floor,
  38:Generated_Source\PSoC5/ErikaOS_1_cortex_mx_ee_systick.inc ****  * Boston, MA 02110-1301 USA.
  39:Generated_Source\PSoC5/ErikaOS_1_cortex_mx_ee_systick.inc ****  * ###*E*### */
  40:Generated_Source\PSoC5/ErikaOS_1_cortex_mx_ee_systick.inc **** 
  41:Generated_Source\PSoC5/ErikaOS_1_cortex_mx_ee_systick.inc **** /**
  42:Generated_Source\PSoC5/ErikaOS_1_cortex_mx_ee_systick.inc ****     @file	ee_systick.h
  43:Generated_Source\PSoC5/ErikaOS_1_cortex_mx_ee_systick.inc ****     @brief	SysTick system timer driver header file.
  44:Generated_Source\PSoC5/ErikaOS_1_cortex_mx_ee_systick.inc ****     @author	Giuseppe Serano
  45:Generated_Source\PSoC5/ErikaOS_1_cortex_mx_ee_systick.inc ****     @date	2012
  46:Generated_Source\PSoC5/ErikaOS_1_cortex_mx_ee_systick.inc **** 
  47:Generated_Source\PSoC5/ErikaOS_1_cortex_mx_ee_systick.inc **** **/
  48:Generated_Source\PSoC5/ErikaOS_1_cortex_mx_ee_systick.inc **** 
  49:Generated_Source\PSoC5/ErikaOS_1_cortex_mx_ee_systick.inc **** /*
  50:Generated_Source\PSoC5/ErikaOS_1_cortex_mx_ee_systick.inc ****  * PSoC Port and API Generation
  51:Generated_Source\PSoC5/ErikaOS_1_cortex_mx_ee_systick.inc ****  * Carlos Fernando Meier Martinez
  52:Generated_Source\PSoC5/ErikaOS_1_cortex_mx_ee_systick.inc ****  * Hochschule Darmstadt, Germany. 2017.
  53:Generated_Source\PSoC5/ErikaOS_1_cortex_mx_ee_systick.inc ****  */
  54:Generated_Source\PSoC5/ErikaOS_1_cortex_mx_ee_systick.inc **** 
  55:Generated_Source\PSoC5/ErikaOS_1_cortex_mx_ee_systick.inc **** #ifndef	__INCLUDE_CORTEX_MX_SYSTICK_H__
  56:Generated_Source\PSoC5/ErikaOS_1_cortex_mx_ee_systick.inc **** #define	__INCLUDE_CORTEX_MX_SYSTICK_H__
  57:Generated_Source\PSoC5/ErikaOS_1_cortex_mx_ee_systick.inc **** 
  58:Generated_Source\PSoC5/ErikaOS_1_cortex_mx_ee_systick.inc **** #ifdef	__USE_SYSTICK__
  59:Generated_Source\PSoC5/ErikaOS_1_cortex_mx_ee_systick.inc **** 
ARM GAS  C:\Users\abhim\AppData\Local\Temp\ccqdhuU5.s 			page 4


  60:Generated_Source\PSoC5/ErikaOS_1_cortex_mx_ee_systick.inc **** /** error value. No errors happened **/
  61:Generated_Source\PSoC5/ErikaOS_1_cortex_mx_ee_systick.inc **** #define	EE_SYSTICK_NO_ERRORS	0
  62:Generated_Source\PSoC5/ErikaOS_1_cortex_mx_ee_systick.inc **** /** error value. Wrong funtion arguments values **/
  63:Generated_Source\PSoC5/ErikaOS_1_cortex_mx_ee_systick.inc **** #define	EE_SYSTICK_ERR_BAD_ARGS	1
  64:Generated_Source\PSoC5/ErikaOS_1_cortex_mx_ee_systick.inc **** 
  65:Generated_Source\PSoC5/ErikaOS_1_cortex_mx_ee_systick.inc **** /**
  66:Generated_Source\PSoC5/ErikaOS_1_cortex_mx_ee_systick.inc ****     @brief Start SysTick.
  67:Generated_Source\PSoC5/ErikaOS_1_cortex_mx_ee_systick.inc **** 
  68:Generated_Source\PSoC5/ErikaOS_1_cortex_mx_ee_systick.inc ****     This will start the SysTick counter.  If an ISR has been defined, it is
  69:Generated_Source\PSoC5/ErikaOS_1_cortex_mx_ee_systick.inc ****     called when the SysTick counter rolls over.
  70:Generated_Source\PSoC5/ErikaOS_1_cortex_mx_ee_systick.inc **** 
  71:Generated_Source\PSoC5/ErikaOS_1_cortex_mx_ee_systick.inc ****     @note Calling this function will cause the SysTick counter to (re)commence
  72:Generated_Source\PSoC5/ErikaOS_1_cortex_mx_ee_systick.inc ****     counting from its current value.  The counter is not automatically reloaded
  73:Generated_Source\PSoC5/ErikaOS_1_cortex_mx_ee_systick.inc ****     with the period as specified in a previous call to EE_systick_set_period().
  74:Generated_Source\PSoC5/ErikaOS_1_cortex_mx_ee_systick.inc ****     If an immediate reload is required, the \b NVIC_ST_CURRENT register must be
  75:Generated_Source\PSoC5/ErikaOS_1_cortex_mx_ee_systick.inc ****     written to force this.  Any write to this register clears the SysTick
  76:Generated_Source\PSoC5/ErikaOS_1_cortex_mx_ee_systick.inc ****     counter to 0 and will cause a reload with the supplied period on the next
  77:Generated_Source\PSoC5/ErikaOS_1_cortex_mx_ee_systick.inc ****     clock.
  78:Generated_Source\PSoC5/ErikaOS_1_cortex_mx_ee_systick.inc ****  */
  79:Generated_Source\PSoC5/ErikaOS_1_cortex_mx_ee_systick.inc **** __INLINE__ void  EE_systick_start(void)
  80:Generated_Source\PSoC5/ErikaOS_1_cortex_mx_ee_systick.inc **** {
  81:Generated_Source\PSoC5/ErikaOS_1_cortex_mx_ee_systick.inc ****   NVIC_ST_CTRL_R |= NVIC_ST_CTRL_CLK_SRC | NVIC_ST_CTRL_ENABLE;
  78              		.loc 2 81 0
  79 0006 184A     		ldr	r2, .L6
  80 0008 1368     		ldr	r3, [r2]
  81 000a 43F00503 		orr	r3, r3, #5
  82 000e 1360     		str	r3, [r2]
  83              	.LBE5:
  84              	.LBE4:
  36:source\asw/main.c ****     EE_systick_start(); 
  37:source\asw/main.c ****     
  38:source\asw/main.c ****     LED_init();
  85              		.loc 1 38 0
  86 0010 FFF7FEFF 		bl	LED_init
  87              	.LVL3:
  39:source\asw/main.c ****     RGB_PWM_Yellow_Start();
  88              		.loc 1 39 0
  89 0014 FFF7FEFF 		bl	RGB_PWM_Yellow_Start
  90              	.LVL4:
  40:source\asw/main.c ****     RGB_PWM_Green_Start();
  91              		.loc 1 40 0
  92 0018 FFF7FEFF 		bl	RGB_PWM_Green_Start
  93              	.LVL5:
  41:source\asw/main.c ****     RGB_PWM_Red_Start();
  94              		.loc 1 41 0
  95 001c FFF7FEFF 		bl	RGB_PWM_Red_Start
  96              	.LVL6:
  42:source\asw/main.c ****     RGB_PWM_Yellow_1_Start();
  97              		.loc 1 42 0
  98 0020 FFF7FEFF 		bl	RGB_PWM_Yellow_1_Start
  99              	.LVL7:
  43:source\asw/main.c ****     RGB_PWM_Green_1_Start();
 100              		.loc 1 43 0
 101 0024 FFF7FEFF 		bl	RGB_PWM_Green_1_Start
 102              	.LVL8:
  44:source\asw/main.c ****     RGB_PWM_Red_1_Start();
 103              		.loc 1 44 0
ARM GAS  C:\Users\abhim\AppData\Local\Temp\ccqdhuU5.s 			page 5


 104 0028 FFF7FEFF 		bl	RGB_PWM_Red_1_Start
 105              	.LVL9:
  45:source\asw/main.c ****     
  46:source\asw/main.c ****     
  47:source\asw/main.c ****     
  48:source\asw/main.c ****     SetRelAlarm(alrm_50ms,50,50);
 106              		.loc 1 48 0
 107 002c 3222     		movs	r2, #50
 108 002e 1146     		mov	r1, r2
 109 0030 0020     		movs	r0, #0
 110 0032 FFF7FEFF 		bl	EE_oo_SetRelAlarm
 111              	.LVL10:
  49:source\asw/main.c ****     SetRelAlarm(alrm_fader,1,50);
 112              		.loc 1 49 0
 113 0036 3222     		movs	r2, #50
 114 0038 0121     		movs	r1, #1
 115 003a 0320     		movs	r0, #3
 116 003c FFF7FEFF 		bl	EE_oo_SetRelAlarm
 117              	.LVL11:
  50:source\asw/main.c ****     SetRelAlarm(alrm_glower,1,50);
 118              		.loc 1 50 0
 119 0040 3222     		movs	r2, #50
 120 0042 0121     		movs	r1, #1
 121 0044 0420     		movs	r0, #4
 122 0046 FFF7FEFF 		bl	EE_oo_SetRelAlarm
 123              	.LVL12:
  51:source\asw/main.c ****     ActivateTask(tsk_fader);
 124              		.loc 1 51 0
 125 004a 0520     		movs	r0, #5
 126 004c FFF7FEFF 		bl	EE_oo_ActivateTask
 127              	.LVL13:
  52:source\asw/main.c ****     ActivateTask(tsk_glower);
 128              		.loc 1 52 0
 129 0050 0620     		movs	r0, #6
 130 0052 FFF7FEFF 		bl	EE_oo_ActivateTask
 131              	.LVL14:
  53:source\asw/main.c ****     ActivateTask(tsk_control);
 132              		.loc 1 53 0
 133 0056 0220     		movs	r0, #2
 134 0058 FFF7FEFF 		bl	EE_oo_ActivateTask
 135              	.LVL15:
  54:source\asw/main.c ****     ActivateTask(tsk_background);
 136              		.loc 1 54 0
 137 005c 0120     		movs	r0, #1
 138 005e FFF7FEFF 		bl	EE_oo_ActivateTask
 139              	.LVL16:
  55:source\asw/main.c ****     
  56:source\asw/main.c ****     TerminateTask();
 140              		.loc 1 56 0
 141 0062 FFF7FEFF 		bl	EE_oo_TerminateTask
 142              	.LVL17:
 143 0066 08BD     		pop	{r3, pc}
 144              	.L7:
 145              		.align	2
 146              	.L6:
 147 0068 10E000E0 		.word	-536813552
 148              		.cfi_endproc
ARM GAS  C:\Users\abhim\AppData\Local\Temp\ccqdhuU5.s 			page 6


 149              	.LFE112:
 150              		.size	Functsk_init, .-Functsk_init
 151              		.section	.text.Functsk_background,"ax",%progbits
 152              		.align	2
 153              		.global	Functsk_background
 154              		.thumb
 155              		.thumb_func
 156              		.type	Functsk_background, %function
 157              	Functsk_background:
 158              	.LFB113:
  57:source\asw/main.c **** }
  58:source\asw/main.c **** TASK(tsk_background){
 159              		.loc 1 58 0
 160              		.cfi_startproc
 161              		@ Volatile: function does not return.
 162              		@ args = 0, pretend = 0, frame = 0
 163              		@ frame_needed = 0, uses_anonymous_args = 0
 164              		@ link register save eliminated.
 165              	.L9:
  59:source\asw/main.c ****  while(1)
  60:source\asw/main.c ****     {
  61:source\asw/main.c ****         //do something with low prioroty
  62:source\asw/main.c ****         __asm("nop");
 166              		.loc 1 62 0 discriminator 1
 167              		.syntax unified
 168              	@ 62 "source\asw\main.c" 1
 169 0000 00BF     		nop
 170              	@ 0 "" 2
 171              		.thumb
 172              		.syntax unified
 173 0002 FDE7     		b	.L9
 174              		.cfi_endproc
 175              	.LFE113:
 176              		.size	Functsk_background, .-Functsk_background
 177              		.section	.text.unhandledException,"ax",%progbits
 178              		.align	2
 179              		.global	unhandledException
 180              		.thumb
 181              		.thumb_func
 182              		.type	unhandledException, %function
 183              	unhandledException:
 184              	.LFB114:
  63:source\asw/main.c ****     }
  64:source\asw/main.c **** }
  65:source\asw/main.c **** void unhandledException()
  66:source\asw/main.c **** {
 185              		.loc 1 66 0
 186              		.cfi_startproc
 187              		@ args = 0, pretend = 0, frame = 0
 188              		@ frame_needed = 0, uses_anonymous_args = 0
 189              		@ link register save eliminated.
  67:source\asw/main.c ****     //Ooops, something terrible happened....check the call stack to see how we got here...
  68:source\asw/main.c ****     __asm("bkpt");
 190              		.loc 1 68 0
 191              		.syntax unified
 192              	@ 68 "source\asw\main.c" 1
 193 0000 00BE     		bkpt
ARM GAS  C:\Users\abhim\AppData\Local\Temp\ccqdhuU5.s 			page 7


 194              	@ 0 "" 2
 195              		.thumb
 196              		.syntax unified
 197 0002 7047     		bx	lr
 198              		.cfi_endproc
 199              	.LFE114:
 200              		.size	unhandledException, .-unhandledException
 201              		.section	.text.Functsk_control,"ax",%progbits
 202              		.align	2
 203              		.global	Functsk_control
 204              		.thumb
 205              		.thumb_func
 206              		.type	Functsk_control, %function
 207              	Functsk_control:
 208              	.LFB115:
  69:source\asw/main.c **** }
  70:source\asw/main.c **** // extern unsigned short randomTime;
  71:source\asw/main.c **** 
  72:source\asw/main.c **** 
  73:source\asw/main.c **** 
  74:source\asw/main.c **** TASK(tsk_control){
 209              		.loc 1 74 0
 210              		.cfi_startproc
 211              		@ args = 0, pretend = 0, frame = 8
 212              		@ frame_needed = 0, uses_anonymous_args = 0
 213 0000 00B5     		push	{lr}
 214              		.cfi_def_cfa_offset 4
 215              		.cfi_offset 14, -4
 216 0002 83B0     		sub	sp, sp, #12
 217              		.cfi_def_cfa_offset 16
 218              	.L15:
  75:source\asw/main.c ****     EventMaskType ev = 0;
  76:source\asw/main.c ****     EventMaskType activeEvents;
  77:source\asw/main.c ****     
  78:source\asw/main.c ****     while(1){
  79:source\asw/main.c ****          WaitEvent(ev_btn1Press | ev_btn2Press | ev_resetGame);
 219              		.loc 1 79 0
 220 0004 0E20     		movs	r0, #14
 221 0006 FFF7FEFF 		bl	EE_oo_WaitEvent
 222              	.LVL18:
  80:source\asw/main.c ****          GetEvent(tsk_control, &activeEvents);
 223              		.loc 1 80 0
 224 000a 01A9     		add	r1, sp, #4
 225 000c 0220     		movs	r0, #2
 226 000e FFF7FEFF 		bl	EE_oo_GetEvent
 227              	.LVL19:
  81:source\asw/main.c ****         
  82:source\asw/main.c ****         if(activeEvents & ev_btn1Press){
 228              		.loc 1 82 0
 229 0012 019B     		ldr	r3, [sp, #4]
 230 0014 13F0020F 		tst	r3, #2
 231 0018 06D0     		beq	.L12
  83:source\asw/main.c ****          CTRL_processEvent1(EV_button1Press);
 232              		.loc 1 83 0
 233 001a 0820     		movs	r0, #8
 234 001c FFF7FEFF 		bl	CTRL_processEvent1
 235              	.LVL20:
ARM GAS  C:\Users\abhim\AppData\Local\Temp\ccqdhuU5.s 			page 8


  84:source\asw/main.c ****          ClearEvent(ev_btn1Press);
 236              		.loc 1 84 0
 237 0020 0220     		movs	r0, #2
 238 0022 FFF7FEFF 		bl	EE_oo_ClearEvent
 239              	.LVL21:
 240 0026 0FE0     		b	.L13
 241              	.L12:
  85:source\asw/main.c ****         }
  86:source\asw/main.c ****         else if(activeEvents & ev_btn2Press){
 242              		.loc 1 86 0
 243 0028 13F0040F 		tst	r3, #4
 244 002c 06D0     		beq	.L14
  87:source\asw/main.c ****          CTRL_processEvent1(EV_button2Press);
 245              		.loc 1 87 0
 246 002e 0920     		movs	r0, #9
 247 0030 FFF7FEFF 		bl	CTRL_processEvent1
 248              	.LVL22:
  88:source\asw/main.c ****          ClearEvent(ev_btn2Press);
 249              		.loc 1 88 0
 250 0034 0420     		movs	r0, #4
 251 0036 FFF7FEFF 		bl	EE_oo_ClearEvent
 252              	.LVL23:
 253 003a 05E0     		b	.L13
 254              	.L14:
  89:source\asw/main.c ****         }  
  90:source\asw/main.c ****         else if(activeEvents & ev_resetGame){
 255              		.loc 1 90 0
 256 003c 13F0080F 		tst	r3, #8
 257 0040 02D0     		beq	.L13
  91:source\asw/main.c ****          ClearEvent(ev_resetGame);
 258              		.loc 1 91 0
 259 0042 0820     		movs	r0, #8
 260 0044 FFF7FEFF 		bl	EE_oo_ClearEvent
 261              	.LVL24:
 262              	.L13:
  92:source\asw/main.c ****         }
  93:source\asw/main.c ****         ClearEvent(activeEvents);
 263              		.loc 1 93 0
 264 0048 0198     		ldr	r0, [sp, #4]
 265 004a FFF7FEFF 		bl	EE_oo_ClearEvent
 266              	.LVL25:
  94:source\asw/main.c ****     }
 267              		.loc 1 94 0
 268 004e D9E7     		b	.L15
 269              		.cfi_endproc
 270              	.LFE115:
 271              		.size	Functsk_control, .-Functsk_control
 272              		.section	.text.Functsk_timer,"ax",%progbits
 273              		.align	2
 274              		.global	Functsk_timer
 275              		.thumb
 276              		.thumb_func
 277              		.type	Functsk_timer, %function
 278              	Functsk_timer:
 279              	.LFB116:
  95:source\asw/main.c ****     TerminateTask();
  96:source\asw/main.c **** }
ARM GAS  C:\Users\abhim\AppData\Local\Temp\ccqdhuU5.s 			page 9


  97:source\asw/main.c **** 
  98:source\asw/main.c **** TASK(tsk_timer){
 280              		.loc 1 98 0
 281              		.cfi_startproc
 282              		@ args = 0, pretend = 0, frame = 0
 283              		@ frame_needed = 0, uses_anonymous_args = 0
 284 0000 08B5     		push	{r3, lr}
 285              		.cfi_def_cfa_offset 8
 286              		.cfi_offset 3, -8
 287              		.cfi_offset 14, -4
  99:source\asw/main.c ****     time_count++;
 288              		.loc 1 99 0
 289 0002 034A     		ldr	r2, .L19
 290 0004 1388     		ldrh	r3, [r2]
 291 0006 0133     		adds	r3, r3, #1
 292 0008 1380     		strh	r3, [r2]	@ movhi
 100:source\asw/main.c ****     TerminateTask();  
 293              		.loc 1 100 0
 294 000a FFF7FEFF 		bl	EE_oo_TerminateTask
 295              	.LVL26:
 296 000e 08BD     		pop	{r3, pc}
 297              	.L20:
 298              		.align	2
 299              	.L19:
 300 0010 00000000 		.word	time_count
 301              		.cfi_endproc
 302              	.LFE116:
 303              		.size	Functsk_timer, .-Functsk_timer
 304              		.section	.text.Functsk_timeDelay,"ax",%progbits
 305              		.align	2
 306              		.global	Functsk_timeDelay
 307              		.thumb
 308              		.thumb_func
 309              		.type	Functsk_timeDelay, %function
 310              	Functsk_timeDelay:
 311              	.LFB117:
 101:source\asw/main.c **** }
 102:source\asw/main.c **** 
 103:source\asw/main.c **** TASK(tsk_timeDelay){
 312              		.loc 1 103 0
 313              		.cfi_startproc
 314              		@ args = 0, pretend = 0, frame = 0
 315              		@ frame_needed = 0, uses_anonymous_args = 0
 316 0000 08B5     		push	{r3, lr}
 317              		.cfi_def_cfa_offset 8
 318              		.cfi_offset 3, -8
 319              		.cfi_offset 14, -4
 104:source\asw/main.c ****     randomNumGenerate();
 320              		.loc 1 104 0
 321 0002 FFF7FEFF 		bl	randomNumGenerate
 322              	.LVL27:
 105:source\asw/main.c ****     TerminateTask();
 323              		.loc 1 105 0
 324 0006 FFF7FEFF 		bl	EE_oo_TerminateTask
 325              	.LVL28:
 326 000a 08BD     		pop	{r3, pc}
 327              		.cfi_endproc
ARM GAS  C:\Users\abhim\AppData\Local\Temp\ccqdhuU5.s 			page 10


 328              	.LFE117:
 329              		.size	Functsk_timeDelay, .-Functsk_timeDelay
 330              		.section	.text.isr_button,"ax",%progbits
 331              		.align	2
 332              		.global	isr_button
 333              		.thumb
 334              		.thumb_func
 335              		.type	isr_button, %function
 336              	isr_button:
 337              	.LFB118:
 106:source\asw/main.c **** }
 107:source\asw/main.c **** CY_ISR(isr_button){
 338              		.loc 1 107 0
 339              		.cfi_startproc
 340              		@ args = 0, pretend = 0, frame = 0
 341              		@ frame_needed = 0, uses_anonymous_args = 0
 342 0000 08B5     		push	{r3, lr}
 343              		.cfi_def_cfa_offset 8
 344              		.cfi_offset 3, -8
 345              		.cfi_offset 14, -4
 108:source\asw/main.c **** 
 109:source\asw/main.c ****     if(Button_1_Read() == 1){
 346              		.loc 1 109 0
 347 0002 FFF7FEFF 		bl	Button_1_Read
 348              	.LVL29:
 349 0006 0128     		cmp	r0, #1
 350 0008 04D1     		bne	.L24
 110:source\asw/main.c ****      SetEvent(tsk_control,ev_btn1Press);
 351              		.loc 1 110 0
 352 000a 0221     		movs	r1, #2
 353 000c 0846     		mov	r0, r1
 354 000e FFF7FEFF 		bl	EE_oo_SetEvent
 355              	.LVL30:
 356 0012 08BD     		pop	{r3, pc}
 357              	.L24:
 111:source\asw/main.c ****     }else if(Button_2_Read() == 1){
 358              		.loc 1 111 0
 359 0014 FFF7FEFF 		bl	Button_2_Read
 360              	.LVL31:
 361 0018 0128     		cmp	r0, #1
 362 001a 03D1     		bne	.L23
 112:source\asw/main.c ****      SetEvent(tsk_control,ev_btn2Press);
 363              		.loc 1 112 0
 364 001c 0421     		movs	r1, #4
 365 001e 0220     		movs	r0, #2
 366 0020 FFF7FEFF 		bl	EE_oo_SetEvent
 367              	.LVL32:
 368              	.L23:
 369 0024 08BD     		pop	{r3, pc}
 370              		.cfi_endproc
 371              	.LFE118:
 372              		.size	isr_button, .-isr_button
 373 0026 00BF     		.section	.text.Functsk_fader,"ax",%progbits
 374              		.align	2
 375              		.global	Functsk_fader
 376              		.thumb
 377              		.thumb_func
ARM GAS  C:\Users\abhim\AppData\Local\Temp\ccqdhuU5.s 			page 11


 378              		.type	Functsk_fader, %function
 379              	Functsk_fader:
 380              	.LFB119:
 113:source\asw/main.c ****     }else{
 114:source\asw/main.c ****      //nothing
 115:source\asw/main.c ****     }
 116:source\asw/main.c ****         
 117:source\asw/main.c **** }
 118:source\asw/main.c **** 
 119:source\asw/main.c **** TASK(tsk_fader){
 381              		.loc 1 119 0
 382              		.cfi_startproc
 383              		@ args = 0, pretend = 0, frame = 0
 384              		@ frame_needed = 0, uses_anonymous_args = 0
 385 0000 08B5     		push	{r3, lr}
 386              		.cfi_def_cfa_offset 8
 387              		.cfi_offset 3, -8
 388              		.cfi_offset 14, -4
 120:source\asw/main.c ****  LED_fadeEffect();
 389              		.loc 1 120 0
 390 0002 FFF7FEFF 		bl	LED_fadeEffect
 391              	.LVL33:
 121:source\asw/main.c ****  TerminateTask();
 392              		.loc 1 121 0
 393 0006 FFF7FEFF 		bl	EE_oo_TerminateTask
 394              	.LVL34:
 395 000a 08BD     		pop	{r3, pc}
 396              		.cfi_endproc
 397              	.LFE119:
 398              		.size	Functsk_fader, .-Functsk_fader
 399              		.section	.text.Functsk_glower,"ax",%progbits
 400              		.align	2
 401              		.global	Functsk_glower
 402              		.thumb
 403              		.thumb_func
 404              		.type	Functsk_glower, %function
 405              	Functsk_glower:
 406              	.LFB120:
 122:source\asw/main.c **** }
 123:source\asw/main.c **** 
 124:source\asw/main.c **** TASK(tsk_glower){
 407              		.loc 1 124 0
 408              		.cfi_startproc
 409              		@ args = 0, pretend = 0, frame = 0
 410              		@ frame_needed = 0, uses_anonymous_args = 0
 411 0000 08B5     		push	{r3, lr}
 412              		.cfi_def_cfa_offset 8
 413              		.cfi_offset 3, -8
 414              		.cfi_offset 14, -4
 125:source\asw/main.c ****  playGlowSequence(RG_glowtable_1, RG_glowtable_1_len);
 415              		.loc 1 125 0
 416 0002 044B     		ldr	r3, .L31
 417 0004 1968     		ldr	r1, [r3]
 418 0006 0448     		ldr	r0, .L31+4
 419 0008 FFF7FEFF 		bl	playGlowSequence
 420              	.LVL35:
 126:source\asw/main.c ****  TerminateTask();
ARM GAS  C:\Users\abhim\AppData\Local\Temp\ccqdhuU5.s 			page 12


 421              		.loc 1 126 0
 422 000c FFF7FEFF 		bl	EE_oo_TerminateTask
 423              	.LVL36:
 424 0010 08BD     		pop	{r3, pc}
 425              	.L32:
 426 0012 00BF     		.align	2
 427              	.L31:
 428 0014 00000000 		.word	RG_glowtable_1_len
 429 0018 00000000 		.word	RG_glowtable_1
 430              		.cfi_endproc
 431              	.LFE120:
 432              		.size	Functsk_glower, .-Functsk_glower
 433              		.comm	systickCounter,4,4
 434              		.comm	game,8,4
 435              		.text
 436              	.Letext0:
 437              		.file 3 "c:\\program files (x86)\\cypress\\psoc creator\\4.4\\psoc creator\\import\\gnu\\arm\\5.4.
 438              		.file 4 "c:\\program files (x86)\\cypress\\psoc creator\\4.4\\psoc creator\\import\\gnu\\arm\\5.4.
 439              		.file 5 "c:\\program files (x86)\\cypress\\psoc creator\\4.4\\psoc creator\\import\\gnu\\arm\\5.4.
 440              		.file 6 "Generated_Source\\PSoC5/ErikaOS_1_common_ee_types.inc"
 441              		.file 7 "Generated_Source\\PSoC5/ErikaOS_1_cortex_mx_ee_cpu.inc"
 442              		.file 8 "Generated_Source\\PSoC5/ErikaOS_1_ee_oo_common.inc"
 443              		.file 9 "source\\asw\\../bsw/labboard/game.h"
 444              		.file 10 "source\\asw\\../bsw/labboard/led.h"
 445              		.file 11 "Generated_Source\\PSoC5/ErikaOS_1_ee_oo_intfunc.inc"
 446              		.file 12 "Generated_Source\\PSoC5/ErikaOS_1_cortex_mx_ee_context.inc"
 447              		.file 13 "Generated_Source\\PSoC5/ErikaOS_1_common_ee_primitives.inc"
 448              		.file 14 "Generated_Source\\PSoC5/core_cm3.h"
 449              		.file 15 "Generated_Source\\PSoC5/ErikaOS_1_ee_oo_kernel.inc"
 450              		.file 16 "Generated_Source\\PSoC5/RGB_PWM_Yellow.h"
 451              		.file 17 "Generated_Source\\PSoC5/RGB_PWM_Green.h"
 452              		.file 18 "Generated_Source\\PSoC5/RGB_PWM_Red.h"
 453              		.file 19 "Generated_Source\\PSoC5/RGB_PWM_Yellow_1.h"
 454              		.file 20 "Generated_Source\\PSoC5/RGB_PWM_Green_1.h"
 455              		.file 21 "Generated_Source\\PSoC5/RGB_PWM_Red_1.h"
 456              		.file 22 "source\\asw\\control.h"
 457              		.file 23 "Generated_Source\\PSoC5/Button_1.h"
 458              		.file 24 "Generated_Source\\PSoC5/Button_2.h"
 459              		.section	.debug_info,"",%progbits
 460              	.Ldebug_info0:
 461 0000 C4060000 		.4byte	0x6c4
 462 0004 0400     		.2byte	0x4
 463 0006 00000000 		.4byte	.Ldebug_abbrev0
 464 000a 04       		.byte	0x4
 465 000b 01       		.uleb128 0x1
 466 000c 1E050000 		.4byte	.LASF87
 467 0010 0C       		.byte	0xc
 468 0011 09040000 		.4byte	.LASF88
 469 0015 6B040000 		.4byte	.LASF89
 470 0019 00000000 		.4byte	.Ldebug_ranges0+0
 471 001d 00000000 		.4byte	0
 472 0021 00000000 		.4byte	.Ldebug_line0
 473 0025 02       		.uleb128 0x2
 474 0026 01       		.byte	0x1
 475 0027 06       		.byte	0x6
 476 0028 E9020000 		.4byte	.LASF0
 477 002c 03       		.uleb128 0x3
ARM GAS  C:\Users\abhim\AppData\Local\Temp\ccqdhuU5.s 			page 13


 478 002d 46020000 		.4byte	.LASF3
 479 0031 03       		.byte	0x3
 480 0032 1D       		.byte	0x1d
 481 0033 37000000 		.4byte	0x37
 482 0037 02       		.uleb128 0x2
 483 0038 01       		.byte	0x1
 484 0039 08       		.byte	0x8
 485 003a D1020000 		.4byte	.LASF1
 486 003e 02       		.uleb128 0x2
 487 003f 02       		.byte	0x2
 488 0040 05       		.byte	0x5
 489 0041 64010000 		.4byte	.LASF2
 490 0045 03       		.uleb128 0x3
 491 0046 D9000000 		.4byte	.LASF4
 492 004a 03       		.byte	0x3
 493 004b 2B       		.byte	0x2b
 494 004c 50000000 		.4byte	0x50
 495 0050 02       		.uleb128 0x2
 496 0051 02       		.byte	0x2
 497 0052 07       		.byte	0x7
 498 0053 F6030000 		.4byte	.LASF5
 499 0057 03       		.uleb128 0x3
 500 0058 BF040000 		.4byte	.LASF6
 501 005c 03       		.byte	0x3
 502 005d 3F       		.byte	0x3f
 503 005e 62000000 		.4byte	0x62
 504 0062 02       		.uleb128 0x2
 505 0063 04       		.byte	0x4
 506 0064 05       		.byte	0x5
 507 0065 13020000 		.4byte	.LASF7
 508 0069 03       		.uleb128 0x3
 509 006a AD000000 		.4byte	.LASF8
 510 006e 03       		.byte	0x3
 511 006f 41       		.byte	0x41
 512 0070 74000000 		.4byte	0x74
 513 0074 02       		.uleb128 0x2
 514 0075 04       		.byte	0x4
 515 0076 07       		.byte	0x7
 516 0077 2E040000 		.4byte	.LASF9
 517 007b 02       		.uleb128 0x2
 518 007c 08       		.byte	0x8
 519 007d 05       		.byte	0x5
 520 007e CD010000 		.4byte	.LASF10
 521 0082 02       		.uleb128 0x2
 522 0083 08       		.byte	0x8
 523 0084 07       		.byte	0x7
 524 0085 DB010000 		.4byte	.LASF11
 525 0089 04       		.uleb128 0x4
 526 008a 04       		.byte	0x4
 527 008b 05       		.byte	0x5
 528 008c 696E7400 		.ascii	"int\000"
 529 0090 02       		.uleb128 0x2
 530 0091 04       		.byte	0x4
 531 0092 07       		.byte	0x7
 532 0093 AB010000 		.4byte	.LASF12
 533 0097 03       		.uleb128 0x3
 534 0098 03010000 		.4byte	.LASF13
ARM GAS  C:\Users\abhim\AppData\Local\Temp\ccqdhuU5.s 			page 14


 535 009c 04       		.byte	0x4
 536 009d 18       		.byte	0x18
 537 009e 2C000000 		.4byte	0x2c
 538 00a2 03       		.uleb128 0x3
 539 00a3 38030000 		.4byte	.LASF14
 540 00a7 04       		.byte	0x4
 541 00a8 24       		.byte	0x24
 542 00a9 45000000 		.4byte	0x45
 543 00ad 03       		.uleb128 0x3
 544 00ae B5030000 		.4byte	.LASF15
 545 00b2 04       		.byte	0x4
 546 00b3 2C       		.byte	0x2c
 547 00b4 57000000 		.4byte	0x57
 548 00b8 03       		.uleb128 0x3
 549 00b9 0C030000 		.4byte	.LASF16
 550 00bd 04       		.byte	0x4
 551 00be 30       		.byte	0x30
 552 00bf 69000000 		.4byte	0x69
 553 00c3 02       		.uleb128 0x2
 554 00c4 04       		.byte	0x4
 555 00c5 04       		.byte	0x4
 556 00c6 8B010000 		.4byte	.LASF17
 557 00ca 02       		.uleb128 0x2
 558 00cb 08       		.byte	0x8
 559 00cc 04       		.byte	0x4
 560 00cd FB040000 		.4byte	.LASF18
 561 00d1 02       		.uleb128 0x2
 562 00d2 01       		.byte	0x1
 563 00d3 08       		.byte	0x8
 564 00d4 9D030000 		.4byte	.LASF19
 565 00d8 03       		.uleb128 0x3
 566 00d9 90000000 		.4byte	.LASF20
 567 00dd 05       		.byte	0x5
 568 00de D8       		.byte	0xd8
 569 00df 90000000 		.4byte	0x90
 570 00e3 02       		.uleb128 0x2
 571 00e4 08       		.byte	0x8
 572 00e5 04       		.byte	0x4
 573 00e6 00000000 		.4byte	.LASF21
 574 00ea 03       		.uleb128 0x3
 575 00eb 8F030000 		.4byte	.LASF22
 576 00ef 06       		.byte	0x6
 577 00f0 53       		.byte	0x53
 578 00f1 89000000 		.4byte	0x89
 579 00f5 03       		.uleb128 0x3
 580 00f6 DF020000 		.4byte	.LASF23
 581 00fa 06       		.byte	0x6
 582 00fb 54       		.byte	0x54
 583 00fc 90000000 		.4byte	0x90
 584 0100 03       		.uleb128 0x3
 585 0101 26000000 		.4byte	.LASF24
 586 0105 07       		.byte	0x7
 587 0106 4D       		.byte	0x4d
 588 0107 F5000000 		.4byte	0xf5
 589 010b 03       		.uleb128 0x3
 590 010c A0000000 		.4byte	.LASF25
 591 0110 07       		.byte	0x7
ARM GAS  C:\Users\abhim\AppData\Local\Temp\ccqdhuU5.s 			page 15


 592 0111 4F       		.byte	0x4f
 593 0112 F5000000 		.4byte	0xf5
 594 0116 03       		.uleb128 0x3
 595 0117 ED000000 		.4byte	.LASF26
 596 011b 07       		.byte	0x7
 597 011c 78       		.byte	0x78
 598 011d EA000000 		.4byte	0xea
 599 0121 05       		.uleb128 0x5
 600 0122 71000000 		.4byte	.LASF27
 601 0126 08       		.byte	0x8
 602 0127 2C02     		.2byte	0x22c
 603 0129 00010000 		.4byte	0x100
 604 012d 02       		.uleb128 0x2
 605 012e 04       		.byte	0x4
 606 012f 07       		.byte	0x7
 607 0130 97000000 		.4byte	.LASF28
 608 0134 06       		.uleb128 0x6
 609 0135 B8000000 		.4byte	0xb8
 610 0139 07       		.uleb128 0x7
 611 013a 08       		.byte	0x8
 612 013b 09       		.byte	0x9
 613 013c 71       		.byte	0x71
 614 013d 5A010000 		.4byte	0x15a
 615 0141 08       		.uleb128 0x8
 616 0142 E0030000 		.4byte	.LASF29
 617 0146 09       		.byte	0x9
 618 0147 72       		.byte	0x72
 619 0148 B8000000 		.4byte	0xb8
 620 014c 00       		.byte	0
 621 014d 08       		.uleb128 0x8
 622 014e 0C000000 		.4byte	.LASF30
 623 0152 09       		.byte	0x9
 624 0153 73       		.byte	0x73
 625 0154 50000000 		.4byte	0x50
 626 0158 04       		.byte	0x4
 627 0159 00       		.byte	0
 628 015a 03       		.uleb128 0x3
 629 015b E4000000 		.4byte	.LASF31
 630 015f 09       		.byte	0x9
 631 0160 74       		.byte	0x74
 632 0161 39010000 		.4byte	0x139
 633 0165 07       		.uleb128 0x7
 634 0166 06       		.byte	0x6
 635 0167 0A       		.byte	0xa
 636 0168 69       		.byte	0x69
 637 0169 9E010000 		.4byte	0x19e
 638 016d 09       		.uleb128 0x9
 639 016e 72656400 		.ascii	"red\000"
 640 0172 0A       		.byte	0xa
 641 0173 6A       		.byte	0x6a
 642 0174 97000000 		.4byte	0x97
 643 0178 00       		.byte	0
 644 0179 08       		.uleb128 0x8
 645 017a 5E020000 		.4byte	.LASF32
 646 017e 0A       		.byte	0xa
 647 017f 6B       		.byte	0x6b
 648 0180 97000000 		.4byte	0x97
ARM GAS  C:\Users\abhim\AppData\Local\Temp\ccqdhuU5.s 			page 16


 649 0184 01       		.byte	0x1
 650 0185 08       		.uleb128 0x8
 651 0186 F4000000 		.4byte	.LASF33
 652 018a 0A       		.byte	0xa
 653 018b 6C       		.byte	0x6c
 654 018c 97000000 		.4byte	0x97
 655 0190 02       		.byte	0x2
 656 0191 08       		.uleb128 0x8
 657 0192 6B030000 		.4byte	.LASF34
 658 0196 0A       		.byte	0xa
 659 0197 6D       		.byte	0x6d
 660 0198 A2000000 		.4byte	0xa2
 661 019c 04       		.byte	0x4
 662 019d 00       		.byte	0
 663 019e 03       		.uleb128 0x3
 664 019f F9000000 		.4byte	.LASF35
 665 01a3 0A       		.byte	0xa
 666 01a4 6E       		.byte	0x6e
 667 01a5 65010000 		.4byte	0x165
 668 01a9 0A       		.uleb128 0xa
 669 01aa 01       		.byte	0x1
 670 01ab 37000000 		.4byte	0x37
 671 01af 16       		.byte	0x16
 672 01b0 65       		.byte	0x65
 673 01b1 F8010000 		.4byte	0x1f8
 674 01b5 0B       		.uleb128 0xb
 675 01b6 EA030000 		.4byte	.LASF36
 676 01ba 00       		.byte	0
 677 01bb 0B       		.uleb128 0xb
 678 01bc 54010000 		.4byte	.LASF37
 679 01c0 01       		.byte	0x1
 680 01c1 0B       		.uleb128 0xb
 681 01c2 82030000 		.4byte	.LASF38
 682 01c6 02       		.byte	0x2
 683 01c7 0B       		.uleb128 0xb
 684 01c8 CF030000 		.4byte	.LASF39
 685 01cc 03       		.byte	0x3
 686 01cd 0B       		.uleb128 0xb
 687 01ce 5E040000 		.4byte	.LASF40
 688 01d2 04       		.byte	0x4
 689 01d3 0B       		.uleb128 0xb
 690 01d4 C9040000 		.4byte	.LASF41
 691 01d8 05       		.byte	0x5
 692 01d9 0B       		.uleb128 0xb
 693 01da 50020000 		.4byte	.LASF42
 694 01de 06       		.byte	0x6
 695 01df 0B       		.uleb128 0xb
 696 01e0 2E000000 		.4byte	.LASF43
 697 01e4 07       		.byte	0x7
 698 01e5 0B       		.uleb128 0xb
 699 01e6 58000000 		.4byte	.LASF44
 700 01ea 08       		.byte	0x8
 701 01eb 0B       		.uleb128 0xb
 702 01ec 15030000 		.4byte	.LASF45
 703 01f0 09       		.byte	0x9
 704 01f1 0B       		.uleb128 0xb
 705 01f2 DA040000 		.4byte	.LASF46
ARM GAS  C:\Users\abhim\AppData\Local\Temp\ccqdhuU5.s 			page 17


 706 01f6 0A       		.byte	0xa
 707 01f7 00       		.byte	0
 708 01f8 0C       		.uleb128 0xc
 709 01f9 1C020000 		.4byte	.LASF90
 710 01fd 02       		.byte	0x2
 711 01fe 4F       		.byte	0x4f
 712 01ff 03       		.byte	0x3
 713 0200 0D       		.uleb128 0xd
 714 0201 A8000000 		.4byte	.LASF91
 715 0205 01       		.byte	0x1
 716 0206 13       		.byte	0x13
 717 0207 89000000 		.4byte	0x89
 718 020b 00000000 		.4byte	.LFB111
 719 020f 10000000 		.4byte	.LFE111-.LFB111
 720 0213 01       		.uleb128 0x1
 721 0214 9C       		.byte	0x9c
 722 0215 32020000 		.4byte	0x232
 723 0219 0E       		.uleb128 0xe
 724 021a 08000000 		.4byte	.LVL0
 725 021e C3050000 		.4byte	0x5c3
 726 0222 0F       		.uleb128 0xf
 727 0223 0E000000 		.4byte	.LVL1
 728 0227 CE050000 		.4byte	0x5ce
 729 022b 10       		.uleb128 0x10
 730 022c 01       		.uleb128 0x1
 731 022d 50       		.byte	0x50
 732 022e 01       		.uleb128 0x1
 733 022f 30       		.byte	0x30
 734 0230 00       		.byte	0
 735 0231 00       		.byte	0
 736 0232 11       		.uleb128 0x11
 737 0233 73020000 		.4byte	.LASF47
 738 0237 01       		.byte	0x1
 739 0238 22       		.byte	0x22
 740 0239 00000000 		.4byte	.LFB112
 741 023d 6C000000 		.4byte	.LFE112-.LFB112
 742 0241 01       		.uleb128 0x1
 743 0242 9C       		.byte	0x9c
 744 0243 4F030000 		.4byte	0x34f
 745 0247 12       		.uleb128 0x12
 746 0248 F8010000 		.4byte	0x1f8
 747 024c 06000000 		.4byte	.LBB4
 748 0250 0A000000 		.4byte	.LBE4-.LBB4
 749 0254 01       		.byte	0x1
 750 0255 24       		.byte	0x24
 751 0256 0E       		.uleb128 0xe
 752 0257 06000000 		.4byte	.LVL2
 753 025b DA050000 		.4byte	0x5da
 754 025f 0E       		.uleb128 0xe
 755 0260 14000000 		.4byte	.LVL3
 756 0264 E6050000 		.4byte	0x5e6
 757 0268 0E       		.uleb128 0xe
 758 0269 18000000 		.4byte	.LVL4
 759 026d F1050000 		.4byte	0x5f1
 760 0271 0E       		.uleb128 0xe
 761 0272 1C000000 		.4byte	.LVL5
 762 0276 FC050000 		.4byte	0x5fc
ARM GAS  C:\Users\abhim\AppData\Local\Temp\ccqdhuU5.s 			page 18


 763 027a 0E       		.uleb128 0xe
 764 027b 20000000 		.4byte	.LVL6
 765 027f 07060000 		.4byte	0x607
 766 0283 0E       		.uleb128 0xe
 767 0284 24000000 		.4byte	.LVL7
 768 0288 12060000 		.4byte	0x612
 769 028c 0E       		.uleb128 0xe
 770 028d 28000000 		.4byte	.LVL8
 771 0291 1D060000 		.4byte	0x61d
 772 0295 0E       		.uleb128 0xe
 773 0296 2C000000 		.4byte	.LVL9
 774 029a 28060000 		.4byte	0x628
 775 029e 13       		.uleb128 0x13
 776 029f 36000000 		.4byte	.LVL10
 777 02a3 33060000 		.4byte	0x633
 778 02a7 BD020000 		.4byte	0x2bd
 779 02ab 10       		.uleb128 0x10
 780 02ac 01       		.uleb128 0x1
 781 02ad 50       		.byte	0x50
 782 02ae 01       		.uleb128 0x1
 783 02af 30       		.byte	0x30
 784 02b0 10       		.uleb128 0x10
 785 02b1 01       		.uleb128 0x1
 786 02b2 51       		.byte	0x51
 787 02b3 02       		.uleb128 0x2
 788 02b4 08       		.byte	0x8
 789 02b5 32       		.byte	0x32
 790 02b6 10       		.uleb128 0x10
 791 02b7 01       		.uleb128 0x1
 792 02b8 52       		.byte	0x52
 793 02b9 02       		.uleb128 0x2
 794 02ba 08       		.byte	0x8
 795 02bb 32       		.byte	0x32
 796 02bc 00       		.byte	0
 797 02bd 13       		.uleb128 0x13
 798 02be 40000000 		.4byte	.LVL11
 799 02c2 33060000 		.4byte	0x633
 800 02c6 DB020000 		.4byte	0x2db
 801 02ca 10       		.uleb128 0x10
 802 02cb 01       		.uleb128 0x1
 803 02cc 50       		.byte	0x50
 804 02cd 01       		.uleb128 0x1
 805 02ce 33       		.byte	0x33
 806 02cf 10       		.uleb128 0x10
 807 02d0 01       		.uleb128 0x1
 808 02d1 51       		.byte	0x51
 809 02d2 01       		.uleb128 0x1
 810 02d3 31       		.byte	0x31
 811 02d4 10       		.uleb128 0x10
 812 02d5 01       		.uleb128 0x1
 813 02d6 52       		.byte	0x52
 814 02d7 02       		.uleb128 0x2
 815 02d8 08       		.byte	0x8
 816 02d9 32       		.byte	0x32
 817 02da 00       		.byte	0
 818 02db 13       		.uleb128 0x13
 819 02dc 4A000000 		.4byte	.LVL12
ARM GAS  C:\Users\abhim\AppData\Local\Temp\ccqdhuU5.s 			page 19


 820 02e0 33060000 		.4byte	0x633
 821 02e4 F9020000 		.4byte	0x2f9
 822 02e8 10       		.uleb128 0x10
 823 02e9 01       		.uleb128 0x1
 824 02ea 50       		.byte	0x50
 825 02eb 01       		.uleb128 0x1
 826 02ec 34       		.byte	0x34
 827 02ed 10       		.uleb128 0x10
 828 02ee 01       		.uleb128 0x1
 829 02ef 51       		.byte	0x51
 830 02f0 01       		.uleb128 0x1
 831 02f1 31       		.byte	0x31
 832 02f2 10       		.uleb128 0x10
 833 02f3 01       		.uleb128 0x1
 834 02f4 52       		.byte	0x52
 835 02f5 02       		.uleb128 0x2
 836 02f6 08       		.byte	0x8
 837 02f7 32       		.byte	0x32
 838 02f8 00       		.byte	0
 839 02f9 13       		.uleb128 0x13
 840 02fa 50000000 		.4byte	.LVL13
 841 02fe 3F060000 		.4byte	0x63f
 842 0302 0C030000 		.4byte	0x30c
 843 0306 10       		.uleb128 0x10
 844 0307 01       		.uleb128 0x1
 845 0308 50       		.byte	0x50
 846 0309 01       		.uleb128 0x1
 847 030a 35       		.byte	0x35
 848 030b 00       		.byte	0
 849 030c 13       		.uleb128 0x13
 850 030d 56000000 		.4byte	.LVL14
 851 0311 3F060000 		.4byte	0x63f
 852 0315 1F030000 		.4byte	0x31f
 853 0319 10       		.uleb128 0x10
 854 031a 01       		.uleb128 0x1
 855 031b 50       		.byte	0x50
 856 031c 01       		.uleb128 0x1
 857 031d 36       		.byte	0x36
 858 031e 00       		.byte	0
 859 031f 13       		.uleb128 0x13
 860 0320 5C000000 		.4byte	.LVL15
 861 0324 3F060000 		.4byte	0x63f
 862 0328 32030000 		.4byte	0x332
 863 032c 10       		.uleb128 0x10
 864 032d 01       		.uleb128 0x1
 865 032e 50       		.byte	0x50
 866 032f 01       		.uleb128 0x1
 867 0330 32       		.byte	0x32
 868 0331 00       		.byte	0
 869 0332 13       		.uleb128 0x13
 870 0333 62000000 		.4byte	.LVL16
 871 0337 3F060000 		.4byte	0x63f
 872 033b 45030000 		.4byte	0x345
 873 033f 10       		.uleb128 0x10
 874 0340 01       		.uleb128 0x1
 875 0341 50       		.byte	0x50
 876 0342 01       		.uleb128 0x1
ARM GAS  C:\Users\abhim\AppData\Local\Temp\ccqdhuU5.s 			page 20


 877 0343 31       		.byte	0x31
 878 0344 00       		.byte	0
 879 0345 0E       		.uleb128 0xe
 880 0346 66000000 		.4byte	.LVL17
 881 034a 4A060000 		.4byte	0x64a
 882 034e 00       		.byte	0
 883 034f 14       		.uleb128 0x14
 884 0350 25030000 		.4byte	.LASF92
 885 0354 01       		.byte	0x1
 886 0355 3A       		.byte	0x3a
 887 0356 00000000 		.4byte	.LFB113
 888 035a 04000000 		.4byte	.LFE113-.LFB113
 889 035e 01       		.uleb128 0x1
 890 035f 9C       		.byte	0x9c
 891 0360 15       		.uleb128 0x15
 892 0361 A2030000 		.4byte	.LASF93
 893 0365 01       		.byte	0x1
 894 0366 41       		.byte	0x41
 895 0367 00000000 		.4byte	.LFB114
 896 036b 04000000 		.4byte	.LFE114-.LFB114
 897 036f 01       		.uleb128 0x1
 898 0370 9C       		.byte	0x9c
 899 0371 16       		.uleb128 0x16
 900 0372 40040000 		.4byte	.LASF94
 901 0376 01       		.byte	0x1
 902 0377 4A       		.byte	0x4a
 903 0378 00000000 		.4byte	.LFB115
 904 037c 50000000 		.4byte	.LFE115-.LFB115
 905 0380 01       		.uleb128 0x1
 906 0381 9C       		.byte	0x9c
 907 0382 33040000 		.4byte	0x433
 908 0386 17       		.uleb128 0x17
 909 0387 657600   		.ascii	"ev\000"
 910 038a 01       		.byte	0x1
 911 038b 4B       		.byte	0x4b
 912 038c 21010000 		.4byte	0x121
 913 0390 18       		.uleb128 0x18
 914 0391 19000000 		.4byte	.LASF95
 915 0395 01       		.byte	0x1
 916 0396 4C       		.byte	0x4c
 917 0397 21010000 		.4byte	0x121
 918 039b 02       		.uleb128 0x2
 919 039c 91       		.byte	0x91
 920 039d 74       		.sleb128 -12
 921 039e 13       		.uleb128 0x13
 922 039f 0A000000 		.4byte	.LVL18
 923 03a3 55060000 		.4byte	0x655
 924 03a7 B1030000 		.4byte	0x3b1
 925 03ab 10       		.uleb128 0x10
 926 03ac 01       		.uleb128 0x1
 927 03ad 50       		.byte	0x50
 928 03ae 01       		.uleb128 0x1
 929 03af 3E       		.byte	0x3e
 930 03b0 00       		.byte	0
 931 03b1 13       		.uleb128 0x13
 932 03b2 12000000 		.4byte	.LVL19
 933 03b6 61060000 		.4byte	0x661
ARM GAS  C:\Users\abhim\AppData\Local\Temp\ccqdhuU5.s 			page 21


 934 03ba CA030000 		.4byte	0x3ca
 935 03be 10       		.uleb128 0x10
 936 03bf 01       		.uleb128 0x1
 937 03c0 50       		.byte	0x50
 938 03c1 01       		.uleb128 0x1
 939 03c2 32       		.byte	0x32
 940 03c3 10       		.uleb128 0x10
 941 03c4 01       		.uleb128 0x1
 942 03c5 51       		.byte	0x51
 943 03c6 02       		.uleb128 0x2
 944 03c7 91       		.byte	0x91
 945 03c8 74       		.sleb128 -12
 946 03c9 00       		.byte	0
 947 03ca 13       		.uleb128 0x13
 948 03cb 20000000 		.4byte	.LVL20
 949 03cf 6D060000 		.4byte	0x66d
 950 03d3 DD030000 		.4byte	0x3dd
 951 03d7 10       		.uleb128 0x10
 952 03d8 01       		.uleb128 0x1
 953 03d9 50       		.byte	0x50
 954 03da 01       		.uleb128 0x1
 955 03db 38       		.byte	0x38
 956 03dc 00       		.byte	0
 957 03dd 13       		.uleb128 0x13
 958 03de 26000000 		.4byte	.LVL21
 959 03e2 78060000 		.4byte	0x678
 960 03e6 F0030000 		.4byte	0x3f0
 961 03ea 10       		.uleb128 0x10
 962 03eb 01       		.uleb128 0x1
 963 03ec 50       		.byte	0x50
 964 03ed 01       		.uleb128 0x1
 965 03ee 32       		.byte	0x32
 966 03ef 00       		.byte	0
 967 03f0 13       		.uleb128 0x13
 968 03f1 34000000 		.4byte	.LVL22
 969 03f5 6D060000 		.4byte	0x66d
 970 03f9 03040000 		.4byte	0x403
 971 03fd 10       		.uleb128 0x10
 972 03fe 01       		.uleb128 0x1
 973 03ff 50       		.byte	0x50
 974 0400 01       		.uleb128 0x1
 975 0401 39       		.byte	0x39
 976 0402 00       		.byte	0
 977 0403 13       		.uleb128 0x13
 978 0404 3A000000 		.4byte	.LVL23
 979 0408 78060000 		.4byte	0x678
 980 040c 16040000 		.4byte	0x416
 981 0410 10       		.uleb128 0x10
 982 0411 01       		.uleb128 0x1
 983 0412 50       		.byte	0x50
 984 0413 01       		.uleb128 0x1
 985 0414 34       		.byte	0x34
 986 0415 00       		.byte	0
 987 0416 13       		.uleb128 0x13
 988 0417 48000000 		.4byte	.LVL24
 989 041b 78060000 		.4byte	0x678
 990 041f 29040000 		.4byte	0x429
ARM GAS  C:\Users\abhim\AppData\Local\Temp\ccqdhuU5.s 			page 22


 991 0423 10       		.uleb128 0x10
 992 0424 01       		.uleb128 0x1
 993 0425 50       		.byte	0x50
 994 0426 01       		.uleb128 0x1
 995 0427 38       		.byte	0x38
 996 0428 00       		.byte	0
 997 0429 0E       		.uleb128 0xe
 998 042a 4E000000 		.4byte	.LVL25
 999 042e 78060000 		.4byte	0x678
 1000 0432 00       		.byte	0
 1001 0433 11       		.uleb128 0x11
 1002 0434 0B010000 		.4byte	.LASF48
 1003 0438 01       		.byte	0x1
 1004 0439 62       		.byte	0x62
 1005 043a 00000000 		.4byte	.LFB116
 1006 043e 14000000 		.4byte	.LFE116-.LFB116
 1007 0442 01       		.uleb128 0x1
 1008 0443 9C       		.byte	0x9c
 1009 0444 52040000 		.4byte	0x452
 1010 0448 0E       		.uleb128 0xe
 1011 0449 0E000000 		.4byte	.LVL26
 1012 044d 4A060000 		.4byte	0x64a
 1013 0451 00       		.byte	0
 1014 0452 11       		.uleb128 0x11
 1015 0453 BD030000 		.4byte	.LASF49
 1016 0457 01       		.byte	0x1
 1017 0458 67       		.byte	0x67
 1018 0459 00000000 		.4byte	.LFB117
 1019 045d 0C000000 		.4byte	.LFE117-.LFB117
 1020 0461 01       		.uleb128 0x1
 1021 0462 9C       		.byte	0x9c
 1022 0463 7A040000 		.4byte	0x47a
 1023 0467 0E       		.uleb128 0xe
 1024 0468 06000000 		.4byte	.LVL27
 1025 046c 84060000 		.4byte	0x684
 1026 0470 0E       		.uleb128 0xe
 1027 0471 0A000000 		.4byte	.LVL28
 1028 0475 4A060000 		.4byte	0x64a
 1029 0479 00       		.byte	0
 1030 047a 11       		.uleb128 0x11
 1031 047b A0010000 		.4byte	.LASF50
 1032 047f 01       		.byte	0x1
 1033 0480 6B       		.byte	0x6b
 1034 0481 00000000 		.4byte	.LFB118
 1035 0485 26000000 		.4byte	.LFE118-.LFB118
 1036 0489 01       		.uleb128 0x1
 1037 048a 9C       		.byte	0x9c
 1038 048b CE040000 		.4byte	0x4ce
 1039 048f 0E       		.uleb128 0xe
 1040 0490 06000000 		.4byte	.LVL29
 1041 0494 8F060000 		.4byte	0x68f
 1042 0498 13       		.uleb128 0x13
 1043 0499 12000000 		.4byte	.LVL30
 1044 049d 9A060000 		.4byte	0x69a
 1045 04a1 B0040000 		.4byte	0x4b0
 1046 04a5 10       		.uleb128 0x10
 1047 04a6 01       		.uleb128 0x1
ARM GAS  C:\Users\abhim\AppData\Local\Temp\ccqdhuU5.s 			page 23


 1048 04a7 50       		.byte	0x50
 1049 04a8 01       		.uleb128 0x1
 1050 04a9 32       		.byte	0x32
 1051 04aa 10       		.uleb128 0x10
 1052 04ab 01       		.uleb128 0x1
 1053 04ac 51       		.byte	0x51
 1054 04ad 01       		.uleb128 0x1
 1055 04ae 32       		.byte	0x32
 1056 04af 00       		.byte	0
 1057 04b0 0E       		.uleb128 0xe
 1058 04b1 18000000 		.4byte	.LVL31
 1059 04b5 A6060000 		.4byte	0x6a6
 1060 04b9 0F       		.uleb128 0xf
 1061 04ba 24000000 		.4byte	.LVL32
 1062 04be 9A060000 		.4byte	0x69a
 1063 04c2 10       		.uleb128 0x10
 1064 04c3 01       		.uleb128 0x1
 1065 04c4 50       		.byte	0x50
 1066 04c5 01       		.uleb128 0x1
 1067 04c6 32       		.byte	0x32
 1068 04c7 10       		.uleb128 0x10
 1069 04c8 01       		.uleb128 0x1
 1070 04c9 51       		.byte	0x51
 1071 04ca 01       		.uleb128 0x1
 1072 04cb 34       		.byte	0x34
 1073 04cc 00       		.byte	0
 1074 04cd 00       		.byte	0
 1075 04ce 11       		.uleb128 0x11
 1076 04cf 7D010000 		.4byte	.LASF51
 1077 04d3 01       		.byte	0x1
 1078 04d4 77       		.byte	0x77
 1079 04d5 00000000 		.4byte	.LFB119
 1080 04d9 0C000000 		.4byte	.LFE119-.LFB119
 1081 04dd 01       		.uleb128 0x1
 1082 04de 9C       		.byte	0x9c
 1083 04df F6040000 		.4byte	0x4f6
 1084 04e3 0E       		.uleb128 0xe
 1085 04e4 06000000 		.4byte	.LVL33
 1086 04e8 B1060000 		.4byte	0x6b1
 1087 04ec 0E       		.uleb128 0xe
 1088 04ed 0A000000 		.4byte	.LVL34
 1089 04f1 4A060000 		.4byte	0x64a
 1090 04f5 00       		.byte	0
 1091 04f6 11       		.uleb128 0x11
 1092 04f7 64020000 		.4byte	.LASF52
 1093 04fb 01       		.byte	0x1
 1094 04fc 7C       		.byte	0x7c
 1095 04fd 00000000 		.4byte	.LFB120
 1096 0501 1C000000 		.4byte	.LFE120-.LFB120
 1097 0505 01       		.uleb128 0x1
 1098 0506 9C       		.byte	0x9c
 1099 0507 1E050000 		.4byte	0x51e
 1100 050b 0E       		.uleb128 0xe
 1101 050c 0C000000 		.4byte	.LVL35
 1102 0510 BC060000 		.4byte	0x6bc
 1103 0514 0E       		.uleb128 0xe
 1104 0515 10000000 		.4byte	.LVL36
ARM GAS  C:\Users\abhim\AppData\Local\Temp\ccqdhuU5.s 			page 24


 1105 0519 4A060000 		.4byte	0x64a
 1106 051d 00       		.byte	0
 1107 051e 19       		.uleb128 0x19
 1108 051f D3050000 		.4byte	.LASF53
 1109 0523 0B       		.byte	0xb
 1110 0524 40       		.byte	0x40
 1111 0525 00010000 		.4byte	0x100
 1112 0529 19       		.uleb128 0x19
 1113 052a 2D020000 		.4byte	.LASF54
 1114 052e 0B       		.byte	0xb
 1115 052f 47       		.byte	0x47
 1116 0530 0B010000 		.4byte	0x10b
 1117 0534 19       		.uleb128 0x19
 1118 0535 1B040000 		.4byte	.LASF55
 1119 0539 0B       		.byte	0xb
 1120 053a 4A       		.byte	0x4a
 1121 053b 00010000 		.4byte	0x100
 1122 053f 19       		.uleb128 0x19
 1123 0540 52030000 		.4byte	.LASF56
 1124 0544 0C       		.byte	0xc
 1125 0545 48       		.byte	0x48
 1126 0546 16010000 		.4byte	0x116
 1127 054a 19       		.uleb128 0x19
 1128 054b 2B010000 		.4byte	.LASF57
 1129 054f 0D       		.byte	0xd
 1130 0550 44       		.byte	0x44
 1131 0551 00010000 		.4byte	0x100
 1132 0555 1A       		.uleb128 0x1a
 1133 0556 11050000 		.4byte	.LASF58
 1134 055a 0E       		.byte	0xe
 1135 055b 1207     		.2byte	0x712
 1136 055d 61050000 		.4byte	0x561
 1137 0561 06       		.uleb128 0x6
 1138 0562 AD000000 		.4byte	0xad
 1139 0566 1B       		.uleb128 0x1b
 1140 0567 98030000 		.4byte	.LASF59
 1141 056b 09       		.byte	0x9
 1142 056c 76       		.byte	0x76
 1143 056d 5A010000 		.4byte	0x15a
 1144 0571 05       		.uleb128 0x5
 1145 0572 03       		.byte	0x3
 1146 0573 00000000 		.4byte	game
 1147 0577 1B       		.uleb128 0x1b
 1148 0578 C2020000 		.4byte	.LASF60
 1149 057c 09       		.byte	0x9
 1150 057d 78       		.byte	0x78
 1151 057e 34010000 		.4byte	0x134
 1152 0582 05       		.uleb128 0x5
 1153 0583 03       		.byte	0x3
 1154 0584 00000000 		.4byte	systickCounter
 1155 0588 1C       		.uleb128 0x1c
 1156 0589 93050000 		.4byte	0x593
 1157 058d 93050000 		.4byte	0x593
 1158 0591 1D       		.uleb128 0x1d
 1159 0592 00       		.byte	0
 1160 0593 1E       		.uleb128 0x1e
 1161 0594 9E010000 		.4byte	0x19e
ARM GAS  C:\Users\abhim\AppData\Local\Temp\ccqdhuU5.s 			page 25


 1162 0598 19       		.uleb128 0x19
 1163 0599 B8000000 		.4byte	.LASF61
 1164 059d 0A       		.byte	0xa
 1165 059e 70       		.byte	0x70
 1166 059f A3050000 		.4byte	0x5a3
 1167 05a3 1E       		.uleb128 0x1e
 1168 05a4 88050000 		.4byte	0x588
 1169 05a8 19       		.uleb128 0x19
 1170 05a9 F2010000 		.4byte	.LASF62
 1171 05ad 0A       		.byte	0xa
 1172 05ae 71       		.byte	0x71
 1173 05af B3050000 		.4byte	0x5b3
 1174 05b3 1E       		.uleb128 0x1e
 1175 05b4 D8000000 		.4byte	0xd8
 1176 05b8 19       		.uleb128 0x19
 1177 05b9 B7020000 		.4byte	.LASF63
 1178 05bd 01       		.byte	0x1
 1179 05be 12       		.byte	0x12
 1180 05bf 50000000 		.4byte	0x50
 1181 05c3 1F       		.uleb128 0x1f
 1182 05c4 68000000 		.4byte	.LASF64
 1183 05c8 68000000 		.4byte	.LASF64
 1184 05cc 09       		.byte	0x9
 1185 05cd 96       		.byte	0x96
 1186 05ce 20       		.uleb128 0x20
 1187 05cf 50040000 		.4byte	.LASF65
 1188 05d3 50040000 		.4byte	.LASF65
 1189 05d7 0F       		.byte	0xf
 1190 05d8 2C02     		.2byte	0x22c
 1191 05da 20       		.uleb128 0x20
 1192 05db 40000000 		.4byte	.LASF66
 1193 05df 40000000 		.4byte	.LASF66
 1194 05e3 07       		.byte	0x7
 1195 05e4 B101     		.2byte	0x1b1
 1196 05e6 1F       		.uleb128 0x1f
 1197 05e7 4F000000 		.4byte	.LASF67
 1198 05eb 4F000000 		.4byte	.LASF67
 1199 05ef 0A       		.byte	0xa
 1200 05f0 9E       		.byte	0x9e
 1201 05f1 1F       		.uleb128 0x1f
 1202 05f2 B8010000 		.4byte	.LASF68
 1203 05f6 B8010000 		.4byte	.LASF68
 1204 05fa 10       		.byte	0x10
 1205 05fb 92       		.byte	0x92
 1206 05fc 1F       		.uleb128 0x1f
 1207 05fd AC050000 		.4byte	.LASF69
 1208 0601 AC050000 		.4byte	.LASF69
 1209 0605 11       		.byte	0x11
 1210 0606 92       		.byte	0x92
 1211 0607 1F       		.uleb128 0x1f
 1212 0608 19010000 		.4byte	.LASF70
 1213 060c 19010000 		.4byte	.LASF70
 1214 0610 12       		.byte	0x12
 1215 0611 92       		.byte	0x92
 1216 0612 1F       		.uleb128 0x1f
 1217 0613 F5020000 		.4byte	.LASF71
 1218 0617 F5020000 		.4byte	.LASF71
ARM GAS  C:\Users\abhim\AppData\Local\Temp\ccqdhuU5.s 			page 26


 1219 061b 13       		.byte	0x13
 1220 061c 92       		.byte	0x92
 1221 061d 1F       		.uleb128 0x1f
 1222 061e E5040000 		.4byte	.LASF72
 1223 0622 E5040000 		.4byte	.LASF72
 1224 0626 14       		.byte	0x14
 1225 0627 92       		.byte	0x92
 1226 0628 1F       		.uleb128 0x1f
 1227 0629 A3020000 		.4byte	.LASF73
 1228 062d A3020000 		.4byte	.LASF73
 1229 0631 15       		.byte	0x15
 1230 0632 92       		.byte	0x92
 1231 0633 20       		.uleb128 0x20
 1232 0634 C7000000 		.4byte	.LASF74
 1233 0638 C7000000 		.4byte	.LASF74
 1234 063c 0F       		.byte	0xf
 1235 063d EF01     		.2byte	0x1ef
 1236 063f 1F       		.uleb128 0x1f
 1237 0640 90020000 		.4byte	.LASF75
 1238 0644 90020000 		.4byte	.LASF75
 1239 0648 0F       		.byte	0xf
 1240 0649 9A       		.byte	0x9a
 1241 064a 1F       		.uleb128 0x1f
 1242 064b 40010000 		.4byte	.LASF76
 1243 064f 40010000 		.4byte	.LASF76
 1244 0653 0F       		.byte	0xf
 1245 0654 9F       		.byte	0x9f
 1246 0655 20       		.uleb128 0x20
 1247 0656 80020000 		.4byte	.LASF77
 1248 065a 80020000 		.4byte	.LASF77
 1249 065e 0F       		.byte	0xf
 1250 065f 5901     		.2byte	0x159
 1251 0661 20       		.uleb128 0x20
 1252 0662 6E010000 		.4byte	.LASF78
 1253 0666 6E010000 		.4byte	.LASF78
 1254 066a 0F       		.byte	0xf
 1255 066b 5401     		.2byte	0x154
 1256 066d 1F       		.uleb128 0x1f
 1257 066e C0050000 		.4byte	.LASF79
 1258 0672 C0050000 		.4byte	.LASF79
 1259 0676 16       		.byte	0x16
 1260 0677 A5       		.byte	0xa5
 1261 0678 20       		.uleb128 0x20
 1262 0679 41030000 		.4byte	.LASF80
 1263 067d 41030000 		.4byte	.LASF80
 1264 0681 0F       		.byte	0xf
 1265 0682 4F01     		.2byte	0x14f
 1266 0684 1F       		.uleb128 0x1f
 1267 0685 70030000 		.4byte	.LASF81
 1268 0689 70030000 		.4byte	.LASF81
 1269 068d 16       		.byte	0x16
 1270 068e AC       		.byte	0xac
 1271 068f 1F       		.uleb128 0x1f
 1272 0690 05020000 		.4byte	.LASF82
 1273 0694 05020000 		.4byte	.LASF82
 1274 0698 17       		.byte	0x17
 1275 0699 29       		.byte	0x29
ARM GAS  C:\Users\abhim\AppData\Local\Temp\ccqdhuU5.s 			page 27


 1276 069a 20       		.uleb128 0x20
 1277 069b 02050000 		.4byte	.LASF83
 1278 069f 02050000 		.4byte	.LASF83
 1279 06a3 0F       		.byte	0xf
 1280 06a4 4A01     		.2byte	0x14a
 1281 06a6 1F       		.uleb128 0x1f
 1282 06a7 B1040000 		.4byte	.LASF84
 1283 06ab B1040000 		.4byte	.LASF84
 1284 06af 18       		.byte	0x18
 1285 06b0 29       		.byte	0x29
 1286 06b1 1F       		.uleb128 0x1f
 1287 06b2 91010000 		.4byte	.LASF85
 1288 06b6 91010000 		.4byte	.LASF85
 1289 06ba 0A       		.byte	0xa
 1290 06bb A4       		.byte	0xa4
 1291 06bc 1F       		.uleb128 0x1f
 1292 06bd 7F000000 		.4byte	.LASF86
 1293 06c1 7F000000 		.4byte	.LASF86
 1294 06c5 0A       		.byte	0xa
 1295 06c6 A6       		.byte	0xa6
 1296 06c7 00       		.byte	0
 1297              		.section	.debug_abbrev,"",%progbits
 1298              	.Ldebug_abbrev0:
 1299 0000 01       		.uleb128 0x1
 1300 0001 11       		.uleb128 0x11
 1301 0002 01       		.byte	0x1
 1302 0003 25       		.uleb128 0x25
 1303 0004 0E       		.uleb128 0xe
 1304 0005 13       		.uleb128 0x13
 1305 0006 0B       		.uleb128 0xb
 1306 0007 03       		.uleb128 0x3
 1307 0008 0E       		.uleb128 0xe
 1308 0009 1B       		.uleb128 0x1b
 1309 000a 0E       		.uleb128 0xe
 1310 000b 55       		.uleb128 0x55
 1311 000c 17       		.uleb128 0x17
 1312 000d 11       		.uleb128 0x11
 1313 000e 01       		.uleb128 0x1
 1314 000f 10       		.uleb128 0x10
 1315 0010 17       		.uleb128 0x17
 1316 0011 00       		.byte	0
 1317 0012 00       		.byte	0
 1318 0013 02       		.uleb128 0x2
 1319 0014 24       		.uleb128 0x24
 1320 0015 00       		.byte	0
 1321 0016 0B       		.uleb128 0xb
 1322 0017 0B       		.uleb128 0xb
 1323 0018 3E       		.uleb128 0x3e
 1324 0019 0B       		.uleb128 0xb
 1325 001a 03       		.uleb128 0x3
 1326 001b 0E       		.uleb128 0xe
 1327 001c 00       		.byte	0
 1328 001d 00       		.byte	0
 1329 001e 03       		.uleb128 0x3
 1330 001f 16       		.uleb128 0x16
 1331 0020 00       		.byte	0
 1332 0021 03       		.uleb128 0x3
ARM GAS  C:\Users\abhim\AppData\Local\Temp\ccqdhuU5.s 			page 28


 1333 0022 0E       		.uleb128 0xe
 1334 0023 3A       		.uleb128 0x3a
 1335 0024 0B       		.uleb128 0xb
 1336 0025 3B       		.uleb128 0x3b
 1337 0026 0B       		.uleb128 0xb
 1338 0027 49       		.uleb128 0x49
 1339 0028 13       		.uleb128 0x13
 1340 0029 00       		.byte	0
 1341 002a 00       		.byte	0
 1342 002b 04       		.uleb128 0x4
 1343 002c 24       		.uleb128 0x24
 1344 002d 00       		.byte	0
 1345 002e 0B       		.uleb128 0xb
 1346 002f 0B       		.uleb128 0xb
 1347 0030 3E       		.uleb128 0x3e
 1348 0031 0B       		.uleb128 0xb
 1349 0032 03       		.uleb128 0x3
 1350 0033 08       		.uleb128 0x8
 1351 0034 00       		.byte	0
 1352 0035 00       		.byte	0
 1353 0036 05       		.uleb128 0x5
 1354 0037 16       		.uleb128 0x16
 1355 0038 00       		.byte	0
 1356 0039 03       		.uleb128 0x3
 1357 003a 0E       		.uleb128 0xe
 1358 003b 3A       		.uleb128 0x3a
 1359 003c 0B       		.uleb128 0xb
 1360 003d 3B       		.uleb128 0x3b
 1361 003e 05       		.uleb128 0x5
 1362 003f 49       		.uleb128 0x49
 1363 0040 13       		.uleb128 0x13
 1364 0041 00       		.byte	0
 1365 0042 00       		.byte	0
 1366 0043 06       		.uleb128 0x6
 1367 0044 35       		.uleb128 0x35
 1368 0045 00       		.byte	0
 1369 0046 49       		.uleb128 0x49
 1370 0047 13       		.uleb128 0x13
 1371 0048 00       		.byte	0
 1372 0049 00       		.byte	0
 1373 004a 07       		.uleb128 0x7
 1374 004b 13       		.uleb128 0x13
 1375 004c 01       		.byte	0x1
 1376 004d 0B       		.uleb128 0xb
 1377 004e 0B       		.uleb128 0xb
 1378 004f 3A       		.uleb128 0x3a
 1379 0050 0B       		.uleb128 0xb
 1380 0051 3B       		.uleb128 0x3b
 1381 0052 0B       		.uleb128 0xb
 1382 0053 01       		.uleb128 0x1
 1383 0054 13       		.uleb128 0x13
 1384 0055 00       		.byte	0
 1385 0056 00       		.byte	0
 1386 0057 08       		.uleb128 0x8
 1387 0058 0D       		.uleb128 0xd
 1388 0059 00       		.byte	0
 1389 005a 03       		.uleb128 0x3
ARM GAS  C:\Users\abhim\AppData\Local\Temp\ccqdhuU5.s 			page 29


 1390 005b 0E       		.uleb128 0xe
 1391 005c 3A       		.uleb128 0x3a
 1392 005d 0B       		.uleb128 0xb
 1393 005e 3B       		.uleb128 0x3b
 1394 005f 0B       		.uleb128 0xb
 1395 0060 49       		.uleb128 0x49
 1396 0061 13       		.uleb128 0x13
 1397 0062 38       		.uleb128 0x38
 1398 0063 0B       		.uleb128 0xb
 1399 0064 00       		.byte	0
 1400 0065 00       		.byte	0
 1401 0066 09       		.uleb128 0x9
 1402 0067 0D       		.uleb128 0xd
 1403 0068 00       		.byte	0
 1404 0069 03       		.uleb128 0x3
 1405 006a 08       		.uleb128 0x8
 1406 006b 3A       		.uleb128 0x3a
 1407 006c 0B       		.uleb128 0xb
 1408 006d 3B       		.uleb128 0x3b
 1409 006e 0B       		.uleb128 0xb
 1410 006f 49       		.uleb128 0x49
 1411 0070 13       		.uleb128 0x13
 1412 0071 38       		.uleb128 0x38
 1413 0072 0B       		.uleb128 0xb
 1414 0073 00       		.byte	0
 1415 0074 00       		.byte	0
 1416 0075 0A       		.uleb128 0xa
 1417 0076 04       		.uleb128 0x4
 1418 0077 01       		.byte	0x1
 1419 0078 0B       		.uleb128 0xb
 1420 0079 0B       		.uleb128 0xb
 1421 007a 49       		.uleb128 0x49
 1422 007b 13       		.uleb128 0x13
 1423 007c 3A       		.uleb128 0x3a
 1424 007d 0B       		.uleb128 0xb
 1425 007e 3B       		.uleb128 0x3b
 1426 007f 0B       		.uleb128 0xb
 1427 0080 01       		.uleb128 0x1
 1428 0081 13       		.uleb128 0x13
 1429 0082 00       		.byte	0
 1430 0083 00       		.byte	0
 1431 0084 0B       		.uleb128 0xb
 1432 0085 28       		.uleb128 0x28
 1433 0086 00       		.byte	0
 1434 0087 03       		.uleb128 0x3
 1435 0088 0E       		.uleb128 0xe
 1436 0089 1C       		.uleb128 0x1c
 1437 008a 0B       		.uleb128 0xb
 1438 008b 00       		.byte	0
 1439 008c 00       		.byte	0
 1440 008d 0C       		.uleb128 0xc
 1441 008e 2E       		.uleb128 0x2e
 1442 008f 00       		.byte	0
 1443 0090 03       		.uleb128 0x3
 1444 0091 0E       		.uleb128 0xe
 1445 0092 3A       		.uleb128 0x3a
 1446 0093 0B       		.uleb128 0xb
ARM GAS  C:\Users\abhim\AppData\Local\Temp\ccqdhuU5.s 			page 30


 1447 0094 3B       		.uleb128 0x3b
 1448 0095 0B       		.uleb128 0xb
 1449 0096 27       		.uleb128 0x27
 1450 0097 19       		.uleb128 0x19
 1451 0098 20       		.uleb128 0x20
 1452 0099 0B       		.uleb128 0xb
 1453 009a 00       		.byte	0
 1454 009b 00       		.byte	0
 1455 009c 0D       		.uleb128 0xd
 1456 009d 2E       		.uleb128 0x2e
 1457 009e 01       		.byte	0x1
 1458 009f 3F       		.uleb128 0x3f
 1459 00a0 19       		.uleb128 0x19
 1460 00a1 03       		.uleb128 0x3
 1461 00a2 0E       		.uleb128 0xe
 1462 00a3 3A       		.uleb128 0x3a
 1463 00a4 0B       		.uleb128 0xb
 1464 00a5 3B       		.uleb128 0x3b
 1465 00a6 0B       		.uleb128 0xb
 1466 00a7 27       		.uleb128 0x27
 1467 00a8 19       		.uleb128 0x19
 1468 00a9 49       		.uleb128 0x49
 1469 00aa 13       		.uleb128 0x13
 1470 00ab 8701     		.uleb128 0x87
 1471 00ad 19       		.uleb128 0x19
 1472 00ae 11       		.uleb128 0x11
 1473 00af 01       		.uleb128 0x1
 1474 00b0 12       		.uleb128 0x12
 1475 00b1 06       		.uleb128 0x6
 1476 00b2 40       		.uleb128 0x40
 1477 00b3 18       		.uleb128 0x18
 1478 00b4 9742     		.uleb128 0x2117
 1479 00b6 19       		.uleb128 0x19
 1480 00b7 01       		.uleb128 0x1
 1481 00b8 13       		.uleb128 0x13
 1482 00b9 00       		.byte	0
 1483 00ba 00       		.byte	0
 1484 00bb 0E       		.uleb128 0xe
 1485 00bc 898201   		.uleb128 0x4109
 1486 00bf 00       		.byte	0
 1487 00c0 11       		.uleb128 0x11
 1488 00c1 01       		.uleb128 0x1
 1489 00c2 31       		.uleb128 0x31
 1490 00c3 13       		.uleb128 0x13
 1491 00c4 00       		.byte	0
 1492 00c5 00       		.byte	0
 1493 00c6 0F       		.uleb128 0xf
 1494 00c7 898201   		.uleb128 0x4109
 1495 00ca 01       		.byte	0x1
 1496 00cb 11       		.uleb128 0x11
 1497 00cc 01       		.uleb128 0x1
 1498 00cd 31       		.uleb128 0x31
 1499 00ce 13       		.uleb128 0x13
 1500 00cf 00       		.byte	0
 1501 00d0 00       		.byte	0
 1502 00d1 10       		.uleb128 0x10
 1503 00d2 8A8201   		.uleb128 0x410a
ARM GAS  C:\Users\abhim\AppData\Local\Temp\ccqdhuU5.s 			page 31


 1504 00d5 00       		.byte	0
 1505 00d6 02       		.uleb128 0x2
 1506 00d7 18       		.uleb128 0x18
 1507 00d8 9142     		.uleb128 0x2111
 1508 00da 18       		.uleb128 0x18
 1509 00db 00       		.byte	0
 1510 00dc 00       		.byte	0
 1511 00dd 11       		.uleb128 0x11
 1512 00de 2E       		.uleb128 0x2e
 1513 00df 01       		.byte	0x1
 1514 00e0 3F       		.uleb128 0x3f
 1515 00e1 19       		.uleb128 0x19
 1516 00e2 03       		.uleb128 0x3
 1517 00e3 0E       		.uleb128 0xe
 1518 00e4 3A       		.uleb128 0x3a
 1519 00e5 0B       		.uleb128 0xb
 1520 00e6 3B       		.uleb128 0x3b
 1521 00e7 0B       		.uleb128 0xb
 1522 00e8 27       		.uleb128 0x27
 1523 00e9 19       		.uleb128 0x19
 1524 00ea 11       		.uleb128 0x11
 1525 00eb 01       		.uleb128 0x1
 1526 00ec 12       		.uleb128 0x12
 1527 00ed 06       		.uleb128 0x6
 1528 00ee 40       		.uleb128 0x40
 1529 00ef 18       		.uleb128 0x18
 1530 00f0 9742     		.uleb128 0x2117
 1531 00f2 19       		.uleb128 0x19
 1532 00f3 01       		.uleb128 0x1
 1533 00f4 13       		.uleb128 0x13
 1534 00f5 00       		.byte	0
 1535 00f6 00       		.byte	0
 1536 00f7 12       		.uleb128 0x12
 1537 00f8 1D       		.uleb128 0x1d
 1538 00f9 00       		.byte	0
 1539 00fa 31       		.uleb128 0x31
 1540 00fb 13       		.uleb128 0x13
 1541 00fc 11       		.uleb128 0x11
 1542 00fd 01       		.uleb128 0x1
 1543 00fe 12       		.uleb128 0x12
 1544 00ff 06       		.uleb128 0x6
 1545 0100 58       		.uleb128 0x58
 1546 0101 0B       		.uleb128 0xb
 1547 0102 59       		.uleb128 0x59
 1548 0103 0B       		.uleb128 0xb
 1549 0104 00       		.byte	0
 1550 0105 00       		.byte	0
 1551 0106 13       		.uleb128 0x13
 1552 0107 898201   		.uleb128 0x4109
 1553 010a 01       		.byte	0x1
 1554 010b 11       		.uleb128 0x11
 1555 010c 01       		.uleb128 0x1
 1556 010d 31       		.uleb128 0x31
 1557 010e 13       		.uleb128 0x13
 1558 010f 01       		.uleb128 0x1
 1559 0110 13       		.uleb128 0x13
 1560 0111 00       		.byte	0
ARM GAS  C:\Users\abhim\AppData\Local\Temp\ccqdhuU5.s 			page 32


 1561 0112 00       		.byte	0
 1562 0113 14       		.uleb128 0x14
 1563 0114 2E       		.uleb128 0x2e
 1564 0115 00       		.byte	0
 1565 0116 3F       		.uleb128 0x3f
 1566 0117 19       		.uleb128 0x19
 1567 0118 03       		.uleb128 0x3
 1568 0119 0E       		.uleb128 0xe
 1569 011a 3A       		.uleb128 0x3a
 1570 011b 0B       		.uleb128 0xb
 1571 011c 3B       		.uleb128 0x3b
 1572 011d 0B       		.uleb128 0xb
 1573 011e 27       		.uleb128 0x27
 1574 011f 19       		.uleb128 0x19
 1575 0120 8701     		.uleb128 0x87
 1576 0122 19       		.uleb128 0x19
 1577 0123 11       		.uleb128 0x11
 1578 0124 01       		.uleb128 0x1
 1579 0125 12       		.uleb128 0x12
 1580 0126 06       		.uleb128 0x6
 1581 0127 40       		.uleb128 0x40
 1582 0128 18       		.uleb128 0x18
 1583 0129 9742     		.uleb128 0x2117
 1584 012b 19       		.uleb128 0x19
 1585 012c 00       		.byte	0
 1586 012d 00       		.byte	0
 1587 012e 15       		.uleb128 0x15
 1588 012f 2E       		.uleb128 0x2e
 1589 0130 00       		.byte	0
 1590 0131 3F       		.uleb128 0x3f
 1591 0132 19       		.uleb128 0x19
 1592 0133 03       		.uleb128 0x3
 1593 0134 0E       		.uleb128 0xe
 1594 0135 3A       		.uleb128 0x3a
 1595 0136 0B       		.uleb128 0xb
 1596 0137 3B       		.uleb128 0x3b
 1597 0138 0B       		.uleb128 0xb
 1598 0139 11       		.uleb128 0x11
 1599 013a 01       		.uleb128 0x1
 1600 013b 12       		.uleb128 0x12
 1601 013c 06       		.uleb128 0x6
 1602 013d 40       		.uleb128 0x40
 1603 013e 18       		.uleb128 0x18
 1604 013f 9742     		.uleb128 0x2117
 1605 0141 19       		.uleb128 0x19
 1606 0142 00       		.byte	0
 1607 0143 00       		.byte	0
 1608 0144 16       		.uleb128 0x16
 1609 0145 2E       		.uleb128 0x2e
 1610 0146 01       		.byte	0x1
 1611 0147 3F       		.uleb128 0x3f
 1612 0148 19       		.uleb128 0x19
 1613 0149 03       		.uleb128 0x3
 1614 014a 0E       		.uleb128 0xe
 1615 014b 3A       		.uleb128 0x3a
 1616 014c 0B       		.uleb128 0xb
 1617 014d 3B       		.uleb128 0x3b
ARM GAS  C:\Users\abhim\AppData\Local\Temp\ccqdhuU5.s 			page 33


 1618 014e 0B       		.uleb128 0xb
 1619 014f 27       		.uleb128 0x27
 1620 0150 19       		.uleb128 0x19
 1621 0151 8701     		.uleb128 0x87
 1622 0153 19       		.uleb128 0x19
 1623 0154 11       		.uleb128 0x11
 1624 0155 01       		.uleb128 0x1
 1625 0156 12       		.uleb128 0x12
 1626 0157 06       		.uleb128 0x6
 1627 0158 40       		.uleb128 0x40
 1628 0159 18       		.uleb128 0x18
 1629 015a 9742     		.uleb128 0x2117
 1630 015c 19       		.uleb128 0x19
 1631 015d 01       		.uleb128 0x1
 1632 015e 13       		.uleb128 0x13
 1633 015f 00       		.byte	0
 1634 0160 00       		.byte	0
 1635 0161 17       		.uleb128 0x17
 1636 0162 34       		.uleb128 0x34
 1637 0163 00       		.byte	0
 1638 0164 03       		.uleb128 0x3
 1639 0165 08       		.uleb128 0x8
 1640 0166 3A       		.uleb128 0x3a
 1641 0167 0B       		.uleb128 0xb
 1642 0168 3B       		.uleb128 0x3b
 1643 0169 0B       		.uleb128 0xb
 1644 016a 49       		.uleb128 0x49
 1645 016b 13       		.uleb128 0x13
 1646 016c 00       		.byte	0
 1647 016d 00       		.byte	0
 1648 016e 18       		.uleb128 0x18
 1649 016f 34       		.uleb128 0x34
 1650 0170 00       		.byte	0
 1651 0171 03       		.uleb128 0x3
 1652 0172 0E       		.uleb128 0xe
 1653 0173 3A       		.uleb128 0x3a
 1654 0174 0B       		.uleb128 0xb
 1655 0175 3B       		.uleb128 0x3b
 1656 0176 0B       		.uleb128 0xb
 1657 0177 49       		.uleb128 0x49
 1658 0178 13       		.uleb128 0x13
 1659 0179 02       		.uleb128 0x2
 1660 017a 18       		.uleb128 0x18
 1661 017b 00       		.byte	0
 1662 017c 00       		.byte	0
 1663 017d 19       		.uleb128 0x19
 1664 017e 34       		.uleb128 0x34
 1665 017f 00       		.byte	0
 1666 0180 03       		.uleb128 0x3
 1667 0181 0E       		.uleb128 0xe
 1668 0182 3A       		.uleb128 0x3a
 1669 0183 0B       		.uleb128 0xb
 1670 0184 3B       		.uleb128 0x3b
 1671 0185 0B       		.uleb128 0xb
 1672 0186 49       		.uleb128 0x49
 1673 0187 13       		.uleb128 0x13
 1674 0188 3F       		.uleb128 0x3f
ARM GAS  C:\Users\abhim\AppData\Local\Temp\ccqdhuU5.s 			page 34


 1675 0189 19       		.uleb128 0x19
 1676 018a 3C       		.uleb128 0x3c
 1677 018b 19       		.uleb128 0x19
 1678 018c 00       		.byte	0
 1679 018d 00       		.byte	0
 1680 018e 1A       		.uleb128 0x1a
 1681 018f 34       		.uleb128 0x34
 1682 0190 00       		.byte	0
 1683 0191 03       		.uleb128 0x3
 1684 0192 0E       		.uleb128 0xe
 1685 0193 3A       		.uleb128 0x3a
 1686 0194 0B       		.uleb128 0xb
 1687 0195 3B       		.uleb128 0x3b
 1688 0196 05       		.uleb128 0x5
 1689 0197 49       		.uleb128 0x49
 1690 0198 13       		.uleb128 0x13
 1691 0199 3F       		.uleb128 0x3f
 1692 019a 19       		.uleb128 0x19
 1693 019b 3C       		.uleb128 0x3c
 1694 019c 19       		.uleb128 0x19
 1695 019d 00       		.byte	0
 1696 019e 00       		.byte	0
 1697 019f 1B       		.uleb128 0x1b
 1698 01a0 34       		.uleb128 0x34
 1699 01a1 00       		.byte	0
 1700 01a2 03       		.uleb128 0x3
 1701 01a3 0E       		.uleb128 0xe
 1702 01a4 3A       		.uleb128 0x3a
 1703 01a5 0B       		.uleb128 0xb
 1704 01a6 3B       		.uleb128 0x3b
 1705 01a7 0B       		.uleb128 0xb
 1706 01a8 49       		.uleb128 0x49
 1707 01a9 13       		.uleb128 0x13
 1708 01aa 3F       		.uleb128 0x3f
 1709 01ab 19       		.uleb128 0x19
 1710 01ac 02       		.uleb128 0x2
 1711 01ad 18       		.uleb128 0x18
 1712 01ae 00       		.byte	0
 1713 01af 00       		.byte	0
 1714 01b0 1C       		.uleb128 0x1c
 1715 01b1 01       		.uleb128 0x1
 1716 01b2 01       		.byte	0x1
 1717 01b3 49       		.uleb128 0x49
 1718 01b4 13       		.uleb128 0x13
 1719 01b5 01       		.uleb128 0x1
 1720 01b6 13       		.uleb128 0x13
 1721 01b7 00       		.byte	0
 1722 01b8 00       		.byte	0
 1723 01b9 1D       		.uleb128 0x1d
 1724 01ba 21       		.uleb128 0x21
 1725 01bb 00       		.byte	0
 1726 01bc 00       		.byte	0
 1727 01bd 00       		.byte	0
 1728 01be 1E       		.uleb128 0x1e
 1729 01bf 26       		.uleb128 0x26
 1730 01c0 00       		.byte	0
 1731 01c1 49       		.uleb128 0x49
ARM GAS  C:\Users\abhim\AppData\Local\Temp\ccqdhuU5.s 			page 35


 1732 01c2 13       		.uleb128 0x13
 1733 01c3 00       		.byte	0
 1734 01c4 00       		.byte	0
 1735 01c5 1F       		.uleb128 0x1f
 1736 01c6 2E       		.uleb128 0x2e
 1737 01c7 00       		.byte	0
 1738 01c8 3F       		.uleb128 0x3f
 1739 01c9 19       		.uleb128 0x19
 1740 01ca 3C       		.uleb128 0x3c
 1741 01cb 19       		.uleb128 0x19
 1742 01cc 6E       		.uleb128 0x6e
 1743 01cd 0E       		.uleb128 0xe
 1744 01ce 03       		.uleb128 0x3
 1745 01cf 0E       		.uleb128 0xe
 1746 01d0 3A       		.uleb128 0x3a
 1747 01d1 0B       		.uleb128 0xb
 1748 01d2 3B       		.uleb128 0x3b
 1749 01d3 0B       		.uleb128 0xb
 1750 01d4 00       		.byte	0
 1751 01d5 00       		.byte	0
 1752 01d6 20       		.uleb128 0x20
 1753 01d7 2E       		.uleb128 0x2e
 1754 01d8 00       		.byte	0
 1755 01d9 3F       		.uleb128 0x3f
 1756 01da 19       		.uleb128 0x19
 1757 01db 3C       		.uleb128 0x3c
 1758 01dc 19       		.uleb128 0x19
 1759 01dd 6E       		.uleb128 0x6e
 1760 01de 0E       		.uleb128 0xe
 1761 01df 03       		.uleb128 0x3
 1762 01e0 0E       		.uleb128 0xe
 1763 01e1 3A       		.uleb128 0x3a
 1764 01e2 0B       		.uleb128 0xb
 1765 01e3 3B       		.uleb128 0x3b
 1766 01e4 05       		.uleb128 0x5
 1767 01e5 00       		.byte	0
 1768 01e6 00       		.byte	0
 1769 01e7 00       		.byte	0
 1770              		.section	.debug_aranges,"",%progbits
 1771 0000 64000000 		.4byte	0x64
 1772 0004 0200     		.2byte	0x2
 1773 0006 00000000 		.4byte	.Ldebug_info0
 1774 000a 04       		.byte	0x4
 1775 000b 00       		.byte	0
 1776 000c 0000     		.2byte	0
 1777 000e 0000     		.2byte	0
 1778 0010 00000000 		.4byte	.LFB111
 1779 0014 10000000 		.4byte	.LFE111-.LFB111
 1780 0018 00000000 		.4byte	.LFB112
 1781 001c 6C000000 		.4byte	.LFE112-.LFB112
 1782 0020 00000000 		.4byte	.LFB113
 1783 0024 04000000 		.4byte	.LFE113-.LFB113
 1784 0028 00000000 		.4byte	.LFB114
 1785 002c 04000000 		.4byte	.LFE114-.LFB114
 1786 0030 00000000 		.4byte	.LFB115
 1787 0034 50000000 		.4byte	.LFE115-.LFB115
 1788 0038 00000000 		.4byte	.LFB116
ARM GAS  C:\Users\abhim\AppData\Local\Temp\ccqdhuU5.s 			page 36


 1789 003c 14000000 		.4byte	.LFE116-.LFB116
 1790 0040 00000000 		.4byte	.LFB117
 1791 0044 0C000000 		.4byte	.LFE117-.LFB117
 1792 0048 00000000 		.4byte	.LFB118
 1793 004c 26000000 		.4byte	.LFE118-.LFB118
 1794 0050 00000000 		.4byte	.LFB119
 1795 0054 0C000000 		.4byte	.LFE119-.LFB119
 1796 0058 00000000 		.4byte	.LFB120
 1797 005c 1C000000 		.4byte	.LFE120-.LFB120
 1798 0060 00000000 		.4byte	0
 1799 0064 00000000 		.4byte	0
 1800              		.section	.debug_ranges,"",%progbits
 1801              	.Ldebug_ranges0:
 1802 0000 00000000 		.4byte	.LFB111
 1803 0004 10000000 		.4byte	.LFE111
 1804 0008 00000000 		.4byte	.LFB112
 1805 000c 6C000000 		.4byte	.LFE112
 1806 0010 00000000 		.4byte	.LFB113
 1807 0014 04000000 		.4byte	.LFE113
 1808 0018 00000000 		.4byte	.LFB114
 1809 001c 04000000 		.4byte	.LFE114
 1810 0020 00000000 		.4byte	.LFB115
 1811 0024 50000000 		.4byte	.LFE115
 1812 0028 00000000 		.4byte	.LFB116
 1813 002c 14000000 		.4byte	.LFE116
 1814 0030 00000000 		.4byte	.LFB117
 1815 0034 0C000000 		.4byte	.LFE117
 1816 0038 00000000 		.4byte	.LFB118
 1817 003c 26000000 		.4byte	.LFE118
 1818 0040 00000000 		.4byte	.LFB119
 1819 0044 0C000000 		.4byte	.LFE119
 1820 0048 00000000 		.4byte	.LFB120
 1821 004c 1C000000 		.4byte	.LFE120
 1822 0050 00000000 		.4byte	0
 1823 0054 00000000 		.4byte	0
 1824              		.section	.debug_line,"",%progbits
 1825              	.Ldebug_line0:
 1826 0000 8A040000 		.section	.debug_str,"MS",%progbits,1
 1826      0200A903 
 1826      00000201 
 1826      FB0E0D00 
 1826      01010101 
 1827              	.LASF21:
 1828 0000 6C6F6E67 		.ascii	"long double\000"
 1828      20646F75 
 1828      626C6500 
 1829              	.LASF30:
 1830 000c 63726374 		.ascii	"crctBtnPress\000"
 1830      42746E50 
 1830      72657373 
 1830      00
 1831              	.LASF95:
 1832 0019 61637469 		.ascii	"activeEvents\000"
 1832      76654576 
 1832      656E7473 
 1832      00
 1833              	.LASF24:
ARM GAS  C:\Users\abhim\AppData\Local\Temp\ccqdhuU5.s 			page 37


 1834 0026 45455F55 		.ascii	"EE_UREG\000"
 1834      52454700 
 1835              	.LASF43:
 1836 002e 45565F52 		.ascii	"EV_RIGHT_RELEASED\000"
 1836      49474854 
 1836      5F52454C 
 1836      45415345 
 1836      4400
 1837              	.LASF66:
 1838 0040 45455F73 		.ascii	"EE_system_init\000"
 1838      79737465 
 1838      6D5F696E 
 1838      697400
 1839              	.LASF67:
 1840 004f 4C45445F 		.ascii	"LED_init\000"
 1840      696E6974 
 1840      00
 1841              	.LASF44:
 1842 0058 45565F62 		.ascii	"EV_button1Press\000"
 1842      7574746F 
 1842      6E315072 
 1842      65737300 
 1843              	.LASF64:
 1844 0068 67616D65 		.ascii	"gameInit\000"
 1844      496E6974 
 1844      00
 1845              	.LASF27:
 1846 0071 4576656E 		.ascii	"EventMaskType\000"
 1846      744D6173 
 1846      6B547970 
 1846      6500
 1847              	.LASF86:
 1848 007f 706C6179 		.ascii	"playGlowSequence\000"
 1848      476C6F77 
 1848      53657175 
 1848      656E6365 
 1848      00
 1849              	.LASF20:
 1850 0090 73697A65 		.ascii	"size_t\000"
 1850      5F7400
 1851              	.LASF28:
 1852 0097 73697A65 		.ascii	"sizetype\000"
 1852      74797065 
 1852      00
 1853              	.LASF25:
 1854 00a0 45455F46 		.ascii	"EE_FREG\000"
 1854      52454700 
 1855              	.LASF91:
 1856 00a8 6D61696E 		.ascii	"main\000"
 1856      00
 1857              	.LASF8:
 1858 00ad 5F5F7569 		.ascii	"__uint32_t\000"
 1858      6E743332 
 1858      5F7400
 1859              	.LASF61:
 1860 00b8 52475F67 		.ascii	"RG_glowtable_1\000"
 1860      6C6F7774 
ARM GAS  C:\Users\abhim\AppData\Local\Temp\ccqdhuU5.s 			page 38


 1860      61626C65 
 1860      5F3100
 1861              	.LASF74:
 1862 00c7 45455F6F 		.ascii	"EE_oo_SetRelAlarm\000"
 1862      6F5F5365 
 1862      7452656C 
 1862      416C6172 
 1862      6D00
 1863              	.LASF4:
 1864 00d9 5F5F7569 		.ascii	"__uint16_t\000"
 1864      6E743136 
 1864      5F7400
 1865              	.LASF31:
 1866 00e4 6D794761 		.ascii	"myGame_t\000"
 1866      6D655F74 
 1866      00
 1867              	.LASF26:
 1868 00ed 45455F54 		.ascii	"EE_TID\000"
 1868      494400
 1869              	.LASF33:
 1870 00f4 626C7565 		.ascii	"blue\000"
 1870      00
 1871              	.LASF35:
 1872 00f9 52475F47 		.ascii	"RG_Glow_t\000"
 1872      6C6F775F 
 1872      7400
 1873              	.LASF13:
 1874 0103 75696E74 		.ascii	"uint8_t\000"
 1874      385F7400 
 1875              	.LASF48:
 1876 010b 46756E63 		.ascii	"Functsk_timer\000"
 1876      74736B5F 
 1876      74696D65 
 1876      7200
 1877              	.LASF70:
 1878 0119 5247425F 		.ascii	"RGB_PWM_Red_Start\000"
 1878      50574D5F 
 1878      5265645F 
 1878      53746172 
 1878      7400
 1879              	.LASF57:
 1880 012b 45455F49 		.ascii	"EE_IRQ_nesting_level\000"
 1880      52515F6E 
 1880      65737469 
 1880      6E675F6C 
 1880      6576656C 
 1881              	.LASF76:
 1882 0140 45455F6F 		.ascii	"EE_oo_TerminateTask\000"
 1882      6F5F5465 
 1882      726D696E 
 1882      61746554 
 1882      61736B00 
 1883              	.LASF37:
 1884 0154 45565F4C 		.ascii	"EV_LEFT_PRESSED\000"
 1884      4546545F 
 1884      50524553 
 1884      53454400 
ARM GAS  C:\Users\abhim\AppData\Local\Temp\ccqdhuU5.s 			page 39


 1885              	.LASF2:
 1886 0164 73686F72 		.ascii	"short int\000"
 1886      7420696E 
 1886      7400
 1887              	.LASF78:
 1888 016e 45455F6F 		.ascii	"EE_oo_GetEvent\000"
 1888      6F5F4765 
 1888      74457665 
 1888      6E7400
 1889              	.LASF51:
 1890 017d 46756E63 		.ascii	"Functsk_fader\000"
 1890      74736B5F 
 1890      66616465 
 1890      7200
 1891              	.LASF17:
 1892 018b 666C6F61 		.ascii	"float\000"
 1892      7400
 1893              	.LASF85:
 1894 0191 4C45445F 		.ascii	"LED_fadeEffect\000"
 1894      66616465 
 1894      45666665 
 1894      637400
 1895              	.LASF50:
 1896 01a0 6973725F 		.ascii	"isr_button\000"
 1896      62757474 
 1896      6F6E00
 1897              	.LASF12:
 1898 01ab 756E7369 		.ascii	"unsigned int\000"
 1898      676E6564 
 1898      20696E74 
 1898      00
 1899              	.LASF68:
 1900 01b8 5247425F 		.ascii	"RGB_PWM_Yellow_Start\000"
 1900      50574D5F 
 1900      59656C6C 
 1900      6F775F53 
 1900      74617274 
 1901              	.LASF10:
 1902 01cd 6C6F6E67 		.ascii	"long long int\000"
 1902      206C6F6E 
 1902      6720696E 
 1902      7400
 1903              	.LASF11:
 1904 01db 6C6F6E67 		.ascii	"long long unsigned int\000"
 1904      206C6F6E 
 1904      6720756E 
 1904      7369676E 
 1904      65642069 
 1905              	.LASF62:
 1906 01f2 52475F67 		.ascii	"RG_glowtable_1_len\000"
 1906      6C6F7774 
 1906      61626C65 
 1906      5F315F6C 
 1906      656E00
 1907              	.LASF82:
 1908 0205 42757474 		.ascii	"Button_1_Read\000"
 1908      6F6E5F31 
ARM GAS  C:\Users\abhim\AppData\Local\Temp\ccqdhuU5.s 			page 40


 1908      5F526561 
 1908      6400
 1909              	.LASF7:
 1910 0213 6C6F6E67 		.ascii	"long int\000"
 1910      20696E74 
 1910      00
 1911              	.LASF90:
 1912 021c 45455F73 		.ascii	"EE_systick_start\000"
 1912      79737469 
 1912      636B5F73 
 1912      74617274 
 1912      00
 1913              	.LASF54:
 1914 022d 45455F6F 		.ascii	"EE_oo_IRQ_suspend_status\000"
 1914      6F5F4952 
 1914      515F7375 
 1914      7370656E 
 1914      645F7374 
 1915              	.LASF3:
 1916 0246 5F5F7569 		.ascii	"__uint8_t\000"
 1916      6E74385F 
 1916      7400
 1917              	.LASF42:
 1918 0250 45565F52 		.ascii	"EV_RIGHT_HIGH\000"
 1918      49474854 
 1918      5F484947 
 1918      4800
 1919              	.LASF32:
 1920 025e 67726565 		.ascii	"green\000"
 1920      6E00
 1921              	.LASF52:
 1922 0264 46756E63 		.ascii	"Functsk_glower\000"
 1922      74736B5F 
 1922      676C6F77 
 1922      657200
 1923              	.LASF47:
 1924 0273 46756E63 		.ascii	"Functsk_init\000"
 1924      74736B5F 
 1924      696E6974 
 1924      00
 1925              	.LASF77:
 1926 0280 45455F6F 		.ascii	"EE_oo_WaitEvent\000"
 1926      6F5F5761 
 1926      69744576 
 1926      656E7400 
 1927              	.LASF75:
 1928 0290 45455F6F 		.ascii	"EE_oo_ActivateTask\000"
 1928      6F5F4163 
 1928      74697661 
 1928      74655461 
 1928      736B00
 1929              	.LASF73:
 1930 02a3 5247425F 		.ascii	"RGB_PWM_Red_1_Start\000"
 1930      50574D5F 
 1930      5265645F 
 1930      315F5374 
 1930      61727400 
ARM GAS  C:\Users\abhim\AppData\Local\Temp\ccqdhuU5.s 			page 41


 1931              	.LASF63:
 1932 02b7 74696D65 		.ascii	"time_count\000"
 1932      5F636F75 
 1932      6E7400
 1933              	.LASF60:
 1934 02c2 73797374 		.ascii	"systickCounter\000"
 1934      69636B43 
 1934      6F756E74 
 1934      657200
 1935              	.LASF1:
 1936 02d1 756E7369 		.ascii	"unsigned char\000"
 1936      676E6564 
 1936      20636861 
 1936      7200
 1937              	.LASF23:
 1938 02df 45455F55 		.ascii	"EE_UINT32\000"
 1938      494E5433 
 1938      3200
 1939              	.LASF0:
 1940 02e9 7369676E 		.ascii	"signed char\000"
 1940      65642063 
 1940      68617200 
 1941              	.LASF71:
 1942 02f5 5247425F 		.ascii	"RGB_PWM_Yellow_1_Start\000"
 1942      50574D5F 
 1942      59656C6C 
 1942      6F775F31 
 1942      5F537461 
 1943              	.LASF16:
 1944 030c 75696E74 		.ascii	"uint32_t\000"
 1944      33325F74 
 1944      00
 1945              	.LASF45:
 1946 0315 45565F62 		.ascii	"EV_button2Press\000"
 1946      7574746F 
 1946      6E325072 
 1946      65737300 
 1947              	.LASF92:
 1948 0325 46756E63 		.ascii	"Functsk_background\000"
 1948      74736B5F 
 1948      6261636B 
 1948      67726F75 
 1948      6E6400
 1949              	.LASF14:
 1950 0338 75696E74 		.ascii	"uint16_t\000"
 1950      31365F74 
 1950      00
 1951              	.LASF80:
 1952 0341 45455F6F 		.ascii	"EE_oo_ClearEvent\000"
 1952      6F5F436C 
 1952      65617245 
 1952      76656E74 
 1952      00
 1953              	.LASF56:
 1954 0352 45455F73 		.ascii	"EE_std_endcycle_next_tid\000"
 1954      74645F65 
 1954      6E646379 
ARM GAS  C:\Users\abhim\AppData\Local\Temp\ccqdhuU5.s 			page 42


 1954      636C655F 
 1954      6E657874 
 1955              	.LASF34:
 1956 036b 74696D65 		.ascii	"time\000"
 1956      00
 1957              	.LASF81:
 1958 0370 72616E64 		.ascii	"randomNumGenerate\000"
 1958      6F6D4E75 
 1958      6D47656E 
 1958      65726174 
 1958      6500
 1959              	.LASF38:
 1960 0382 45565F4C 		.ascii	"EV_LEFT_HIGH\000"
 1960      4546545F 
 1960      48494748 
 1960      00
 1961              	.LASF22:
 1962 038f 45455F49 		.ascii	"EE_INT32\000"
 1962      4E543332 
 1962      00
 1963              	.LASF59:
 1964 0398 67616D65 		.ascii	"game\000"
 1964      00
 1965              	.LASF19:
 1966 039d 63686172 		.ascii	"char\000"
 1966      00
 1967              	.LASF93:
 1968 03a2 756E6861 		.ascii	"unhandledException\000"
 1968      6E646C65 
 1968      64457863 
 1968      65707469 
 1968      6F6E00
 1969              	.LASF15:
 1970 03b5 696E7433 		.ascii	"int32_t\000"
 1970      325F7400 
 1971              	.LASF49:
 1972 03bd 46756E63 		.ascii	"Functsk_timeDelay\000"
 1972      74736B5F 
 1972      74696D65 
 1972      44656C61 
 1972      7900
 1973              	.LASF39:
 1974 03cf 45565F4C 		.ascii	"EV_LEFT_RELEASED\000"
 1974      4546545F 
 1974      52454C45 
 1974      41534544 
 1974      00
 1975              	.LASF29:
 1976 03e0 746F7461 		.ascii	"totalTime\000"
 1976      6C54696D 
 1976      6500
 1977              	.LASF36:
 1978 03ea 45565F4C 		.ascii	"EV_LEFT_LOW\000"
 1978      4546545F 
 1978      4C4F5700 
 1979              	.LASF5:
 1980 03f6 73686F72 		.ascii	"short unsigned int\000"
ARM GAS  C:\Users\abhim\AppData\Local\Temp\ccqdhuU5.s 			page 43


 1980      7420756E 
 1980      7369676E 
 1980      65642069 
 1980      6E7400
 1981              	.LASF88:
 1982 0409 736F7572 		.ascii	"source\\asw\\main.c\000"
 1982      63655C61 
 1982      73775C6D 
 1982      61696E2E 
 1982      6300
 1983              	.LASF55:
 1984 041b 45455F41 		.ascii	"EE_ApplicationMode\000"
 1984      70706C69 
 1984      63617469 
 1984      6F6E4D6F 
 1984      646500
 1985              	.LASF9:
 1986 042e 6C6F6E67 		.ascii	"long unsigned int\000"
 1986      20756E73 
 1986      69676E65 
 1986      6420696E 
 1986      7400
 1987              	.LASF94:
 1988 0440 46756E63 		.ascii	"Functsk_control\000"
 1988      74736B5F 
 1988      636F6E74 
 1988      726F6C00 
 1989              	.LASF65:
 1990 0450 45455F6F 		.ascii	"EE_oo_StartOS\000"
 1990      6F5F5374 
 1990      6172744F 
 1990      5300
 1991              	.LASF40:
 1992 045e 45565F52 		.ascii	"EV_RIGHT_LOW\000"
 1992      49474854 
 1992      5F4C4F57 
 1992      00
 1993              	.LASF89:
 1994 046b 443A5C70 		.ascii	"D:\\psoc-workspace\\Lab Assignments\\Workspace02\\e"
 1994      736F632D 
 1994      776F726B 
 1994      73706163 
 1994      655C4C61 
 1995 049a 72696B61 		.ascii	"rikaReactionGame.cydsn\000"
 1995      52656163 
 1995      74696F6E 
 1995      47616D65 
 1995      2E637964 
 1996              	.LASF84:
 1997 04b1 42757474 		.ascii	"Button_2_Read\000"
 1997      6F6E5F32 
 1997      5F526561 
 1997      6400
 1998              	.LASF6:
 1999 04bf 5F5F696E 		.ascii	"__int32_t\000"
 1999      7433325F 
 1999      7400
ARM GAS  C:\Users\abhim\AppData\Local\Temp\ccqdhuU5.s 			page 44


 2000              	.LASF41:
 2001 04c9 45565F52 		.ascii	"EV_RIGHT_PRESSED\000"
 2001      49474854 
 2001      5F505245 
 2001      53534544 
 2001      00
 2002              	.LASF46:
 2003 04da 45565F74 		.ascii	"EV_timeOut\000"
 2003      696D654F 
 2003      757400
 2004              	.LASF72:
 2005 04e5 5247425F 		.ascii	"RGB_PWM_Green_1_Start\000"
 2005      50574D5F 
 2005      47726565 
 2005      6E5F315F 
 2005      53746172 
 2006              	.LASF18:
 2007 04fb 646F7562 		.ascii	"double\000"
 2007      6C6500
 2008              	.LASF83:
 2009 0502 45455F6F 		.ascii	"EE_oo_SetEvent\000"
 2009      6F5F5365 
 2009      74457665 
 2009      6E7400
 2010              	.LASF58:
 2011 0511 49544D5F 		.ascii	"ITM_RxBuffer\000"
 2011      52784275 
 2011      66666572 
 2011      00
 2012              	.LASF87:
 2013 051e 474E5520 		.ascii	"GNU C11 5.4.1 20160609 (release) [ARM/embedded-5-br"
 2013      43313120 
 2013      352E342E 
 2013      31203230 
 2013      31363036 
 2014 0551 616E6368 		.ascii	"anch revision 237715] -mcpu=cortex-m3 -mthumb -g -O"
 2014      20726576 
 2014      6973696F 
 2014      6E203233 
 2014      37373135 
 2015 0584 67202D66 		.ascii	"g -ffunction-sections -ffat-lto-objects\000"
 2015      66756E63 
 2015      74696F6E 
 2015      2D736563 
 2015      74696F6E 
 2016              	.LASF69:
 2017 05ac 5247425F 		.ascii	"RGB_PWM_Green_Start\000"
 2017      50574D5F 
 2017      47726565 
 2017      6E5F5374 
 2017      61727400 
 2018              	.LASF79:
 2019 05c0 4354524C 		.ascii	"CTRL_processEvent1\000"
 2019      5F70726F 
 2019      63657373 
 2019      4576656E 
 2019      743100
ARM GAS  C:\Users\abhim\AppData\Local\Temp\ccqdhuU5.s 			page 45


 2020              	.LASF53:
 2021 05d3 45455F6F 		.ascii	"EE_oo_IRQ_disable_count\000"
 2021      6F5F4952 
 2021      515F6469 
 2021      7361626C 
 2021      655F636F 
 2022              		.ident	"GCC: (GNU Tools for ARM Embedded Processors) 5.4.1 20160609 (release) [ARM/embedded-5-bran
